    P R O G R A M   O C C R S 		COBOL (005001,107001)	22-JUN-73  11:26		PAGE 1
    B23302.CBL    22-JUN-73  11:25

    0001    IDENTIFICATION DIVISION.
    0002    PROGRAM-ID.  OCCRS.
    0003    ENVIRONMENT DIVISION.
    0004    DATA DIVISION.
    0005    WORKING-STORAGE SECTION.
    0006  
    0007    77      A    COMPUTATIONAL   PICTURE 9(5).
    0008    77      B    COMPUTATIONAL   PICTURE 9(5).
    0009    77      C    COMPUTATIONAL   PICTURE 9(5).
    0010    
    0011    01      MATRIX.
    0012           02   MAT1     OCCURS 2.
    0013                03   MAT2     OCCURS 7500.
    0014                   04  MATF     PICTURE 9.
    0015                   04  MATP     COMPUTATIONAL PICTURE 9(5).
    0016  
    0017    PROCEDURE DIVISION.
    0018    VERY-FIRST-PARA.
    0019           MOVE 1 TO A.
    0020           MOVE 2 TO B.
    0021           DISPLAY  A  B  MAT2 (A, B)  C  MAT2 (A, B).
    0022           STOP RUN.