    P R O G R A M   T E S T 		COBOL 4(56)	 5-APR-73  06:24		PAGE 1

    0001    IDENTIFICATION DIVISION.
    0002    PROGRAM-ID. TEST COBOL.
    0003    AUTHOR. BOUGEL.
    0004    ENVIRONMENT DIVISION.
    0005    INPUT-OUTPUT SECTION.
    0006    FILE-CONTROL.
    0007        SELECT TRICOB ASSIGN TO DSK DSK DSK RECORDING MODE IS ASCII.
    0008        SELECT ENTCOB ASSIGN TO DSK ACCESS MODE IS INDEXED
    0009          SYMBOLIC KEY IS REF-ARTICLE RECORD KEY IS REF OF FICHART.
    0010        SELECT MAJCOB ASSIGN TO DSK RECORDING MODE IS ASCII.
    0011        SELECT IMPR ASSIGN TO DSK.
    0012    DATA DIVISION.
    0013    FILE SECTION.
    0014    FD  ENTCOB BLOCK CONTAINS 10 RECORD VALUE OF IDENTIFICATION "BIDCOBIDX"
    0015              DATA RECORD FICHART.
    0016    01  FICHART.
    0017        02 COM PIC X.
    0018        02 REF PIC X(4).
    0019        02 LIB PIC X(20).
    0020        02 QTE PIC 9(4).
    0021        02 PRIX PIC 9(5)V99.
    0022        02 STOCKMINI PIC 9(4).
    0023    FD  MAJCOB VALUE OF IDENTIFICATION IS "MAJCOB   "
    0024        DATA RECORD MAJART RECORD CONTAINS 9 TO 16 CHARACTERS.
    0025    01  MAJART PIC X(16).
    0026    SD  TRICOB DATA RECORD ARTTRI.
    0027    01 ARTTRI.
    0028        02 FILLER PIC X.
    0029        02 CLE PIC X(4).
    0030        02 FILLER PIC X(11).
    0031    FD  IMPR VALUE OF IDENTIFICATION IS "RAPPORLPT" REPORT IS REPORT-STOCK.
    0032    01  LIGNE PIC X(72).
    0033    WORKING-STORAGE SECTION.
    0034    77  REF-ARTICLE PIC X(4) VALUE ALL SPACES.
    0035    77  PRIX-CALCULE PIC 9(5)V99 USAGE COMP.
    0036    77  PRIX1 PIC 9(5)V99 USAGE COMP.
    0037    77  COMPT-ENT PIC 9(3) USAGE COMP VALUE 0.
    0038    77  COMPT-SOR PIC 9(3) USAGE COMP VALUE 0.
    0039    77  COMMANDE PIC 9(4) USAGE COMP.
    0040    77  MES1 PIC X(29) USAGE DISPLAY-6
    0041              VALUE "CODE ERRONE DANS ARTICLE NO :".
    0042    77  MES2 PIC X(38) USAGE DISPLAY-6
    0043               VALUE "STOCK < STOCK MINIMAL POUR ARTICLE NO:".
    0044    77  MES3 PIC X(44) USAGE DISPLAY-6
    0045              VALUE "COMMANDE MINIMALE A PASSER POUR CET ARTICLE:".
    0046    77  MES4 PIC X(33) USAGE DISPLAY-6
    0047               VALUE "RUPTURE DE STOCK POUR ARTICLE NO:".
    0048    77  MES5 PIC X(21) USAGE DISPLAY-6 VALUE "QUANTITE DISPONIBLE:".
    0049    77  MES6 PIC X(13) USAGE DISPLAY-6 VALUE "CLE INVALIDE:".
    0050    01  ARTICLE.
    0051        02 CODEMVT PIC X.
    0052    88  VALENT VALUE "E".
    0053    88  VALSOR VALUE "S".
    0054        02 REF PIC X(4).
    0055        02 QTE PIC 9(4).
    0056        02 PRIX PIC 9(5)V99.    P R O G R A M   T E S T 		COBOL 4(56)	 5-APR-73  06:24		PAGE 1-1

    0057    01  DATE.
    0058        02  ANNEE PIC 99.
    0059        02  MOIS PIC 99.
    0060        02  JOUR PIC 99.
    0061        02  FILLER PIC X(6).
    0062    01  DATE-EDIT.
    0063        02  JOUR PIC 99.
    0064        02  FILLER PIC X VALUE "/".
    0065        02  MOIS PIC 99.
    0066        02  FILLER PIC X VALUE "/".
    0067        02  ANNEE PIC 99.
    0068    REPORT SECTION.
    0069    RD  REPORT-STOCK CONTROL IS FINAL
    0070        PAGE LIMIT IS 40 LINES
    0071        HEADING 4 FIRST DETAIL 8 LAST DETAIL 35.
    0072    01  TYPE REPORT HEADING .
    0073        02  COLUMN 20 PIC X(13) VALUE "ETAT DU STOCK".
    0074        02  LINE PLUS 2 COLUMN 20 PIC XX VALUE "AU".
    0075        02  COLUMN 24 PIC X(8) SOURCE DATE-EDIT.
    0076    01  TYPE REPORT FOOTING LINE PLUS 5.
    0077        02  COLUMN 20 PIC X(14) VALUE "FIN DU RAPPORT".
    0078    01  TYPE PAGE HEADING LINE 5.
    0079        02  COLUMN 1 PIC X(9) VALUE "REFERENCE".
    0080        02  COLUMN 15 PIC X(11) VALUE "DESIGNATION".
    0081        02  COLUMN 34 PIC X(5) VALUE "STOCK".
    0082        02  COLUMN 44 PIC X(4) VALUE "COUT".
    0083        02  LINE PLUS 1 COLUMN 2 PIC X(7) VALUE "ARTICLE".
    0084        02  COLUMN 17 PIC X(7) VALUE "ARTICLE".
    0085        02  COLUMN 43 PIC X(5) VALUE "MOYEN".
    0086    01  LIG TYPE DETAIL LINE PLUS 1.
    0087        02  COLUMN 3 PIC X(4) SOURCE REF OF FICHART.
    0088        02  COLUMN 10 PIC X(20) SOURCE LIB OF FICHART.
    0089        02  COLUMN 35 PIC Z(4) SOURCE QTE OF FICHART.
    0090        02  COLUMN 41 PIC Z(4)9.99 SOURCE PRIX OF FICHART.
    0091    PROCEDURE DIVISION.
    0092    RACINE SECTION 00.
    0093    DEBUT.
    0094        SORT TRICOB ON ASCENDING KEY CLE
    0095        INPUT PROCEDURE IS ENTREE-TRI THRU FIN-MAJ
    0096        OUTPUT PROCEDURE IS SORTIE-TRI THRU FIN-TRI.
    0097        MOVE LOW-VALUES TO REF-ARTICLE.
    0098        MOVE TODAY TO DATE.
    0099        MOVE CORRESPONDING DATE TO DATE-EDIT.
    0100        OPEN OUTPUT IMPR INPUT ENTCOB.
    0101        INITIATE REPORT-STOCK.
    0102    LEC-FICH.
    0103        READ ENTCOB INVALID KEY GO TO FIN-FICH.
    0104        GENERATE LIG.
    0105        GO TO LEC-FICH.
    0106    FIN-FICH.
    0107        TERMINATE REPORT-STOCK.
    0108        CLOSE ENTCOB IMPR.
    0109        ENTER MACRO LOGOUT STOP RUN
    0110    ENTREE-TRI.
    0111         OPEN INPUT MAJCOB.
    0112    LECT-MAJ.    P R O G R A M   T E S T 		COBOL 4(56)	 5-APR-73  06:24		PAGE 1-2

    0113        READ MAJCOB INTO ARTICLE AT END GO TO FIN-MAJ.
    0114        ADD 1 TO COMPT-ENT.
    0115        IF NOT VALENT AND NOT VALSOR GO TO ERR-MAJ.
    0116        RELEASE ARTTRI FROM MAJART.
    0117        GO TO LECT-MAJ.
    0118    ERR-MAJ.
    0119        DISPLAY MES1 COMPT-ENT.
    0120        GO TO LECT-MAJ.
    0121    FIN-MAJ.
    0122        CLOSE MAJCOB.
    0123    SORTIE-TRI.
    0124        OPEN I-O ENTCOB.
    0125    LECT-TRI.
    0126        RETURN TRICOB INTO ARTICLE AT END GO TO FIN-TRI.
    0127        ADD 1 TO COMPT-SOR.
    0128        MOVE CLE TO REF-ARTICLE.
    0129        READ ENTCOB INVALID KEY GO TO ERR-TRI.
    0130        IF VALSOR GO TO SORTTRI.
    0131        MOVE SPACE TO COM.
    0132        MOVE PRIX OF FICHART TO PRIX-CALCULE.
    0133        MOVE PRIX OF ARTICLE TO PRIX1.
    0134        COMPUTE PRIX-CALCULE=((PRIX-CALCULE * QTE OF FICHART)+(PRIX1 * QTE
    0135        OF ARTICLE))/(QTE OF FICHART + QTE OF ARTICLE).
    0136        MOVE PRIX-CALCULE TO PRIX OF FICHART.
    0137        ADD QTE OF ARTICLE TO QTE OF FICHART.
    0138        GO TO ECRI-TRI.
    0139    SORTTRI.
    0140        IF QTE OF ARTICLE > QTE OF FICHART GO TO RUPSTOCK.
    0141        SUBTRACT QTE OF ARTICLE FROM QTE OF FICHART.
    0142        IF QTE OF FICHART > STOCKMINI GO TO ECRI-TRI.
    0143        MOVE 1 TO COM.
    0144        DISPLAY MES2 REF-ARTICLE.
    0145        SUBTRACT QTE OF FICHART FROM STOCKMINI GIVING COMMANDE.
    0146        DISPLAY MES3 COMMANDE.
    0147        GO TO ECRI-TRI.
    0148    RUPSTOCK.
    0149        DISPLAY MES4 REF-ARTICLE.
    0150        MOVE 1 TO COM.
    0151        DISPLAY MES5 QTE OF FICHART.
    0152        MOVE 0 TO QTE OF FICHART.
    0153    ECRI-TRI.
    0154        REWRITE FICHART INVALID KEY GO TO ERR-TRI.
    0155        GO TO LECT-TRI.
    0156    ERR-TRI.
    0157        DISPLAY MES6 REF-ARTICLE.
    0158        GO TO LECT-TRI.
    0159    FIN-TRI.
    0160        CLOSE ENTCOB.    P R O G R A M   T E S T 		COBOL 4(56)	 5-APR-73  06:24		PAGE W-1

WARNINGS:

    0134  MOST SIGNIFICANT DIGITS TRUNCATED ON PRIX-CALCULE


NO FATAL ERRORS, 1 WARNING
