    P R O G R A M   M A I N 		COBOL 50A(107000)	15-MAY-73  14:19		PAGE 1
    ENTERB.CBL    14-MAY-73  13:18

    0001    IDENTIFICATION DIVISION.
    0002    DATA DIVISION.
    0003    WORKING-STORAGE SECTION.
    0004    77      A COMP-1.
    0005    77      B COMP-1.
    0006    77      C COMP-1.
    0007    PROCEDURE DIVISION.
    0008    START.
    0009           DISPLAY 'TEST='.
    0010           ACCEPT A.
    0011           DISPLAY 'TEST2='.
    0012           ACCEPT B.
    0013    ENTER-IV.
    0014           ENTER FORTRAN-IV FORTCOB USING A,B,C.
    0015    EOJ.
    0016           DISPLAY 'RETURNED VALUE ',C
    0017           ADD C,B GIVING A.
    0018           DISPLAY 'COMPPPPPP',A.
    0019           STOP RUN.

NO ERRORS DETECTED
