
Flags	Symbol	 Octal Value	Defined in  Referenced in		(all symbols)

N	ABS	            1'	ABS	    
N	ACOS	            1'	ACOS	    
N	ADJ.	            0'	ADJ.	    
N	AFILE	            0'	AFILE	    
N	AIMAG	            1'	AIMAG	    
N	AINT	            1'	AINT	    
N	ALLIO.	       400011	LOW40	    
	ALOG	           14'	ALOG	    EXP3,EXP2,CEXP.2,CEXP.3,CLOG,CEXP,CSIN
	ALOG10	            1'	ALOG	    SCALE,AXIS
	ALPHI.	       400011	LOW40	    PAUSE
	ALPHO.	       400012	LOW40	    PAUSE,PDUMP
N	AMAX0	           17'	MAX	    
N	AMAX1	            1'	MAX	    
N	AMIN0	           17'	MIN	    
N	AMIN1	            1'	MIN	    
N	AMOD	            1'	AMOD	    
N	ASIN	            1'	ASIN	    
N	ASVAR.	         1721'	LOW40	    
	ATAN	            1'	ATAN	    ACOS,ASIN,ATAN2
	ATAN2	            1'	ATAN2	    CEXP.2,CLOG
N	AXIS	          336'	AXIS	    
N	BENCHM	            1'	BENCHM	    
N	BFILE	           14'	AFILE	    
N	BINWR.	       400025	LOW40	    
N	BLKRW	          224'	RTFORT	    
N	BLOCK.	         1716'	LOW40	    
N	BUFFER	            0'	BUFFER	    
N	BUFHD.	         1274'	LOW40	    
N	CABS	            1'	CABS	    
N	CBRT	            0'	CBRT	    
N	CCOS	            1'	CSIN	    
N	CEXP	            1'	CEXP	    
N	CEXP.2	            1'	CEXP.2	    
N	CEXP.3	            1'	CEXP.3	    
N	CFDM.0	           23'	CFDV	    
N	CFDM.2	           20'	CFDV	    
N	CFDM.4	           15'	CFDV	    
N	CFDM.6	           12'	CFDV	    
N	CFD.0	           27'	CFDV	    
N	CFD.2	            7'	CFDV	    
N	CFD.4	            4'	CFDV	    
N	CFD.6	            1'	CFDV	    
N	CFMM.0	           23'	CFMP	    
N	CFMM.2	           20'	CFMP	    
N	CFMM.4	           15'	CFMP	    
N	CFMM.6	           12'	CFMP	    
N	CFM.0	           26'	CFMP	    
N	CFM.2	            7'	CFMP	    
N	CFM.4	            4'	CFMP	    
Flags	Symbol	 Octal Value	Defined in  Referenced in		(all symbols)

N	CFM.6	            1'	CFMP	    
	CLOG	            1'	CLOG	    CEXP.3
N	CLSBIT	         1453'	LOW40	    
N	CMPLX	            1'	CMPLX	    
N	COMMA	            0'	COMMA	    
N	CONECT	           32'	RTFORT	    
N	CONJG	            1'	CONJG	    
	COS	           16'	SIN	    CEXP.2,CEXP.3,CEXP,CSIN
	COSD	            1'	SIN	    PLOT,AXIS
	COSH	            1'	COSH	    CSIN
N	CPU.	       400044	LOW40	    
N	CSIN	            5'	CSIN	    
N	CSQRT	            1'	CSQRT	    
N	DABS	            1'	DABS	    
	DATAN	            1'	DATAN	    DATAN2
N	DATAN2	            1'	DATAN2	    
N	DATE	            1'	DATE	    
	DATTB.	         1067'	LOW40	    BUFFER
N	DAYTM.	         1710'	LOW40	    
N	DBLE	            1'	DBLE	    
N	DCBRT	            1'	DCBRT	    
N	DCLOSE	         1071'	DAF	    
N	DCOS	            1'	DSIN	    
N	DDEL	         1217'	DAF	    
N	DECFLG	          107'	LOW40	    
N	DEFINB	           10'	DEFINE	    
N	DEFINE	           15'	DEFINE	    
N	DELIM.	         1663'	LOW40	    
	DEVER.	       400027	LOW40	    EOFTST,SAVCK.
	DEVIC.	         1434'	LOW40	    MAGDEN
N	DEVLS.	         2033'	LOW40	    
N	DEVND.	         2041'	LOW40	    
N	DEVNO.	           71'	LOW40	    
	DEVTB.	         1776'	LOW40	    EOFTST,MAGDEN,SAVCK.
	DEXP	            1'	DEXP	    DEXP.3
N	DEXP.2	            1'	DEXP.2	    
N	DEXP.3	            1'	DEXP.3	    
N	DFAM.0	           15'	DFAS	    
N	DFAM.2	           63'	DFAS	    
N	DFAM.4	          131'	DFAS	    
N	DFAM.6	          177'	DFAS	    
N	DFA.0	            1'	DFAS	    
N	DFA.2	           47'	DFAS	    
N	DFA.4	          115'	DFAS	    
N	DFA.6	          163'	DFAS	    
N	DFDM.0	           21'	DFDV	    
N	DFDM.2	           46'	DFDV	    
N	DFDM.4	           73'	DFDV	    
N	DFDM.6	          120'	DFDV	    
Flags	Symbol	 Octal Value	Defined in  Referenced in		(all symbols)

N	DFD.0	            1'	DFDV	    
N	DFD.2	           26'	DFDV	    
N	DFD.4	           53'	DFDV	    
N	DFD.6	          100'	DFDV	    
N	DFIX	            1'	IDINT	    
N	DFLOAT	            1'	DFLOAT	    
N	DFMM.0	           23'	DFMP	    
N	DFMM.2	           71'	DFMP	    
N	DFMM.4	          137'	DFMP	    
N	DFMM.6	          205'	DFMP	    
N	DFM.0	            1'	DFMP	    
N	DFM.2	           47'	DFMP	    
N	DFM.4	          115'	DFMP	    
N	DFM.6	          163'	DFMP	    
N	DFSM.0	           40'	DFAS	    
N	DFSM.2	          106'	DFAS	    
N	DFSM.4	          154'	DFAS	    
N	DFSM.6	          222'	DFAS	    
N	DFS.0	           33'	DFAS	    
N	DFS.2	          101'	DFAS	    
N	DFS.4	          147'	DFAS	    
N	DFS.6	          215'	DFAS	    
N	DGROW	          154'	DAF	    
N	DIM	            1'	DIM	    
N	DIRT.	       400023	LOW40	    
N	DISCON	          116'	RTFORT	    
N	DISMIS	          274'	RTFORT	    
	DLOG	           31'	DLOG	    DEXP.3
N	DLOG10	            1'	DLOG	    
N	DMAX1	            1'	DMAX1	    
N	DMIN1	            1'	DMIN1	    
N	DMOD	            1'	DMOD	    
N	DOPEN	          240'	DAF	    
N	DOPENB	          235'	DAF	    
	DOUBT.	       400024	LOW40	    PDUMP
N	DREAD	          667'	DAF	    
N	DSIGN	            1'	DSIGN	    
N	DSIN	           16'	DSIN	    
N	DSQRT	            1'	DSQRT	    
	DUMER.	       400043	LOW40	    PLOTCD,PLOTFD
N	DUMMY.	            0'	DUMMY.	    
N	DUMP	            0'	PDUMP	    
N	DVNUM.	          116'	LOW40	    
	DVTOT.	           35	LOW40	    SAVCK.
N	DWRITE	         1001'	DAF	    
N	DYCHR.	         1732'	LOW40	    
	DYDVL.	           20	LOW40	    EOFTST,DEFINE
N	DYEND.	         1742'	LOW40	    
N	DYNCH.	          331'	LOW40	    
Flags	Symbol	 Octal Value	Defined in  Referenced in		(all symbols)

	DYNDV.	          311'	LOW40	    NAMPPN,EOFTST,SAVCK.
	DYNND.	          330'	LOW40	    NAMPPN,SAVCK.
N	DYPNT.	         1727'	LOW40	    
N	END.	          123'	LOW40	    
N	EOF1	            0'	EOFTST	    
N	EOFC	            3'	EOFTST	    
	EOFFL.	          211'	LOW40	    EOFTST
N	EOL.	         1272'	LOW40	    
N	ERRCT.	         1711'	LOW40	    
	ERRFI.	       400041	LOW40	    BENCHM
N	ERRLN.	           20	LOW40	    
M	ERRMX.	            1'	OXFIX	    ERRSET
M	ERRMX.	         1707'	LOW40	    ERRSET
N	ERRSET	            1'	ERRSET	    
N	ERRTB.	         1667'	LOW40	    
N	ERR.	          124'	LOW40	    
N	ESCCNT	          111'	LOW40	    
N	ESCFLG	          112'	LOW40	    
N	ESCPTR	          110'	LOW40	    
	EXER1.	            0'	EXER1.	    DUMMY.
N	EXIT	            1'	EXIT	    
N	EXITP.	            3'	EXIT	    
	EXIT.	            2'	EXIT	    PAUSE,PDUMP,LOW40
	EXP	            1'	EXP	    SINH,COSH,TANH,EXP3,EXP2,CEXP.2,CEXP.3,CEXP,CSIN
N	EXP1.0	           23'	EXP1	    
N	EXP1.2	           15'	EXP1	    
N	EXP1.4	            7'	EXP1	    
N	EXP1.6	            1'	EXP1	    
	EXP2.0	           23'	EXP2	    EXP3,SCALE,PLOT
N	EXP2.2	           15'	EXP2	    
N	EXP2.4	            7'	EXP2	    
N	EXP2.6	            1'	EXP2	    
	EXP3.0	           23'	EXP3	    CEXP.3
	EXP3.2	           15'	EXP3	    AXIS
N	EXP3.4	            7'	EXP3	    
N	EXP3.6	            1'	EXP3	    
	FILE1.	          611'	LOW40	    DEFINE
	FILE2.	          651'	LOW40	    DEFINE
	FILE3.	          711'	LOW40	    DEFINE
	FILE4.	          751'	LOW40	    DEFINE
	FILE5.	         1011'	LOW40	    DEFINE
	FILPS.	          451'	LOW40	    POSITI
	FILSZ.	          511'	LOW40	    SIZE
N	FLIRT.	       400013	LOW40	    
	FLOAT	            1'	FLOAT	    MAX,MIN,EXP2,CEXP.2,SCALE,PLOT,AXIS
	FLOUT.	       400014	LOW40	    PDUMP
N	FMTBG.	         1271'	LOW40	    
N	FMTEN.	         1270'	LOW40	    
N	FNAM.	          120'	LOW40	    
Flags	Symbol	 Octal Value	Defined in  Referenced in		(all symbols)

N	FNMCNT	          121'	LOW40	    
N	FOBPDP	            3'	LOW40	    
	FORSE.	            0'	LOW40	    REENT,PDUMP
	IABS	            5'	ABS	    AXIS
N	IBUFF	           22'	BUFFER	    
N	IDFIX	            1'	IDINT	    
N	IDIM	            1'	IDIM	    
N	IDINT	            1'	IDINT	    
N	IFILE	            0'	IFILE	    
	IFIX	            1'	IFIX	    MAX,MIN,PLOT
N	ILL	            1'	ILL	    
	ILLEG.	           73'	LOW40	    ILL
	ILLMG.	       400031	LOW40	    MAGDEN
N	INCNT.	          271'	LOW40	    
	INIER.	       400030	LOW40	    MAGDEN,SAVCK.
N	INIT.	         1664'	LOW40	    
N	INPDV.	          115'	LOW40	    
	INT	            0'	INT	    SCALE,PLOT,AXIS
N	INTI.	       400015	LOW40	    
	INTO.	       400016	LOW40	    PDUMP
	INTVR.	           17'	SAVCK.	    BUFFER,MAGDEN
N	IOADR.	       400011	LOW40	    
N	IRT	            3'	RT	    
N	ISIGN	            7'	SIGN.	    
	ITYPM.	       400040	LOW40	    EXER1.,TRAPS
N	JOB41	           41	JOBDAT	    
N	JOBAPR	          125	JOBDAT	    
N	JOBBLT	           45	JOBDAT	    
N	JOBCHN	          131	JOBDAT	    
N	JOBCN6	          106	JOBDAT	    
N	JOBCNI	          126	JOBDAT	    
N	JOBCNK	          102	JOBDAT	    
N	JOBCOR	          133	JOBDAT	    
N	JOBCST	          136	JOBDAT	    
N	JOBDA	          140	JOBDAT	    
N	JOBDDT	           74	JOBDAT	    
N	JOBERR	           42	JOBDAT	    
N	JOBFF	          121	JOBDAT	    
N	JOBHCU	           72	JOBDAT	    
N	JOBHDA	           10	JOBDAT	    
N	JOBHGH	       400000	JOBDAT	    
N	JOBHRL	          115	JOBDAT	    
N	JOBHVR	            4	JOBDAT	    
N	JOBINT	          134	JOBDAT	    
N	JOBJDA	           75	JOBDAT	    
N	JOBOPC	          130	JOBDAT	    
N	JOBOPS	          135	JOBDAT	    
N	JOBPFI	          114	JOBDAT	    
N	JOBREL	           44	JOBDAT	    
Flags	Symbol	 Octal Value	Defined in  Referenced in		(all symbols)

N	JOBREN	          124	JOBDAT	    
N	JOBSA	          120	JOBDAT	    
N	JOBSYM	          116	JOBDAT	    
N	JOBTPC	          127	JOBDAT	    
N	JOBUSY	          117	JOBDAT	    
N	JOBUUO	           40	JOBDAT	    
N	JOBVER	          137	JOBDAT	    
N	LEGAL	            5'	ILL	    
N	LEVEL.	         1723'	LOW40	    
N	LINE	           34'	LINE	    
N	LINK.	          127'	LOW40	    
N	LINT.	       400021	LOW40	    
N	LOCK	          253'	RTFORT	    
	LOGEN.	       400033	LOW40	    EOFTST
N	LOGOUT	            1'	LOGOUT	    
N	LOUT.	       400022	LOW40	    
N	MAGDEN	            0'	MAGDEN	    
N	MAX0	            5'	MAX	    
N	MAX1	           11'	MAX	    
N	MBFBG.	         1056'	LOW40	    
N	MBSR.	       400034	LOW40	    
N	MIN0	            5'	MIN	    
N	MIN1	           11'	MIN	    
N	MKTBL	         1461'	PLOT	    
N	MOD	            1'	MOD	    
N	MSPR.	       400035	LOW40	    
	MTABF.	         1057'	LOW40	    MAGDEN
	NAMPPN	          227'	NAMPPN	    DAF,AFILE,RUN,DEFINE
N	NEG1.	            5	LOW40	    
N	NEG2.	            7	LOW40	    
N	NEG3.	            3	LOW40	    
N	NEG5.	            2	LOW40	    
N	NMLST.	       400026	LOW40	    
	NUMBER	         1524'	PLOT	    AXIS
N	OBUFF	           35'	BUFFER	    
N	OCTI.	       400017	LOW40	    
	OCTO.	       400020	LOW40	    PAUSE,PDUMP
N	OFILE	            0'	OFILE	    
N	ONECHR	            0'	ONECHR	    
	ONLY1.	          171'	LOW40	    EOFTST
N	OPNDEV	          117'	LOW40	    
	OVCNT.	         1725'	LOW40	    OVERFL,TRAPS
N	OVERFL	            1'	OVERFL	    
N	OVFLS.	          114'	LOW40	    
M	OVPC.	            0'	OXFIX	    AMOD,ATAN2,EXP2,CEXP.2,TRAPS
M	OVPC.	         1724'	LOW40	    AMOD,ATAN2,EXP2,CEXP.2,TRAPS
	PAUSE.	            0'	PAUSE	    EXER1.
N	PDLST.	            4'	LOW40	    
N	PDUMP	            4'	PDUMP	    
Flags	Symbol	 Octal Value	Defined in  Referenced in		(all symbols)

	PLOT	           34'	PLOT	    AXIS,LINE
M	PLOTC	          374'	PLOTC	    PLOT
M	PLOTC	            0'	PLOTCD	    PLOT
S	PLOTF	            0'	PLOTF+	    PLOT,+PLOTFD
N	PLOTS	            0'	PLOT	    
N	PLOT.	           55'	PLOT	    
N	POSITI	            0'	POSITI	    
N	RAN	            1'	RAN	    
N	RANAC.	         1715'	LOW40	    
N	RANBM	          431'	LOW40	    
N	RANDV.	          351'	LOW40	    
N	REAL	            1'	REAL	    
N	RECNO.	         1714'	LOW40	    
N	REENT	            0'	REENT	    
N	REE.	         1730'	LOW40	    
N	RELEAS	            0'	RELEAS	    
N	RENAME	            0'	RENAME	    
N	RERDV.	         1436'	LOW40	    
N	RESET	            1'	RESET	    
N	RINC1	         1451'	LOW40	    
N	RINC2	         1452'	LOW40	    
N	RLBNO	          371'	LOW40	    
N	RLBSIZ	          411'	LOW40	    
N	RLEN.	          122'	LOW40	    
N	RT	            0'	RT	    
N	RTINIT	            0'	RTFORT	    
N	RTREAD	          144'	RTFORT	    
N	RTSLP	          175'	RTFORT	    
N	RTSTRT	           72'	RTFORT	    
N	RTWAKE	          211'	RTFORT	    
N	RTWRIT	          152'	RTFORT	    
	RUN	            0'	RUN	    LOGOUT
	SAVCK.	            0'	SAVCK.	    BUFFER,MAGDEN
N	SAVEAC	           31'	LOW40	    
N	SAVFAC	           51'	LOW40	    
N	SAVP1.	           51'	SAVCK.	    
N	SAVPL.	           50'	SAVCK.	    
N	SAVRAN	           34'	RAN	    
N	SCALE	            0'	SCALE	    
N	SETABL	         1430'	PLOT	    
N	SETRAN	           23'	RAN	    
N	SIGN	            1'	SIGN.	    
	SIN	           23'	SIN	    CEXP.2,CEXP.3,CEXP,CSIN
	SIND	           10'	SIN	    PLOT,AXIS
	SINH	            1'	SINH	    CSIN
N	SIZE	            0'	SIZE	    
N	SLITE	            1'	SLITE	    
N	SLITET	           13'	SLITE	    
N	SNGL	            1'	SNGL	    
Flags	Symbol	 Octal Value	Defined in  Referenced in		(all symbols)

	SQRT	            0'	SQRT	    ACOS,ASIN,CEXP.2,CSQRT,CLOG,CABS
N	SSWTCH	            1'	SSWTCH	    
N	STATI	          167'	RTFORT	    
N	STATO	          160'	RTFORT	    
N	STPSIZ	         1750'	PLOT	    
	SYMBOL	          176'	PLOT	    AXIS
	TABP1.	         1067'	LOW40	    MAGDEN
N	TANH	            1'	TANH	    
U	TBLER.				    AFILE,DEFINE
N	TCNT1.	         1443'	LOW40	    
N	TCNT2.	         1444'	LOW40	    
	TEMP.	           75'	LOW40	    AFILE
N	TFMT.	       400036	LOW40	    
N	TIME	            1'	TIME	    
N	TIMER	            7'	TRAPS	    
N	TIMES	            0'	TIMES	    
N	TNAME.	          131'	LOW40	    
N	TPFCN.	       400037	LOW40	    
N	TPNTR.	         1442'	LOW40	    
	TRPIN.	            0'	TRAPS	    LOW40
M	TYPER.	            2'	OXFIX	    AMOD,DMOD,DEXP.2,DEXP.3,DLOG,DSQRT,DATAN2,ACOS,ASIN,ATAN2,SQRT,
					    SINH,COSH,EXP1,EXP3,EXP2,EXP,ALOG,CEXP.2,CLOG,CEXP,CFMP,
					    CFDV,DEFINE,BUFFER
M	TYPER.	         2055'	LOW40	    AMOD,DMOD,DEXP.2,DEXP.3,DLOG,DSQRT,DATAN2,ACOS,ASIN,ATAN2,SQRT,
					    SINH,COSH,EXP1,EXP3,EXP2,EXP,ALOG,CEXP.2,CLOG,CEXP,CFMP,
					    CFDV,DEFINE,BUFFER
N	TYPE.	         1441'	LOW40	    
N	UNITC.	          551'	LOW40	    
N	UNLOCK	          264'	RTFORT	    
	UNSV.	           13'	SAVCK.	    BUFFER,MAGDEN
N	USRNAM	          103'	LOW40	    
N	UUOH.	         2042'	LOW40	    
	UUOL.	         2053'	LOW40	    PLOTCD,PLOTFD,BENCHM,EOFTST,MAGDEN,SAVCK.,EXIT,TRAPS
N	UUOP.	       400032	LOW40	    
N	VADDR.	          106'	LOW40	    
N	VAR.	          100	LOW40	    
N	WHERE	         1500'	PLOT	    
N	XCTTM.	         1712'	LOW40	    
N	.JB41	           41	JOBDAT	    
	.JBAPR	          125	JOBDAT	    TRAPS
N	.JBBLT	           45	JOBDAT	    
N	.JBCHN	          131	JOBDAT	    
N	.JBCN6	          106	JOBDAT	    
	.JBCNI	          126	JOBDAT	    RTFORT,TRAPS
N	.JBCOR	          133	JOBDAT	    
N	.JBCST	          136	JOBDAT	    
N	.JBDA	          140	JOBDAT	    
N	.JBDDT	           74	JOBDAT	    
N	.JBERR	           42	JOBDAT	    
Flags	Symbol	 Octal Value	Defined in  Referenced in		(all symbols)

	.JBFF	          121	JOBDAT	    PDUMP
N	.JBHCR	            2	JOBDAT	    
N	.JBHDA	           10	JOBDAT	    
N	.JBHGH	       400000	JOBDAT	    
N	.JBHRL	          115	JOBDAT	    
N	.JBHVR	            4	JOBDAT	    
N	.JBINT	          134	JOBDAT	    
N	.JBOPC	          130	JOBDAT	    
N	.JBOPS	          135	JOBDAT	    
N	.JBPFI	          114	JOBDAT	    
	.JBREL	           44	JOBDAT	    RTFORT,TRAPS
N	.JBREN	          124	JOBDAT	    
N	.JBSA	          120	JOBDAT	    
N	.JBSYM	          116	JOBDAT	    
	.JBTPC	          127	JOBDAT	    TRAPS
N	.JBUSY	          117	JOBDAT	    
	.JBUUO	           40	JOBDAT	    LOW40
N	.JBVER	          137	JOBDAT	    
N	.TYPER	       400042	LOW40	    
