PRODUCT ENHANCEMENT                      MAY STATUS REPORT
MANAGER: EDWARD V. RESTA


PROJECT:        COBOL (PDP10)

        *       TWO BUG REPORTS FIXED; FIVE OUTSTANDING

        *       ONE DEVELOPMENT REQUEST ANSWERED;
                FOUR OUTSTANDING


        *       NEW VERSION OF THE ENTIRE COBOL SYSTEM
                WAS TRANSMITTED TO SQA ON 5/29/73. IT
                INCLUDED:

                        COBOL   (05.1-107.1)
                        COBRG   (01.1-02.0)
                        COBDDT  (07.1-04.1)
                        ISAM    (02.1-75.0)
                        LIBARY  (02.1-07.0)
                        LIBOL6  (06.1-15.1)
                        SELOTS  (01.1-15.1)
                        SORT    (06.1-262.1)
                        RERUN   (05.1-00.0)

        *       EFFORT TO INTERFACE TO NEW CCS WILL TAKE
                ABOUT TWO WEEKS. STARTED 5/28/73 -
                ACTIVITY SUSPENDED DUE TO FORTRAN
                EMERGENCY MAINTENANCE.

        *       PERSONNEL: MCQUOID



PROJECT:        EDITOR (940)

        *       VERSION D06.00 WAS TRANSMITTED TO SQA ON
                5/25/73.

        *       PERSONNEL: JARRETT/SALTGAVER(QA)


PROJECT:        IML VERSION E05.04 (940)

        *       GENERAL SUPPORT WHILE IN SQA.
                EXITED FROM SQA ON 6/2/73.

        *       PERSONNEL: WRIGHT









PROJECT:        IML VERSION E06 (940)

        *       PROGRAM DESIGN AND ENHANCEMNET BEGAN
                ON 5/28/73. ESTIMATED EFFORT IS TWO-TO-
                THREE MONTHS, WITH A 50% CONFIDENCE FACTOR.

        *       QA ESTIMATE: 1 MONTH.

        *       PERSONNEL: WRIGHT


PROJECT:        IML VERSION E07 (940)

        *       ESTIMATED START DATE IS 3RD QUARTER 1973,
                WITH A 70% CONFIDENCE FACTOR.

        *       WORK ESTIMATE WILL BE SUPPLIED AS SOON
                AS AVAILABLE.

        *       PERSONNEL: WRIGHT


PROJECT:        NTAPE (PDP10)

        *       ENHANCEMENT TO MAKE IT LOOK LIKE NTAPE
                ON 940. THIS IS A CHANGE FROM THE ORIGINAL
                SPECIFICATION APPROVED IN ADVANCE BY
                MARKETING.

        *       ENHANCEMENT HAS BEEN SUSPENDED UNTIL
                RESCHEDULED.

        *       PERSONNEL: NONE



PROJECT:        RETRIEVE VERSION E01.27 (940)

        *       FOUR BUGS TO BE FIXED AND ONE DEVELOPMENT
                REQUEST OUTSTANDING.

        *       NEW VERSION WILL FIX FIVE PREVIOUS BUG
                REPORTS AND INCLUDE ENHANCEMENTS OF FIVE
                NEW FEATURES. SCHEDULE NOT YET ESTABLISHED.

        *       PERSONNEL: JARRETT/STEVENS(QA)












PROJECT:        NBASIC/SBASIC (940)

        *       SEVENTEEN BUG REPORTS, SOME INVOLVING
                COMPATIBILITY WITH SBASIC.

        *       OUTSIDE QUOTE NOT YET REQUESTED.

        *       WILL ATTEMPT TO PUT UP NBA VER. D10
                TO FIRST DETERMINE QUANTITY AND SEVERITY
                OF REMAINING BUGS, IF ANY.

        *       PERSONNEL: RESTA


PROJECT:        LOADER (PDP10)

        *       NO OUTSTANDING BUGS.

        *       VERSION 54.30-0.2 TO SQA ON 5/30/73.

        *       PERSONNEL: NONE



PROJECT:        LIB40 (PDP10)

        *       ONE BUG REPORT OUTSTANDING - PRIORITY ONE.

        *       VERSION 32.2-0.30 TO SQA ON 5/21/73.

        *       RE-ENTRANT VERSION OF LIB40 ESTIMATED
                TO TAKE TWO WEEKS TO DEVELOP.
                START DATE DEPENDANT UPON COMPLETION
                OF COBOL PROJECT.

        *       PERSONNEL: MCQUOID


PROJECT:        LBASIC (PDP10)

        *       TWO BUG REPORTS CLOSED; VERSION 17.01-5.10
                RELEASED TO QA 5/23/73.

        *       PERSONNEL: NONE


PROJECT:        RECRUITING

        *       EFFORT EXPENDED INTERVIEWING TO HIRE
                FOR PRODUCT ENHANCEMENT.

        *       PERSONNEL: RESTA






PROJECT:        MACRO (PDP10)

        *       VERSION 46.07-00.0 TO SQA ON 5/29/73.
                NEW REMOTE BATCH CALLI'S WERE ADDED TO PROCESSOR.

        *       PERSONNEL: JARRETT


PROJECT:        COBAID (PDP10)

        *       NO BUG REPORTS CLOSED; ONE OUTSTANDING

        *       ONE DEVELOPMENT REQUEST CLOSED; FOUR
                OUTSTANDING

        *       PERSONNEL: MCQUOID



PROJECT:        CSMP (PDP10)

        *       ONE BUG FIXED.

        *       VERSION 00.08 RELEASE TO SQA ON 5/7/73.

        *       PERSONNEL: BOWERS, TWIGGS (CONSULTANTS).



PROJECT:        PROJECTS IN SUSPENSION

        *       THE FOLLOWING PROGRAMS ARE NOT BEING
                WORKED ON DUE TO LACK OF MANPOWER AND/OR
                DUE TO THE PRIORITIES SET BY MARKETING:

        STATPAK - 940   4 BUGS   QA ESTIMATE: 4 DAYS MANPOWER: TWIGGS.
        STATPAK - 10    3 BUGS
        BFORTRAN - 940  7 BUGS
        SFORTRAN - 940 15 BUGS
        FDEBUG - 10     2 BUGS
        F40 - 10        2 BUGS
        CCS - 10        1 BUG
        DIRIT - 10      3 BUGS
        EDITOR - 10     3 BUGS
        EDITOR - 940    3 BUGS
        FINPAK - 940    8 BUGS
        SIMPL - 940     2 BUGS
        SIMPL - 10     12 BUGS
        SPICE - 10      3 BUGS
        LBASIC - 10     2 BUGS
        SUDS - 10       3 BUGS
        RPG - 10       12 BUGS
        VAS - 10        3 BUGS
