    S U B P R O G R A M   S 0 C M R 0 		COBOL (005001,107001)	13-JUN-73  12:43		PAGE 1
    ROB50.CBL    13-JUN-73  12:42

    0001    IDENTIFICATION  DIVISION.                                         
    0002    PROGRAM-ID.  S0CMR050.                                            
    0003    AUTHOR.  S GOGELA.                                                
    0004    ENVIRONMENT  DIVISION.                                            
    0005    CONFIGURATION  SECTION.                                           
    0006    INPUT-OUTPUT  SECTION.                                            
    0007    FILE-CONTROL.                                                     
    0008        SELECT I1 ASSIGN DSK,                                        
    0009         RECORDING MODE IS ASCII.                                    
    0010                                                                     
    0011        SELECT I2 ASSIGN DSK,                                        
    0012         RECORDING MODE IS ASCII.                                    
    0013                                                                     
    0014        SELECT PRINT-LINE ASSIGN DSK,                                
    0015         RECORDING MODE IS ASCII.                                    
    0016                                                                     
    0017    DATA  DIVISION.                                                   
    0018    FILE  SECTION.                                                    
    0019    FD   I1                                                           
    0020            VALUE OF IDENTIFICATION IS "AMFTG DAT"                   
    0021        RECORD CONTAINS 80   CHARACTERS                              
    0022        DATA RECORDS ARE I1R                                         
    0023        BLOCK CONTAINS 0 RECORDS                                     
    0024        LABEL RECORDS ARE STANDARD.                                  
    0025    01   I1R.                                                         
    0026        02 R-NO   PICTURE 9(2).                                      
    0027        02 FILLER    PICTURE X(3).                                   
    0028        02 RQPR OCCURS 5 TIMES.                                      
    0029          04 PR-NO    PICTURE 9(2).                                  
    0030          04 REC-MOV.                                                
    0031            06 VAL    PICTURE 9(6)V9(4).                             
    0032            06 D      PICTURE 9(2).                                  
    0033            06 R      PICTURE X.                                     
    0034    FD   I2                                                           
    0035            VALUE OF IDENTIFICATION IS "PDAMF DAT"                   
    0036        RECORD CONTAINS 80   CHARACTERS                              
    0037        DATA RECORDS ARE I2R                                         
    0038        BLOCK CONTAINS 0 RECORDS                                     
    0039        LABEL RECORDS ARE STANDARD.                                  
    0040    01   I2R.                                                         
    0041        02 IND     PICTURE X(2).                                     
    0042        02 RC1.                                                      
    0043         03 FILLER    PICTURE X(43).                                 
    0044         03 PNO-TXT.                                                 
    0045          04 PN    PICTURE 9(2).                                     
    0046          04 TXT   PICTURE X(22).                                    
    0047        02 RC2 REDEFINES RC1.                                        
    0048         03 FILLER     PICTURE X(42).                                
    0049         03 DESC       PICTURE X(25).                                
    0050        02 FILLER    PICTURE X(11).                                  
    0051    FD   PRINT-LINE                                                   
    0052            VALUE OF IDENTIFICATION IS "FILEO DAT"                   
    0053        RECORD CONTAINS 133  CHARACTERS                              
    0054        DATA RECORDS ARE PRINT                                       
    0055        BLOCK CONTAINS 0 RECORDS                                     
    0056        LABEL RECORDS ARE STANDARD.                                      S U B P R O G R A M   S 0 C M R 0 		COBOL (005001,107001)	13-JUN-73  12:43		PAGE 1-1
    ROB50.CBL    13-JUN-73  12:42

    0057    01   PRINT.                                                       
    0058        02 C PICTURE X.                                              
    0059        02 PR-AREA   PICTURE X(132).                                 
    0060    WORKING-STORAGE  SECTION.                                         
    0061    77   L-C        PICTURE 99 VALUE 60.                              
    0062    77   P-C        PICTURE 9(5) VALUE 0.                             
    0063    77   SW1        PICTURE 9 VALUE 0.                                
    0064    77   SW2        PICTURE 9 VALUE 0.                                
    0065    77   SW3        PICTURE 9 VALUE 0.                                
    0066    77   CN1   PICTURE S9(4) COMPUTATIONAL VALUE 0 SYNC.              
    0067    77   CN2   PICTURE S9(4) COMPUTATIONAL VALUE 0 SYNC.              
    0068    77   CN3   PICTURE S9(4) COMPUTATIONAL VALUE 0 SYNC.              
    0069    77   CN4   PICTURE S9(4) COMPUTATIONAL VALUE 0 SYNC.              
    0070    77   CN5   PICTURE S9(4) COMPUTATIONAL VALUE 0 SYNC.              
    0071    77   CN6   PICTURE S9(4) COMPUTATIONAL VALUE 0 SYNC.              
    0072    77   CN7   PICTURE S9(4) COMPUTATIONAL VALUE 0 SYNC.              
    0073    77   X1    PICTURE S9(4) COMPUTATIONAL VALUE 0 SYNC.              
    0074    77   R-SX    PICTURE 9(2) VALUE 0.                                
    0075    01   H1.                                                          
    0076        02 C1    PICTURE X VALUE '1'.                                
    0077        02 FILLER PICTURE X(80) VALUE 'C O M P U T E R I Z E D   M A 
    0078  -     'T E R I A L   S E L E C T I O N   S Y S T E M    -'.        
    0079        02 FILLER PICTURE X(52) VALUE '--    REQUESTED PROPERTIES    
    0080  -     '---    LISTING    ----'.                                    
    0081    01   H2.                                                          
    0082        02 C2   PICTURE X VALUE '0'.                                 
    0083        02 FILLER PICTURE X(7) VALUE 'DATE : '.                      
    0084        02 DATO   PICTURE X(12).                                     
    0085        02 FILLER   PICTURE X(101) VALUE SPACES.                     
    0086        02 FILLER  PICTURE X(7) VALUE 'PAGE   '.                     
    0087        02 PAGE--X  PICTURE Z(5).                                    
    0088    01   H3.                                                          
    0089        02 C3   PICTURE X VALUE '-'.                                 
    0090        02 FILLER  PICTURE X(12) VALUE 'REQUEST NO. '.               
    0091        02 REQ-O   PICTURE ZZ.                                       
    0092        02 FILLER  PICTURE X(118) VALUE SPACES.                      
    0093    01   H4 .                                                       
    0094        02 C4  PICTURE X VALUE ' '.                                  
    0095        02 FILLER  PICTURE X(14) VALUE '--------------'.             
    0096        02 FILLER  PICTURE X(118) VALUE SPACES.                      
    0097    01   HL.                                                          
    0098        02 HC    OCCURS 2 TIMES.                                     
    0099         03 CL   PICTURE X.                                          
    0100         03 TL   PICTURE X(24).                                      
    0101         03 FILLER   PICTURE X.                                      
    0102         03 DASH   PICTURE X(3).                                     
    0103         03 FILLER   PICTURE X.                                      
    0104         03 FORM1  OCCURS 3 TIMES.                                   
    0105          04 A1.                                                     
    0106           05 TEXT-OUT.                                              
    0107            06 FILLER    PICTURE X(5).                               
    0108            06 VALUEL   PICTURE Z(6).Z(4).                           
    0109            06 FILLER   PICTURE X(2).                                
    0110            06 LG    PICTURE X(4).                                   
    0111            06 FILLER   PICTURE X(3).                                
    0112           05 FILLER   PICTURE X(3).                                     S U B P R O G R A M   S 0 C M R 0 		COBOL (005001,107001)	13-JUN-73  12:43		PAGE 1-2
    ROB50.CBL    13-JUN-73  12:42

    0113         03 FILLER    PICTURE X(19).                                 
    0114    01   TXLE.                                                        
    0115        02 PROPX OCCURS 44 TIMES.                                    
    0116         03 VAL-3 OCCURS 3 TIMES.                                    
    0117          04 RECX.                                                   
    0118           05 VALTX     PICTURE 9(6)V9(4).                           
    0119           05 DTX       PICTURE 9(2).                                
    0120           05 RTX       PICTURE X.                                   
    0121    01   XDT.                                                         
    0122        02 XD OCCURS 800 TIMES   PICTURE X(25).                      
    0123    01   XTT.                                                         
    0124        02 XTX  OCCURS 44 TIMES.                                     
    0125           03 XT   PICTURE X(24).                                    
    0126           03 XC   PICTURE 9(3).                                     
    0127    PROCEDURE  DIVISION.                                              
    0128    BEGIN.                                                            
    0129        OPEN  INPUT  I1                                              
    0130        OPEN  INPUT  I2                                              
    0131        OPEN  OUTPUT PRINT-LINE.                                     
    0132        MOVE SPACES TO XDT.                                          
    0133    LOOP.                                                             
    0134        ADD 1 TO CN1.                                                
    0135        MOVE SPACES TO XT (CN1).                                     
    0136        MOVE 0 TO XC (CN1).                                          
    0137        IF CN1 NOT = 44 GO TO LOOP.                                  
    0138        MOVE 1 TO CN1 CN4 CN5.                                       
    0139    READ-I2.                                                          
    0140        READ I2 AT END MOVE 0 TO CN1 CN2 CN3 PERFORM CL-TXLE         
    0141           THRU E-CL-TXLE                                            
    0142        GO TO READ-I1.                                               
    0143        IF IND NOT = 'XX' MOVE 2 TO CN4 ADD 1 TO CN2                 
    0144        MOVE DESC TO XD (CN5) ADD 1 TO CN5 GO TO READ-I2.            
    0145        IF CN4 = 1 GO TO LOAD-CN1.                                   
    0146        IF CN4 NOT = 2 MOVE 0 TO XC (CN3) GO TO LOAD-CN1.            
    0147        ADD CN2 TO CN1.                                              
    0148    LOAD-CN1.                                                         
    0149        MOVE CN1 TO XC (PN).                                         
    0150        MOVE PNO-TXT TO XT (PN).                                     
    0151        MOVE 0 TO CN2 CN4.                                           
    0152        MOVE PN TO CN3.                                              
    0153        GO TO READ-I2.                                               
    0154    READ-I1.                                                          
    0155        READ I1 AT END PERFORM PR-PRINT THRU E-PR-PRINT  GO TO       
    0156                                                              EOP--X.
    0157        IF SW1 = 0 MOVE 1 TO SW1 MOVE R-NO TO R-SX.                  
    0158        IF R-SX NOT = R-NO PERFORM PR-PRINT THRU E-PR-PRINT          
    0159        MOVE R-NO TO R-SX PERFORM CL-TXLE THRU E-CL-TXLE.            
    0160        PERFORM LOAD-TXLE THRU E-LOAD-TXLE.                          
    0161        GO TO READ-I1.                                               
    0162    PR-PRINT.                                                         
    0163        PERFORM HEADERS.                                             
    0164    LOOP1.                                                            
    0165        ADD 1 TO CN1.                                                
    0166        IF CN1 > 44 GO TO E-PR-PRINT.                                
    0167        IF VALTX (CN1, 1) = 0 AND DTX (CN1, 1) = 0 GO TO LOOP1.      
    0168        MOVE SPACES TO HL.                                               S U B P R O G R A M   S 0 C M R 0 		COBOL (005001,107001)	13-JUN-73  12:43		PAGE 1-3
    ROB50.CBL    13-JUN-73  12:42

    0169    LOOP2.                                                            
    0170        ADD 1 TO CN2.                                                
    0171        IF CN2 = 1                                                   
    0172        MOVE XT (CN1) TO TL (1)                                      
    0173        MOVE '---' TO DASH (1).                                      
    0174        IF CN2 > 3 MOVE 0 TO CN2 PERFORM WRXOUT GO TO LOOP1.         
    0175        IF VALTX (CN1, CN2) = 0 AND                                  
    0176             DTX (CN1, CN2) = 0 MOVE 0 TO CN2 PERFORM WRXOUT         
    0177        GO TO LOOP1.                                                 
    0178        IF VALTX (CN1, CN2) = 0 PERFORM LOAD-DESC  ELSE              
    0179        PERFORM LOAD-VALUE.                                          
    0180        GO TO LOOP2.                                                 
    0181    E-PR-PRINT.                                                       
    0182        MOVE 0 TO CN1 CN2 CN3.                                       
    0183    LOAD-DESC.                                                        
    0184        COMPUTE CN3 = XC (CN1) + DTX (CN1, CN2) - 1.                 
    0185        MOVE XD (CN3) TO TEXT-OUT (1, CN2).                          
    0186    LOAD-VALUE.                                                       
    0187        MOVE VALTX (CN1, CN2) TO VALUEL (1, CN2).                    
    0188        IF RTX (CN1, CN2) = '1'                                      
    0189        MOVE 'OR >' TO LG (1, CN2).                                  
    0190        IF RTX (CN1, CN2) = '2'                                      
    0191        MOVE 'OR <' TO LG (1, CN2).                                  
    0192        IF DTX (CN1, CN2) NOT = 0                                    
    0193        COMPUTE CN3 = XC (CN1) + DTX (CN1, CN2) - 1                  
    0194        MOVE XD (CN3) TO TEXT-OUT (2, CN2).                          
    0195    HEADERS.                                                          
    0196        ADD 1 TO P-C.                                                
    0197        MOVE P-C TO PAGE--X.                                         
    0198        MOVE TODAY TO DATO.
    0199        MOVE R-SX TO REQ-O.                                          
    0200        WRITE PRINT FROM H1.
    0201        WRITE PRINT FROM H2.
    0202        WRITE PRINT FROM H3.
    0203        WRITE PRINT FROM H4.
    0204        MOVE SPACES TO PRINT.                                        
    0205        WRITE PRINT.
    0206        MOVE 0 TO L-C.                                               
    0207    LOAD-TXLE.                                                        
    0208        ADD 1 TO CN1.                                                
    0209        IF CN1 > 5 GO TO E-LOAD-TXLE.                                
    0210        IF VAL (CN1) = 0 AND D (CN1) = 0 GO TO LOAD-TXLE.            
    0211        MOVE PR-NO (CN1) TO X1.                                      
    0212        IF VALTX (X1, 1) = 0 AND DTX (X1, 1) = 0                     
    0213        MOVE REC-MOV (CN1) TO RECX (X1, 1) GO TO LOAD-TXLE.          
    0214        IF VALTX (X1, 2) = 0 AND DTX (X1, 2) = 0                     
    0215        MOVE REC-MOV (CN1) TO RECX (X1, 2) GO TO LOAD-TXLE.          
    0216        MOVE REC-MOV (CN1) TO RECX (X1, 3) GO TO LOAD-TXLE.          
    0217    E-LOAD-TXLE.                                                      
    0218        MOVE 0 TO CN1.                                               
    0219    CL-TXLE.                                                          
    0220        ADD 1 TO CN2.                                                
    0221        IF CN2 > 44 GO TO E-CL-TXLE.                                 
    0222    IN-LOP.                                                           
    0223        ADD 1 TO CN3.                                                
    0224        IF CN3 > 3 MOVE 0 TO CN3 GO TO CL-TXLE.                          S U B P R O G R A M   S 0 C M R 0 		COBOL (005001,107001)	13-JUN-73  12:43		PAGE 1-4
    ROB50.CBL    13-JUN-73  12:42

    0225        MOVE 0 TO VALTX (CN2, CN3).                                  
    0226        MOVE 0 TO DTX   (CN2, CN3).                                  
    0227        MOVE '0' TO RTX (CN2, CN3).                                  
           GO TO IN-LOP.                                                
    0229    E-CL-TXLE.                                                        
    0230        MOVE 0 TO CN2 CN3.                                           
    0231    WRXOUT.                                                           
    0232        MOVE HC (1) TO PRINT.                                        
    0233        WRITE PRINT.
    0234        IF HC (2) NOT = SPACES MOVE HC (2) TO PRINT                  
    0235        WRITE PRINT.
    0236    EOP--X.                                                           
    0237        CLOSE        I1                                              
    0238        CLOSE        I2                                              
    0239        CLOSE        PRINT-LINE.                                     
    0240        GOBACK.                                                          S U B P R O G R A M   S 0 C M R 0 		COBOL (005001,107001)	13-JUN-73  12:43		PAGE W-1
    ROB50.CBL    13-JUN-73  12:42

WARNINGS:

    0149  MOST SIGNIFICANT DIGITS TRUNCATED ON XC


NO FATAL ERRORS, 1 WARNING
   q[wÎ