    P R O G R A M   S Y C O R 		COBOL (005001,107001)	 9-JUN-73  17:57		PAGE 1
    SYCOR.CBL    09-JUN-73  17:57

    0001    IDENTIFICATION DIVISION.
    0002  
    0003    PROGRAM-ID. SYCOR.
    0004  
    0005    AUTHOR. TYMSHARE TASC.  KENT E. LAWSON.
    0006  
    0007    INSTALLATION. SYCOR, INC.
    0008  
    0009    DATE-WRITTEN. MAY, 1973.
    0010    DATE-COMPILED. 09-JUN-73. 
    0011  
    0012    REMARKS. PROGRAM TO UPDATE THE ORDER BASE.
    0013  
    0014    ENVIRONMENT DIVISION.
    0015  
    0016    CONFIGURATION SECTION.
    0017    SOURCE-COMPUTER. DECsystem-10. 
    0018    OBJECT-COMPUTER. PDP-10.
    0019  
    0020    INPUT-OUTPUT SECTION.
    0021    FILE-CONTROL.
    0022           SELECT WORK-DAT ASSIGN TO DSK
    0023           RECORDING MODE IS ASCII.
    0024  
    0025           SELECT SORTED-TRANS ASSIGN TO DSK, DSK, DSK.
    0026  
    0027           SELECT EXPORT-DAT ASSIGN TO DSK
    0028           RECORDING MODE IS ASCII.
    0029  
    0030           SELECT PRICE-DAT ASSIGN TO DSK
    0031           RECORDING MODE IS ASCII.
    0032  
    0033           SELECT ORDERS-DAT ASSIGN TO DSK
    0034           RECORDING MODE IS ASCII.
    0035  
    0036           SELECT ORDERS-NEW ASSIGN TO DSK
    0037           RECORDING MODE IS ASCII.
    0038  
    0039           SELECT INSTAL-DAT ASSIGN TO DSK
    0040           RECORDING MODE IS ASCII.
    0041  
    0042           SELECT INSTAL-NEW ASSIGN TO DSK
    0043           RECORDING MODE IS ASCII.
    0044  
    0045           SELECT CHGVAL-DAT ASSIGN TO DSK
    0046           RECORDING MODE IS ASCII.
    0047  
    0048           SELECT CHGVAL-NEW ASSIGN TO DSK
    0049           RECORDING MODE IS ASCII.
    0050  
    0051           SELECT SHIPED-DAT ASSIGN TO DSK
    0052           RECORDING MODE IS ASCII.
    0053  
    0054           SELECT SHIPED-NEW ASSIGN TO DSK
    0055           RECORDING MODE IS ASCII.
    0056      P R O G R A M   S Y C O R 		COBOL (005001,107001)	 9-JUN-73  17:57		PAGE 1-1
    SYCOR.CBL    09-JUN-73  17:57

    0057           SELECT AUDIT-DAT  ASSIGN TO DSK
    0058           RECORDING MODE IS ASCII.
    0059  
    0060    DATA DIVISION.
    0061    FILE SECTION.
    0062  
    0063    FD WORK-DAT
    0064           LABEL RECORDS ARE STANDARD
    0065           VALUE OF IDENTIFICATION IS "WORK  DAT"
    0066           DATA RECORDS ARE IN-REC.
    0067    01 IN-REC.
    0068          03 IN-TRANS-CODE                PIC XX.
    0069              88 IN-SHIP-REC              VALUE IS 'S5'.
    0070          03 IN-AGREE-NUMB                PIC 9(5).
    0071          03 IN-REC-TYPE                  PIC X.
    0072              88 IN-AGREE-REC             VALUE IS 'A'.
    0073              88 IN-NOTE-REC              VALUE IS 'N'.
    0074              88 IN-MODEL-REC             VALUE IS 'P'.
    0075  
    0076  
    0077          03 IN-ITEM-NUMB                 PIC XXX.
    0078          03 IN-MODEL-NUMB.
    0079              05 IN-NOTE-SEQ              PIC 99.
    0080              05 FILLER                   PIC X(8).
    0081          03 IN-CONFIG-NUMB               PIC 99.
    0082          03 FILLER                       PIC X(34).
    0083  
    0084    SD SORTED-TRANS
    0085           DATA RECORDS ARE T-SORT-REC.
    0086    01 T-SORT-REC.
    0087       02 T-SORT-KEY.
    0088          03 T-AGREE-NUMB                 PIC 9(5).
    0089          03 T-ITEM-NUMB                  PIC XXX.
    0090          03 T-NOTE-SEQ                   PIC 99.
    0091          03 T-CONFIG-NUMB                PIC 99.
    0092          03 T-MODEL-NUMB                 PIC X(10).
    0093          03 T-REC-TYPE                   PIC X.
    0094              88 T-AGREE-REC              VALUE IS 'A'.
    0095              88 T-ITEM-REC               VALUE IS 'I'.
    0096              88 T-NOTE-REC               VALUE IS 'N'.
    0097              88 T-MODEL-REC              VALUE IS 'P'.
    0098  
    0099          03 T-TRANS-CODE                 PIC XX.
    0100              88 T-NEW-ENTRY              VALUE IS 'S1'.
    0101              88 T-DELETION               VALUE IS 'S2'.
    0102              88 T-ADDITION               VALUE IS 'S3'.
    0103              88 T-CHANGE-REC             VALUE IS 'S4'.
    0104              88 T-SHIP-REC               VALUE IS 'S5'.
    0105  
    0106       02 TRANSACTION-REC                   PIC X(55).
    0107  
    0108       02 T-AGREEMENT-RECORD   REDEFINES TRANSACTION-REC.
    0109          03 FILLER                       PIC X(8).
    0110          03 T-S1-1-BLOCK.
    0111              05 T-AGREE-DATE             PIC X(6).
    0112              05 FILLER                   PIC X(39).    P R O G R A M   S Y C O R 		COBOL (005001,107001)	 9-JUN-73  17:57		PAGE 1-2
    SYCOR.CBL    09-JUN-73  17:57

    0113  
    0114       02 T-ITEM-RECORD  REDEFINES TRANSACTION-REC.
    0115          03 FILLER                       PIC X(11).
    0116          03 T-CONFIG-COUNT               PIC 99.
    0117          03 T-SHIP-DATE                  PIC X(6).
    0118          03 T-SITE-CODE                  PIC X(5).
    0119          03 T-SUB-PO                     PIC X(18).
    0120          03 T-MAINT-MULT                 PIC 9V99.
    0121          03 FILLER                       PIC X(14).
    0122  
    0123       02 T-NOTE-RECORD   REDEFINES TRANSACTION-REC.
    0124          03 FILLER                       PIC X(13).
    0125          03 T-NOTE-ALPHA                 PIC X(40).
    0126          03 FILLER                       PIC X(3).
    0127  
    0128       02 T-MODEL-RECORD  REDEFINES TRANSACTION-REC.
    0129          03 FILLER                       PIC X(20).
    0130          03 T-MODEL-QTY                  PIC 9(4).
    0131          03 T-MODEL-LEASE-PURCH          PIC X.
    0132              88 T-LEASE                  VALUE IS 'L'.
    0133              88 T-PURCH                  VALUE IS 'P'.
    0134          03 T-MAINT-TOO                  PIC X.
    0135          03 T-PRICE                      PIC 9(5)V99.
    0136          03 T-MAINT-PRICE                PIC 9(4)V99.
    0137          03 FILLER                       PIC X(29).
    0138  
    0139       02 FILLER  REDEFINES TRANSACTION-REC.
    0140          03 FILLER                       PIC X(8).
    0141          03 T-CHG-AGREE.
    0142              05 FILLER                   PIC XX.
    0143              05 T-CHG-ITEM.
    0144                  07 FILLER               PIC X(9).
    0145                  07 T-CHG-MODEL          PIC X(15).
    0146          03 FILLER                       PIC X(19).
    0147  
    0148       02 T-SHIP-NOTE  REDEFINES TRANSACTION-REC.
    0149          03 FILLER                       PIC X(21).
    0150          03 T-SERIAL-NUMB                PIC X(8).
    0151          03 T-DATE-SHIPPED               PIC X(6).
    0152           03 FILLER               PIC X(20).
    0153  
    0154       02 FILLER   REDEFINES TRANSACTION-REC.
    0155          03 FILLER                       PIC XX.
    0156          03 T-ADDR-REC                   PIC X(53).
    0157  
    0158          66 T-FORK-KEY    RENAMES   T-AGREE-NUMB  THRU  T-ITEM-NUMB.
    0159  
    0160  
    0161    FD EXPORT-DAT
    0162           LABEL RECORDS ARE STANDARD
    0163           VALUE OF IDENTIFICATION IS "EXPORTDAT"
    0164           DATA RECORDS ARE E-REC.
    0165    01 E-REC.
    0166          03 E-REC-COUNTRY                PIC X(5).
    0167          03 FILLER                       PIC X(6).
    0168      P R O G R A M   S Y C O R 		COBOL (005001,107001)	 9-JUN-73  17:57		PAGE 1-3
    SYCOR.CBL    09-JUN-73  17:57

    0169    FD PRICE-DAT
    0170           LABEL RECORDS ARE STANDARD
    0171           VALUE OF IDENTIFICATION IS "PRICE DAT"
    0172           DATA RECORDS ARE P-REC.
    0173    01 P-REC.
    0174           03 P-REC-MODEL                              PIC X(9).
    0175           03 FILLER                                   PIC X(61).
    0176  
    0177    FD ORDERS-DAT
    0178           LABEL RECORDS ARE STANDARD
    0179           VALUE OF IDENTIFICATION IS "ORDERSDAT"
    0180           DATA RECORDS ARE ORD-REC.
    0181    01 ORD-REC.
    0182           03 ORD-AGREE-NUMB                  PIC 9(5).
    0183           03 ORD-REC-TYPE                    PIC X.
    0184              88 ORD-AGREE-REC            VALUE IS 'A'.
    0185              88 ORD-NOTE-REC             VALUE IS 'N'.
    0186              88 ORD-MODEL-REC            VALUE IS 'P'.
    0187           03 ORD-ITEM-NUMB                   PIC XXX.
    0188           03 ORD-MODEL-NUMB.
    0189              05 ORD-NOTE-SEQ             PIC 99.
    0190              05 FILLER                   PIC X(8).
    0191           03 FILLER                          PIC X(35).
    0192  
    0193    FD ORDERS-NEW
    0194           LABEL RECORDS ARE STANDARD
    0195           VALUE OF IDENTIFICATION IS "ORDERSNEW"
    0196           DATA RECORDS ARE NEW-REC.
    0197    01 NEW-REC                       PIC X(53).
    0198  
    0199  
    0200    FD INSTAL-DAT
    0201           LABEL RECORDS ARE STANDARD
    0202           VALUE OF IDENTIFICATION IS "INSTALDAT"
    0203           DATA RECORDS ARE INSTAL-REC-IN.
    0204    01 INSTAL-REC-IN                       PIC X(53).
    0205  
    0206    FD INSTAL-NEW
    0207           LABEL RECORDS ARE STANDARD
    0208           VALUE OF IDENTIFICATION IS "INSTALNEW"
    0209           DATA RECORDS ARE INSTAL-REC-OUT.
    0210    01 INSTAL-REC-OUT  PIC X(53).
    0211  
    0212    FD CHGVAL-DAT
    0213           LABEL RECORDS ARE STANDARD
    0214           VALUE OF IDENTIFICATION IS "CHGVALDAT"
    0215           DATA RECORDS ARE CHGVAL-REC-IN.
    0216    01 CHGVAL-REC-IN                          PIC X(88).
    0217  
    0218    FD CHGVAL-NEW
    0219           LABEL RECORDS ARE STANDARD
    0220           VALUE OF IDENTIFICATION IS "CHGVALNEW"
    0221           DATA RECORDS ARE CHGVAL-REC-OUT.
    0222    01 CHGVAL-REC-OUT.
    0223          03 CHGVAL-SALESMAN                  PIC X(16).
    0224          03        FILLER               PIC XX.    P R O G R A M   S Y C O R 		COBOL (005001,107001)	 9-JUN-73  17:57		PAGE 1-4
    SYCOR.CBL    09-JUN-73  17:57

    0225          03 CHGVAL-AGREE-NUMB                PIC 9(5).
    0226          03      DASH                    PIC X.
    0227          03 CHGVAL-ITEM-NUMB                 PIC XXX.
    0228          03        FILLER               PIC XX.
    0229          03 CHGVAL-DATE                      PIC X(6).
    0230          03        FILLER               PIC XX.
    0231          03 CHGVAL-BILL-TO-CODE              PIC X(6).
    0232          03      FILLER                  PIC XX.
    0233          03 CHGVAL-BILL-TO-ALPHA             PIC X(30).
    0234          03        FILLER               PIC X.
    0235          03 CHGVAL-TRANS                     PIC X(6).
    0236          03        FILLER               PIC XX.
    0237          03 CHGVAL-PURCH-PRICE               PIC 9(6)V99.
    0238          03 CHGVAL-LEASE-PRICE               PIC 9(6)V99.
    0239          03 CHGVAL-MAINT-PRICE               PIC 9(6)V99.
    0240          03 CHGVAL-TRIAL-DAYS                PIC 999.
    0241          03 CHGVAL-LEASE-TERM                PIC 999.
    0242  
    0243  
    0244    FD SHIPED-DAT
    0245           LABEL RECORDS ARE STANDARD
    0246           VALUE OF IDENTIFICATION IS "SHIPEDDAT"
    0247           DATA RECORDS ARE SHIPED-REC-IN.
    0248    01 SHIPED-REC-IN                         PIC X(133).
    0249  
    0250    FD SHIPED-NEW
    0251           LABEL RECORDS ARE STANDARD
    0252           VALUE OF IDENTIFICATION IS "SHIPEDNEW"
    0253           DATA RECORDS ARE SHIPED-REC-OUT.
    0254    01 SHIPED-REC-OUT.
    0255          03 S-DATE                       PIC X(6).
    0256          03 S-KEYS                       PIC X(9).
    0257          03 S-MODEL-NUMB                 PIC X(10).
    0258          03 S-MODEL-DESC                 PIC X(40).
    0259          03 S-SERIAL-NUMB                PIC X(10).
    0260          03 S-CUST-CODE                  PIC X(5).
    0261          03 S-SITE-CODE                  PIC X(5).
    0262          03 S-NAME                       PIC X(30).
    0263          03 S-CITY                       PIC X(20).
    0264          03 S-STATE                      PIC X(5).
    0265          03 S-ZIP                        PIC X(15).
    0266  
    0267    FD AUDIT-DAT
    0268           LABEL RECORDS ARE STANDARD
    0269           VALUE OF IDENTIFICATION IS "AUDIT DAT"
    0270           DATA RECORDS ARE AUDIT-REC.
    0271    01 AUDIT-REC.
    0272          03 AUDIT-AGREE-NUMB             PIC 9(5).
    0273          03      FILLER                  PIC X(4).
    0274          03 AUDIT-ITEM-NUMB              PIC XXX.
    0275          03      FILLER                  PIC X(4).
    0276          03 AUDIT-TRANS-ALPHA            PIC X(6).
    0277          03      FILLER                  PIC X(4).
    0278          03 AUDIT-DETAIL                 PIC X(53).
    0279  
    0280    WORKING-STORAGE SECTION.    P R O G R A M   S Y C O R 		COBOL (005001,107001)	 9-JUN-73  17:57		PAGE 1-5
    SYCOR.CBL    09-JUN-73  17:57

    0281  
    0282  * 
    0283  *     THE FOLLOWING RECORDS & TABLES HOLD ALL
    0284  *        RELEVENT INFO. FOR ONE ITEM ONAN ORDER
    0285  * 
    0286  
    0287    01 A-REC.
    0288          03 A-NUMB                       PIC 9(5).
    0289          03 A-REC-TYPE                   PIC X.
    0290          03 A-DATE                       PIC X(6).
    0291          03 A-CUST-CODE                  PIC X(5).
    0292          03 A-TRIAL-DAYS                 PIC 999.
    0293          03 A-LEASE-MONTHS               PIC 999.
    0294          03 A-PO-NUMB                    PIC X(18).
    0295          03 A-SALESMAN                   PIC X(10).
    0296              66 A-BLOCK RENAMES  A-DATE  THRU A-SALESMAN.
    0297  
    0298    01 BILL-TO-ADDRESS.
    0299          03 BILL-TO-1.
    0300              05 FILLER                   PIC X(6).
    0301              05 BILL-NAME                PIC X(30).
    0302              05 BILL-STATE               PIC X(5).
    0303              05 BILL-ZIP                 PIC X(5).
    0304              05 FILLER                   PIC X(5).
    0305  
    0306          03 BILL-TO-2.
    0307              05 FILLER                   PIC X(6).
    0308              05 BILL-ATTN                PIC X(15).
    0309              05 BILL-ADDR-1              PIC X(30).
    0310  
    0311          03 BILL-TO-3.
    0312              05 FILLER                   PIC X(6).
    0313              05 BILL-ADDR-2              PIC X(25).
    0314              05 BILL-CITY                PIC X(20).
    0315  
    0316    01 IT-REC.
    0317          03 IT-AGREE-NUMB                PIC 9(5).
    0318          03 IT-REC-TYPE                  PIC X.
    0319          03 IT-NUMB                      PIC XXX.
    0320          03 IT-SHIP-DATE                 PIC X(6).
    0321          03 IT-SITE-CODE                 PIC X(5).
    0322          03 IT-D-OR-E                    PIC X.
    0323          03 IT-EXPORT-DOC.
    0324              05 IT-PRO-FORM              PIC X.
    0325              05 IT-CREDIT-LETTER         PIC X.
    0326              05 IT-IMPORT-DOC            PIC X.
    0327              05 IT-EXPORT-LIC            PIC X.
    0328              05 IT-COFC-CERT             PIC X.
    0329              05 IT-CONSUL-INV            PIC X.
    0330          03 IT-SUB-PO                    PIC X(18).
    0331          03 IT-WO-REVISION               PIC 99.
    0332              03 IT-DELETE-FLAG  REDEFINES IT-WO-REVISION  PIC 99.
    0333                  88 ITEM-DELETED         VALUE IS 99.
    0334          03 IT-MAINT-MULT                PIC 9V99.
    0335          03 IT-CONFIG-COUNT              PIC 99.
    0336      P R O G R A M   S Y C O R 		COBOL (005001,107001)	 9-JUN-73  17:57		PAGE 1-6
    SYCOR.CBL    09-JUN-73  17:57

    0337    01 SHIP-TO-ADDRESS.
    0338          03 SHIP-TO-1.
    0339              05 FILLER                   PIC X(9).
    0340              05 SHIP-NAME                PIC X(30).
    0341              05 SHIP-STATE               PIC X(5).
    0342              05 SHIP-ZIP                 PIC X(5).
    0343              05 FILLER                   PIC X(5).
    0344  
    0345          03 SHIP-TO-2.
    0346              05 FILLER                   PIC X(9).
    0347              05 SHIP-ATTN                PIC X(15).
    0348              05 SHIP-ADDR-1              PIC X(30).
    0349  
    0350          03 SHIP-TO-3.
    0351              05 FILLER                   PIC X(9).
    0352              05 SHIP-ADDR-2              PIC X(25).
    0353              05 SHIP-CITY                PIC X(20).
    0354  
    0355    01 NOTE-TABLE.
    0356          03 NOTE-LINE  OCCURS 10 TIMES  INDEXED BY NOTE-COUNT.
    0357              05 NOTE-KEYS                PIC X(9).
    0358              05 NOTE-SEQ                 PIC 99.
    0359              05 NOTE-ALPHA               PIC X(45).
    0360  
    0361  
    0362    01 M-TABLE  OCCURS 1 TO 25 TIMES   DEPENDING ON MODEL-COUNT
    0363              INDEXED BY MODEL-INDX.
    0364  
    0365          03 M-KEYS                   PIC X(9).
    0366          03 M-NUMB                   PIC X(10).
    0367          03 M-TYPE                   PIC X.
    0368                  88 OPTION               VALUE IS 'O'.
    0369          03 M-LINE                   PIC X.
    0370          03 M-QTY                    PIC 9(4).
    0371          03 M-LEASE-PURCH            PIC X.
    0372                  88 M-LEASED             VALUE IS 'L'.
    0373                  88 M-PURCH              VALUE IS 'P'.
    0374          03 M-PRICE                  PIC 9(5)V99.
    0375          MAINT-TOO              PIC X.
    0376          03 M-MAINT-PRICE            PIC 9(4)V99.
    0377          03 M-SERIAL-NUMB            PIC X(8).
    0378          03 M-SHIP-DATE              PIC X(6).
    0379          03 M-CONFIG-NUMB            PIC 99.
    0380  
    0381  * 
    0382  *     SEQUENCE KEYS
    0383  * 
    0384  
    0385    01 TS-CHECK.
    0386          03 TS-FORK-KEY.
    0387              05 TS-AGREE-NUMB            PIC 9(5).
    0388              05 FILLER                   PIC XXX.
    0389          03 FILLER                       PIC X(17).
    0390  
    0391    01 MAST-SEQ-CHECK.
    0392          03 MAST-AGREE-NUMB              PIC 9(5).    P R O G R A M   S Y C O R 		COBOL (005001,107001)	 9-JUN-73  17:57		PAGE 1-7
    SYCOR.CBL    09-JUN-73  17:57

    0393          03 MAST-ITEM-NUMB               PIC XXX.
    0394          03 MAST-NOTE-SEQ                PIC 99.
    0395          03 MAST-MODEL-NUMB              PIC X(10).
    0396          03 MAST-REC-TYPE                PIC X.
    0397  
    0398          66 MAST-FORK-KEY  RENAMES  MAST-AGREE-NUMB  THRU MAST-ITEM-NUMB.
    0399  
    0400    01 LAST-SEQ-CHECK.
    0401          03 LAST-AGREE-NUMB              PIC 9(5).
    0402          03 LAST-ITEM-NUMB               PIC XXX.
    0403          03 LAST-MODEL-NUMB             PIC X(10).
    0404          03 LAST-REC-TYPE                PIC 9.
    0405              66 LAST-FORK-KEY RENAMES LAST-AGREE-NUMB THRU LAST-ITEM-NUMB.
    0406  
    0407    01 CURRENT-FORK-KEY.
    0408          03 CURR-AGREE-NUMB              PIC 9(5).
    0409          03 CURR-ITEM-NUMB               PIC XXX.
    0410  
    0411  
    0412    01 CURRENT-CONFIG-NUMB                 PIC 99.
    0413  
    0414  * 
    0415  *     THE FOLLOWING TABLES HOLD PRICE LIST AND EXPORT INFORMATION
    0416  * 
    0417  
    0418    01 PRICE-TABLE   OCCURS 1 TO 50 TIMES   DEPENDING ON PRICE-COUNT
    0419          INDEXED BY PRICE-INDX.
    0420          03 P-MODEL-NUMB                 PIC X(10).
    0421          03 P-TYPE                       PIC X.
    0422          03 P-DESC                       PIC X(40).
    0423          03 P-LINE                       PIC X.
    0424          03 P-PURCH-PRICE                PIC 9(5)V99.
    0425          03 P-LEASE-PRICE                PIC 9(4)V99.
    0426          03 P-MAINT-PRICE                PIC 9(4)V99.
    0427  
    0428    01 EXPORT-TABLE  OCCURS 1 TO 25 TIMES   DEPENDING ON EXPORT-COUNT
    0429          INDEXED BY EXPORT-INDX.
    0430  
    0431          03 E-COUNTRY                    PIC X(5).
    0432          03 E-PRO-FORM                   PIC X.
    0433          03 E-CREDIT-LETTER              PIC X.
    0434          03 E-IMPORT-DOC                 PIC X.
    0435          03 E-EXPORT-LIC                 PIC X.
    0436          03 E-COFC-CERT                  PIC X.
    0437          03 E-CONSUL-INV                 PIC X.
    0438  
    0439  * 
    0440  *     WORKING GOODIES
    0441  * 
    0442  
    0443    01 SWITCH-DATE.
    0444          03 SWITCH-MONTH                 PIC XX.
    0445          03 SWITCH-DAY                   PIC XX.
    0446          03 SWITCH-YEAR                  PIC XX.
    0447  
    0448    01 HOLD-DATE.    P R O G R A M   S Y C O R 		COBOL (005001,107001)	 9-JUN-73  17:57		PAGE 1-8
    SYCOR.CBL    09-JUN-73  17:57

    0449          03 HOLD-YEAR                    PIC XX.
    0450          03 HOLD-MONTH                   PIC XX.
    0451          03 HOLD-DAY                     PIC XX.
    0452  
    0453  
    0454    01 CHG-FIELDS.
    0455          03 CHG-FIELD-NAME               PIC X(6).
    0456          03 CHG-FIELD-VALUE.
    0457            04 CHG-VALUE-10.
    0458              05 CHG-VALUE-7.
    0459                06 CHG-VALUE-6.
    0460                  07 CHG-VALUE-4.
    0461                    08 CHG-VALUE-3.
    0462                      09 CHG-VALUE-1      PIC X.
    0463                      09 FILLER           PIC XX.
    0464                    08 FILLER             PIC X.
    0465                  07 FILLER               PIC XX.
    0466                06 FILLER                 PIC X.
    0467              05 FILLER                   PIC XXX.
    0468            04 FILLER                     PIC X(8).
    0469  
    0470          03 FILLER      REDEFINES CHG-FIELD-VALUE.
    0471              05 CHG-CUST-NUMB            PIC X(5).
    0472              05 FILLER                   PIC X.
    0473              05 CHG-SITE-NUMB            PIC X(5).
    0474              05 FILLER                   PIC X(7).
    0475  
    0476  
    0477  
    0478    77 NOTE-COUNT                          USAGE IS INDEX.
    0479    77 MODEL-COUNT                         USAGE IS INDEX.
    0480    77 PRICE-COUNT                         USAGE IS INDEX.
    0481    77 EXPORT-COUNT                        USAGE IS INDEX.
    0482  
    0483    77 PARTIAL-FLAG                        PIC 9.
    0484  
    0485    77 AGREE-DELETE-FLAG                   PIC 9.
    0486          88 AGREEMENT-DELETED            VALUE IS 9.
    0487  
    0488  
    0489  * *********************************************************************************
    0490  
    0491    PROCEDURE DIVISION.
    0492  * 
    0493  *     SORT ROUTINE -- DRIVES PROGRAM
    0494  * 
    0495    SORTING-SECTION.
    0496  
    0497          SORT SORTED-TRANS  ON ASCENDING KEY T-SORT-KEY
    0498               INPUT PROCEDURE IS MAIN-INPUT
    0499              OUTPUT PROCEDURE IS MAIN-UPDATE.
    0500  
    0501          DISPLAY "END OF ORDER BASE UPDATE."
    0502          STOP RUN.
    0503  
    0504  *     P R O G R A M   S Y C O R 		COBOL (005001,107001)	 9-JUN-73  17:57		PAGE 1-9
    SYCOR.CBL    09-JUN-73  17:57

    0505  *     MAIN INPUT SECTION -- IS PRE-PROCESSOR TO SORT
    0506  *       FORM SORT KEY
    0507  *       RELEASE RECORD TO SORT
    0508  * 
    0509  
    0510    MAIN-INPUT SECTION.
    0511  
    0512    OPEN-FILES.
    0513          OPEN INPUT WORK-DAT.
    0514  
    0515    READ-INPUT-RECORD.
    0516          READ WORK-DAT  AT END GO TO INPUT-EXIT.
    0517  
    0518    FORM-SORT-KEYS.
    0519          MOVE LOW-VALUES                 TO T-SORT-KEY.
    0520          MOVE IN-TRANS-CODE      TO T-TRANS-CODE.
    0521          MOVE IN-AGREE-NUMB        TO T-AGREE-NUMB.
    0522          MOVE IN-REC-TYPE          TO T-REC-TYPE.
    0523  
    0524          IF NOT IN-AGREE-REC  MOVE IN-ITEM-NUMB TO T-ITEM-NUMB.
    0525  
    0526          IF IN-NOTE-REC  MOVE IN-NOTE-SEQ TO T-NOTE-SEQ.
    0527  
    0528  
    0529          IF IN-MODEL-REC  MOVE IN-MODEL-NUMB TO T-MODEL-NUMB.
    0530  
    0531          IF IN-SHIP-REC  MOVE IN-CONFIG-NUMB TO T-CONFIG-NUMB.
    0532  
    0533    RELEASE-TO-SORT.
    0534          MOVE IN-REC TO TRANSACTION-REC.
    0535          RELEASE T-SORT-REC.
    0536          GO TO READ-INPUT-RECORD.
    0537  
    0538  * 
    0539  *     END OF MAIN INPUT
    0540  * 
    0541  
    0542    INPUT-EXIT.
    0543          CLOSE WORK-DAT.
    0544  
    0545  * ******************************************************************************
    0546  * 
    0547  *     MAIN UPDATE SECTION
    0548  * 
    0549  *       LOAD PRICE & EXPORT TABLES
    0550  *       UPDATE ORDERS FILE WITH SORTED TRANSACTIONS
    0551  *       WRITE:
    0552  *           CHANGED ORDERS VALUES
    0553  *           WEEKLY SHIPPING FILE
    0554  *           INSTALLED BASE
    0555  *           WORK ORDER FILE
    0556  *           AUDIT TRAIL
    0557  * 
    0558  
    0559    MAIN-UPDATE SECTION.
    0560  *     P R O G R A M   S Y C O R 		COBOL (005001,107001)	 9-JUN-73  17:57		PAGE 1-10
    SYCOR.CBL    09-JUN-73  17:57

    0561  *     LOAD PRICE-FILE.
    0562  * 
    0563    LOAD-PRICE-FILE.
    0564          OPEN INPUT PRICE-DAT.
    0565          MOVE ZEROES TO PRICE-COUNT.
    0566  
    0567    GET-PRICE-RECORD.
    0568          READ PRICE-DAT   AT END GO TO CLOSE-PRICE-FILE.
    0569          IF PRICE-COUNT = ZERO  GO TO STORE-PRICE-RECORD.
    0570  
    0571          SEARCH PRICE-TABLE   AT END GO TO STORE-PRICE-RECORD
    0572              WHEN P-REC-MODEL = P-MODEL-NUMB (PRICE-INDX) NEXT SENTENCE.
    0573          DISPLAY "DUPLICATE MODEL NUMBERS IN PRICE-DAT.".
    0574          DISPLAY "CORRECT AND RE-RUN.".
    0575          STOP RUN.
    0576  
    0577    STORE-PRICE-RECORD.
    0578          SET PRICE-COUNT UP BY 1.
    0579          IF PRICE-COUNT > 50
    0580              DISPLAY "NO MORE ROOM IN PRICE TABLE."
    0581              DISPLAY "CALL TYMSHARE."
    0582              STOP RUN.
    0583          MOVE P-REC TO PRICE-TABLE  (PRICE-COUNT).
    0584          GO TO GET-PRICE-RECORD.
    0585  
    0586    CLOSE-PRICE-FILE.
    0587          CLOSE PRICE-DAT.
    0588  
    0589  * 
    0590  *    LOAD EXPORT TABLE
    0591  * 
    0592  
    0593  
    0594    LOAD-EXPORT-FILE.
    0595          OPEN INPUT EXPORT-DAT.
    0596          MOVE ZEROES TO EXPORT-COUNT.
    0597  
    0598    GET-EXPORT-RECORD.
    0599          READ EXPORT-DAT   AT END GO TO CLOSE-EXPORT-FILE.
    0600          IF EXPORT-COUNT = ZERO  GO TO STORE-EXPORT-RECORD.
    0601  
    0602          SEARCH EXPORT-TABLE   AT END GO TO STORE-EXPORT-RECORD
    0603              WHEN E-REC-COUNTRY = E-COUNTRY (EXPORT-INDX)  NEXT SENTENCE.
    0604          DISPLAY "DUPLICATE MODEL NUMBERS IN EXPORT-DAT.".
    0605          DISPLAY "CORRECT AND RE-RUN.".
    0606          STOP RUN.
    0607  
    0608    STORE-EXPORT-RECORD.
    0609          SET EXPORT-COUNT UP BY 1.
    0610          IF EXPORT-COUNT > 50
    0611              DISPLAY "NO MORE ROOM IN EXPORT TABLE."
    0612              DISPLAY "CALL TYMSHARE."
    0613              STOP RUN.
    0614          MOVE E-REC TO EXPORT-TABLE  (EXPORT-COUNT).
    0615          GO TO GET-EXPORT-RECORD.
    0616      P R O G R A M   S Y C O R 		COBOL (005001,107001)	 9-JUN-73  17:57		PAGE 1-11
    SYCOR.CBL    09-JUN-73  17:57

    0617    CLOSE-EXPORT-FILE.
    0618          CLOSE EXPORT-DAT.
    0619  
    0620  
    0621  * 
    0622  *     COPY ACCUMULATIVE FILES
    0623  * 
    0624  
    0625    OPEN-INSTAL-FILES.
    0626           OPEN  INPUT INSTAL-DAT
    0627                OUTPUT INSTAL-NEW.
    0628    COPY-INSTAL-FILES.
    0629           READ INSTAL-DAT  AT END GO TO CLOSE-INSTAL-DAT.
    0630           WRITE INSTAL-REC-OUT FROM INSTAL-REC-IN.
    0631           GO TO COPY-INSTAL-FILES.
    0632    CLOSE-INSTAL-DAT.
    0633           CLOSE INSTAL-DAT.
    0634  
    0635    OPEN-CHGVAL-FILES.
    0636           OPEN  INPUT CHGVAL-DAT
    0637                OUTPUT CHGVAL-NEW.
    0638    COPY-CHGVAL-FILES.
    0639           READ CHGVAL-DAT  AT END GO TO CLOSE-CHGVAL-DAT.
    0640           WRITE CHGVAL-REC-OUT FROM CHGVAL-REC-IN.
    0641           GO TO COPY-CHGVAL-FILES.
    0642    CLOSE-CHGVAL-DAT.
    0643           CLOSE CHGVAL-DAT.
    0644  
    0645    OPEN-SHIPED-FILES.
    0646           OPEN  INPUT SHIPED-DAT
    0647                OUTPUT SHIPED-NEW.
    0648    COPY-SHIPED-FILES.
    0649           READ SHIPED-DAT  AT END GO TO CLOSE-SHIPED-DAT.
    0650           WRITE SHIPED-REC-OUT FROM SHIPED-REC-IN.
    0651           GO TO COPY-SHIPED-FILES.
    0652    CLOSE-SHIPED-DAT.
    0653           CLOSE SHIPED-DAT.
    0654  
    0655  
    0656  * 
    0657  *    OPEN FILES FOR MAIN PROCESSING
    0658  * 
    0659  
    0660    OPEN-OTHER-FILES.
    0661           OPEN  INPUT ORDERS-DAT
    0662                OUTPUT ORDERS-NEW, AUDIT-DAT, WORD-DAT.
	                                              ^

***				FATAL - STATEMENT EXPECTED

    0663  
    0664  * 
    0665  *     LOAD INPUT BUFFERS.
    0666  * 
    0667  
    0668           MOVE LOW-VALUES TO TS-CHECK,  LAST-SEQ-CHECK, CURRENT-FORK-KEY.    P R O G R A M   S Y C O R 		COBOL (005001,107001)	 9-JUN-73  17:57		PAGE 1-12
    SYCOR.CBL    09-JUN-73  17:57

    0669  
    0670           PERFORM READ-MASTER-REC  THRU CHECK-MAST-SEQ.
    0671  
    0672           PERFORM RETURN-A-TRANS  THRU CHECK-TRANS-SEQ.
    0673  
    0674  * ************************************************************************************
    0675  * 
    0676  *     DECIDE TO LOAD FROM MASTER OR TRANSACTION
    0677  * 
    0678  
    0679    FORK.
    0680          IF T-SORT-KEY = HIGH-VALUES  AND MAST-FORK-KEY = HIGH-VALUES
    0681              GO TO DONE.
    0682           IF T-FORK-KEY  LESS THAN  MAST-FORK-KEY  GO TO LOAD-FROM-TRANS.
    0683           GO TO LOAD-FROM-MASTER.
    0684  
    0685  * ************************************************************************************:
    0686  
    0687  
    0688  * 
    0689  *     ROUTINE READ MASTER & CHECCS SEQUENCE.
    0690  * 
    0691  
    0692    READ-MASTER-REC.
    0693           MOVE MAST-SEQ-CHECK TO LAST-SEQ-CHECK.
    0694          MOVE HIGH-VALUES TO MAST-SEQ-CHECK.
    0695           READ ORDERS-DAT  AT END MOVE HIGH-VALUES TO ORD-REC.
    0696  
    0697           MOVE ORD-REC-TYPE      TO MAST-REC-TYPE.
    0698           MOVE ORD-AGREE-NUMB    TO MAST-AGREE-NUMB.
    0699          IF NOT ORD-AGREE-REC
    0700              MOVE ORD-ITEM-NUMB          TO MAST-ITEM-NUMB.
    0701          IF ORD-NOTE-REC
    0702              MOVE ORD-NOTE-SEQ           TO MAST-NOTE-SEQ.
    0703          IF ORD-MODEL-REC
    0704              MOVE ORD-MODEL-NUMB         TO MAST-MODEL-NUMB.
    0705  
    0706    CHECK-MAST-SEQ.
    0707           IF MAST-SEQ-CHECK  LESS THAN LAST-SEQ-CHECK
    0708               GO TO BAD-MASTER.
    0709           IF MAST-SEQ-CHECK  EQUAL TO LAST-SEQ-CHECK AND MAST-REC-TYPE NOT = 'N'
    0710               GO TO BAD-MASTER.
    0711  
    0712  
    0713  * 
    0714  *     ROUTINE TO LOAD AGREEMENT/ITEM DATA FROM MASTER FILE.
    0715  * 
    0716  
    0717    LOAD-FROM-MASTER.
    0718          IF MAST-AGREE-NUMB EQUAL TO LAST-AGREE-NUMB   
    0719              GO TO LOAD-MASTER-ITEM.
    0720          IF MAST-REC-TYPE NOT EQUAL TO 'A'  GO TO BAD-MASTER.
    0721          MOVE ORD-REC TO A-REC.
    0722          MOVE ZERO TO AGREE-DELETE-FLAG.
    0723  
    0724    LOAD-MAST-BILL-TO.    P R O G R A M   S Y C O R 		COBOL (005001,107001)	 9-JUN-73  17:57		PAGE 1-13
    SYCOR.CBL    09-JUN-73  17:57

    0725  
    0726          PERFORM READ-MASTER-REC  THRU  CHECK-MAST-SEQ.
    0727          IF MAST-AGREE-NUMB NOT EQUAL LAST-AGREE-NUMB
    0728              OR MAST-REC-TYPE NOT EQUAL 'B'
    0729              GO TO BAD-MASTER.
    0730          MOVE ORD-REC TO BILL-TO-1.
    0731  
    0732          PERFORM READ-MASTER-REC  THRU  CHECK-MAST-SEQ.
    0733          IF MAST-AGREE-NUMB NOT EQUAL LAST-AGREE-NUMB
    0734              OR MAST-REC-TYPE NOT EQUAL 'C'
    0735              GO TO BAD-MASTER.
    0736          MOVE ORD-REC TO BILL-TO-2.
    0737  
    0738          PERFORM READ-MASTER-REC  THRU  CHECK-MAST-SEQ.
    0739          IF MAST-AGREE-NUMB NOT EQUAL LAST-AGREE-NUMB
    0740              OR MAST-REC-TYPE NOT EQUAL 'D'
    0741              GO TO BAD-MASTER.
    0742          MOVE ORD-REC TO BILL-TO-3.
    0743  
    0744  
    0745    PERFORM READ-MASTER-REC  THRU  CHECK-MAST-SEQ.
    0746    LOAD-MASTER-ITEM.
    0747          IF MAST-AGREE-NUMB NOT EQUAL TO A-NUMB
    0748              OR MAST-REC-TYPE NOT EQUAL 'I'  GO TO BAD-MASTER.
    0749          MOVE ZEROES TO NOTE-COUNT, MODEL-COUNT.
    0750          MOVE ORD-REC TO IT-REC.
    0751  
    0752    LOAD-MAST-SHIP-TO.
    0753  
    0754          PERFORM READ-MASTER-REC  THRU  CHECK-MAST-SEQ.
    0755          IF MAST-FORK-KEY NOT EQUAL LAST-FORK-KEY
    0756              OR MAST-REC-TYPE NOT EQUAL 'J'
    0757              GO TO BAD-MASTER.
    0758          MOVE ORD-REC TO SHIP-TO-1.
    0759  
    0760          PERFORM READ-MASTER-REC  THRU  CHECK-MAST-SEQ.
    0761          IF MAST-FORK-KEY NOT EQUAL LAST-FORK-KEY
    0762              OR MAST-REC-TYPE NOT EQUAL 'K'
    0763              GO TO BAD-MASTER.
    0764          MOVE ORD-REC TO SHIP-TO-2.
    0765  
    0766          PERFORM READ-MASTER-REC  THRU  CHECK-MAST-SEQ.
    0767          IF MAST-FORK-KEY NOT EQUAL LAST-FORK-KEY
    0768              OR MAST-REC-TYPE NOT EQUAL 'L'
    0769              GO TO BAD-MASTER.
    0770          MOVE ORD-REC TO SHIP-TO-3.
    0771  
    0772  
    0773    PERFORM READ-MASTER-REC  THRU  CHECK-MAST-SEQ.
    0774    LOAD-NOTE-OR-MODEL.
    0775          PERFORM READ-MASTER-REC  THRU CHECK-MAST-SEQ.
    0776          IF MAST-FORK-KEY NOT EQUAL LAST-FORK-KEY
    0777              GO TO MASTER-BREAK-POINT.
    0778          IF MAST-REC-TYPE = 'N'  GO TO STORE-MASTER-NOTE.
    0779          IF MAST-REC-TYPE = 'P'  GO TO STORE-MASTER-MODEL.
    0780          GO TO BAD-MASTER.    P R O G R A M   S Y C O R 		COBOL (005001,107001)	 9-JUN-73  17:57		PAGE 1-14
    SYCOR.CBL    09-JUN-73  17:57

    0781  
    0782    STORE-MASTER-NOTE.
    0783          ADD 1 TO NOTE-COUNT.
    0784          MOVE ORD-REC  TO NOTE-LINE (NOTE-COUNT).
    0785          GO TO LOAD-NOTE-OR-MODEL.
    0786  
    0787    STORE-MASTER-MODEL.
    0788          SET MODEL-COUNT UP BY 1.
    0789          MOVE ORD-REC TO M-TABLE (MODEL-COUNT).
    0790          GO TO LOAD-NOTE-OR-MODEL.
    0791  
    0792    BAD-MASTER.
    0793          DISPLAY "ORDER MASTER FILE NOT IN LOGICAL ORDER.".
    0794          DISPLAY "CANNOT PROCEED.  CALL TYMSHARE.".
    0795          STOP RUN.
    0796  
    0797    MASTER-BREAK-POINT.
    0798          IF MODEL-COUNT = 0  GO TO BAD-MASTER.
    0799          GO TO CHECK-FOR-UPDATES.
    0800  
    0801  * *************************************************************************************
    0802  
    0803  
    0804  * 
    0805  *     ROUTINE READS TRANSACTIONS FILE & CHECKS SEQUENCE.
    0806  * 
    0807  
    0808    READ-TRANS-REC.
    0809          MOVE T-SORT-KEY TO TS-CHECK.
    0810  
    0811    RETURN-A-TRANS.
    0812          RETURN SORTED-TRANS  AT END MOVE HIGH-VALUES TO T-SORT-KEY.
    0813          IF T-SORT-KEY  LESS THAN TS-CHECK
    0814              DISPLAY "FATAL ERROR -- SORT FAILED."
    0815              DISPLAY "RE-TRY ONCE, THEN CALL TYMSHARE."
    0816              STOP RUN.
    0817  
    0818    WRITE-AUDIT-TRANS.
    0819          MOVE SPACES TO AUDIT-REC.
    0820          MOVE T-AGREE-NUMB  TO AUDIT-AGREE-NUMB.
    0821          MOVE T-ITEM-NUMB   TO AUDIT-ITEM-NUMB.
    0822          IF T-NEW-ENTRY     MOVE "ORDER"   TO AUDIT-TRANS-ALPHA.
    0823          IF T-DELETION      MOVE "CANCEL"  TO AUDIT-TRANS-ALPHA.
    0824          IF T-ADDITION      MOVE "ADD-ON"  TO AUDIT-TRANS-ALPHA.
    0825          IF T-CHANGE-REC    MOVE "CHANGE"  TO AUDIT-TRANS-ALPHA.
    0826          IF T-SHIP-REC      MOVE "SHIPED"  TO AUDIT-TRANS-ALPHA.
    0827  
    0828          MOVE TRANSACTION-REC TO AUDIT-DETAIL.
    0829          IF T-SORT-KEY NOT = HIGH-VALUES   WRITE AUDIT-REC.
    0830  
    0831    CHECK-TRANS-SEQ.
    0832          IF T-SORT-KEY EQUAL TO TS-CHECK
    0833              DISPLAY "REDUNDANT ENTRIES: ", TS-CHECK, " AND ", T-SORT-KEY
    0834              PERFORM REJECT-TRANS
    0835              GO TO RETURN-A-TRANS.
    0836      P R O G R A M   S Y C O R 		COBOL (005001,107001)	 9-JUN-73  17:57		PAGE 1-15
    SYCOR.CBL    09-JUN-73  17:57

    0837  * 
    0838  *     ROUTINE TO LOAD AGREEMENT/ITEM DATA FROM TRANSACTION FILE.
    0839  * 
    0840    LOAD-FROM-TRANS.
    0841          IF T-FORK-KEY  LESS THAN CURRENT-FORK-KEY  GO TO LOGIC-ERROR.
    0842          IF T-NEW-ENTRY AND T-AGREE-REC  GO TO NEW-AGREE-TRANS.
    0843          IF T-AGREE-NUMB NOT EQUAL A-NUMB
    0844              DISPLAY "BAD AGREEMENT NUMBER:", T-AGREE-NUMB
    0845              GO TO REJECT-TRANS.
    0846          IF T-ITEM-REC AND (T-NEW-ENTRY OR T-ADDITION)  GO TO NEW-ITEM-TRANS.
    0847          IF T-NEW-ENTRY OR T-ADDITION
    0848                   DISPLAY "TRANSACTION INCOMPLETE."
    0849              ELSE DISPLAY "BAD ITEM NUMBER: ",T-ITEM-NUMB.
    0850          GO TO REJECT-TRANS.
    0851  
    0852  
    0853  
    0854    NEW-AGREE-TRANS.
    0855          MOVE T-AGREE-NUMB               TO A-NUMB
    0856          MOVE T-REC-TYPE                 TO A-REC-TYPE.
    0857          MOVE T-AGREE-DATE               TO SWITCH-DATE.
    0858          PERFORM SWITCH-DATES.
    0859          MOVE HOLD-DATE                  TO T-AGREE-DATE.
    0860          MOVE T-S1-1-BLOCK               TO A-BLOCK.
    0861          MOVE ZERO                       TO AGREE-DELETE-FLAG.
    0862  
    0863    STORE-BILL-TO.
    0864  
    0865          PERFORM READ-TRANS-REC  THRU  CHECK-TRANS-SEQ.
    0866          IF T-AGREE-NUMB NOT EQUAL TS-AGREE-NUMB GO TO 340-LOGIC-ERROR.
    0867          IF T-REC-TYPE NOT = 'B'
    0868              DISPLAY "ACTIVITY NOT PERMITTED ON NEW ORDERS."
    0869              PERFORM REJECT-TRANS
    0870              GO TO STORE-BILL-TO.
    0871          MOVE T-ADDR-REC TO BILL-TO-1.
    0872  
    0873          PERFORM READ-TRANS-REC  THRU  CHECK-TRANS-SEQ.
    0874          IF T-AGREE-NUMB NOT EQUAL TS-AGREE-NUMB
    0875              OR T-REC-TYPE NOT EQUAL 'C'
    0876              GO TO 340-LOGIC-ERROR.
    0877          MOVE T-ADDR-REC TO BILL-TO-2.
    0878  
    0879          PERFORM READ-TRANS-REC  THRU  CHECK-TRANS-SEQ.
    0880          IF T-AGREE-NUMB NOT EQUAL TS-AGREE-NUMB
    0881              OR T-REC-TYPE NOT EQUAL 'D'
    0882              GO TO 340-LOGIC-ERROR.
    0883          MOVE T-ADDR-REC TO BILL-TO-3.
    0884  
    0885          PERFORM READ-TRANS-REC  THRU  CHECK-TRANS-SEQ.
    0886          IF T-AGREE-NUMB NOT EQUAL A-NUMB  GO TO 340-LOGIC-ERROR.
    0887          IF NOT (T-NEW-ENTRY AND T-ITEM-REC) GO TO 340-LOGIC-ERROR.
    0888  
    0889    NEW-ITEM-TRANS.
    0890          IF T-AGREE-NUMB NOT EQUAL A-NUMB OR NOT T-ITEM-REC
    0891              GO TO LOGIC-ERROR.
    0892          IF NOT (T-NEW-ENTRY OR T-ADDITION)    P R O G R A M   S Y C O R 		COBOL (005001,107001)	 9-JUN-73  17:57		PAGE 1-16
    SYCOR.CBL    09-JUN-73  17:57

    0893              DISPLAY "ACTIVITY NOT PERMITTED ON NEW ORDERS."
    0894              GO TO REJECT-TRANS.
    0895          MOVE T-AGREE-NUMB               TO IT-AGREE-NUMB.
    0896          MOVE T-REC-TYPE                 TO IT-REC-TYPE.
    0897          MOVE T-ITEM-NUMB                TO IT-NUMB.
    0898          MOVE T-SHIP-DATE                TO SWITCH-DATE.
    0899          PERFORM SWITCH-DATES.
    0900          MOVE HOLD-DATE                  TO IT-SHIP-DATE.
    0901          MOVE T-SITE-CODE                TO IT-SITE-CODE.
    0902          MOVE T-SUB-PO                   TO IT-SUB-PO.
    0903          MOVE T-MAINT-MULT               TO IT-MAINT-MULT.
    0904          MOVE T-CONFIG-COUNT             TO IT-CONFIG-COUNT.
    0905          MOVE ZEROES                     TO IT-WO-REVISION.
    0906  
    0907  * **** DON'T HAVE EXPORT COUNTRY HERE !
    0908  
    0909          MOVE ZEROES TO NOTE-COUNT, MODEL-COUNT.
    0910  
    0911    STORE-SHIP-TO.
    0912  
    0913          PERFORM READ-TRANS-REC  THRU  CHECK-TRANS-SEQ.
    0914          IF T-FORK-KEY NOT EQUAL TS-FORK-KEY
    0915              OR T-REC-TYPE NOT EQUAL 'J'
    0916              GO TO 340-LOGIC-ERROR.
    0917          MOVE T-ADDR-REC TO SHIP-TO-1.
    0918  
    0919          PERFORM READ-TRANS-REC  THRU  CHECK-TRANS-SEQ.
    0920          IF T-FORK-KEY NOT EQUAL TS-FORK-KEY
    0921              OR T-REC-TYPE NOT EQUAL 'K'
    0922              GO TO 340-LOGIC-ERROR.
    0923          MOVE T-ADDR-REC TO SHIP-TO-2.
    0924  
    0925          PERFORM READ-TRANS-REC  THRU  CHECK-TRANS-SEQ.
    0926          IF T-FORK-KEY NOT EQUAL TS-FORK-KEY
    0927              OR T-REC-TYPE NOT EQUAL 'L'
    0928              GO TO 340-LOGIC-ERROR.
    0929          MOVE T-ADDR-REC TO SHIP-TO-3.
    0930  
    0931    GET-NEXT-TRANS.
    0932          PERFORM READ-TRANS-REC  THRU CHECK-TRANS-SEQ.
    0933          IF T-FORK-KEY NOT EQUAL TS-FORK-KEY GO TO TRANS-BREAK-POINT.
    0934          IF NOT (T-NEW-ENTRY OR T-ADDITION)
    0935              DISPLAY "ACTIVITY NOT PERMITTED ON NEW ORDERS."
    0936              GO TO REJECT-TRANS.
    0937          IF T-NOTE-REC  GO TO STORE-TRANS-NOTE.
    0938          IF T-MODEL-REC GO TO STORE-TRANS-MODEL.
    0939          GO TO LOGIC-ERROR.
    0940  
    0941    STORE-TRANS-NOTE.
    0942          PERFORM ADD-NOTE-TRANS  THRU ADD-NOTE-EXIT.
    0943          GO TO GET-NEXT-TRANS.
    0944  
    0945    STORE-TRANS-MODEL.
    0946          PERFORM ADD-MODEL-TRANS  THRU  ADD-MODEL-EXIT.
    0947          GO TO GET-NEXT-TRANS.
    0948      P R O G R A M   S Y C O R 		COBOL (005001,107001)	 9-JUN-73  17:57		PAGE 1-17
    SYCOR.CBL    09-JUN-73  17:57

    0949  * 
    0950  *     GENERAL PURPOSE TRANSACTION ERROR ROUTINE
    0951  *       PRINTS MESSAGE & SKIPS TO NEXT INPUT AGREEMENT
    0952  * 
    0953  
    0954    REJECT-TRANS.
    0955          DISPLAY "TRANSACTION REJECTED: ", TRANSACTION-REC.
    0956          DISPLAY "******"
    0957  
    0958  
    0959    SKIP-TO-NEXT-AGREEMENT.
    0960          IF T-SORT-KEY = HIGH-VALUES  GO TO FORK.
    0961          PERFORM READ-TRANS-REC  THRU CHECK-TRANS-SEQ.
    0962          IF T-AGREE-NUMB EQUAL TO TS-AGREE-NUMB  GO TO REJECT-TRANS.
    0963          GO TO FORK.
    0964  
    0965    TRANS-BREAK-POINT.
    0966          IF MODEL-COUNT EQUAL ZERO  GO TO 340-LOGIC-ERROR.
    0967          GO TO CHECK-FOR-UPDATES.
    0968  
    0969  * 
    0970  *     CHECK FOR UPDATES;  GO TO OUTPUT
    0971  * 
    0972  
    0973    CHECK-FOR-UPDATES.
    0974          IF T-FORK-KEY GREATER THAN CURRENT-FORK-KEY  GO TO OUTPUT-SECTION.
    0975          IF T-AGREE-NUMB LESS THAN CURR-AGREE-NUMB  GO TO LOGIC-ERROR.
    0976          IF T-ITEM-NUMB LESS THAN CURR-ITEM-NUMB  AND NOT T-AGREE-REC
    0977              GO TO LOGIC-ERROR.
    0978  
    0979          IF AGREEMENT-DELETED OR ITEM-DELETED
    0980              DISPLAY "TRANSACTION AGAINST DELETED ENTRY: ",TRANSACTION-REC
    0981              GO TO BAD-TRANS.
    0982  
    0983  
    0984  *    NOTE THAT AGREEMENT NUMBERS MUST ALWAYS MATCH, WHILE
    0985  *       ITEM NUMBERS MUST MATCH IF NOT AGREEMENT RECORD.
    0986  
    0987          IF T-DELETION     GO TO HANDLE-CANCELLATION.
    0988          IF T-ADDITION     GO TO HANDLE-ADDITION.
    0989          IF T-CHANGE-REC   GO TO HANDLE-CHANGE.
    0990          IF T-SHIP-REC     GO TO SHIPMENT-SECTION.
    0991          GO TO LOGIC-ERROR.
    0992  
    0993    HANDLE-CANCELLATION.
    0994          IF T-AGREE-REC
    0995              MOVE 9 TO AGREE-DELETE-FLAG
    0996              GO TO NEXT-TRANS.
    0997          IF T-ITEM-REC
    0998              MOVE 99 TO IT-DELETE-FLAG
    0999              GO TO NEXT-TRANS.
    1000          IF T-NOTE-REC
    1001              MOVE ZERO TO NOTE-COUNT
    1002              GO TO NEXT-TRANS.
    1003          IF NOT T-MODEL-REC  GO TO LOGIC-ERROR.
    1004      P R O G R A M   S Y C O R 		COBOL (005001,107001)	 9-JUN-73  17:57		PAGE 1-18
    SYCOR.CBL    09-JUN-73  17:57

    1005          SEARCH M-TABLE  AT END GO TO BAD-MODEL
    1006              WHEN M-NUMB (MODEL-INDX) = T-MODEL-NUMB  NEXT SENTENCE.
    1007  
    1008    MOVE-UP-MODELS.
    1009          IF MODEL-INDX EQUAL MODEL-COUNT
    1010              SET MODEL-COUNT DOWN BY 1
    1011              GO TO NEXT-TRANS.
    1012          MOVE M-TABLE (MODEL-INDX + 1) TO M-TABLE (MODEL-INDX).
    1013          SET MODEL-INDX UP BY 1.
    1014          GO TO MOVE-UP-MODELS.
    1015  
    1016  
    1017    HANDLE-ADDITION.
    1018          IF T-NOTE-REC   PERFORM ADD-NOTE-TRANS   THRU ADD-NOTE-EXIT
    1019              GO TO NEXT-TRANS.
    1020          IF T-MODEL-REC  PERFORM ADD-MODEL-TRANS  THRU ADD-MODEL-EXIT
    1021              GO TO NEXT-TRANS.
    1022          GO TO LOGIC-ERROR.
    1023  
    1024  * 
    1025  *     ROUTINE TO ADD ADDITIONAL SHIPPING NOTES
    1026  * 
    1027  
    1028    ADD-NOTE-TRANS.
    1029          IF NOTE-COUNT = 10
    1030              DISPLAY "OVERFLOW ON NOTES.  CALL TYMSHARE."
    1031              PERFORM BAD-TRANS
    1032              GO TO ADD-NOTE-EXIT.
    1033          SET NOTE-COUNT UP BY 1.
    1034          MOVE T-FORK-KEY                 TO NOTE-KEYS (NOTE-COUNT).
    1035          MOVE NOTE-COUNT TO NOTE-SEQ (NOTE-COUNT).
    1036          MOVE T-NOTE-ALPHA               TO NOTE-ALPHA(NOTE-COUNT).
    1037  
    1038    ADD-NOTE-EXIT.
    1039          EXIT.
    1040  
    1041  
    1042  * 
    1043  *     ROUTINE TO ADD ADDITIONAL MODELS TO ITEM
    1044  * 
    1045  
    1046    ADD-MODEL-TRANS.
    1047          IF MODEL-COUNT = 25
    1048              DISPLAY "OVERFLOW IN MODEL TABLE.  CALL TYMSHARE."
    1049              PERFORM BAD-TRANS
    1050              GO TO ADD-MODEL-EXIT.
    1051          SEARCH M-TABLE    AT END GO TO LOOK-UP-MODEL
    1052              WHEN T-MODEL-NUMB = M-NUMB (MODEL-INDX)   NEXT SENTENCE.
    1053          DISPLAY "DUPLICATE ENTRIES FOR THIS MODEL."
    1054          PERFORM BAD-TRANS.
    1055          GO TO ADD-MODEL-EXIT.
    1056  
    1057    LOOK-UP-MODEL.
    1058          SEARCH PRICE-TABLE
    1059              AT END  DISPLAY "BAD MODEL NUMBER: ",T-MODEL-NUMB,
    1060                      PERFORM BAD-TRANS,    P R O G R A M   S Y C O R 		COBOL (005001,107001)	 9-JUN-73  17:57		PAGE 1-19
    SYCOR.CBL    09-JUN-73  17:57

    1061                      GO TO ADD-MODEL-EXIT
    1062              WHEN T-MODEL-NUMB = P-MODEL-NUMB (PRICE-INDX)  NEXT SENTENCE.
    1063  
    1064          SET MODEL-COUNT UP BY 1.
    1065          MOVE T-FORK-KEY                 TO M-KEYS        (MODEL-INDX).
    1066          MOVE T-MODEL-NUMB               TO M-NUMB        (MODEL-INDX).
    1067          MOVE T-MODEL-QTY                TO M-QTY         (MODEL-INDX).
    1068          MOVE T-MODEL-LEASE-PURCH        TO M-LEASE-PURCH (MODEL-INDX).
    1069          MOVE T-MAINT-TOO          TO M-MAINT-TOO   (MODEL-INDX).
    1070          MOVE P-TYPE (PRICE-INDX)        TO M-TYPE        (MODEL-INDX).
    1071          MOVE P-LINE (PRICE-INDX)        TO M-LINE        (MODEL-INDX).
    1072  
    1073  
    1074          IF T-PRICE EQUAL ZERO
    1075              IF   T-PURCH MOVE P-PURCH-PRICE(PRICE-INDX) TO M-PRICE (MODEL-INDX)
    1076              ELSE         MOVE P-LEASE-PRICE(PRICE-INDX) TO M-PRICE (MODEL-INDX)
    1077          ELSE             MOVE T-PRICE                   TO M-PRICE (MODEL-INDX).
    1078  
    1079          IF T-MAINT-PRICE EQUAL ZERO
    1080                   MOVE P-MAINT-PRICE (PRICE-INDX) TO M-MAINT-PRICE (MODEL-INDX)
    1081              ELSE MOVE T-MAINT-PRICE              TO M-MAINT-PRICE (MODEL-INDX).
    1082    ADD-MODEL-EXIT.
    1083          EXIT.
    1084  
    1085  
    1086  * 
    1087  *     HANDLE CHANGES TO EXISTING ORDERS.
    1088  * 
    1089  
    1090    HANDLE-CHANGE.
    1091          IF T-AGREE-REC     GO TO CHANGE-AGREEMENT.
    1092          IF T-ITEM-REC      GO TO CHANGE-ITEM.
    1093          IF T-MODEL-REC     GO TO CHANGE-MODEL.
    1094          GO TO LOGIC-ERROR.
    1095  
    1096    CHANGE-AGREEMENT.
    1097          MOVE T-CHG-AGREE TO CHG-FIELDS.
    1098          IF CHG-FIELD-NAME = "TRIAL " MOVE CHG-VALUE-3     TO A-TRIAL-DAYS   ELSE
    1099          IF CHG-FIELD-NAME = "LTERM " MOVE CHG-VALUE-3     TO A-LEASE-MONTHS ELSE
    1100          IF CHG-FIELD-NAME = "CUSTPO" MOVE CHG-FIELD-VALUE TO A-PO-NUMB      ELSE
    1101          IF CHG-FIELD-NAME = "SMAN  " MOVE CHG-VALUE-10    TO A-SALESMAN     ELSE
    1102          IF CHG-FIELD-NAME = "ADATE " 
    1103              MOVE CHG-VALUE-6  TO SWITCH-DATE
    1104              PERFORM SWITCH-DATES
    1105              MOVE HOLD-DATE TO A-DATE
    1106  
    1107          ELSE
    1108              DISPLAY "BAD FIELD NAME: ", CHG-FIELD-NAME
    1109              PERFORM BAD-TRANS.
    1110          GO TO NEXT-TRANS.
    1111  
    1112    CHANGE-ITEM.
    1113          IF T-ITEM-NUMB NOT EQUAL IT-NUMB   GO TO LOGIC-ERROR.
    1114          MOVE T-CHG-ITEM TO CHG-FIELDS.
    1115          IF CHG-FIELD-NAME = "SUBPO "
    1116              MOVE CHG-FIELD-VALUE TO IT-SUB-PO    P R O G R A M   S Y C O R 		COBOL (005001,107001)	 9-JUN-73  17:57		PAGE 1-20
    SYCOR.CBL    09-JUN-73  17:57

    1117              GO TO NEXT-TRANS.
    1118          IF CHG-FIELD-NAME = "MFACT "
    1119              MOVE CHG-VALUE-3 TO IT-MAINT-MULT
    1120              GO TO NEXT-TRANS.
    1121          IF CHG-FIELD-NAME = "SDATE "
    1122              MOVE CHG-VALUE-6   TO SWITCH-DATE
    1123              PERFORM SWITCH-DATES
    1124              MOVE HOLD-DATE TO IT-SHIP-DATE
    1125              GO TO NEXT-TRANS.
    1126          IF CHG-FIELD-NAME = "SITE  "   GO TO CHANGE-SITE.
    1127  
    1128    CHANGE-EXPORT-INFO.
    1129          IF CHG-FIELD-NAME NOT EQUAL TO
    1130              ("PROFOR" OR "CREDIT" OR "IMPORT" OR "EXPORT" OR "COFC  " OR "CONSUL")
    1131              DISPLAY "BAD FIELD NAME FOR CHANGE: ", CHG-FIELD-NAME
    1132              PERFORM BAD-TRANS
    1133              GO TO NEXT-TRANS.
    1134          IF CHG-VALUE-3 NOT EQUAL TO ("YES" OR "NO " OR "REC")
    1135              DISPLAY "BAD FIELD VALUE: ", CHG-VALUE-3
    1136              PERFORM BAD-TRANS
    1137              GO TO NEXT-TRANS.
    1138  
    1139          IF CHG-FIELD-NAME = "PROFOR" MOVE CHG-VALUE-1 TO IT-PRO-FORM.
    1140          IF CHG-FIELD-NAME = "CREDIT" MOVE CHG-VALUE-1 TO IT-CREDIT-LETTER.
    1141          IF CHG-FIELD-NAME = "IMPORT" MOVE CHG-VALUE-1 TO IT-IMPORT-DOC.
    1142          IF CHG-FIELD-NAME = "EXPORT" MOVE CHG-VALUE-1 TO IT-EXPORT-LIC.
    1143          IF CHG-FIELD-NAME = "COFC  " MOVE CHG-VALUE-1 TO IT-COFC-CERT.
    1144          IF CHG-FIELD-NAME = "CONSUL" MOVE CHG-VALUE-1 TO IT-CONSUL-INV.
    1145          GO TO NEXT-TRANS.
    1146  
    1147    CHANGE-SITE.
    1148          IF CHG-CUST-NUMB NOT = A-CUST-CODE
    1149              DISPLAY "CUSTOMER NUMBER INCORRECT: ", CHG-CUST-NUMB
    1150              DISPLAY "SHOULD BE: ", A-CUST-CODE
    1151              PERFORM BAD-TRANS
    1152              GO TO NEXT-TRANS.
    1153          MOVE CHG-SITE-NUMB TO IT-SITE-CODE.
    1154          GO TO NEXT-TRANS.
    1155  
    1156    CHANGE-MODEL.
    1157          IF T-ITEM-NUMB NOT EQUAL IT-NUMB  GO TO LOGIC-ERROR.
    1158          SEARCH M-TABLE    AT END GO TO BAD-MODEL
    1159              WHEN M-NUMB (MODEL-INDX) = T-MODEL-NUMB   NEXT SENTENCE.
    1160          MOVE T-CHG-MODEL TO CHG-FIELDS.
    1161          IF CHG-FIELD-NAME = "QUAN  " MOVE CHG-VALUE-4     TO M-QTY         (MODEL-INDX)  ELSE
    1162          IF CHG-FIELD-NAME = "PRICE " MOVE CHG-VALUE-7     TO M-PRICE       (MODEL-INDX)  ELSE
    1163          IF CHG-FIELD-NAME = "MCOST " MOVE CHG-VALUE-6     TO M-MAINT-PRICE (MODEL-INDX)  ELSE
    1164          IF CHG-FIELD-NAME = "MAINT " MOVE CHG-VALUE-1     TO M-MAINT-TOO   (MODEL-INDX)  ELSE
    1165              DISPLAY "BAD FIELD NAME: ",CHG-FIELD-NAME
    1166              PERFORM BAD-TRANS.
    1167          GO TO NEXT-TRANS.
    1168  
    1169  * 
    1170  *     GET NEXT TRANS
    1171  * 
    1172      P R O G R A M   S Y C O R 		COBOL (005001,107001)	 9-JUN-73  17:57		PAGE 1-21
    SYCOR.CBL    09-JUN-73  17:57

    1173    BAD-MODEL.
    1174          DISPLAY "BAD MODEL NUMBER: ", T-MODEL-NUMB.
    1175  
    1176    BAD-TRANS.
    1177          DISPLAY "TRANSACTION REJECTED: ", TRANSACTION-REC.
    1178  
    1179    NEXT-TRANS.
    1180          PERFORM READ-TRANS-REC  THRU CHECK-TRANS-SEQ.
    1181          IF T-SORT-KEY EQUAL HIGH-VALUES  GO TO OUTPUT-SECTION.
    1182          GO TO CHECK-FOR-UPDATES.
    1183  
    1184  
    1185  
    1186  * ****************************************************************************************:
    1187  
    1188  * 
    1189  *     SHIPMENT SECTION
    1190  * 
    1191  
    1192    SHIPMENT-SECTION.
    1193  
    1194          IF T-FORK-KEY NOT EQUAL CURRENT-FORK-KEY  GO TO LOGIC-ERROR.
    1195          SEARCH M-TABLE  AT END GO TO BAD-MODEL
    1196              WHEN M-NUMB(MODEL-INDX) = T-MODEL-NUMB  NEXT SENTENCE.
    1197          PERFORM MULTIPLY-QUANTITIES  VARYING MODEL-INDX FROM 1 BY 1
    1198                   UNTIL MODEL-INDX GREATER THAN MODEL-COUNT.
    1199          MOVE 1 TO IT-CONFIG-COUNT.
    1200  
    1201          WRITE INSTAL-REC-OUT FROM  A-REC.
    1202          WRITE INSTAL-REC-OUT FROM IT-REC.
    1203          GO TO FIND-MODEL-SHIPED.
    1204  
    1205    MULTIPLY-QUANTITIES.
    1206          MULTIPLY M-QTY (MODEL-INDX) BY IT-CONFIG-COUNT.
    1207  
    1208    FIND-MODEL-SHIPED.
    1209          IF NOT T-SHIP-REC GO TO LOGIC-ERROR.
    1210          MOVE T-CONFIG-NUMB TO CURRENT-CONFIG-NUMB.
    1211  
    1212          MOVE T-DATE-SHIPPED TO SWITCH-DATE.
    1213          PERFORM SWITCH-DATES.
    1214          MOVE HOLD-DATE TO M-SHIP-DATE (MODEL-INDX).
    1215          MOVE T-SERIAL-NUMB TO M-SERIAL-NUMB (MODEL-INDX).
    1216          MOVE T-CONFIG-NUMB TO M-CONFIG-NUMB (MODEL-INDX).
    1217  
    1218    WRITE-SHIPED-NEW.
    1219          IF M-SHIP-DATE (MODEL-INDX) = SPACES  MOVE TODAY TO M-SHIP-DATE (MODEL-INDX).
    1220          SEARCH PRICE-TABLE  AT END GO TO LOGIC-ERROR
    1221              WHEN M-NUMB (MODEL-INDX) = P-MODEL-NUMB (PRICE-INDX) NEXT SENTENCE.
    1222          MOVE M-SHIP-DATE   (MODEL-INDX)   TO S-DATE.
    1223          MOVE M-KEYS        (MODEL-INDX)   TO S-KEYS.
    1224          MOVE M-NUMB        (MODEL-INDX)   TO S-MODEL-NUMB.
    1225          MOVE M-SERIAL-NUMB (MODEL-INDX)   TO S-SERIAL-NUMB.
    1226          MOVE P-DESC        (PRICE-INDX)   TO S-MODEL-DESC.
    1227          MOVE A-CUST-CODE                  TO S-CUST-CODE.
    1228          MOVE IT-SITE-CODE                 TO S-SITE-CODE.    P R O G R A M   S Y C O R 		COBOL (005001,107001)	 9-JUN-73  17:57		PAGE 1-22
    SYCOR.CBL    09-JUN-73  17:57

    1229          MOVE BILL-NAME                    TO S-NAME.
    1230          MOVE BILL-CITY                    TO S-CITY.
    1231          MOVE BILL-STATE                   TO S-STATE.
    1232          MOVE BILL-ZIP                     TO S-ZIP.
    1233  
    1234          WRITE SHIPED-REC-OUT.
    1235  
    1236    CHECK-FOR-MORE.
    1237          SET MODEL-INDX TO ZERO
    1238          SET PARTIAL-FLAG TO ZERO
    1239          PERFORM READ-TRANS-REC THRU CHECK-TRANS-SEQ.
    1240          IF T-FORK-KEY = CURRENT-FORK-KEY AND T-CONFIG-NUMB = CURRENT-CONFIG-NUMB
    1241              GO TO FIND-MODEL-SHIPED.
    1242  
    1243    WRITE-INSTAL-NEW.
    1244          SET MODEL-INDX UP BY 1.
    1245          IF MODEL-INDX GREATER THAN MODEL-COUNT  GO TO CHECK-FOR-PARTIAL.
    1246          IF M-QTY(MODEL-INDX) EQUAL ZERO GO TO WRITE-INSTAL-NEW.
    1247  
    1248          IF OPTION (MODEL-INDX)  AND M-SHIP-DATE(MODEL-INDX) = SPACES
    1249              MOVE HOLD-DATE TO M-SHIP-DATE(MODEL-INDX).
    1250          IF M-SHIP-DATE(MODEL-INDX) EQUAL SPACES
    1251              SET PARTIAL-FLAG TO 1
    1252              GO TO WRITE-INSTAL-NEW.
    1253  
    1254          MOVE M-TABLE(MODEL-INDX) TO INSTAL-REC-OUT.
    1255          MOVE 1 TO INSTAL-QTY.
	                    ^

***				FATAL - NOT DEFINED

    1256          WRITE INSTAL-REC-OUT.
    1257          SUBTRACT 1 FROM M-QTY (MODEL-INDX).
    1258          GO TO WRITE-INSTAL-NEW.
    1259  
    1260    CHECK-FOR-PARTIAL.
    1261          IF PARTIAL-FLAG = 1
    1262              DISPLAY "******"
    1263              DISPLAY "WARNING - PARTIAL SHIPMENT FOR AGREEMENT: ",A-NUMB,
    1264                  "   ITEM: ",IT-NUMB.
    1265          PERFORM CLEAN-UP-SHIPMENT  VARYING MODEL-INDX FROM 1 BY 1
    1266              UNTIL MODEL-INDX GREATER THAN MODEL-COUNT.
    1267          IF T-FORK-KEY EQUAL CURRENT-FORK-KEY GO TO FIND-MODEL-SHIPED.
    1268          GO TO OUTPUT-SECTION.
    1269  
    1270    CLEAN-UP-SHIPMENT.
    1271          IF M-SHIP-DATE (MODEL-INDX) EQUAL SPACES
    1272              DISPLAY "    MODEL ",M-NUMB (MODEL-INDX)," NOT SHIPED.".
    1273          MOVE SPACES TO M-SHIP-DATE (MODEL-INDX), M-SERIAL-NUMB(MODEL-INDX).
    1274          MOVE ZEROES TO M-CONFIG-NUMB (MODEL-INDX).
    1275  
    1276  * **********************************************************************
    1277  * 
    1278  *    OUTPUT SECTION 
    1279  * 
    1280      P R O G R A M   S Y C O R 		COBOL (005001,107001)	 9-JUN-73  17:57		PAGE 1-23
    SYCOR.CBL    09-JUN-73  17:57

    1281    OUTPUT-SECTION.
    1282  
    1283  *       INSERT CHGVAL ROUTINE
    1284          DISPLAY "HI".
    1285  
    1286    CHECK-FOR-DELETED.
    1287          IF AGREEMENT-DELETED OR ITEM-DELETED  GO TO FORK.
    1288  
    1289    WRITE-ORDER-FILE.
    1290          IF AREE-DELETE-FLAG NOT = 1
	             ^

***				FATAL - NOT DEFINED

    1291              WRITE NEW-REC FROM A-REC
    1292              MOVE 1 TO A-DELETE-FLAG.
    1293          WRITE NEW-REC FROM IT-REC.
	          ^

***				FATAL - STATEMENT EXPECTED

    1294          PERFORM WRITE-MODEL   VARYING MODEL-INDX FROM 1 BY 1 
    1295              UNTIL MODEL-INDX EQUAL MODEL-COUNT.
    1296          GO TO FORK.
    1297  
    1298    WRITE-MODEL.
    1299          IF M-QTY (MODEL-INDX) GREATER THAN ZERO
    1300              WRITE NEW-REC FROM M-TABLE (MODEL-INDX).
    1301  
    1302  
    1303  * ****************************************************************************************:
    1304  
    1305  * 
    1306  *    MISC. ROUTINES
    1307  * 
    1308  
    1309    SWITCH-DATES.
    1310          MOVE SWITCH-MONTH TO HOLD-MONTH.
    1311          MOVE SWITCH-DAY   TO HOLD-DAY.
    1312          MOVE SWITCH-YEAR  TO HOLD-YEAR.
    1313  
    1314    LOGIC-ERROR.
    1315           DISPLAY "POSSIBLE LOGIC ERROR OR UNANTICIPATED TRANSACTION ERROR.".
    1316           DISPLAY "CALL TYMSHRE."
    1317           STOP RUN.
    1318  
    1319    340-LOGIC-ERROR.
    1320          DISPLAY "APPARENT LOGIC ERROR IN 340 PROGRAMMING.".
    1321          DISPLAY "INPUT TRANSACTION IS INCOMPLETE.".
    1322          DISPLAY "CANNOT PROCEED.  RUN ABORTED.".
    1323          STOP RUN.
    1324  
    1325  * 
    1326  *     FINISHED PROCESSING -- CLOSE FILES, RETURN CONTROL TO SORT.
    1327  * 
    1328      P R O G R A M   S Y C O R 		COBOL (005001,107001)	 9-JUN-73  17:57		PAGE 1-24
    SYCOR.CBL    09-JUN-73  17:57

    1329    DONE.
    1330          CLOSE ORDERS-DAT.
    1331          CLOSE ORDERS-NEW, AUDIT-DAT, WORD-DAT.
	                                      ^^

***				PERIOD ASSUMED
***				FATAL - STATEMENT EXPECTED
    P R O G R A M   S Y C O R 		COBOL (005001,107001)	 9-JUN-73  17:57		PAGE W-1
    SYCOR.CBL    09-JUN-73  17:57

WARNINGS:

    0114  REDEFINITION IS NOT THE SAME SIZE AS THE REDEFINED ITEM
    0123  REDEFINITION IS NOT THE SAME SIZE AS THE REDEFINED ITEM
    0128  REDEFINITION IS NOT THE SAME SIZE AS THE REDEFINED ITEM
    0139  REDEFINITION IS NOT THE SAME SIZE AS THE REDEFINED ITEM
    0148  REDEFINITION IS NOT THE SAME SIZE AS THE REDEFINED ITEM
    0154  REDEFINITION IS NOT THE SAME SIZE AS THE REDEFINED ITEM
    0534  RIGHT-MOST TRUNCATION ON TRANSACTION-REC
    0693  RIGHT-MOST TRUNCATION ON LAST-SEQ-CHECK
    0721  RIGHT-MOST TRUNCATION ON A-REC
    0730  RIGHT-MOST TRUNCATION ON BILL-TO-1
    0736  RIGHT-MOST TRUNCATION ON BILL-TO-2
    0742  RIGHT-MOST TRUNCATION ON BILL-TO-3
    0750  RIGHT-MOST TRUNCATION ON IT-REC
    0828  RIGHT-MOST TRUNCATION ON AUDIT-DETAIL
    0871  RIGHT-MOST TRUNCATION ON BILL-TO-1
    0877  RIGHT-MOST TRUNCATION ON BILL-TO-2
    0883  RIGHT-MOST TRUNCATION ON BILL-TO-3
    1035  MOST SIGNIFICANT DIGITS TRUNCATED ON NOTE-SEQ
    1097  RIGHT-MOST TRUNCATION ON CHG-FIELDS
    1119  MOST SIGNIFICANT DIGITS TRUNCATED ON IT-MAINT-MULT
    1162  MOST SIGNIFICANT DIGITS TRUNCATED ON M-PRICE
    1163  MOST SIGNIFICANT DIGITS TRUNCATED ON M-MAINT-PRICE
    1206  MOST SIGNIFICANT DIGITS TRUNCATED ON IT-CONFIG-COUNT
    1219  RIGHT-MOST TRUNCATION ON M-SHIP-DATE
    1254  RIGHT-MOST TRUNCATION ON INSTAL-REC-OUT
    1300  RIGHT-MOST TRUNCATION ON M-TABLE


5 FATAL ERRORS, 27 WARNINGS
    P R O G R A M   S Y C O R 		COBOL (005001,107001)	 9-JUN-73  17:57		PAGE C-1
    SYCOR.CBL    09-JUN-73  17:57


340-LOGIC-ERROR			0866	0876	0882	0886	0887	0916	0922	0928	0966	1319#
A-BLOCK				0296#	0860
A-CUST-CODE			0291#	1148	1150	1227
A-DATE				0290#	0296	1105
A-LEASE-MONTHS			0293#	1099
A-NUMB				0288#	0747	0843	0855	0886	0890	1263
A-PO-NUMB			0294#	1100
A-REC				0287#	0721	1201
A-REC-TYPE			0289#	0856
A-SALESMAN			0295#	0296	1101
A-TRIAL-DAYS			0292#	1098
ADD-MODEL-EXIT			0946	1020	1050	1055	1061	1082#
ADD-MODEL-TRANS			0946	1020	1046#
ADD-NOTE-EXIT			0942	1018	1032	1038#
ADD-NOTE-TRANS			0942	1018	1028#
AGREE-DELETE-FLAG		0485#	0722	0861	0995
AGREEMENT-DELETED		0486#	0979	1287
AREE-DELETE-FLAG		1290
AUDIT-AGREE-NUMB		0272#	0820
AUDIT-DAT			0057#	0267	0662	1331
AUDIT-DETAIL			0278#	0828
AUDIT-ITEM-NUMB			0274#	0821
AUDIT-REC			0270	0271#	0819	0829
AUDIT-TRANS-ALPHA		0276#	0822	0823	0824	0825	0826
BAD-MASTER			0708	0710	0720	0729	0735	0741	0748	0757	0763	0769	0780
				0792#	0798
BAD-MODEL			1005	1158	1173#	1195
BAD-TRANS			0981	1031	1049	1054	1060	1109	1132	1136	1151	1166	1176#
BILL-ADDR-1			0309#
BILL-ADDR-2			0313#
BILL-ATTN			0308#
BILL-CITY			0314#	1230
BILL-NAME			0301#	1229
BILL-STATE			0302#	1231
BILL-TO-1			0299#	0730	0871
BILL-TO-2			0306#	0736	0877
BILL-TO-3			0311#	0742	0883
BILL-TO-ADDRESS			0298#
BILL-ZIP			0303#	1232
CHANGE-AGREEMENT		1091	1096#
CHANGE-EXPORT-INFO		1128#
CHANGE-ITEM			1092	1112#
CHANGE-MODEL			1093	1156#
CHANGE-SITE			1126	1147#
CHECK-FOR-DELETED		1286#
CHECK-FOR-MORE			1236#
CHECK-FOR-PARTIAL		1245	1260#
CHECK-FOR-UPDATES		0799	0967	0973#	1182
CHECK-MAST-SEQ			0670	0706#	0726	0732	0738	0745	0754	0760	0766	0773	0775
CHECK-TRANS-SEQ			0672	0831#	0865	0873	0879	0885	0913	0919	0925	0932	0961
				1180	1239
CHG-CUST-NUMB			0471#	1148	1149
CHG-FIELD-NAME			0455#	1098	1099	1100	1101	1102	1108	1115	1118	1121	1126
				1129	1131	1139	1140	1141	1142	1143	1144	1161	1162	1163
				1164	1165    P R O G R A M   S Y C O R 		COBOL (005001,107001)	 9-JUN-73  17:57		PAGE C-2
    SYCOR.CBL    09-JUN-73  17:57

CHG-FIELD-VALUE			0456#	0470	1100	1116
CHG-FIELDS			0454#	1097	1114	1160
CHG-SITE-NUMB			0473#	1153
CHG-VALUE-1			0462#	1139	1140	1141	1142	1143	1144	1164
CHG-VALUE-10			0457#	1101
CHG-VALUE-3			0461#	1098	1099	1119	1134	1135
CHG-VALUE-4			0460#	1161
CHG-VALUE-6			0459#	1103	1122	1163
CHG-VALUE-7			0458#	1162
CHGVAL-AGREE-NUMB		0225#
CHGVAL-BILL-TO-ALPHA		0233#
CHGVAL-BILL-TO-CODE		0231#
CHGVAL-DAT			0045#	0212	0636	0639	0643
CHGVAL-DATE			0229#
CHGVAL-ITEM-NUMB		0227#
CHGVAL-LEASE-PRICE		0238#
CHGVAL-LEASE-TERM		0241#
CHGVAL-MAINT-PRICE		0239#
CHGVAL-NEW			0048#	0218	0637
CHGVAL-PURCH-PRICE		0237#
CHGVAL-REC-IN			0215	0216#	0640
CHGVAL-REC-OUT			0221	0222#	0640
CHGVAL-SALESMAN			0223#
CHGVAL-TRANS			0235#
CHGVAL-TRIAL-DAYS		0240#
CLEAN-UP-SHIPMENT		1265	1270#
CLOSE-CHGVAL-DAT		0639	0642#
CLOSE-EXPORT-FILE		0599	0617#
CLOSE-INSTAL-DAT		0629	0632#
CLOSE-PRICE-FILE		0568	0586#
CLOSE-SHIPED-DAT		0649	0652#
COPY-CHGVAL-FILES		0638#	0641
COPY-INSTAL-FILES		0628#	0631
COPY-SHIPED-FILES		0648#	0651
CURR-AGREE-NUMB			0408#	0975
CURR-ITEM-NUMB			0409#	0976
CURRENT-CONFIG-NUMB		0412#	1210	1240
CURRENT-FORK-KEY		0407#	0668	0841	0974	1194	1240	1267
DASH				0226#
DONE				0681	1329#
DSK				0022	0025	0025	0025	0027	0030	0033	0036	0039	0042	0045
				0048	0051	0054	0057
E-COFC-CERT			0436#
E-CONSUL-INV			0437#
E-COUNTRY			0431#	0603
E-CREDIT-LETTER			0433#
E-EXPORT-LIC			0435#
E-IMPORT-DOC			0434#
E-PRO-FORM			0432#
E-REC				0164	0165#	0614
E-REC-COUNTRY			0166#	0603
EXPORT-COUNT			0428	0481#	0596	0600	0609	0610	0614
EXPORT-DAT			0027#	0161	0595	0599	0618
EXPORT-INDX			0429#	0603
EXPORT-TABLE			0428#	0602	0614
FIND-MODEL-SHIPED		1203	1208#	1241	1267    P R O G R A M   S Y C O R 		COBOL (005001,107001)	 9-JUN-73  17:57		PAGE C-3
    SYCOR.CBL    09-JUN-73  17:57

FORK				0679#	0960	0963	1287	1296
FORM-SORT-KEYS			0518#
GET-EXPORT-RECORD		0598#	0615
GET-NEXT-TRANS			0931#	0943	0947
GET-PRICE-RECORD		0567#	0584
HANDLE-ADDITION			0988	1017#
HANDLE-CANCELLATION		0987	0993#
HANDLE-CHANGE			0989	1090#
HOLD-DATE			0448#	0859	0900	1105	1124	1214	1249
HOLD-DAY			0451#	1311
HOLD-MONTH			0450#	1310
HOLD-YEAR			0449#	1312
IN-AGREE-NUMB			0070#	0521
IN-AGREE-REC			0072#	0524
IN-CONFIG-NUMB			0081#	0531
IN-ITEM-NUMB			0077#	0524
IN-MODEL-NUMB			0078#	0529
IN-MODEL-REC			0074#	0529
IN-NOTE-REC			0073#	0526
IN-NOTE-SEQ			0079#	0526
IN-REC				0066	0067#	0534
IN-REC-TYPE			0071#	0522
IN-SHIP-REC			0069#	0531
IN-TRANS-CODE			0068#	0520
INPUT-EXIT			0516	0542#
INSTAL-DAT			0039#	0200	0626	0629	0633
INSTAL-NEW			0042#	0206	0627
INSTAL-QTY			1255
INSTAL-REC-IN			0203	0204#	0630
INSTAL-REC-OUT			0209	0210#	0630	1201	1202	1254	1256
IT-AGREE-NUMB			0317#	0895
IT-COFC-CERT			0328#	1143
IT-CONFIG-COUNT			0335#	0904	1199	1206
IT-CONSUL-INV			0329#	1144
IT-CREDIT-LETTER		0325#	1140
IT-D-OR-E			0322#
IT-DELETE-FLAG			0332#	0998
IT-EXPORT-DOC			0323#
IT-EXPORT-LIC			0327#	1142
IT-IMPORT-DOC			0326#	1141
IT-MAINT-MULT			0334#	0903	1119
IT-NUMB				0319#	0897	1113	1157	1264
IT-PRO-FORM			0324#	1139
IT-REC				0316#	0750	1202	1293
IT-REC-TYPE			0318#	0896
IT-SHIP-DATE			0320#	0900	1124
IT-SITE-CODE			0321#	0901	1153	1228
IT-SUB-PO			0330#	0902	1116
IT-WO-REVISION			0331#	0332	0905
ITEM-DELETED			0333#	0979	1287
LAST-AGREE-NUMB			0401#	0405	0718	0727	0733	0739
LAST-FORK-KEY			0405#	0755	0761	0767	0776
LAST-ITEM-NUMB			0402#	0405
LAST-MODEL-NUMB			0403#
LAST-REC-TYPE			0404#
LAST-SEQ-CHECK			0400#	0668	0693	0707	0709    P R O G R A M   S Y C O R 		COBOL (005001,107001)	 9-JUN-73  17:57		PAGE C-4
    SYCOR.CBL    09-JUN-73  17:57

LOAD-EXPORT-FILE		0594#
LOAD-FROM-MASTER		0683	0717#
LOAD-FROM-TRANS			0682	0840#
LOAD-MAST-BILL-TO		0724#
LOAD-MAST-SHIP-TO		0752#
LOAD-MASTER-ITEM		0719	0746#
LOAD-NOTE-OR-MODEL		0774#	0785	0790
LOAD-PRICE-FILE			0563#
LOGIC-ERROR			0841	0891	0939	0975	0977	0991	1003	1022	1094	1113	1157
				1194	1209	1220	1314#
LOOK-UP-MODEL			1051	1057#
M-CONFIG-NUMB			0379#	1216	1274
M-KEYS				0365#	1065	1223
M-LEASE-PURCH			0371#	1068
M-LEASED			0372#
M-LINE				0369#	1071
M-MAINT-PRICE			0376#	1080	1081	1163
M-MAINT-TOO			0375#	1069	1164
M-NUMB				0366#	1006	1052	1066	1159	1196	1221	1224	1272
M-PRICE				0374#	1075	1076	1077	1162
M-PURCH				0373#
M-QTY				0370#	1067	1161	1206	1246	1257	1299
M-SERIAL-NUMB			0377#	1215	1225	1273
M-SHIP-DATE			0378#	1214	1219	1219	1222	1248	1249	1250	1271	1273
M-TABLE				0362#	0789	1005	1012	1012	1051	1158	1195	1254	1300
M-TYPE				0367#	1070
MAIN-INPUT			0498	0510#
MAIN-UPDATE			0499	0559#
MAST-AGREE-NUMB			0392#	0398	0698	0718	0727	0733	0739	0747
MAST-FORK-KEY			0398#	0680	0682	0755	0761	0767	0776
MAST-ITEM-NUMB			0393#	0398	0700
MAST-MODEL-NUMB			0395#	0704
MAST-NOTE-SEQ			0394#	0702
MAST-REC-TYPE			0396#	0697	0709	0720	0728	0734	0740	0748	0756	0762	0768
				0778	0779
MAST-SEQ-CHECK			0391#	0693	0694	0707	0709
MASTER-BREAK-POINT		0777	0797#
MAY				0009
MODEL-COUNT			0362	0479#	0749	0788	0789	0798	0909	0966	1009	1010	1047
				1064	1198	1245	1266	1295
MODEL-INDX			0363#	1006	1009	1012	1012	1013	1052	1065	1066	1067	1068
				1069	1070	1071	1075	1076	1077	1080	1081	1159	1161	1162
				1163	1164	1196	1197	1198	1206	1214	1215	1216	1219	1219
				1221	1222	1223	1224	1225	1237	1244	1245	1246	1248	1248
				1249	1250	1254	1257	1265	1266	1271	1272	1273	1273	1274
				1294	1295	1299	1300
MOVE-UP-MODELS			1008#	1014
MULTIPLY-QUANTITIES		1197	1205#
NEW-AGREE-TRANS			0842	0854#
NEW-ITEM-TRANS			0846	0889#
NEW-REC				0196	0197#	1293	1300
NEXT-TRANS			0996	0999	1002	1011	1019	1021	1110	1117	1120	1125	1133
				1137	1145	1152	1154	1167	1179#
NOTE-ALPHA			0359#	1036
NOTE-COUNT			0356#	0478#	0749	0783	0784	0909	1001	1029	1033	1034	1035
				1035	1036    P R O G R A M   S Y C O R 		COBOL (005001,107001)	 9-JUN-73  17:57		PAGE C-5
    SYCOR.CBL    09-JUN-73  17:57

NOTE-KEYS			0357#	1034
NOTE-LINE			0356#	0784
NOTE-SEQ			0358#	1035
NOTE-TABLE			0355#
OPEN-CHGVAL-FILES		0635#
OPEN-FILES			0512#
OPEN-INSTAL-FILES		0625#
OPEN-OTHER-FILES		0660#
OPEN-SHIPED-FILES		0645#
OPTION				0368#	1248
ORD-AGREE-NUMB			0182#	0698
ORD-AGREE-REC			0184#	0699
ORD-ITEM-NUMB			0187#	0700
ORD-MODEL-NUMB			0188#	0704
ORD-MODEL-REC			0186#	0703
ORD-NOTE-REC			0185#	0701
ORD-NOTE-SEQ			0189#	0702
ORD-REC				0180	0181#	0695	0721	0730	0736	0742	0750	0758	0764	0770
				0784	0789
ORD-REC-TYPE			0183#	0697
ORDERS-DAT			0033#	0177	0661	0695	1330
ORDERS-NEW			0036#	0193	0662	1331
OUTPUT-SECTION			0974	1181	1268	1281#
P-DESC				0422#	1226
P-LEASE-PRICE			0425#	1076
P-LINE				0423#	1071
P-MAINT-PRICE			0426#	1080
P-MODEL-NUMB			0420#	0572	1062	1221
P-PURCH-PRICE			0424#	1075
P-REC				0172	0173#	0583
P-REC-MODEL			0174#	0572
P-TYPE				0421#	1070
PARTIAL-FLAG			0483#	1238	1251	1261
PRICE-COUNT			0418	0480#	0565	0569	0578	0579	0583
PRICE-DAT			0030#	0169	0564	0568	0587
PRICE-INDX			0419#	0572	1062	1070	1071	1075	1076	1080	1221	1226
PRICE-TABLE			0418#	0571	0583	1058	1220
READ-INPUT-RECORD		0515#	0536
READ-MASTER-REC			0670	0692#	0726	0732	0738	0745	0754	0760	0766	0773	0775
READ-TRANS-REC			0808#	0865	0873	0879	0885	0913	0919	0925	0932	0961	1180
				1239
REJECT-TRANS			0834	0845	0850	0869	0894	0936	0954#	0962
RELEASE-TO-SORT			0533#
RETURN-A-TRANS			0672	0811#	0835
S-CITY				0263#	1230
S-CUST-CODE			0260#	1227
S-DATE				0255#	1222
S-KEYS				0256#	1223
S-MODEL-DESC			0258#	1226
S-MODEL-NUMB			0257#	1224
S-NAME				0262#	1229
S-SERIAL-NUMB			0259#	1225
S-SITE-CODE			0261#	1228
S-STATE				0264#	1231
S-ZIP				0265#	1232
SHIP-ADDR-1			0348#    P R O G R A M   S Y C O R 		COBOL (005001,107001)	 9-JUN-73  17:57		PAGE C-6
    SYCOR.CBL    09-JUN-73  17:57

SHIP-ADDR-2			0352#
SHIP-ATTN			0347#
SHIP-CITY			0353#
SHIP-NAME			0340#
SHIP-STATE			0341#
SHIP-TO-1			0338#	0758	0917
SHIP-TO-2			0345#	0764	0923
SHIP-TO-3			0350#	0770	0929
SHIP-TO-ADDRESS			0337#
SHIP-ZIP			0342#
SHIPED-DAT			0051#	0244	0646	0649	0653
SHIPED-NEW			0054#	0250	0647
SHIPED-REC-IN			0247	0248#	0650
SHIPED-REC-OUT			0253	0254#	0650	1234
SHIPMENT-SECTION		0990	1192#
SKIP-TO-NEXT-AGREEMENT		0959#
SORTED-TRANS			0025#	0084	0497	0812
SORTING-SECTION			0495#
STORE-BILL-TO			0863#	0870
STORE-EXPORT-RECORD		0600	0602	0608#
STORE-MASTER-MODEL		0779	0787#
STORE-MASTER-NOTE		0778	0782#
STORE-PRICE-RECORD		0569	0571	0577#
STORE-SHIP-TO			0911#
STORE-TRANS-MODEL		0938	0945#
STORE-TRANS-NOTE		0937	0941#
SWITCH-DATE			0443#	0857	0898	1103	1122	1212
SWITCH-DATES			0858	0899	1104	1123	1213	1309#
SWITCH-DAY			0445#	1311
SWITCH-MONTH			0444#	1310
SWITCH-YEAR			0446#	1312
SYCOR				0003	0007
T-ADDITION			0102#	0824	0846	0847	0892	0934	0988
T-ADDR-REC			0156#	0871	0877	0883	0917	0923	0929
T-AGREE-DATE			0111#	0857	0859
T-AGREE-NUMB			0088#	0158	0521	0820	0843	0844	0855	0866	0874	0880	0886
				0890	0895	0962	0975
T-AGREE-REC			0094#	0842	0976	0994	1091
T-AGREEMENT-RECORD		0108#
T-CHANGE-REC			0103#	0825	0989
T-CHG-AGREE			0141#	1097
T-CHG-ITEM			0143#	1114
T-CHG-MODEL			0145#	1160
T-CONFIG-COUNT			0116#	0904
T-CONFIG-NUMB			0091#	0531	1210	1216	1240
T-DATE-SHIPPED			0151#	1212
T-DELETION			0101#	0823	0987
T-FORK-KEY			0158#	0682	0841	0914	0920	0926	0933	0974	1034	1065	1194
				1240	1267
T-ITEM-NUMB			0089#	0158	0524	0821	0849	0897	0976	1113	1157
T-ITEM-REC			0095#	0846	0887	0890	0997	1092
T-ITEM-RECORD			0114#
T-LEASE				0132#
T-MAINT-MULT			0120#	0903
T-MAINT-PRICE			0136#	1079	1081
T-MAINT-TOO			0134#	1069    P R O G R A M   S Y C O R 		COBOL (005001,107001)	 9-JUN-73  17:57		PAGE C-7
    SYCOR.CBL    09-JUN-73  17:57

T-MODEL-LEASE-PURCH		0131#	1068
T-MODEL-NUMB			0092#	0529	1006	1052	1059	1062	1066	1159	1174	1196
T-MODEL-QTY			0130#	1067
T-MODEL-REC			0097#	0938	1003	1020	1093
T-MODEL-RECORD			0128#
T-NEW-ENTRY			0100#	0822	0842	0846	0847	0887	0892	0934
T-NOTE-ALPHA			0125#	1036
T-NOTE-REC			0096#	0937	1000	1018
T-NOTE-RECORD			0123#
T-NOTE-SEQ			0090#	0526
T-PRICE				0135#	1074	1077
T-PURCH				0133#	1075
T-REC-TYPE			0093#	0522	0856	0867	0875	0881	0896	0915	0921	0927
T-S1-1-BLOCK			0110#	0860
T-SERIAL-NUMB			0150#	1215
T-SHIP-DATE			0117#	0898
T-SHIP-NOTE			0148#
T-SHIP-REC			0104#	0826	0990	1209
T-SITE-CODE			0118#	0901
T-SORT-KEY			0087#	0497	0519	0680	0809	0812	0813	0829	0832	0833	0960
				1181
T-SORT-REC			0085	0086#	0535
T-SUB-PO			0119#	0902
T-TRANS-CODE			0099#	0520
TRANS-BREAK-POINT		0933	0965#
TRANSACTION-REC			0106#	0108	0114	0123	0128	0139	0148	0154	0534	0828	0955
				0980	1177
TS-AGREE-NUMB			0387#	0866	0874	0880	0962
TS-CHECK			0385#	0668	0809	0813	0832	0833
TS-FORK-KEY			0386#	0914	0920	0926	0933
TYMSHARE			0005
WORD-DAT			0662	1331
WORK-DAT			0022#	0063	0513	0516	0543
WRITE-AUDIT-TRANS		0818#
WRITE-INSTAL-NEW		1243#	1246	1252	1258
WRITE-MODEL			1294	1298#
WRITE-ORDER-FILE		1289#
WRITE-SHIPED-NEW		1218#
  F@