AF4MOD.F4	F40	V26(10)	15-MAY-73	15:29	PAGE 1


  		      C-----CONTROL ROUTINE FOR FOURTH OVERLAY OF ANALYSIS & FORCASTING.
AF4MOD.F4	F40	V26(10)	15-MAY-73	15:29	PAGE 2


  		      C-----ICODE IS WHICH ROUTINE TO SELECT.
  		      C-----1=REGRESSION
  		      C****************************************************************
  		      C*     COPYRIGHT        TEKTRONIX, INC    1973
  		      C*                       BEAVERTON, OREGON
  		      C*     PLOT-10/DECISION MAKER RELEASE 1.0 - VERSION 1
  		      C*               MODIFICATION LEVEL 0
  		      C****************************************************************
  		            SUBROUTINE AF4MOD(ICODE)
  		            GO TO (100),ICODE
  		      100   CONTINUE
  		            CALL XREGSF
  		            RETURN
  		            END

GLOBAL DUMMIES

ICODE 	23		

SUBPROGRAMS

XREGSF	

SCALARS

AF4MOD	24		ICODE 	23		

 AF4MOD
