AF5MOD.F4	F40	V26(10)	15-MAY-73	15:29	PAGE 1


  		      C----- CONTROL ROUTINE FOR FIFTH OVERLAY OF ANALYSIS & FORCASTING
AF5MOD.F4	F40	V26(10)	15-MAY-73	15:29	PAGE 2


  		      C----- ICODE IS WHICH ROUTINE TO SELECT.
  		      C----- 1=AVERAGING,2=EXPO-SMOOTH,3=ADAPTIVE,4=GRAPH,5=TABLE
  		      C----- 6=LIST
  		      C
  		      C****************************************************************
  		      C*     COPYRIGHT        TEKTRONIX, INC    1973
  		      C*                       BEAVERTON, OREGON
  		      C*     PLOT-10/DECISION MAKER RELEASE 1.0 - VERSION 1
  		      C*               MODIFICATION LEVEL 0
  		      C****************************************************************
  		            SUBROUTINE AF5MOD(ICODE)
  		            GO TO (100,200,300,400,500,600),ICODE
  		      C
  		      100   CONTINUE
  		            CALL MACONF
  		            RETURN
  		      C
  		      200   CONTINUE
  		            CALL EXPOF
  		            RETURN
  		      C
  		      300   CONTINUE
  		            CALL ADAPTF
  		            RETURN
  		      C
  		      400   CONTINUE
  		            CALL GRAPH
  		            RETURN
  		      600   CONTINUE
  		            CALL LIST
  		            RETURN
  		      C
  		      500   CONTINUE
  		            CALL TABLEM
  		            RETURN
  		            END

GLOBAL DUMMIES

ICODE 	42		

SUBPROGRAMS

MACONF	EXPOF 	ADAPTF	GRAPH 	LIST  	TABLEM	

SCALARS

AF5MOD	43		ICODE 	42		

 AF5MOD
