    P R O G R A M   C O B O L . 		COBOL 4(56)	15-DEC-72  10:59		PAGE 1

    0001    IDENTIFICATION DIVISION.
    0002    ENVIRONMENT DIVISION.
    0003    INPUT-OUTPUT SECTION.
    0004    FILE-CONTROL.
    0005           SELECT IN-FILE, ASSIGN TO DSK,
    0006                   RECORDING MODE IS BINARY.
    0007    DATA DIVISION.
    0008    FILE SECTION.
    0009    FD      IN-FILE
    0010                   VALUE OF ID IS 'FTNCBLDAT'
    0011           BLOCK CONTAINS 64 RECORDS.
    0012    01      IN-REC.
    0013           02      A-TEXT PIC X(5) DISPLAY-7.
    0014           02 N-BIN COMP-1.
    0015    PROCEDURE DIVISION.
    0016    SETUP.
    0017           OPEN INPUT IN-FILE.
    0018    LOOP.
    0019           READ IN-FILE AT END GO TO EOJ.
    0020           DISPLAY A-TEXT"   "N-BIN.
    0021           GO TO LOOP.
    0022    EOJ.
    0023           DISPLAY 'ALL DONE'.
    0024           CLOSE IN-FILE.
    0025           STOP RUN.

NO ERRORS DETECTED
