    P R O G R A M   C R E A T E 		COBOL 4(56)	 1-MAY-73  11:09		PAGE 1

    0001    IDENTIFICATION DIVISION.
    0002    PROGRAM-ID. CREATE.
    0003    AUTHOR. ERIC FORSTER.
    0004    INSTALLATION. TYMSHARE,INC.
    0005    DATE-WRITTEN. 5-1-73.
    0006    SECURITY. NONE.
    0007    REMARKS. PROGRAM CREATES A DATA SET FROM THE TERMINAL.
    0008    ENVIRONMENT DIVISION.
    0009    CONFIGURATION SECTION.
    0010    SOURCE-COMPUTER. DECsystem-10. 
    0011    OBJECT-COMPUTER. PDP-10.
    0012    INPUT-OUTPUT SECTION.
    0013    FILE-CONTROL.
    0014           SELECT CARD-IMAGES ASSIGN TO DSK
    0015           RECORDING MODE IS ASCII.
    0016    DATA DIVISION.
    0017    FILE SECTION.
    0018    FD CARD-IMAGES
    0019           BLOCK CONTAINS 1 RECORDS
    0020           RECORD CONTAINS 72 CHARACTERS
    0021           LABEL RECORDS ARE STANDARD
    0022           VALUE OF IDENTIFICATION IS "CARDINDAT"
    0023           DATA RECORDS ARE OUTPUT-RECORD.
    0024    01      OUTPUT-RECORD PIC X(72).
    0025    WORKING-STORAGE SECTION.
    0026    01      REC-COUNT PICTURE 9999 VALUE ZERO.
    0027    01      CUR-REC PICTURE 999  VALUE ZERO.
    0028    01      WORK-AREA.
    0029           02 CUST-NAME PICTURE X(17).
    0030           02 CITY PICTURE X(11).
    0031           02 STATE PICTURE XX.
    0032           02 TOTAL-SALES PICTURE 9(4)V99.
    0033    PROCEDURE DIVISION.
    0034    USER-FIRST-PARAGRAPH.
    0035           OPEN OUTPUT CARD-IMAGES.
    0036    READ-TELETYPE.
    0037           DISPLAY " ".
    0038           DISPLAY CUR-REC,":".
    0039           DISPLAY "CUSTOMER NAME: " WITH NO ADVANCING.
    0040           ACCEPT CUST-NAME IN WORK-AREA.
    0041           IF CUST-NAME  = "Q" OR "QUIT" GO TO DONE.
    0042           DISPLAY "CITY: " WITH NO ADVANCING.
    0043           ACCEPT CITY IN WORK-AREA.
    0044           DISPLAY "STATE: " WITH NO ADVANCING.
    0045           ACCEPT STATE IN WORK-AREA.
    0046           DISPLAY "TOTAL SALES: " WITH NO ADVANCING.
    0047           ACCEPT TOTAL-SALES IN WORK-AREA.
    0048           WRITE OUTPUT-RECORD FROM WORK-AREA.
    0049           ADD 1 TO REC-COUNT CUR-REC.
    0050           GO TO READ-TELETYPE.
    0051    DONE.
    0052           DISPLAY " ".
    0053           DISPLAY REC-COUNT, " RECORDS CREATED. GOOD LUCK!".
    0054           CLOSE CARD-IMAGES.
    0055           STOP RUN.

NO ERRORS DETECTED
