DATIO.F4	F40	V26(10)	15-MAY-73	15:23	PAGE 1


  		      C****************************************************************
DATIO.F4	F40	V26(10)	15-MAY-73	15:23	PAGE 2


  		      C*     COPYRIGHT        TEKTRONIX, INC    1973
  		      C*                       BEAVERTON, OREGON
  		      C*     PLOT-10/DECISION MAKER RELEASE 1.0 - VERSION 1
  		      C*               MODIFICATION LEVEL 0
  		      C****************************************************************
  		            SUBROUTINE CREATM
  		            COMMON /GAMA1/IFOR, WA(3460)
  		            DIMENSION FMT1(6)
  		            DATA DOL/'$'/
  		            DATA FMT1/4HDO Y,4HOU H,4HAVE ,4HA DA,4HTA F,4HILE?/
  		            DATA BLK,YES,NO/' ','YES','NO'/
  		            REAL NO
  		            NRW=5
  		            CALL WRITEL(FMT1,24)
  		            READ(NRW,110)PARAM
  		      110   FORMAT(2A4)
  		            IF(PARAM.EQ.DOL) RETURN
  		            IF(PARAM.EQ.YES) GO TO 11
  		            IF(PARAM.NE.NO .AND. PARAM.NE.BLK) GO TO 12
  		            CALL ICREAT
  		            RETURN
  		      11    PARAM=BLK
  		      12    CALL FORAFM(PARAM)
  		            WA(2181) = 0.0
  		            RETURN
  		            END

CONSTANTS

0	000000000030	

COMMON

IFOR  	/GAMA1 /+0	WA    	/GAMA1 /+1	

SUBPROGRAMS

WRITEL	ALPHO.	ALPHI.	ICREAT	FORAFM	

SCALARS

CREATM	61		DOL   	62		BLK   	63		YES   	64		NO    	65	
NRW   	66		PARAM 	67		IFOR  	0		

ARRAYS

WA    	1		FMT1  	70		

 CREATM
DATIO.F4	F40	V26(10)	15-MAY-73	15:23	PAGE 3


  		      C****************************************************************
DATIO.F4	F40	V26(10)	15-MAY-73	15:23	PAGE 4


  		      C*     COPYRIGHT        TEKTRONIX, INC    1973
  		      C*                       BEAVERTON, OREGON
  		      C*     PLOT-10/DECISION MAKER RELEASE 1.0 - VERSION 1
  		      C*               MODIFICATION LEVEL 0
  		      C****************************************************************
  		            SUBROUTINE FORAFM(DATAF)
  		            COMMON /GAMA1/IFOR,WA(2560),YDATA(600),XDATA(300)
  		            DIMENSION ICHS(80),KEY(40),WORD(40),TITLE(156),UNITS(24)
  		            DIMENSION FMT1(5),FMT3(3)
  		            DATA FMT1/4HENTE,4HR DA,4HTA F,4HILEN,4HAME /
  		            DATA FMT3/4HSYNT,4HEX E,4HRROR/
  		            DATA BLK/' '/,DOL/'$'/
  		            DATA TYPE,DAIL,WEEK,ONT,PERI,QUAR,YEAR,PAIR,XUNI,YUNI,DATA,TITL/
  		           1'TYPE','DAIL',
  		           1'WEEK','MONT','PERI','QUAR','YEAR','PAIR','XUNI','YUNI'
  		           1,'DATA','TITL'/
  		            NRW=5
  		            NR21=21
  		            IF(DATAF.NE.BLK)GO TO 11
  		            CALL WRITEL(FMT1,20)
  		            READ(NRW,110)DATAF
  		            IF(DATAF.EQ.DOL .OR. DATAF.EQ.BLK) RETURN
  		      11    CALL MESAGE(1)
  		            READ(NRW,110)FFSN
  		            IF(FFSN.EQ.DOL .OR. FFSN.EQ.BLK) RETURN
  		      110   FORMAT(A4)
  		            CALL IFILE(NR21,DATAF)
  		      120   FORMAT(80A1)
  		            CALL READER
  		            CALL ENDGET(KK)
  		            KK=KK+2
  		            M1=-1
  		            M3=0
  		            FSP=M
  		      81    JK=0
  		            READ(NR21,120)ICHS
  		            CALL ALIST(ICHS,KEY,WORD,1,72)
  		      12    JK=JK+1
  		            IF(KEY(JK).EQ.9)GO TO 81
  		            IF(KEY(1).NE.10)GO TO 42
  		      13    IF(WORD(1).NE.TYPE)GO TO 21
  		      C...ANALYSE "TYPE" COMMAND
  		            ITIM=600
  		            IF(WORD(2).EQ.DAIL)ITIM=365
  		            IF(WORD(2).EQ.WEEK)ITIM=52
  		            IF(WORD(2).EQ.ONT)ITIM=12
  		            IF(WORD(2).EQ.PERI)ITIM=13
  		            IF(WORD(2).EQ.QUAR)ITIM=4
  		            IF(WORD(2).EQ.YEAR)ITIM=1
  		            IF(WORD(2).EQ.PAIR)ITIM=0
  		            IF(ITIM.EQ.600)GO TO 51
  		            JK=JK+2
  		      14    IF(KEY(JK).EQ.2)GO TO 15
DATIO.F4	F40	V26(10)	15-MAY-73	15:23	PAGE 5


  		            JK=JK+1
  		            GO TO 14
  		      15    NSDAT=WORD(JK)
  		            IF(ITIM.EQ.0)GO TO 81
  		      16    JK=JK+1
  		            IF(KEY(JK).EQ.2)GO TO 17
  		            GOTO 16
  		      17    NEDAT=WORD(JK)
  		            GO TO 81
  		      21    IF(WORD(1).NE.XUNI)GO TO 61
  		      C  IT IS THE XUNITS
  		            J=0
  		            DO 62 I=1,40
  		            IF(KEY(I).EQ.3)GO TO 63
  		      62    CONTINUE
  		      63    K=I+1
  		            DO 65 I=K,40
  		            IF(KEY(I).EQ.9)GO TO 64
  		      65    J=J+1
  		      64    CALL SAVEL(WORD(K),J,WA(KK))
  		            GO TO 81
  		      61    IF(WORD(1).NE.YUNI)GO TO 31
  		      C    IT IS THE UNITS
  		            J=0
  		            DO 22 I=1,40
  		            IF(KEY(I).EQ.3)GO TO 23
  		      22    CONTINUE
  		      23    K=I+1
  		            DO 25 I=K,40
  		            IF(KEY(I).EQ.9)GO TO 24
  		      25    J=J+1
  		      24    CALL SAVEU(WORD(K),J,WA(KK))
  		            GO TO 81
  		      31    IF(WORD(1).NE.DATA)GO TO 41
  		      C   IT IS THE DATA
  		            IF(ITIM.NE.0)GO TO 70
  		            READ(NR21,300)(XDATA(J),J=1,NSDAT)
  		      300   FORMAT(7F)
  		      C *  NSDAT IS THE NO OF POINTS AT THIS TIME
  		            READ(NR21,300)(YDATA(J),J=1,NSDAT)
  		            CALL SAVED(XDATA,YDATA,NSDAT,0.,WA(KK))
  		            GO TO 71
  		      C      GET NUMBER OF YEARS
  		      70    XDATA(1)=NSDAT
  		            TIM=ITIM
  		            NDIF=1+(NEDAT/100-NSDAT/100)*ITIM+MOD(NEDAT,100)-MOD(NSDAT,100)
  		            CALL FIN(NR21,YDATA,NDIF)
  		            IF(NDIF.LT.0) RETURN
  		            CALL SAVED(XDATA,YDATA,-(NDIF),TIM,WA(KK))
  		      71    CALL SEGSAV(FFSN,WA(KK))
  		            CALL WRITER
  		            RETURN
  		      41    IF(WORD(1).NE.TITL)GO TO 51
DATIO.F4	F40	V26(10)	15-MAY-73	15:23	PAGE 6


  		      C    IT IS THE TITLE
  		            J=0
  		      42    DO 43 I=1,40
  		            IF(KEY(I).EQ.3)GO TO 44
  		      43    CONTINUE
  		            GO TO 81
  		      C
  		      C...COUNT FOR NUMBER OF WORDS IN THE TITLE
  		      44    K=I+1
  		            DO 47 I=K,40
  		            IF(KEY(I).EQ.9)GO TO 46
  		            J=J+1
  		      47    TITLE(J)=WORD(I)
  		      46    IF(KEY(I-1).EQ.5)GO TO 81
  		            CALL SAVET(TITLE,J,WA(KK))
  		             GO TO 81
  		      C    TYPE ERROR MESSAGE AND THE BAD LINE
  		      51    CALL WRITEL(FMT3,12)
  		      220    FORMAT(1H ,80A1)
  		            WRITE(NRW,220)ICHS
  		            STOP
  		      C  YOU COULD WRITE A PROGRAM TT WOULD TRANSFER FROM ONE GAMA FILE TO ANOTHER.
  		            END

CONSTANTS

0	000000000024	1	000000000001	2	000000000110	3	000000000000	4	000000000144
5	000000000014	

GLOBAL DUMMIES

DATAF 	577		

COMMON

IFOR  	/GAMA1 /+0	WA    	/GAMA1 /+1	YDATA 	/GAMA1 /+5001	XDATA 	/GAMA1 /+6131	

SUBPROGRAMS

WRITEL	MESAGE	ALPHO.	ALPHI.	IFILE 	READER	ENDGET	FLOAT 	ALIST 	INT   	SAVEL 	SAVEU 	FLOUT.	FLIRT.	SAVED 
MOD   	FIN   	SEGSAV	WRITER	SAVET 	EXIT  	

SCALARS

FORAFM	601		BLK   	602		DOL   	603		TYPE  	604		DAIL  	605	
WEEK  	606		ONT   	607		PERI  	610		QUAR  	611		YEAR  	612	
PAIR  	613		XUNI  	614		YUNI  	615		DATA  	616		TITL  	617	
NRW   	620		NR21  	621		DATAF 	577		FFSN  	622		KK    	623	
M1    	624		M3    	625		FSP   	626		M     	627		JK    	630	
ITIM  	631		NSDAT 	632		NEDAT 	633		J     	634		I     	635	
K     	636		TIM   	637		NDIF  	640		IFOR  	0		

ARRAYS
DATIO.F4	F40	V26(10)	15-MAY-73	15:23	PAGE 7



WA    	1		YDATA 	5001		XDATA 	6131		ICHS  	641		KEY   	761	
WORD  	1031		TITLE 	1101		UNITS 	1335		FMT1  	1365		FMT3  	1372	

 FORAFM
DATIO.F4	F40	V26(10)	15-MAY-73	15:23	PAGE 8


  		      C **************CONVERT BACK TO DATA FILE ROUTINE******
DATIO.F4	F40	V26(10)	15-MAY-73	15:23	PAGE 9


  		      C *IFOR=WORK FILE NAME
  		      C **************CONVERT BACK TO DATA FILE ROUTINE******
  		      C *IFOR=WORK FILE NAME
  		      C****************************************************************
  		      C*     COPYRIGHT        TEKTRONIX, INC    1973
  		      C*                       BEAVERTON, OREGON
  		      C*     PLOT-10/DECISION MAKER RELEASE 1.0 - VERSION 1
  		      C*               MODIFICATION LEVEL 0
  		      C****************************************************************
  		            SUBROUTINE INTRPM
  		            COMMON /GAMA1/ IFOR, WA(2560), YD(600),XD(300)
  		            DIMENSION IMAT1(8),IMAT2(8)
  		            DIMENSION UNITS(24),TITLE(156),MATF(8),NCON(10)
  		            DIMENSION TYPE(14),FMT1(5)
  		            DATA TYPE/4HDAIL,1HY, 4HWEEK,2HLY, 4HMONT,3HHLY, 4HPERI,4HODIC,
  		           1 4HQUAR,3HTER,4HYEAR,2HLY,4HPAIR,2HED/
  		            DATA IMAT1/4H(1H ,5H,'/YU,4HNITS,4H',2H,2H",,1H ,4HA4,1,3HH")/
  		            DATA IMAT2/4H(1H ,5H,'/XU,4HNITS,4H',2H,2H",,1H ,4HA4,1,3HH")/
  		            DATA MATF/4H(1H ,4H,1H",1H,,1H ,1H ,4HA4, ,4H1H",,4HA4) /
  		            DATA NCON/1H0,1H1,1H2,1H3,1H4,1H5,1H6,1H7,1H8,1H9/
  		            DATA FMT1/4HENTE,4HR DA,4HTA F,4HILEN,4HAME /
  		            DATA FMT0,SCOLON/1H ,1H;/
  		            DATA BLK,DOL/' ','$'/
  		            NRW=5
  		            NW21=21
  		            CALL MESAGE(1)
  		      12    READ(NRW,110)FFSN
  		            IF(FFSN.EQ.BLK.OR.FFSN.EQ.DOL)RETURN
  		            CALL WRITEL(FMT1,20)
  		            READ(NRW,110)DATAF
  		            IF(DATAF.EQ.DOL) RETURN
  		            IF(DATAF.NE.BLK) GO TO 13
  		            NW21 = NRW
  		            CALL NEWPAG
  		            CALL WRITEL(BLK,0)
  		            WRITE(NRW,110) BLNK
  		            GO TO 14
  		      13     CONTINUE
  		      110   FORMAT(A4)
  		            CALL OFILE(NW21,DATAF)
  		      14    CONTINUE
  		            CALL READER
  		            CALL SEGGET(FFSN,JJ)
  		            IF(JJ.EQ.0)RETURN
  		      C...TITLE FIRST
  		            CALL GETT(TITLE,N,WA(JJ))
  		            IF(N.EQ.0)GO TO 543
  		            TITLE(N+1)=FMT0
  		            WRITE(NW21,210)
  		      210   FORMAT(1H ,'/TITLE ')
  		            I=0
  		      24    J=I+1
  		            DO 21 I=J,N
DATIO.F4	F40	V26(10)	15-MAY-73	15:23	PAGE 10


  		            IF(TITLE(I).EQ.SCOLON)GO TO 22
  		      21    CONTINUE
  		            K=N
  		            I=N+1
  		            GO TO 23
  		      22    K=I-1
  		      23    M=K-J+1
  		      1100  FORMAT(1H ,5I5)
  		            MM=M/10
  		            IF(MM.GT.0)MATF(4)=NCON(MM)
  		            M=M-MM*10
  		            MATF(5)=NCON(M+1)
  		            WRITE(NW21,MATF)(TITLE(L),L=J,K),TITLE(I)
  		            IF(I.NE.(N+1))GO TO 24
  		      C...TYPE
  		      543   CALL GETD(XD,YD,NO,PNP,WA(JJ))
  		            IF(NO.EQ.0)GO TO  42
  		            ITIM=PNP
  		            M=0
  		            IF(ITIM.EQ.365)M=1
  		            IF(ITIM.EQ.52)M=3
  		            IF(ITIM.EQ.12)M=5
  		            IF(ITIM.EQ.13)M=7
  		            IF(ITIM.EQ.4)M=9
  		            IF(ITIM.EQ.1)M=11
  		            IF(ITIM.EQ.0)M=13
  		            MM=M+1
  		            IF(ITIM.EQ.0)GO TO 41
  		            NSDAT=XD(1)
  		            CALL DTADD(NSDAT,-NO-1,ITIM,NEDAT)
  		            WRITE(NW21,220)(TYPE(I),I=M,MM),NSDAT,NEDAT
  		      220   FORMAT(1H ,'/TYPE ',2A4,I5,' TO',I5)
  		            GO TO 42
  		      41     WRITE(NW21,260)(TYPE(I),I=M,MM),NO
  		      260   FORMAT(1H ,'/TYPE ',2A4,I5)
  		      C...XUNITS
  		      42    CALL GETL(TITLE,N,WA(JJ))
  		            IF(N.EQ.0)GO TO 48
  		            IMAT2(6)=NCON(N+1)
  		            WRITE(NW21,IMAT2)(TITLE(I),I=1,N)
  		      C...YUNITS
  		      48    CALL GETU(TITLE,N,WA(JJ))
  		            IF(N.EQ.0) GO TO 49
  		            IMAT1(6)=NCON(N+1)
  		            WRITE(NW21,IMAT1)(TITLE(I),I=1,N)
  		      C...DATA
  		      49     CONTINUE
  		            IF(NO.EQ.0) GO TO 500
  		            WRITE(NW21,240)
  		      240   FORMAT(1H ,'/DATA')
  		            IF(ITIM.EQ.0)GO TO 40
  		            NO=-NO
  		            DO 31 I=1,NO,ITIM
DATIO.F4	F40	V26(10)	15-MAY-73	15:23	PAGE 11


  		            K=I+ITIM-1
  		            IF(K.GT.NO)K=NO
  		      31    WRITE(NW21,250)(YD(J),J=I,K)
  		      250   FORMAT(1H ,7F10.1,/,2X,6F10.1)
  		            GO TO 500
  		      40    WRITE(NW21,280)(XD(N),N=1,NO)
  		            WRITE(NW21,280)(YD(N),N=1,NO)
  		      280   FORMAT(1H ,7F10.1)
  		      500   CONTINUE
  		            IF(NW21.EQ.21) RETURN
  		            NW21 = 21
  		            CALL WRITEL(FMT1,20)
  		            READ(NRW,110) DATAF
  		            IF(DATAF.EQ.DOL .OR. DATAF.EQ.BLK) RETURN
  		            GO TO 13
  		            END

CONSTANTS

0	000000000001	1	000000000024	2	000000000000	

COMMON

IFOR  	/GAMA1 /+0	WA    	/GAMA1 /+1	YD    	/GAMA1 /+5001	XD    	/GAMA1 /+6131	

SUBPROGRAMS

MESAGE	WRITEL	NEWPAG	ALPHO.	ALPHI.	OFILE 	READER	SEGGET	GETT  	INTO. 	INTI. 	ALLIO.	GETD  	INT   	DTADD 
GETL  	GETU  	FLOUT.	FLIRT.	

SCALARS

INTRPM	641		FMT0  	642		SCOLON	643		BLK   	644		DOL   	645	
NRW   	646		NW21  	647		FFSN  	650		DATAF 	651		BLNK  	652	
JJ    	653		N     	654		I     	655		J     	656		K     	657	
M     	660		MM    	661		L     	662		NO    	663		PNP   	664	
ITIM  	665		NSDAT 	666		NEDAT 	667		IFOR  	0		

ARRAYS

WA    	1		YD    	5001		XD    	6131		IMAT1 	670		IMAT2 	700	
UNITS 	710		TITLE 	740		MATF  	1174		NCON  	1204		TYPE  	1216	
FMT1  	1234		

 INTRPM
DATIO.F4	F40	V26(10)	15-MAY-73	15:23	PAGE 12


  		      C****************************************************************
DATIO.F4	F40	V26(10)	15-MAY-73	15:23	PAGE 13


  		      C*     COPYRIGHT        TEKTRONIX, INC    1973
  		      C*                       BEAVERTON, OREGON
  		      C*     PLOT-10/DECISION MAKER RELEASE 1.0 - VERSION 1
  		      C*               MODIFICATION LEVEL 0
  		      C****************************************************************
  		            SUBROUTINE ICREAT
  		      C
  		            COMMON /GAMA1/ IFFN,WA(2560),Y(600),X(300),WORK(600),BASE(600),
  		           *                 LINE(80),KEY(40),WORD(40),I,NO,ITIM,IPRT,JPRT,LEN
  		      C
  		            LOGICAL DONE(5)
  		      C
  		            INTEGER IM1(3),IM2(3),IM3(6),IM4(5),IM5(3),IM6(4),IM7(4),
  		           *          TAB(8),TTY,BLNK,MENUA(2,8),MENUB(3,8),DOL
  		      C
  		            DATA TAB/-1,365,52,13,12,4,1,0/,TTY/5/,BLNK/'    '/,DOL/'$'/,
  		           *       IM1/'ENTE','R TI','TLE-'/,
  		           *       IM2/'ENTE','R DA','TES-'/,
  		           *       IM3/'ENTE','R NU','MBER',' OF ','PAIR','S-'/,
  		           *       IM4/'ENTE','R X-','AXIS',' LAB','EL-'/,
  		           *       IM5/'ENTE','R DA','TA-'/,
  		           *       IM6/'ENTE','R X-','DATA','-'/,
  		           *       IM7/'TYPE',' NOT',' DEF','INED'/,
  		           *       LX/'R X-'/,LY/'R Y-'/,TO/'TO'/,FOR/'FOR'/,ISC/';'/
  		      C
  		            DATA MENUA/'TITL','E','TYPE',' ','XUNI','TS','YUNI','TS',
  		           *            'DATA',' ','COPY',' ','SAVE',' ','END',' '/,
  		           *       MENUB/'DAIL','Y',' ','WEEK','LY',' ','PERI','ODIC',' ',
  		           *            'MONT','HLY',' ','QUAR','TERL','Y','YEAR','LY',' ',
  		           *            'PAIR','ED',' ','COPY',' ',' '/
  		      C
  		            DO 1 I = 1,15
  		            BASE(I) = 0.0
  		      1     WORK(I) = 0.0
  		            DO 2 I = 1,5
  		      2     DONE(I) = .FALSE.
  		      C
  		            ITIM = -1
  		            IPRT = 1
  		            JPRT = 1
  		            CALL NEWPAG
  		            CALL WRITEL(' ',0)
  		            CALL READER
  		      3     CONTINUE
  		            CALL MESAGE(3)
  		            READ(TTY,1000) I
  		            IF(I.EQ.BLNK) GO TO 4
  		            IF(I.EQ.DOL) RETURN
  		            CALL SEGGET(I,J)
  		            IF(J.EQ.0) GO TO 3
  		            CALL GETT (LINE,LEN,WA(J))
  		            CALL SAVET(LINE,LEN,BASE)
  		            CALL GETU (LINE,LEN,WA(J))
DATIO.F4	F40	V26(10)	15-MAY-73	15:23	PAGE 14


  		            CALL SAVEU(LINE,LEN,BASE)
  		            CALL GETL (LINE,LEN,WA(J))
  		            CALL SAVEL(LINE,LEN,BASE)
  		            CALL GETD (X,Y,NO,PNTPYR,WA(J))
  		            CALL SAVED(X,Y,NO,PNTPYR,BASE)
  		      C
  		      4     CONTINUE
  		      C
  		      10    CONTINUE
  		            CALL BELL
  		            CALL MENUG(MENUA,2,8,IPRT,900,780,I)
  		             IF(IPRT.EQ.36) GO TO 700
  		            IPRT = 0
  		            IF(I.LT.2 .OR. I.GT.6) GO TO 11
  		            IF(DONE(I-1)) GO TO 20
  		      11    CONTINUE
  		            GO TO (20,100,200,300,400,500,540,600,700),I
  		      C
  		      20    CONTINUE
  		            CALL MESAGE(2)
  		            GO TO 10
  		      C
  		      100   CONTINUE
  		            CALL WRITEL(IM1,12)
  		            READ(TTY,1000) (LINE(I),I=1,20)
  		      1000  FORMAT(20A4)
  		            IF(LINE(1).NE.BLNK) GO TO 105
  		            CALL GETT(LINE,LEN,BASE)
  		            LEN = LEN + 2
  		            GO TO 130
  		      C
  		      105   CONTINUE
  		            LEN1=20
  		      110   CONTINUE
  		            IF(LINE(LEN1).NE.BLNK) GO TO 120
  		            LEN1 = LEN1 - 1
  		            GO TO 110
  		      C
  		      120   CONTINUE
  		            LINE(LEN1+1) = ISC
  		            LEN = LEN1 + 2
  		            LEN1 = LEN + 19
  		            CALL WRITEL(IM1,12)
  		            READ(TTY,1000) (LINE(I),I = LEN,LEN1)
  		            IF(LINE(LEN).NE.BLNK) GO TO 110
  		      C
  		      C
  		      130   CONTINUE
  		            LEN = LEN - 2
  		            CALL SAVET(LINE,LEN,WORK)
  		            DONE(1) = .TRUE.
  		            GO TO 10
  		      C
DATIO.F4	F40	V26(10)	15-MAY-73	15:23	PAGE 15


  		      C----- TYPE SELECTION
  		      200   CONTINUE
  		            CALL MENUG(MENUB,3,8,JPRT,800,500,I)
  		            IF(JPRT.EQ.36) GO TO 10
  		            JPRT = 0
  		            IF(I.NE.9) GO TO 205
  		            CALL GETD(X,Y,NO,PNTPYR,BASE)
  		            IF(NO.EQ.0) GO TO 10
  		            NSDAT = X(1)
  		            ITIM = PNTPYR
  		            DONE(2) = .TRUE.            GO TO 10
  		      C
  		      205   CONTINUE
  		            ITIM = TAB(I)
  		            IF(ITIM) 10,230,210
  		      210   CONTINUE
  		            CALL WRITEL(IM2,12)
  		            READ(TTY,1001) LINE
  		      1001  FORMAT(80A1)
  		            CALL ALIST(LINE,KEY,WORD,1,80)
  		            IF(KEY(1).NE.2) GO TO 210
  		            NSDAT = WORD(1)
  		            IF(NSDAT-(NSDAT/100)*100.GT.ITIM) GO TO 210
  		            IF(KEY(2).NE.4) GO TO 210
  		            IF(WORD(2).NE.TO) GO TO 220
  		            IF(KEY(3).NE.2) GO TO 210
  		            NEDAT = WORD(3)
  		            IF(NEDAT.LE.NSDAT)GO TO 210
  		            IF(NEDAT-(NEDAT/100)*100.GT.ITIM) GO TO 210
  		            NO = 1+(NEDAT/100-NSDAT/100)*ITIM+MOD(NEDAT,100)-MOD(NSDAT,100)
  		            DONE(2) = .TRUE.
  		            GO TO 10
  		      C
  		      220   CONTINUE
  		            IF(WORD(2).NE.FOR) GO TO 210
  		            IF(KEY(3).NE.2) GO TO 210
  		            NO = WORD(3)
  		            DONE(2) = .TRUE.
  		            GO TO 10
  		      C
  		      230   CONTINUE
  		            CALL WRITEL(IM3,22)
  		            CALL NIN(NO)
  		            IF(NO.EQ.0) GO TO 235
  		            DONE(2) = .TRUE.
  		            GO TO 10
  		      235   CONTINUE
  		            ITIM = -1
  		            GO TO 10
  		      C
  		      C----- XUNITS SELECTION
  		      300   CONTINUE
DATIO.F4	F40	V26(10)	15-MAY-73	15:23	PAGE 16


  		            IM4(2) = LX
  		      305   CONTINUE
  		            CALL WRITEL(IM4,19)
  		            READ(TTY,1000) (LINE(I),I=1,20)
  		            IF(LINE(1).NE.BLNK) GO TO 306
  		            IF(IM4(2).EQ.LX) CALL GETL(LINE,LEN,BASE)
  		            IF(IM4(2).EQ.LY) CALL GETU(LINE,LEN,BASE)
  		            GO TO 320
  		      C
  		      306   CONTINUE
  		            LEN = 20
  		      310   CONTINUE
  		            IF(LINE(LEN).NE.BLNK) GO TO 320
  		            LEN = LEN - 1
  		            IF(LEN.EQ.0) GO TO 10
  		            GO TO 310
  		      C
  		      320   CONTINUE
  		            IF(IM4(2).EQ.LY) GO TO 410
  		            CALL SAVEL(LINE,LEN,WORK)
  		            DONE(3) = .TRUE.
  		            GO TO 10
  		      C
  		      C----- YUNITS SELECTION
  		      400   CONTINUE
  		            IM4(2) = LY
  		            GO TO 305
  		      C
  		      410   CONTINUE
  		            CALL SAVEU(LINE,LEN,WORK)
  		            DONE(4) = .TRUE.
  		            GO TO 10
  		      C
  		      C----- DATA SELECTION
  		      500   CONTINUE
  		            IF(ITIM) 530,520,510
  		      510   CONTINUE
  		            CALL WRITEL(IM5,11)
  		            I = NO
  		            CALL FIN(TTY,Y,I)
  		            IF(I.GT.0) GO TO 511
  		      512   CONTINUE
  		            CALL GETD(X,Y,I,PNTPYR,BASE)
  		            GO TO 516
  		      511   CONTINUE
  		            X(1) = NSDAT
  		            I = -1*NO
  		      515   CONTINUE
  		            PNTPYR = ITIM
  		      516   CONTINUE
  		            CALL SAVED(X,Y,I,PNTPYR,WORK)
  		            DONE(5) = .TRUE.
  		            GO TO 10
DATIO.F4	F40	V26(10)	15-MAY-73	15:23	PAGE 17


  		      C
  		      520   CONTINUE
  		            IM6(2) = LX
  		            CALL WRITEL(IM6,13)
  		            I = NO
  		            CALL FIN(TTY,X,I)
  		            IF(I.GT.0) GO TO 513
  		            GO TO 512
  		      513   CONTINUE
  		            IM6(2) = LY
  		            CALL WRITEL(IM6,13)
  		            I = NO
  		            CALL FIN(TTY,Y,I)
  		            IF(I.LT.0) GO TO 10
  		            GO TO 515
  		      C
  		      530   CONTINUE
  		            CALL WRITEL(IM7,16)
  		            GO TO 10
  		      C
  		      C----- COPY REMAINING STUFF AND FALL THROUGH TO SAVE
  		      540   CONTINUE
  		            IF(DONE(1)) GO TO 541
  		            CALL GETT (LINE,LEN,BASE)
  		            CALL SAVET(LINE,LEN,WORK)
  		      541   CONTINUE
  		            IF(DONE(2)) GO TO 542
  		            CALL GETD (X,Y,NO,PNTPYR,BASE)
  		            IF(NO.EQ.0) GO TO 542
  		            NSDAT = X(1)
  		            ITIM = PNTPYR
  		            DONE(2) = .TRUE.
  		      542   CONTINUE
  		            IF(DONE(3)) GO TO 543
  		            CALL GETL(LINE,LEN,BASE)
  		            CALL SAVEL(LINE,LEN,WORK)
  		      543   CONTINUE
  		            IF(DONE(4)) GO TO 544
  		            CALL GETU (LINE,LEN,BASE)
  		            CALL SAVEU(LINE,LEN,WORK)
  		      544   CONTINUE
  		            IF(.NOT.DONE(2))GO TO 545
  		            IF(DONE(5)) GO TO 545
  		            CALL GETD(X,Y,I,PNTPYR,BASE)
  		            IF(NO.GT.I) NO = I
  		            X(1) = NSDAT
  		            PNTPYR = ITIM
  		            CALL SAVED(X,Y,NO,PNTPYR,WORK)
  		            DONE(5) = .TRUE.
  		      545   CONTINUE
  		      C
  		      C----- SAVE SELECTION
  		      600   CONTINUE
DATIO.F4	F40	V26(10)	15-MAY-73	15:23	PAGE 18


  		            IF(.NOT.DONE(5)) GO TO 20
  		            IPRT = 1
  		            JPRT = 1
  		            CALL WRITEL(' ',0)
  		            CALL NEWPAG
  		            CALL DISITG(WORK,1)
  		            CALL MESAGE(4)
  		            READ(TTY,1000) I
  		            IF(I.EQ.DOL) GO TO 700
  		            IF(I.EQ.BLNK) GO TO 610
  		            CALL SEGSAV(I,WORK)
  		            GO TO 700
  		      610   CONTINUE
  		            DO 620 I = 1,600
  		      620   BASE(I) = WORK(I)
  		            DO 630 I = 1,15
  		      630   WORK(I) = 0.0
  		            DO 640 I = 1,5
  		      640   DONE(I) = .FALSE.
  		            ITIM = -1
  		            CALL NEWPAG
  		            CALL WRITEL(' ',0)
  		            GO TO 10
  		      C
  		      C----- END SELECTION
  		      700   CONTINUE
  		            CALL WRITER
  		            CALL NEWPAG
  		            CALL WRITEL(' ',0)
  		            RETURN
  		            END

CONSTANTS

0	201004020100	1	000000000000	2	000000000003	3	000000000002	4	000000000010
5	000000001604	6	000000001414	7	000000000014	10	000000001440	11	000000000764
12	000000000001	13	000000000120	14	000000000144	15	000000000026	16	000000000023
17	000000000013	20	000000000015	21	000000000020	22	000000000004	

COMMON

IFFN  	/GAMA1 /+0	WA    	/GAMA1 /+1	Y     	/GAMA1 /+5001	X     	/GAMA1 /+6131	WORK  	/GAMA1 /+6605
BASE  	/GAMA1 /+7735	LINE  	/GAMA1 /+11065	KEY   	/GAMA1 /+11205	WORD  	/GAMA1 /+11255	I     	/GAMA1 /+11325
NO    	/GAMA1 /+11326	ITIM  	/GAMA1 /+11327	IPRT  	/GAMA1 /+11330	JPRT  	/GAMA1 /+11331	LEN   	/GAMA1 /+11332

SUBPROGRAMS

NEWPAG	WRITEL	READER	MESAGE	SEGGET	GETT  	SAVET 	GETU  	SAVEU 	GETL  	SAVEL 	GETD  	SAVED 	BELL  	MENUG 
ALPHO.	ALPHI.	INT   	ALIST 	MOD   	NIN   	FIN   	FLOAT 	DISITG	SEGSAV	WRITER	

SCALARS

ICREAT	1172		TTY   	1173		BLNK  	1174		DOL   	1175		LX    	1176	
DATIO.F4	F40	V26(10)	15-MAY-73	15:23	PAGE 19


LY    	1177		TO    	1200		FOR   	1201		ISC   	1202		I     	11325	
ITIM  	11327		IPRT  	11330		JPRT  	11331		J     	1203		LEN   	11332	
NO    	11326		PNTPYR	1204		LEN1  	1205		NSDAT 	1206		NEDAT 	1207	
IFFN  	0		

ARRAYS

WA    	1		Y     	5001		X     	6131		WORK  	6605		BASE  	7735	
LINE  	11065		KEY   	11205		WORD  	11255		DONE  	1210		IM1   	1215	
IM2   	1220		IM3   	1223		IM4   	1231		IM5   	1236		IM6   	1241	
IM7   	1245		TAB   	1251		MENUA 	1261		MENUB 	1301		

 ICREAT
    |@E`