    P R O G R A M   A 2 3 0 		COBOL 4(56)	15-MAR-73  07:55		PAGE 1

    0001    IDENTIFICATION  DIVISION.                                         
    0002    PROGRAM-ID.                                                       
    0003        A230.                                                        
    0004    AUTHOR.                                                           
    0005        MIKE ORBAN.                                                  
    0006    DATE-WRITTEN.                                                     
    0007        MARCH 15, 1972.                                              
    0008    DATE-COMPILED. 15-MAR-73. 
    0009    REMARKS.                                                          
    0010        THIS PROGRAM WILL QUALIFY ALL ACTIVE COACH AND SINGLE        
    0011        FORECAST ACCOUNTS.                                           
    0012    ENVIRONMENT  DIVISION.                                            
    0013    CONFIGURATION  SECTION.                                           
    0014    SOURCE-COMPUTER. DECsystem-10. 
    0015    OBJECT-COMPUTER. PDP-10.                                          
    0016    INPUT-OUTPUT  SECTION.                                            
    0017    FILE-CONTROL.                                                     
    0018        SELECT  INPUT-MASTER-FILE ASSIGN DSK,                        
    0019         RECORDING MODE IS ASCII.                                    
    0020                                                                     
    0021        SELECT  OUTPUT-MASTER-FILE ASSIGN DSK,                       
    0022         RECORDING MODE IS ASCII.                                    
    0023                                                                     
    0024    I-O-CONTROL.                                                      
    0025        APPLY WRITE-ONLY ON OUTPUT-MASTER-FILE.                      
	        ^

***				FATAL - IMPROPER CLAUSE

    0026    DATA  DIVISION.                                                   
    0027    FILE  SECTION.                                                    
    0028    FD   INPUT-MASTER-FILE                                            
    0029            VALUE OF IDENTIFICATION IS "INMAS DAT"                   
    0030        BLOCK CONTAINS 1364 CHARACTERS                               
    0031        LABEL RECORDS ARE STANDARD                                   
    0032        DATA RECORDS ARE  INPUT-TEACHER-MASTER, INPUT-SCHOOL-MASTER  
	                                                                   ^

***				PERIOD ASSUMED

    0033    01   INPUT-TEACHER-MASTER .                                   
    0034        02  ID-NUMBER.                                               
    0035            03  ZIP-CODE            PICTURE  9(5).                   
    0036            03  CODE-ZIP REDEFINES ZIP-CODE.                         
    0037                04  ZIP-HIGH        PICTURE X.                       
    0038                04  FILLER          PICTURE X(4).                    
    0039            03  SCH-NUMBER          PICTURE  999.                    
    0040            03  EDITION             PICTURE  99.                     
    0041            03  TCH-NUMBER          PICTURE  999.                    
    0042            03  CHECK-DIGIT         PICTURE     9.                   
    0043        02  REST-OF-MASTERI.                                         
    0044            03  CURRENT-COPYI.                                       
    0045                04  STUD-COPYI      PICTURE    9(4).                 
    0046                04  XSTUDCOPYI REDEFINES STUD-COPYI  PICTURE X(4).   
    0047                04  PAID-TCHI       PICTURE    99.                   
    0048                04  XPAIDTCHI REDEFINES PAID-TCHI  PICTURE XX.           P R O G R A M   A 2 3 0 		COBOL 4(56)	15-MAR-73  07:55		PAGE 1-1

    0049                04  RECSI           PICTURE    99.                   
    0050                04  FILMI           PICTURE    99.                   
    0051                04  XTCI            PICTURE    99.                   
    0052            03  AMOUNT-PAIDI  PICTURE S9(4)V99 COMPUTATIONAL.        
    0053             03 TERM-IN             PICTURE    9.                    
    0054                88 ITERM1   VALUE 1.                                 
    0055                88 ITERM2   VALUE 2.                                 
    0056                88 ITERM3   VALUE 3.                                 
    0057                88 ITERM4   VALUE 4.                                 
    0058                88 ITERM5   VALUE 5.                                 
    0059                88 ITERM6   VALUE 6.                                 
    0060                88 ITERM7   VALUE 7.                                 
    0061                88 ITERM8   VALUE 8.                                 
    0062            03  TERMX REDEFINES TERM-IN    PICTURE X.                
    0063            03  GRADE-API           PICTURE  XX.                     
    0064            03  TEACHER-NAMEI       PICTURE  X(25).                  
    0065            03  PROMO-KEYI          PICTURE  X(5).                   
    0066            03  BILL-TOI            PICTURE    9.                    
    0067                88 IBILL1   VALUE 1.                                 
    0068                88 IBILL2   VALUE 2.                                 
    0069                88 IBILL3   VALUE 3.                                 
    0070                88 IBILL4   VALUE 4.                                 
    0071                88 IBILL5   VALUE 5.                                 
    0072                88 IBILL6   VALUE 6.                                 
    0073            03  BOARD-NUMBERI       PICTURE  X(5).                   
    0074            03  ISSUE-DATESI.                                        
    0075                04  BEGINI.                                          
    0076                    05  ISSI        PICTURE    99.                   
    0077                    05  YEARI       PICTURE    9.                    
    0078                04  EXPIREI.                                         
    0079                    05  ISSI        PICTURE    99.                   
    0080                    05  YEARI       PICTURE   9.                     
    0081        03  SPEC-ISS-CHECK REDEFINES  ISSUE-DATESI.                  
    0082            04  BGNI.                                                
    0083                    05  II        PICTURE  XX.                       
    0084                    05  YYI            PICTURE  X.                   
    0085                04  EXPI.                                            
    0086                    05  II            PICTURE  XX.                   
    0087                    05  YYI       PICTURE  X.                        
    0088            03  CHARGESI        COMPUTATIONAL.                       
    0089                04  FIRST-YR-TERMI  PICTURE  S9(4)V99.               
    0090                04  SECOND-SEMI     PICTURE  S9(4)V99.               
    0091                04  POSTALI         PICTURE  S9(3)V99.               
    0092                04  OTHERI          PICTURE  S9(3)V99.               
    0093                04  BALANCE-DUEI    PICTURE  S9(4)V99.               
    0094            03  REVISION-ONEI.                                       
    0095                04  REV1-STUDI      PICTURE     9(4).                
    0096                04  REV1-TCHI       PICTURE       99.                
    0097                04  REV1-RECI       PICTURE       99.                
    0098                04  REV1-FILMI      PICTURE       99.                
    0099                04  REV1-ISSUEI.                                     
    0100                    05  REV1-ISSI   PICTURE    99.                   
    0101                    05  REV1-YEARI  PICTURE        9.                
    0102            03  REVISION-TWOI.                                       
    0103                04  REV2-STUDI      PICTURE     9(4).                
    0104                04  REV2-TCHI       PICTURE       99.                    P R O G R A M   A 2 3 0 		COBOL 4(56)	15-MAR-73  07:55		PAGE 1-2

    0105                04  REV2-RECI       PICTURE       99.                
    0106                04  REV2-FILMI      PICTURE       99.                
    0107                04  REV2-ISSUEI.                                     
    0108                    05  REV2-ISSI   PICTURE    99.                   
    0109                    05  REV2-YEARI  PICTURE        9.                
    0110            03  REVISION-THREEI.                                     
    0111                04  REV3-STUDI      PICTURE     9(4).                
    0112                04  REV3-TCHI       PICTURE       99.                
    0113                04  REV3-RECI       PICTURE       99.                
    0114                04  REV3-FILMI      PICTURE       99.                
    0115                04  REV3-ISSUEI.                                     
    0116                    05  REV3-ISSI   PICTURE    99.                   
    0117                    05  REV3-YEARI  PICTURE        9.                
    0118            03  TYPE-MASTERI        PICTURE A.                       
    0119            03  MASTER-HOLD-CODEI   PICTURE X.                       
    0120            03  LAST-SEMESTERI.                                      
    0121                04  LAST-STUDI      PICTURE   9(4).                  
    0122                04  LAST-TCHI       PICTURE    99.                   
    0123                04  LAST-XTCI       PICTURE    99.                   
    0124                04  LAST-RECI       PICTURE    99.                   
    0125            03  TRANS-INFOI.                                         
    0126                04  MTRANS-CODEI    PICTURE    X.                    
    0127                04  MBATCH-NUMBERI  PICTURE   X(6).                  
    0128                04  MMAIL-NUMBERI   PICTURE    XX.                   
    0129            03  FILLER              PICTURE   X(11).                 
    0130    01                       INPUT-SCHOOL-MASTER .                
    0131        02  ID-NUMBER.                                               
    0132            03  ZIP-CODE            PICTURE  9(5).                   
    0133            03  SCH-NUMBER          PICTURE  999.                    
    0134            03  BLANKS              PICTURE  X(5).                   
    0135                88  SCH-RECORD      VALUE SPACES.                    
    0136            03  CHECK-DIGIT         PICTURE        9.                
    0137        02  REST-OF-MASTERIS.                                        
    0138            03  SCHOOL-NAMEI        PICTURE      X(20).              
    0139            03  STREET-ADDRESSI     PICTURE      X(20).              
    0140            03  CITY-NAMEI          PICTURE      X(20).              
    0141            03  STATE-ALPHAI        PICTURE       XX.                
    0142            03  STATE-CODEI         PICTURE       XX.                
    0143            03  SR-CODEI            PICTURE       XX.                
    0144            03  COUNTYI             PICTURE      XXX.                
    0145            03  PP-ZONEI            PICTURE        X.                
    0146            03  NEW-IDI             PICTURE      X(8).               
    0147            03  HOLDI                         PICTURE  X.            
    0148            03  SEXI                     PICTURE  X.                 
    0149            03  TYPESCHI                     PICTURE  XX.            
    0150            03  SCHSIZEI                        PICTURE  X(4).       
    0151            03  STRANS-INFOI.                                        
    0152                04  STRANS-CODEI    PICTURE       X.                 
    0153                04  SBATCH-NUMBERI  PICTURE      X(6).               
    0154                04  SMAIL-NUMBERI   PICTURE       XX.                
    0155    FD   OUTPUT-MASTER-FILE                                           
    0156            VALUE OF IDENTIFICATION IS "OUTMASDAT"                   
    0157            BLOCK CONTAINS 1364 CHARACTERS                           
    0158        LABEL RECORDS ARE STANDARD                                   
    0159        DATA RECORDS ARE OUTPUT-TECHER-MASTER, OUTPUT-SCHOOL-MASTER  
	                        1^                                        2^    P R O G R A M   A 2 3 0 		COBOL 4(56)	15-MAR-73  07:55		PAGE 1-3


***				1) FATAL - NOT DEFINED
***				2) PERIOD ASSUMED

    0160    01   OUTPUT-TEACHER-MASTER       PICTURE X(164) .             
	         ^

***				THIS RECORD NOT MENTIONED IN DATA RECORDS OR
***				LABEL RECORDS CLAUSE -- DATA RECORD ASSUMED
***				

    0161    01   OUTPUT-SCHOOL-MASTER        PICTURE X(109) .             
    0162    WORKING-STORAGE  SECTION.                                         
    0163    77   MODULE-ID  PIC X(24)  VALUE "A230SANS 11/23/72 01****".      
    0164    77   SINGLES-CTR  PIC S9(9)  COMPUTATIONAL SYNC VALUE <0.         
	                                                          ^

***				FATAL - LITERAL OR FIGURATIVE CONSTANT EXPECTED

    0165    77   ERR-INC    COMPUTATIONAL PICTURE S99  VALUE ZEROS SYNC.      
    0166    77   LINE-COUNT COMP  PIC S99  SYNC  VALUE <0.                    
	                                               ^

***				FATAL - LITERAL OR FIGURATIVE CONSTANT EXPECTED

    0167    77   RECORDS-IN COMPUTATIONAL    PICTURE S9(11)  VALUE ZEROS.     
    0168    77   RECORDS-OUT COMPUTATIONAL   PICTURE S9(11)  VALUE ZEROS.     
    0169    77   PAGE-CTR    COMPUTATIONAL   PICTURE S9(3)   VALUE ZEROS.     
    0170    77   SCHOOL-CTR  COMPUTATIONAL   PICTURE S9(11)  VALUE ZEROS.     
    0171    77   TEACHER-CTR COMPUTATIONAL   PICTURE S9(11)  VALUE ZEROS.     
    0172    77   FIRST-RECORD                PICTURE X       VALUE "Y".       
    0173    77   TOTAL-ADJUSTED-RECORDS      COMPUTATIONAL                    
    0174            PICTURE S9(11) VALUE ZEROS.                              
    0175    01   PRINTER .                                                
    0176        02  CC  PICTURE X VALUE SPACES.                              
    0177        02  DATAREA  PICTURE X(132)  VALUE SPACES.                   
    0178    01   HDR1 .                                                   
    0179        02  FILLER              PICTURE X(3)    VALUE SPACES.        
    0180        02  DATE-CONSTANT       PICTURE X(5)    VALUE "DATE ".       
    0181        02  RPT-DATE            PICTURE X(8)    VALUE SPACES.        
    0182        02  FILLER              PICTURE X(12)   VALUE SPACES.        
    0183        02  RPT-NAME            PICTURE X(80)   VALUE                
    0184        "    M A G A Z I N E    G R A D E   A P   C O R R E C T I O  
    0185  -         "N   L I S T I N G   ".                                  
    0186        02  FILLER              PICTURE X(10)   VALUE SPACES.        
    0187        02  PAGE-CONSTANT       PICTURE X(5)    VALUE "PAGE ".       
    0188        02  PAGE-EDIT           PICTURE ZZZ.                         
    0189        02  FILLER              PICTURE X(7)    VALUE SPACES.        
    0190    01   HDR2 .                                                   
    0191        02  FILLER                  PICTURE X(5)    VALUE SPACES.    
    0192        02  FILLER                  PICTURE X(30)   VALUE            
    0193            "ZIP   SCH ED TCH    1ST  SEM  ".                        
    0194        02  FILLER                  PICTURE X(45)   VALUE            
    0195            "        2ND  SEM         AMT PAID            ".         
    0196        02  FILLER                  PICTURE X(46)   VALUE            
    0197            "BAL-DUE     TERM     STUD   PDTCH  TYPE  GAP  ".            P R O G R A M   A 2 3 0 		COBOL 4(56)	15-MAR-73  07:55		PAGE 1-4

    0198        02  FILLER                  PICTURE X(7)    VALUE SPACES.    
    0199    01   DETAIL-LINE .                                            
    0200        02  FILLER                  PICTURE X(5)    VALUE SPACES.    
    0201        02  ZIPP                    PICTURE X(5)    VALUE SPACES.    
    0202        02  FILLER                  PICTURE X       VALUE SPACES.    
    0203        02  SCHP                    PICTURE XXX     VALUE SPACES.    
    0204        02  FILLER                  PICTURE X       VALUE SPACES.    
    0205        02  EDP                     PICTURE XX      VALUE SPACES.    
    0206        02  FILLER                  PICTURE X       VALUE SPACES.    
    0207        02  TCHP                    PICTURE XXX     VALUE SPACES.    
    0208        02  FILLER                  PICTURE X(5)    VALUE SPACES.    
    0209        02  1SEMP         PICTURE Z,ZZZ.99CR.                        
    0210        02  FILLER                  PICTURE X(7)     VALUE SPACES.   
    0211        02  2SEMP         PICTURE Z,ZZZ.99CR.                        
    0212        02  FILLER                  PICTURE X(7)     VALUE SPACES.   
    0213        02  AMT-PDP                 PICTURE Z,ZZZ.99CR.              
    0214        02  FILLER                  PICTURE X(9)    VALUE SPACES.    
    0215        02  BAL-DUEP                PICTURE Z,ZZZ.99CR.              
    0216        02  FILLER                  PICTURE X(5)    VALUE SPACES.    
    0217        02  TERMP                   PICTURE X       VALUE SPACES.    
    0218        02  FILLER                  PICTURE X(7)    VALUE SPACES.    
    0219        02  S-COPYP             PICTURE ZZZ9.                        
    0220        02  FILLER              PICTURE X(5)    VALUE SPACES.        
    0221        02  P-TCHP              PICTURE Z9.                     
    0222        02  FILLER              PICTURE X(5)    VALUE SPACES.        
    0223        02  TYPEP               PICTURE X       VALUE SPACES.        
    0224        02  FILLER              PICTURE XX      VALUE SPACES.        
    0225        02  FILLERCOM           PICTURE X(12)   VALUE SPACES.        
    0226    01   TOTALS-LINE REDEFINES DETAIL-LINE .                      
    0227        02  FILLER                  PICTURE X.                       
    0228        02  TOTAL-LINE-ID           PICTURE X(30).                   
    0229        02  FILLER                  PICTURE XX.                      
    0230        02  TOTAL-LINE-COUNT        PICTURE ZZZ,ZZZ,ZZZ,ZZ9.         
    0231        02  FILLER                  PICTURE X(85).                   
    0232    01   TEACHER-MASTER-WORK .                                    
    0233        02  ID-NUMBER.                                               
    0234            03  ZIP-CODE            PICTURE   9(5).                  
    0235                03  SCH-NUMBER      PICTURE 999.                     
    0236            03  EDITION             PICTURE    99.                   
    0237            03  TCH-NUMBER          PICTURE   999.                   
    0238            03  CHECK-DIGIT         PICTURE  9.                      
    0239        02  REST-OF-MASTER-T.                                        
    0240            03  CURRENT-COPY.                                        
    0241                04  STUD-COPY       PICTURE    9(4).                 
    0242                04  XSTUDCOPY REDEFINES STUD-COPY  PICTURE X(4).     
    0243                04  PAID-TCH        PICTURE    99.                   
    0244                04  XPAIDTCH REDEFINES PAID-TCH  PICTURE XX.         
    0245                04  RECS            PICTURE    99.                   
    0246                04  FILM            PICTURE    99.                   
    0247                04  XTC             PICTURE    99.                   
    0248            03  CURRENT-BLANK  REDEFINES CURRENT-COPY.               
    0249                04  STUD-BLANK              PICTURE  X(4).           
    0250                04  TCH-BLANK               PICTURE   XX.            
    0251                04  REC-BLANK               PICTURE   XX.            
    0252                04  FILM-BLANK              PICTURE   XX.            
    0253                    04  SPECIALE REDEFINES FILM-BLANK.                   P R O G R A M   A 2 3 0 		COBOL 4(56)	15-MAR-73  07:55		PAGE 1-5

    0254                        05  1ST-SPEC  PICTURE X.                     
    0255                        05  2ND-SPEC  PICTURE X.                     
    0256                04  XTC-BLANK               PICTURE   XX.            
    0257            03  AMOUNT-PAID    PICTURE S9(4)V99 COMPUTATIONAL.       
    0258            03  TERM                PICTURE X.                       
    0259                88  TERM1   VALUE "1".                               
    0260                88  TERM2   VALUE "2".                               
    0261                88  TERM3   VALUE "3".                               
    0262                88  TERM4   VALUE "4".                               
    0263                88  TERM5   VALUE "5".                               
    0264                88  TERM6   VALUE "6".                               
    0265                88  TERM7   VALUE "7".                               
    0266                88  TERM8   VALUE "8".                               
    0267            03  GRADE-AP            PICTURE  XX.                     
    0268            03  TEACHER-NAME        PICTURE  X(25).                  
    0269            03  PROMO-KEY           PICTURE  X(5).                   
    0270            03  BILL-TO             PICTURE  X.                      
    0271                88  BILL1   VALUE "1".                               
    0272                88  BILL2   VALUE "2".                               
    0273                88  BILL3   VALUE "3".                               
    0274                88  BILL4   VALUE "4".                               
    0275                88  BILL5   VALUE "5".                               
    0276                88  BILL6   VALUE "6".                               
    0277            03  BOARD-NUMBER        PICTURE  X(5).                   
    0278            03  ISSUE-DATES.                                         
    0279                04  BEGINN.                                          
    0280                    05  ISS         PICTURE   99.                    
    0281                    05  YEAR        PICTURE    9.                    
    0282            04  BEGINNN REDEFINES  BEGINN.                           
    0283                05  BEGIN           PICTURE 999.                     
    0284                04  EXPIREE.                                         
    0285                    05  ISS         PICTURE   99.                    
    0286                    05  YEAR        PICTURE   9.                     
    0287            04  EXPIREEE  REDEFINES  EXPIREE.                        
    0288                05  EXPIRE          PICTURE 999.                     
    0289            03  CHARGES         COMPUTATIONAL.                       
    0290                04  FIRST-YR-TERM   PICTURE  S9(4)V99.               
    0291                04  SECOND-SEM      PICTURE  S9(4)V99.               
    0292                04  POSTAL          PICTURE  S9(3)V99.               
    0293                04  OTHER           PICTURE  S9(3)V99.               
    0294                04  BALANCE-DUE     PICTURE  S9(4)V99.               
    0295            03  REVISION-ONE.                                        
    0296                04  REV1-STUD       PICTURE     9(4).                
    0297                04  REV1-TCH        PICTURE       99.                
    0298                04  REV1-REC        PICTURE       99.                
    0299                04  REV1-FILM       PICTURE       99.                
    0300                04  REV1-ISSUE.                                      
    0301                    05  REV1-ISS    PICTURE       99.                
    0302                    05  REV1-YEAR   PICTURE        9.                
    0303            03  REVISION-ONE-BLANK  REDEFINES REVISION-ONE           
    0304                            PICTURE X(13).                           
    0305            03  REVISION-TWO.                                        
    0306                04  REV2-STUD       PICTURE     9(4).                
    0307                04  REV2-TCH        PICTURE       99.                
    0308                04  REV2-REC        PICTURE       99.                
    0309                04  REV2-FILM       PICTURE       99.                    P R O G R A M   A 2 3 0 		COBOL 4(56)	15-MAR-73  07:55		PAGE 1-6

    0310                04  REV2-ISSUE.                                      
    0311                    05  REV2-ISS    PICTURE       99.                
    0312                    05  REV2-YEAR   PICTURE        9.                
    0313            03  REVISION-TWO-BLANK  REDEFINES  REVISION-TWO          
    0314                             PICTURE X(13).                          
    0315            03  REVISION-THREE.                                      
    0316                04  REV3-STUD       PICTURE     9(4).                
    0317                04  REV3-TCH        PICTURE       99.                
    0318                04  REV3-REC        PICTURE       99.                
    0319                04  REV3-FILM       PICTURE       99.                
    0320                04  REV3-ISSUE.                                      
    0321                    05  REV3-ISS    PICTURE       99.                
    0322                    05  REV3-YEAR   PICTURE        9.                
    0323            03  REVISION-THREE-BLANK REDEFINES  REVISION-THREE       
    0324                            PICTURE  X(13).                          
    0325            03  TYPE-MASTER         PICTURE X.                       
    0326            03  MASTER-HOLD-CODE    PICTURE X.                       
    0327            03  LAST-SEMESTER.                                       
    0328                04  LAST-STUD       PICTURE   X(4).                  
    0329          04  LAST-STUN REDEFINES LAST-STUD PICTURE 9(4).            
    0330                04  LAST-TCH        PICTURE    XX.                   
    0331          04  LAST-TCN  REDEFINES LAST-TCH  PICTURE 99.              
    0332                04  LAST-XTC        PICTURE    XX.                   
    0333                04  LAST-REC        PICTURE    XX.                   
    0334            03  LASN REDEFINES LAST-SEMESTER.                        
    0335            04  LASN-STUD  PICTURE 9(4).                             
    0336            04  LASN-TCH   PICTURE 99.                               
    0337            04  FILLER     PICTURE X(4).                             
    0338            03  TRANS-INFO.                                          
    0339                04  MTRANS-CODE     PICTURE    X.                    
    0340                04  MBATCH-NUMBER   PICTURE   X(6).                  
    0341                04  MMAIL-NUMBER    PICTURE  XX.                     
    0342            03  FILLER              PICTURE   X(11).                 
    0343    01   SCHOOL-MASTER-WORK .                                     
    0344        02  ID-NUMBER.                                               
    0345            03  ZIP-CODE            PICTURE      9(5).               
    0346            03  SCH-NUMBER          PICTURE      999.                
    0347            03  ED-TCH-BLANK        PICTURE   X(5).                  
    0348            03  CHECK-DIGIT         PICTURE        9.                
    0349        02  REST-OF-MASTER-S.                                        
    0350            03  SCHOOL-NAME         PICTURE      X(20).              
    0351            03  STREET-ADDRESS      PICTURE      X(20).              
    0352            03  CITY-NAME           PICTURE      X(20).              
    0353            03  STATE-ALPHA         PICTURE       XX.                
    0354            03  STATE-CODE          PICTURE       XX.                
    0355            03  SR-CODE             PICTURE       XX.                
    0356            03  COUNTY              PICTURE      XXX.                
    0357            03  PP-ZONE             PICTURE        X.                
    0358            03  NEW-ZIP             PICTURE X(8).                    
    0359            03  HOLD-SCH            PICTURE          X.              
    0360            03  SEX                   PICTURE  X.                    
    0361            03  TYPESCH                 PICTURE  XX.                 
    0362            03  SCHSIZE                         PICTURE  X(4).       
    0363            03  STRANS-INFO.                                         
    0364                04  STRANS-CODE     PICTURE       X.                 
    0365                04  SBATCH-NUMBER   PICTURE      X(6).                   P R O G R A M   A 2 3 0 		COBOL 4(56)	15-MAR-73  07:55		PAGE 1-7

    0366                04  SMAIL-NUMBER    PICTURE       XX.                
    0367    01   ERROR-TABLE .                                            
    0368        02  ERROR-MSGS.                                              
    0369        03  EM01 PICTURE X(27)  VALUE "01.1ST REC IPMAST NOT SCHL.". 
    0370        03  EM02 PICTURE X(27)  VALUE "02.SAVE IP ENTER PROG DEPT .". 
	            ^

***				NON-NUMERIC LITERAL IN VALUE CLAUSE TRUNCATED TO SIZE OF ITEM

    0371        03  EM03 PICTURE X(27)  VALUE "03.END OF COACH AP CORRECT.". 
    0372        02  ERR-MSGS REDEFINES ERROR-MSGS.                           
    0373            03  MSG     PICTURE X(27) OCCURS 03 TIMES.               
    0374    01   CONSOLE-OUTPUT-AREA .                                    
    0375        02  FILLER              PICTURE X(10)   VALUE ".A230S   .".  
    0376        02  CONSOLE-MSG         PICTURE X(60)   VALUE SPACES.        
    0377    01   COMRG-INFO .                                             
    0378        02  COM-VARDATE         PICTURE X(8)    VALUE SPACES.        
    0379        02  COM-DATE            PICTURE X(6)    VALUE SPACES.        
    0380        02  COM-JULDAY          PICTURE X(3)    VALUE SPACES.        
    0381        02  COM-PROGNAME        PICTURE X(8)    VALUE SPACES.        
    0382        02  COM-PREPASS         PICTURE X(11)   VALUE SPACES.        
    0383        02  COM-UPSI            PICTURE X(8)    VALUE SPACES.        
    0384        02  COM-TIME            PICTURE X(8)    VALUE SPACES.        
    0385        02  FILLER              PICTURE X(4)    VALUE SPACES.        
    0386    PROCEDURE  DIVISION.                                              
    0387    HSK.                                                              
    0388        OPEN INPUT  INPUT-MASTER-FILE                                
    0389            OUTPUT OUTPUT-MASTER-FILE.                               
    0390        MOVE SPACES TO PRINTER,                                      
    0391            SCHOOL-MASTER-WORK  TEACHER-MASTER-WORK.                 
    0392        MOVE SPACES TO DETAIL-LINE.                                  
    0393    GET-DATE.                                                         
    0394        ENTER "GETCOMRG" USING COMRG-INFO.                            
	              ^

***				FATAL - 'MACRO' OR 'FORTRAN-IV' EXPECTED

    0395        MOVE COM-VARDATE TO RPT-DATE.                                
    0396    HEADING-ROUTINE.                                                  
    0397        ADD 1 TO PAGE-CTR.                                           
    0398        MOVE PAGE-CTR TO PAGE-EDIT.                                  
    0399        MOVE HDR1 TO PRINTER.                                        
    0400        MOVE "1" TO CC.                                              
    0401        PERFORM W-REC.                                               
    0402        MOVE HDR2 TO PRINTER.                                        
    0403        MOVE "0" TO CC.                                              
    0404        PERFORM W-REC.                                               
    0405        MOVE "0" TO CC.                                              
    0406        PERFORM W-REC.                                               
    0407        MOVE ZEROS TO LINE-COUNT.                                    
    0408    READ-MASTER.                                                      
    0409        READ INPUT-MASTER-FILE AT END GO TO EOJ.                     
    0410        ADD 1 TO RECORDS-IN.                                         
    0411    START-WITH-SCHOOL-RECORD.                                         
    0412        IF FIRST-RECORD IS EQUAL TO "Y" AND NOT SCH-RECORD           
    0413            MOVE 01 TO ERR-INC  PERFORM ERR-LOOKUP                       P R O G R A M   A 2 3 0 		COBOL 4(56)	15-MAR-73  07:55		PAGE 1-8

    0414            MOVE 02 TO ERR-INC GO TO ERR-LOOKUP.                     
    0415        MOVE "N" TO FIRST-RECORD.                                    
    0416    TST-IF-SCHOOL.                                                    
    0417        IF SCH-RECORD                                                
    0418            MOVE INPUT-SCHOOL-MASTER TO SCHOOL-MASTER-WORK           
    0419            GO TO WRITE-SCHOOL-RECORD.                               
    0420    MOVE-TCH-TO-WORKAREA.                                             
    0421        MOVE INPUT-TEACHER-MASTER TO TEACHER-MASTER-WORK.            
    0422        IF TYPE-MASTER IS EQUAL TO "A" NEXT SENTENCE ELSE            
    0423            GO TO WRITE-TEACHER-RECORD.                              
    0424    SELECT-COACH.                                                     
    0425        IF EDITION OF TEACHER-MASTER-WORK IS > "34" NEXT SENTENCE    
    0426            ELSE GO TO SELECT-FORECAST.                              
    0427        IF TYPESCH IS > "6E" OR                                      
    0428           TYPESCH IS > "8E" OR                                      
    0429           TYPESCH IS > "CE" NEXT SENTENCE ELSE                      
    0430            GO TO CONT-CHK-SCHL-AP.                                  
    0431        IF GRADE-AP IS > "8Q"                                        
    0432            GO TO WRITE-TEACHER-RECORD ELSE                          
    0433            MOVE "8Q" TO GRADE-AP GO TO SET-UP-PRINTER.              
    0434    CONT-CHK-SCHL-AP.                                                 
    0435        IF TYPESCH IS > " S" NEXT SENTENCE ELSE                      
    0436            GO TO TST-J3Q.                                           
    0437        IF GRADE-AP IS > "1Q"   GO TO WRITE-TEACHER-RECORD.          
    0438        MOVE "1Q" TO GRADE-AP GO TO SET-UP-PRINTER.                  
    0439    TST-J3Q.                                                          
    0440        IF TYPESCH IS > " J" NEXT SENTENCE ELSE                      
    0441            GO TO TST-JS2Q.                                          
    0442        IF GRADE-AP IS > "3Q" GO TO WRITE-TEACHER-RECORD.            
    0443        MOVE "3Q" TO GRADE-AP GO TO SET-UP-PRINTER.                  
    0444    TST-JS2Q.                                                         
    0445        IF TYPESCH IS > "JS" NEXT SENTENCE ELSE                      
    0446            GO TO TST-E8Q.                                           
    0447        IF GRADE-AP IS > "2Q" GO TO WRITE-TEACHER-RECORD.            
    0448        MOVE "2Q" TO GRADE-AP GO TO SET-UP-PRINTER.                  
    0449    TST-E8Q.                                                          
    0450        IF TYPESCH IS > " E" NEXT SENTENCE ELSE                      
    0451            GO TO TST-C4Q.                                           
    0452        IF GRADE-AP IS > "8Q" GO TO WRITE-TEACHER-RECORD.            
    0453        MOVE "8Q" TO GRADE-AP GO TO SET-UP-PRINTER.                  
    0454    TST-C4Q.                                                          
    0455        IF TYPESCH IS > " C" NEXT SENTENCE ELSE                      
    0456            GO TO TST-JCBQ.                                          
    0457        IF GRADE-AP IS > "4Q" GO TO WRITE-TEACHER-RECORD.            
    0458        MOVE "4Q" TO GRADE-AP GO TO SET-UP-PRINTER.                  
    0459    TST-JCBQ.                                                         
    0460        IF TYPESCH IS > "JC" NEXT SENTENCE ELSE                      
    0461            GO TO TST-CLAQ.                                          
    0462        IF GRADE-AP IS > "BQ" GO TO WRITE-TEACHER-RECORD.            
    0463        MOVE "BQ" TO GRADE-AP GO TO SET-UP-PRINTER.                  
    0464    TST-CLAQ.                                                         
    0465        IF TYPESCH IS > "CL" NEXT SENTENCE ELSE                      
    0466            GO TO WRITE-TEACHER-RECORD.                              
    0467        IF  GRADE-AP IS > "AQ" GO TO WRITE-TEACHER-RECORD.           
    0468        MOVE "AQ" TO GRADE-AP.                                       
    0469    SELECT-FORECAST.                                                      P R O G R A M   A 2 3 0 		COBOL 4(56)	15-MAR-73  07:55		PAGE 1-9

    0470        IF EDITION OF TEACHER-MASTER-WORK IS EQUAL TO "33"           
    0471            NEXT SENTENCE ELSE GO TO WRITE-TEACHER-RECORD.           
    0472        EXAMINE STUD-BLANK REPLACING ALL " " BY "0".                 
    0473        EXAMINE TCH-BLANK  REPLACING ALL " " BY "0".                 
    0474        EXAMINE REC-BLANK  REPLACING ALL " " BY "0".                 
    0475        COMPUTE SINGLES-CTR > STUD-COPY < PAID-TCH < RECS.           
	                            ^

***				FATAL - '=' EXPECTED

    0476        IF SINGLES-CTR IS EQUAL TO 1                                 
    0477                MOVE "1A" TO GRADE-AP                                
    0478                GO TO SET-UP-PRINTER.                                
    0479        GO TO WRITE-TEACHER-RECORD.                                  
    0480    SET-UP-PRINTER.                                                   
    0481        IF LINE-COUNT IS \ 56 PERFORM HEADING-ROUTINE.               
	                        1^2^

***				1) FATAL - INVALID CHARACTER
***				2) FATAL - RELATIONAL OPERATOR EXPECTED

    0482        MOVE ZIP-CODE OF TEACHER-MASTER-WORK TO ZIPP.                
	        ^

***				FATAL - STATEMENT EXPECTED

    0483        MOVE SCH-NUMBER OF TEACHER-MASTER-WORK TO SCHP.              
    0484        MOVE EDITION OF TEACHER-MASTER-WORK TO EDP.                  
    0485        MOVE TCH-NUMBER OF TEACHER-MASTER-WORK TO TCHP.              
    0486        MOVE TERM TO TERMP.                                          
    0487        MOVE FIRST-YR-TERM TO 1SEMP.                                 
    0488        MOVE SECOND-SEM TO 2SEMP.                                    
    0489        MOVE AMOUNT-PAID TO AMT-PDP.                                 
    0490        MOVE BALANCE-DUE TO BAL-DUEP.                                
    0491        MOVE STUD-COPY TO S-COPYP.                                   
    0492        MOVE PAID-TCH TO P-TCHP.                                     
    0493        MOVE TYPE-MASTER TO TYPEP.                                   
    0494        MOVE GRADE-AP OF TEACHER-MASTER-WORK TO FILLERCOM.           
    0495        ADD 1 TO TOTAL-ADJUSTED-RECORDS.                             
    0496        MOVE DETAIL-LINE TO PRINTER.                                 
    0497        MOVE SPACES TO DETAIL-LINE.                                  
    0498        MOVE " " TO CC.                                              
    0499    W-REC.                                                            
    0500        ENTER "PRTSPOOL" USING PRINTER.                               
	              ^

***				FATAL - 'MACRO' OR 'FORTRAN-IV' EXPECTED

    0501        ADD 1 TO LINE-COUNT.                                         
    0502        MOVE SPACES TO DATAREA.                                      
    0503    WRITE-TEACHER-RECORD.                                             
    0504        WRITE OUTPUT-TEACHER-MASTER FROM TEACHER-MASTER-WORK.        
    0505        MOVE SPACES TO TEACHER-MASTER-WORK.                          
    0506        MOVE ZEROS TO SINGLES-CTR.                                   
    0507        ADD 1 TO RECORDS-OUT.                                        
    0508        ADD 1 TO TEACHER-CTR.                                            P R O G R A M   A 2 3 0 		COBOL 4(56)	15-MAR-73  07:55		PAGE 1-10

    0509        GO TO READ-MASTER.                                           
    0510    WRITE-SCHOOL-RECORD.                                              
    0511        WRITE OUTPUT-SCHOOL-MASTER FROM SCHOOL-MASTER-WORK.          
    0512        MOVE SPACES TO SCHOOL-MASTER-WORK.                           
    0513        ADD 1 TO RECORDS-OUT.                                        
    0514        ADD 1 TO SCHOOL-CTR.                                         
    0515        GO TO READ-MASTER.                                           
    0516    EOJ.                                                              
    0517        PERFORM HEADING-ROUTINE.                                     
    0518        MOVE SPACES TO TOTALS-LINE.                                  
    0519        MOVE "RECORDS IN" TO TOTAL-LINE-ID.                          
    0520        MOVE RECORDS-IN TO TOTAL-LINE-COUNT.                         
    0521        MOVE TOTALS-LINE TO PRINTER.                                 
    0522        MOVE "0" TO CC.                                              
    0523        PERFORM W-REC.                                               
    0524        MOVE "RECORDS OUT" TO TOTAL-LINE-ID.                         
    0525        MOVE RECORDS-OUT TO TOTAL-LINE-COUNT.                        
    0526        MOVE TOTALS-LINE TO PRINTER.                                 
    0527        PERFORM W-REC.                                               
    0528        MOVE "SCHOOLS OUT"  TO TOTAL-LINE-ID                         
    0529        MOVE SCHOOL-CTR TO TOTAL-LINE-COUNT.                         
    0530        MOVE TOTALS-LINE TO PRINTER.                                 
    0531        PERFORM W-REC.                                               
    0532        MOVE "TEACHERS OUT" TO TOTAL-LINE-ID.                        
    0533        MOVE TEACHER-CTR TO TOTAL-LINE-COUNT.                        
    0534        MOVE TOTALS-LINE TO PRINTER.                                 
    0535        PERFORM W-REC.                                               
    0536        MOVE "TOTAL ADJUSTED RECORDS" TO TOTAL-LINE-ID.              
    0537        MOVE TOTAL-ADJUSTED-RECORDS TO TOTAL-LINE-COUNT.             
    0538        MOVE TOTALS-LINE TO PRINTER.                                 
    0539        PERFORM W-REC.                                               
    0540    CLOSE-FILES.                                                      
    0541        CLOSE  INPUT-MASTER-FILE, OUTPUT-MASTER-FILE.                
    0542        MOVE 03 TO ERR-INC PERFORM ERR-LOOKUP.                       
    0543        ENTER "UNITCLOS".                                             
	              ^

***				FATAL - 'MACRO' OR 'FORTRAN-IV' EXPECTED

    0544        STOP RUN.                                                    
    0545    ERR-LOOKUP.                                                       
    0546        MOVE MSG (ERR-INC) TO CONSOLE-MSG.                           
    0547        ENTER "CONSPOOL" USING CONSOLE-OUTPUT-AREA.                   
	              ^

***				FATAL - 'MACRO' OR 'FORTRAN-IV' EXPECTED

    0548    ABEND.                                                            
    0549        ENTER "DUMPSTOP".                                             
	             1^                                                      2^

***				1) FATAL - 'MACRO' OR 'FORTRAN-IV' EXPECTED
***				2) PERIOD ASSUMED

    0550    THATS-ALL-FOLKS.                                                  
    P R O G R A M   A 2 3 0 		COBOL 4(56)	15-MAR-73  07:55		PAGE 1-11

***				FATAL - STATEMENT EXPECTED
    P R O G R A M   A 2 3 0 		COBOL 4(56)	15-MAR-73  07:55		PAGE W-1

WARNINGS:

    0504  RIGHT-MOST TRUNCATION ON TEACHER-MASTER-WORK


14 FATAL ERRORS, 6 WARNINGS
   K@B 