    P R O G R A M   P A Y R O L 		COBOL 50A(107000)	12-MAY-73  07:52		PAGE 1
    BUSCH.CBL    12-MAY-73  07:52

    0001    IDENTIFICATION DIVISION.
    0002  
    0003    PROGRAM-ID.'PAYROLL'.
    0004    REMARKS.
    0005           ASSSIGN 1 RCB
    0006           MAY 9,1972.
    0007    ENVIRONMENT DIVISION.
    0008    INPUT-OUTPUT SECTION.
    0009    FILE-CONTROL.
    0010              SELECT MASTER
    0011    ;ASSIGN TO DSK;RECORDING MODE IS 
    0012    ASCII.
    0013               SELECT SPOOL;ASSIGN TO DSK;RECORDING MODE IS 
    0014    ASCII.
    0015               SELECT PAYREP;ASSIGN TO DSK;RECORDING MODE IS ASCII.
    0016    DATA DIVISION.
    0017    FILE SECTION.
    0018    FD MASTER
    0019    ;LABEL RECORDS ARE STANDARD;VALUE OF IDENTIFICATION 
    0020    IS 'MASTER
	       ^

***				FEWER THAN 9 CHARACTERS IN IDENTIFICATION
***				FATAL - NO ENDING QUOTE ON THIS LITERAL

    0021      '
	      ^^

***				FATAL - NO ENDING QUOTE ON THIS LITERAL
***				FATAL - IMPROPER CLAUSE
***				PERIOD ASSUMED

    0022    01 MSTR-REC.
    0023      02 LAST-NAME    PIC X(20).
    0024      02 FIRST-NAME    PIC X(15).
    0025      02  HOURS              PIC S9(2)V9.
    0026      02  RATE               PIC S9(2)V999.
    0027      02  TAXID.
    0028           03   T-1            PIC XXX.
    0029          03    T-2          PIC X(2).
    0030          03    T-3          PIC X(4).
    0031    FD SPOOL  VALUE OF IDENTIFICATION IS 'RCBDSPOOL'.
    0032    01  SPOOLED-REC    PIC X(70).
    0033    FD PAYREP  VALUE OF IDENTIFICATION IS 'RCBLISTIN'.
    0034    01 PRINTLINE               PIC X(70).
    0035    WORKING-STORAGE SECTION.
    0036    77 TOT-DOLLARS            PIC S9(5)V99 VALUE ZEROES COMP.
    0037    77 DOLLARS    PIC S9(5)V99  VALUE ZEROES COMP.
    0038    01 HEADING-1.
    0039      02 FILLER              PIC X(28) VALUE SPACES.
    0040      02 TITLE       PIC X(14) VALUE IS 'PAYROLL REPORT'.
    0041      02 FILLER       PIC  X(28)  VALUE SPACES.
    0042    01 HEADING-2.
    0043      02 FILLER PIC X(12) VALUE IS 'SOC-SEC     '.
    0044      02 FILLER PIC X(5) VALUE IS 'FIRST'.
    0045      02 FILLER PIC X(11) VALUE SPACES.    P R O G R A M   P A Y R O L 		COBOL 50A(107000)	12-MAY-73  07:52		PAGE 1-1
    BUSCH.CBL    12-MAY-73  07:52

    0046      02 FILLER PIC X(4) VALUE IS 'LAST'.
    0047      02 FILLER PIC X(17) VALUE SPACES.
    0048      02 FILLER PIC X(7) VALUE IS 'HOURS  '.
    0049      02 FILLER PIC X(7) VALUE IS 'HOURLY '.
    0050      02 FILLER PIC X(7) VALUE IS 'DOLLARS'.
    0051    01 HEADING-3.
    0052      02 FILLER PIC X(12) VALUE IS SPACES.
    0053      02 FILLER PIC X(4) VALUE IS 'NAME'.
    0054      02 FILLER PIC X(12) VALUE SPACES.
    0055      02 FILLER PIC X(4) VALUE IS 'NAME'.
    0056    
    0057     02 FILLER  PIC X(17) VALUE SPACES.
    0058      02 FILLER PIC X(7) VALUE IS 'WORKED'.
    0059      02 FILLER PIC X(7) VALUE IS 'RATE   '.
    0060      02 FILLER PIC X(7)  VALUE IS 'EARNED '.
    0061  
    0062    01 TOTAL-LINE.
    0063      02 FILLER PIC X(56) VALUE SPACES.
    0064      02 FILLER PIC X(7) VALUE IS 'TOTAL '.
    0065      02 PAY-DOLLARS PIC $$$$$$$.99.
    0066    01 DETAIL-LINE.
    0067      02 P-TAXID-1 PIC X(3).
    0068      02 FILLER PIC X VALUE '-'.
    0069      02 P-TAXID-2 PIC XX.
    0070      02 FILLER PIC X VALUE '-'.
    0071      02 P-TAXID-3 PIC X(4).
    0072     02  P-F-NAME PIC X(15).
    0073  
    0074     02 FILLER PIC X VALUE SPACES.
    0075      02 P-L-NAME PIC X(20).
    0076     02 FILLER PIC X VALUE SPACE.
    0077     02 P-HOURS PIC ZZ.9.
    0078     02 FILLER PIC XXXX VALUE SPACES.
    0079      02 P-RATE PIC 99.999.
    0080      02 FILLER PIC XX VALUE SPACES.
    0081      02 P-DOLLARS PIC $$$$$$.99.
    0082  
    0083    PROCEDURE DIVISION.
    0084    ONE-TIME.
    0085         OPEN INPUT MASTER
    0086    .
    0087         OPEN OUTPUT SPOOL PAYREP.
    0088    HEADING.
    0089         WRITE PRINTLINE FROM HEADING-1 BEFORE ADVANCING 2 LINES.
    0090         WRITE PRINTLINE FROM HEADING-2.
    0091         WRITE PRINTLINE FROM HEADING-3.
    0092         MOVE SPACES TO PRINTLINE.
    0093         WRITE SPOOLED-REC  FROM  HEADING-1.
    0094         WRITE SPOOLED-REC FROM PRINTLINE.
    0095          WRITE SPOOLED-REC FROM PRINTLINE.
    0096         WRITE SPOOLED-REC FROM HEADING-2.
    0097  
    0098        WRITE SPOOLED-REC FROM HEADING-3.
    0099    BEGINIT.
    0100          READ MASTER
    0101    AT END  GO TO EOJ-ROUT.    P R O G R A M   P A Y R O L 		COBOL 50A(107000)	12-MAY-73  07:52		PAGE 1-2
    BUSCH.CBL    12-MAY-73  07:52

    0102          COMPUTE DOLLARS=RATE*HOURS.
    0103          ADD DOLLARS TO TOT-DOLLARS.
    0104          MOVE DOLLARS TO P-DOLLARS.
    0105          MOVE LAST-NAME TO P-L-NAME.
    0106          MOVE FIRST-NAME TO P-F-NAME.
    0107          MOVE HOURS TO P-HOURS.
    0108          MOVE RATE TO P-RATE.
    0109           MOVE T-1 TO P-TAXID-1.
    0110          MOVE T-2 TO P-TAXID-2.
    0111          MOVE T-3 TO P-TAXID-3.
    0112          WRITE PRINTLINE FROM DETAIL-LINE.
    0113          WRITE SPOOLED-REC FROM DETAIL-LINE.
    0114           GO TO BEGINIT.
    0115  
    0116    EOJ-ROUT.
    0117          MOVE TOT-DOLLARS TO PAY-DOLLARS.
    0118          WRITE PRINTLINE FROM TOTAL-LINE AFTER  
    0119                  ADVANCING 1 LINES.
    0120          MOVE SPACES TO PRINTLINE.
    0121          WRITE SPOOLED-REC FROM PRINTLINE.
    0122          CLOSE MASTER
    0123    PAYREP SPOOL.
    0124           STOP RUN.    P R O G R A M   P A Y R O L 		COBOL 50A(107000)	12-MAY-73  07:52		PAGE W-1
    BUSCH.CBL    12-MAY-73  07:52

WARNINGS:

    0102  LEAST SIGNIFICANT DIGITS TRUNCATED ON DOLLARS
    0112  RIGHT-MOST TRUNCATION ON DETAIL-LINE
    0113  RIGHT-MOST TRUNCATION ON DETAIL-LINE
    0118  RIGHT-MOST TRUNCATION ON TOTAL-LINE


3 FATAL ERRORS, 6 WARNINGS
