    P R O G R A M   S A L E S U 		COBOL 3A(43)-1	 2-JUN-72  13:48		PAGE 1

    0001   001010   IDENTIFICATION DIVISION.                                         
    0002   001030   AUTHOR.  DAVID R CHRISTY.                                        
    0003   001020   PROGRAM-ID.  SALESU                                              
    0004   001040   DATE-WRITTEN.  11/25/70.                                         
    0005   001050   ENVIRONMENT DIVISION.                                            
    0006   001060   INPUT-OUTPUT SECTION.                                            
    0007   001070   FILE-CONTROL.                                                    
    0008   001080       SELECT INVOIC, ASSIGN TO DSK RECORDING MODE IS ASCII.        
    0009   001090       SELECT CURR, ASSIGN TO  DSK RECORDING MODE IS ASCII.         
    0010   001100       SELECT REPT,    ASSIGN TO  DSK RECORDING MODE IS ASCII.      
    0011   001110       SELECT DIST ASSIGN TO  DSK RECORDING MODE IS ASCII.          
    0012   002010   DATA DIVISION.                                                   
    0013   002020   FILE SECTION.                                                    
    0014   002030   FD  INVOIC   VALUE OF IDENTIFICATION IS "INVOIC   ".             
    0015   002060   01  CURRENT-INVOICE.                                             
    0016   002070         05 DATE-OF-REPORT     PICTURE X(8).                        
    0017   002090         05 FILLER             PICTURE X(22).                       
    0018   002100         05 DATA-CHK           PICTURE X(26).                       
    0019   002110         05 FILLER             PICTURE X(24).                       
    0020   004010   FD  CURR   VALUE OF IDENTIFICATION IS "CURRRRDAT".               
    0021   004040   01  C-T-REC.                                                     
    0022   004050       05 GEN-INFO.                                                 
    0023   004060         10 SMANS-CODE         PICTURE X.                           
    0024   004070         10 DIST-NO            PICTURE X(4).                        
    0025   004080         10 PART-NO            PICTURE X(14).                       
    0026   004090         10 INV-NO             PICTURE 9(5).                        
    0027   004100       05  DATE.                                                    
    0028   004110         10 MO                 PICTURE XX.                          
    0029   004120         10 DAY                PICTURE XX.                          
    0030   004130         10 YR                 PICTURE XX.                          
    0031   004135       05 FILLER               PICTURE XX.                          
    0032   004140       05 UNIT-COST            PICTURE S9(4)V99 USAGE COMPUTATIONAL.
    0033   004150       05 EXT-GROSS            PICTURE S9(6)V99 USAGE COMPUTATIONAL.
    0034   004160       05 UNIT-PRICE           PICTURE S9(5)V99 USAGE COMPUTATIONAL.
    0035   004170       05 DISCOUNTS  USAGE COMPUTATIONAL.                           
    0036   004180         10 DISC-1             PICTURE S99V9.                       
    0037   004190         10 DISC-2             PICTURE S99V9.                       
    0038   004200         10 DISC-3             PICTURE S99V9.                       
    0039   004210       05 QTY                  PICTURE S9(4)    USAGE COMPUTATIONAL.
    0040   004220       05 TOT-NET-SALE-1       PICTURE S9(6)V99 USAGE COMPUTATIONAL.
    0041   004230       05 DIR-DRP-CODE         PICTURE X.                           
    0042   004235       05 FILLER               PICTURE XXX.                         
    0043   005010   FD  REPT   VALUE OF IDENTIFICATION IS "REPTTTDAT".               
    0044   005040   01  BAL-TRANS-OUT.                                               
    0045   005050       05 GENRL-INFO.                                               
    0046   005060         10 FILLER             PICTURE X(5).                        
    0047   005070         10 SMANS-CODE         PICTURE X.                           
    0048   005080         10 DIST-NO            PICTURE X(4).                        
    0049   005090         10 FILLER             PICTURE X(5).                        
    0050   005100         10 PART-NO            PICTURE X(14).                       
    0051   005110         10 FILLER             PICTURE X(3).                        
    0052   005120         10 INV-NO             PICTURE Z9(4).                       
    0053   005130         10 FILLER             PICTURE X(5).                        
    0054   005140       05 DATE.                                                     
    0055   005150         10 MO                 PICTURE XX.                          
    0056   005160         10 SEP-1              PICTURE X.                               P R O G R A M   S A L E S U 		COBOL 3A(43)-1	 2-JUN-72  13:48		PAGE 1-1

    0057   005170         10 DAY                PICTURE XX.                          
    0058   005180         10 SEP-2              PICTURE X.                           
    0059   005190         10 YR                 PICTURE XX.                          
    0060   005200         10 FILLER             PICTURE X(3).                        
    0061   005210       05 UNIT-COST            PICTURE Z,ZZ9.99.                    
    0062   005220       05 FILLER               PICTURE X(3).                        
    0063   006010       05 EXT-GROSS            PICTURE ZZZ,ZZ9.99-.                 
    0064   006020       05 FILLER               PICTURE X(4).                        
    0065   006030       05 UNIT-PRICE           PICTURE ZZ,ZZ9.99.                   
    0066   006040       05 FILLER               PICTURE X(5).                        
    0067   006050       05 DISCOUNTS.                                                
    0068   006060         10 DISC-1             PICTURE 990.                         
    0069   006070         10 SEP-3              PICTURE X.                           
    0070   006080         10 DISC-2             PICTURE 990.                         
    0071   006090         10 SEP-4              PICTURE X.                           
    0072   006100         10 DISC-3             PICTURE 990.                         
    0073   006110         10 FILLER             PICTURE X(4).                        
    0074   006120       05 QTY                  PICTURE Z,ZZ9-.                      
    0075   006130       05 FILLER               PICTURE X(5).                        
    0076   006140       05 TOT-NET-SALE-2       PICTURE ZZZ,ZZ9.99-.                 
    0077   006150       05 FILLER               PICTURE X(3).                        
    0078   006160   01  INV-TOTALS-OUT.                                              
    0079   006170       05 FILLER               PICTURE X(25).                       
    0080   006180       05 LINE-LABEL-1         PICTURE X(36).                       
    0081   006190       05 COST-TOTAL           PICTURE ZZ,ZZZ,ZZ9.99-.              
    0082   006200       05 AST-1                PICTURE X(2).                        
    0083   006210       05 FILLER               PICTURE X(29).                       
    0084   006220       05 QTY-TOTAL            PICTURE ZZZ,ZZ9-.                    
    0085   006230       05 FILLER               PICTURE X(2).                        
    0086   006240       05 NET-SALE-TOTAL       PICTURE ZZ,ZZZ,ZZ9.99-.              
    0087   006250       05 AST-2                PICTURE X(2).                        
    0088   006260       05 FILLER               PICTURE X.                           
    0089   006270   FD  DIST   VALUE OF IDENTIFICATION IS "DISTTD   ".               
    0090   006310   01  DIST-ID-ENTRY.                                               
    0091   006320         05 DIST-NO-ID         PICTURE X(4).                        
    0092   006330         05 DIST-NAME          PICTURE X(24).                       
    0093   006340         05 FILLER             PICTURE X(28).                       
    0094   006350         05 ITEM-3             PICTURE S9(5) COMPUTATIONAL.         
    0095   006360         05 FILLER             PICTURE X(40).                       
    0096   007010   WORKING-STORAGE SECTION.                                         
    0097   007015     77 I                     PICTURE S99 COMPUTATIONAL.            
    0098   007040     77 PAGE-CTR          PICTURE S99 VALUE 1 USAGE COMPUTATIONAL.  
    0099   007050     77 SKIP-TO-NEXT-PAGE      PICTURE 9      VALUE   1.            
    0100   007060     77 LINE-CTR          PICTURE S99         USAGE COMPUTATIONAL.  
    0101   007080     77 OLD-INV-NO             PICTURE 9(5).                        
    0102   007090     77 GROSS-CST-INV-TOT   PICTURE S9(8)V99 VALUE 0 COMPUTATIONAL. 
    0103   007100     77 GROSS-CST-GRAND-TOT PICTURE S9(8)V99 VALUE 0 COMPUTATIONAL. 
    0104   007110     77 NET-SALE-INV-TOT    PICTURE S9(8)V99 VALUE 0 COMPUTATIONAL. 
    0105   007120     77 NET-SALE-GRAND-TOT  PICTURE S9(8)V99 VALUE 0 COMPUTATIONAL. 
    0106   007130     77 QTY-INV-TOT         PICTURE S9(6)    VALUE 0 COMPUTATIONAL. 
    0107   007140     77 QTY-GRAND-TOT       PICTURE S9(6)    VALUE 0 COMPUTATIONAL. 
    0108   007150     77 ASTER                  PICTURE XX          VALUE '**'.      
    0109   008010   01  MAST-REPORT-HD.                                              
    0110   008020         05 FILLER             PICTURE X(8)   VALUE SPACES.         
    0111   008030         05 FILLER             PICTURE X(24)  VALUE                 
    0112   008040                          'DRAGON VALVES, INC.     '.                   P R O G R A M   S A L E S U 		COBOL 3A(43)-1	 2-JUN-72  13:48		PAGE 1-2

    0113   008050         05 FILLER             PICTURE X(11)  VALUE SPACES.         
    0114   008060         05 FILLER             PICTURE X(20)  VALUE                 
    0115   008070                          '** SALES ANALYSIS **'.                   
    0116   008080         05 FILLER             PICTURE X(8)   VALUE SPACES.         
    0117   008090         05 FILLER             PICTURE X(12)  VALUE 'REPORT BAL  '. 
    0118   008100         05 FILLER             PICTURE X(6)   VALUE SPACES.         
    0119   008110         05 FILLER             PICTURE X(7)   VALUE 'AS OF  '.      
    0120   008120         05 REPT-DATE          PICTURE X(8).                        
    0121   008130         05 FILLER             PICTURE X(17)  VALUE SPACES.         
    0122   008140         05 FILLER             PICTURE X(10)  VALUE 'PAGE NO. '.    
    0123   008150         05 PAGE-NO            PICTURE Z9.                          
    0124   009010   01  REPORT-SUB-HD-1.                                             
    0125   009020         05 FILLER             PICTURE X(6)   VALUE SPACES.         
    0126   009030         05 FILLER             PICTURE X(5)   VALUE 'DIST.'.        
    0127   009040         05 FILLER             PICTURE X(7)   VALUE SPACES.         
    0128   009050         05 FILLER             PICTURE X(4)   VALUE 'PART'.         
    0129   009060         05 FILLER             PICTURE X(10)  VALUE SPACES.         
    0130   009070         05 FILLER             PICTURE X(7)   VALUE 'INVOICE'.      
    0131   009080         05 FILLER             PICTURE X(6)   VALUE SPACES.         
    0132   009090         05 FILLER             PICTURE X(4)   VALUE 'DATE'.         
    0133   009100         05 FILLER             PICTURE X(5)   VALUE SPACES.         
    0134   009110         05 FILLER             PICTURE X(24)  VALUE                 
    0135   009120                        '- - - - -COST- - - - -  '.                 
    0136   009125         05 FILLER             PICTURE X(5) VALUE SPACES.           
    0137   009130         05 FILLER             PICTURE X(47)  VALUE                 
    0138   009140                 '- - - - - - - - - -SALES- - - - - - - - - - - -'. 
    0139   010010   01  REPORT-SUB-HD-2.                                             
    0140   010020         05 FILLER             PICTURE X(7)   VALUE SPACES.         
    0141   010030         05 FILLER             PICTURE X(3)   VALUE 'NO.'.          
    0142   010040         05 FILLER             PICTURE X(7)   VALUE SPACES.         
    0143   010050         05 FILLER             PICTURE X(6)   VALUE 'NUMBER'.       
    0144   010060         05 FILLER             PICTURE X(9)   VALUE SPACES.         
    0145   010070         05 FILLER             PICTURE X(6)   VALUE 'NUMBER'.       
    0146   010080         05 FILLER             PICTURE X(17)  VALUE SPACES.         
    0147   010100         05 FILLER             PICTURE X(9)   VALUE 'U/PRICE'.      
    0148   010110         05 FILLER             PICTURE X(2)   VALUE SPACES.         
    0149   010120         05 FILLER             PICTURE X(9)   VALUE 'EXT GROSS'.    
    0150   010130         05 FILLER             PICTURE X(7)   VALUE SPACES.         
    0151   010140         05 FILLER             PICTURE X(7)   VALUE 'U/PRICE'.      
    0152   010150         05 FILLER             PICTURE X(5)   VALUE SPACES.         
    0153   010160         05 FILLER             PICTURE X(8)   VALUE 'DISCOUNT'.     
    0154   010170         05 FILLER             PICTURE X(8)   VALUE SPACES.         
    0155   010180         05 FILLER             PICTURE X(3)   VALUE 'QTY'.          
    0156   010190         05 FILLER             PICTURE X(5)   VALUE SPACES.         
    0157   010200         05 FILLER             PICTURE X(13)  VALUE 'TOT NET SALES'.
    0158   010210   01  BILLER.                                                      
    0159   010220         05 D-NO       OCCURS 75 TIMES PICTURE X(4).                
    0160   010230   01  CILLER.                                                      
    0161   010240         05 D-NAM      OCCURS 75 TIMES PICTURE X(24).               
    0162   010300   01  CURR-INVOICE.                                                
    0163   010310       05 GEN-INFO.                                                 
    0164   010320         10 SMANS-CODE         PICTURE X.                           
    0165   010330         10 DIST-NO            PICTURE X(4).                        
    0166   010340         10 PART-NO            PICTURE X(14).                       
    0167   010350         10 INV-NO             PICTURE 9(5).                        
    0168   010360       05 DATE.                                                         P R O G R A M   S A L E S U 		COBOL 3A(43)-1	 2-JUN-72  13:48		PAGE 1-3

    0169   010370         10 MO                 PICTURE XX.                          
    0170   010380         10 DAY                PICTURE XX.                          
    0171   010390         10 YR                 PICTURE XX.                          
    0172   010400       05 UNIT-COST            PICTURE 9(4)V99.                     
    0173   010410       05 UNIT-PRICE           PICTURE 9(5)V99.                     
    0174   010420       05 DISCOUNTS.                                                
    0175   010430         10 DISC-1-IN          PICTURE 99V9.                        
    0176   010440         10 DISC-2-IN          PICTURE 99V9.                        
    0177   010450         10 DISC-3-IN          PICTURE 99V9.                        
    0178   010460       05 QTY                  PICTURE 9(4).                        
    0179   010470       05 FILLER               PICTURE X(3).                        
    0180   010480       05 DIR-DROP-CODE        PICTURE X.                           
    0181   010490           88 DIRCT                           VALUE SPACE.          
    0182   010500           88 DROP                            VALUE '1'.            
    0183   010510       05 DEBIT-CREDIT-CODE    PICTURE X.                           
    0184   010520           88 DEBIT                           VALUE SPACE.          
    0185   010530           88 CREDIT                          VALUE '1'.            
    0186   010540       05 FILLER               PICTURE X(19).                       
    0187   010560   PROCEDURE DIVISION.                                              
    0188   010570     GET-DIST-ID-ARRAY.                                             
    0189   010580       OPEN INPUT DIST.                                             
    0190   010590         MOVE ZERO TO I.                                            
    0191   010600     LOAD-ID-ARRAY.                                                 
    0192   010610       READ DIST, AT END GO TO CLOSE-DIST.                          
    0193   010620           ADD 1 TO I.                                              
    0194   010630           MOVE DIST-NO-ID TO D-NO (I).                             
    0195   010640           MOVE DIST-NAME TO D-NAM (I).                             
    0196   010650       IF  ITEM-3 GREATER THAN 99990, GO TO CLOSE-DIST.             
    0197   010660         IF I LESS THAN 75, GO TO LOAD-ID-ARRAY, ELSE MOVE SPACES   
    0198   010670           TO BAL-TRANS-OUT, WRITE BAL-TRANS-OUT AFTER              
    0199   010690                SKIP-TO-NEXT-PAGE, DISPLAY                          
    0200   010700                'ERROR    DIST GT 75 ENTRIES',                      
    0201   010710                PERFORM CLOSE-DIST, STOP RUN.                       
    0202   010720     CLOSE-DIST.                                                    
    0203   010730       CLOSE DIST.                                                  
    0204   011020     PREP-FOR-REPORT-BAL.                                           
    0205   011030       OPEN INPUT INVOIC, OUTPUT CURR,                              
    0206   011040            REPT.                                                   
    0207   011050       READ INVOIC, AT END GO TO QUIT.                              
    0208   011060       MOVE DATE-OF-REPORT TT-DATE.                            
    0209   011080     WRITE-HEADINGS.                                                
    0210   011090       MOVE PAGE-CTR TO PAGE-NO.                                    
    0211   011100       WRITE BAL-TRANS-OUT FROM MAST-REPORT-HD AFTER                
    0212   011110           SKIP-TO-NEXT-PAGE.                                       
    0213   011120       WRITE BAL-TRANS-OUT FROM REPORT-SUB-HD-1 AFTER 2 LINES.      
    0214   011130       WRITE BAL-TRANS-OUT FROM REPORT-SUB-HD-2 AFTER 1 LINES.      
    0215   011140       MOVE SPACES TO BAL-TRANS-OUT.                                
    0216   011150       WRITE BAL-TRANS-OUT AFTER 1 LINES.                           
    0217   011160       MOVE ZEROS TO LINE-CTR.                                      
    0218   011170       ADD 1 TO PAGE-CTR.                                           
    0219   011180     PREPARE-CURRENT-TRANSACTIONS.                                  
    0220   011190       READ INVOIC, AT END GO TO QUIT.                              
    0221   011195         PERFORM DATA-TEST THRU DUM-EXIT.                           
    0222   011200       MOVE INV-NO IN CURR-INVOICE TO OLD-INV-NO.                   
    0223   011210     TEST-FOR-VALID-DIST-NO.                                        
    0224   011220         MOVE 1 TO I.                                                   P R O G R A M   S A L E S U 		COBOL 3A(43)-1	 2-JUN-72  13:48		PAGE 1-4

    0225   011230     NEXT-ID-NO.                                                    
    0226   011240       IF D-NO (I) EQUAL TO DIST-NO IN CURR-INVOICE GO TO           
    0227   011250           SET-UP-C-T-REC.                                          
    0228   011260       IF D-NO (I) NOT GREATER THAN DIST-NO IN CURR-INVOICE,        
    0229   011270           ADD 1 TO I, GO TO NEXT-ID-NO.                            
    0230   011280         MOVE '****' TO DIST-NO IN CURR-INVOICE.                    
    0231   012010     SET-UP-C-T-REC.                                                
    0232   012020       IF CREDIT, COMPUTE QTY IN C-T-REC = - QTY IN CURR-INVOICE,   
    0233   012030           ELSE MOVE QTY IN CURR-INVOICE TO QTY IN C-T-REC.         
    0234   012040       MOVE GEN-INFO IN CURR-INVOICE TO GEN-INFO IN C-T-REC.        
    0235   012050       MOVE DATE IN CURR-INVOICE TO DATE IN C-T-REC.                
    0236   012060       MOVE UNIT-COST IN CURR-INVOICE TO UNIT-COST IN C-T-REC.      
    0237   012070       COMPUTE EXT-GROSS IN C-T-REC         = QTY IN C-T-REC *      
    0238   012080           UNIT-COST IN C-T-REC.                                    
    0239   012090       MOVE UNIT-PRICE IN CURR-INVOICE TO UNIT-PRICE IN C-T-REC.    
    0240   012100         MOVE DISC-1-IN TO DISC-1 IN C-T-REC.                       
    0241   012102         MOVE DISC-2-IN TO DISC-2 IN C-T-REC.                       
    0242   012104         MOVE DISC-3-IN TO DISC-3 IN C-T-REC.                       
    0243   012110       COMPUTE TOT-NET-SALE-1 ROUNDED = (1.0 - DISC-1-IN / 100.0) * 
    0244   012120         (1.0 - DISC-2-IN / 100.0) * (1.0 - DISC-3-IN / 100.0) *    
    0245   012130           UNIT-PRICE IN C-T-REC * QTY IN C-T-REC.                  
    0246   012140       MOVE DIR-DROP-CODE TO DIR-DRP-CODE.                          
    0247   012150     TEST-FOR-INVOICE-CHANGE.                                       
    0248   012160       IF INV-NO IN CURR-INVOICE IS EQUAL TO OLD-INV-NO,            
    0249   012170           GO TO DO-SUB-TOTALS.                                     
    0250   012180     SUB-TOTALS-OUT.                                                
    0251   012190       MOVE SPACES TO INV-TOTALS-OUT.                               
    0252   012200       MOVE 'INVOICE TOTALS' TO LINE-LABEL-1.                       
    0253   012210       MOVE GROSS-CST-INV-TOT TO COST-TOTAL.                        
    0254   013010       MOVE ASTER TO AST-1, AST-2.                                  
    0255   013020       MOVE QTY-INV-TOT TO QTY-TOTAL.                               
    0256   013030       MOVE NET-SALE-INV-TOT TO NET-SALE-TOTAL.                     
    0257   013040     ADD-TO-GRAND-TOTALS.                                           
    0258   013050       ADD GROSS-CST-INV-TOT TO GROSS-CST-GRAND-TOT.                
    0259   013060       ADD NET-SALE-INV-TOT TO NET-SALE-GRAND-TOT.                  
    0260   013070       ADD QTY-INV-TOT TO QTY-GRAND-TOT.                            
    0261   013080     CLEAR-INV-TOTALS.                                              
    0262   013090       MOVE ZEROS TO GROSS-CST-INV-TOT, NET-SALE-INV-TOT,           
    0263   013100           QTY-INV-TOT.                                             
    0264   013110       WRITE INV-TOTALS-OUT AFTER ADVANCING 1 LINES.                
    0265   013120       MOVE SPACES TO INV-TOTALS-OUT.                               
    0266   013130       WRITE INV-TOTALS-OUT AFTER ADVANCING 1 LINES.                
    0267   013140       MOVE INV-NO IN CURR-INVOICE TO OLD-INV-NO.                   
    0268   013150       ADD 2 TO LINE-CTR.                                           
    0269   013160     DO-SUB-TOTALS.                                                 
    0270   013170       ADD EXT-GROSS IN C-T-REC TO GROSS-CST-INV-TOT.               
    0271   013180       ADD QTY IN C-T-REC TO QTY-INV-TOT.                           
    0272   013190       ADD TOT-NET-SALE-1 TO NET-SALE-INV-TOT.                      
    0273   013200       IF LINE-CTR GREATER THAN 52 PERFORM WRITE-HEADINGS.          
    0274   013210     SET-UP-PRINT-REC.                                              
    0275   013215         MOVE SPACES TO BAL-TRANS-OUT.                              
    0276   013220       MOVE SMANS-CODE IN C-T-REC TO SMANS-CODE IN BAL-TRANS-OUT.   
    0277   014010       MOVE DIST-NO IN C-T-REC TO DIST-NO IN BAL-TRANS-OUT.         
    0278   014020       MOVE PART-NO IN C-T-REC TO PART-NO IN BAL-TRANS-OUT.         
    0279   014030       MOVE INV-NO IN C-T-REC TO INV-NO IN BAL-TRANS-OUT.           
    0280   014040       MOVE MO IN C-T-REC TO MO IN BAL-TRANS-OUT.                       P R O G R A M   S A L E S U 		COBOL 3A(43)-1	 2-JUN-72  13:48		PAGE 1-5

    0281   014050       MOVE '/' TO SEP-1, SEP-2.                                    
    0282   014060       MOVE DAY IN C-T-REC TO DAY IN BAL-TRANS-OUT.                 
    0283   014070       MOVE YR IN C-T-REC TO YR IN BAL-TRANS-OUT.                   
    0284   014080       MOVE UNIT-COST IN C-T-REC TO UNIT-COST IN BAL-TRANS-OUT.     
    0285   014090       MOVE EXT-GROSS IN C-T-REC TO EXT-GROSS IN BAL-TRANS-OUT.     
    0286   014100       MOVE UNIT-PRICE IN C-T-REC TO UNIT-PRICE IN BAL-TRANS-OUT.   
    0287   014110       MOVE DISC-1 IN C-T-REC TO DISC-1 IN BAL-TRANS-OUT.           
    0288   014120       MOVE '-' TO SEP-3, SEP-4.                                    
    0289   014130       MOVE DISC-2 IN C-T-REC TO DISC-2 IN BAL-TRANS-OUT.           
    0290   014140       MOVE DISC-3 IN C-T-REC TO DISC-3 IN BAL-TRANS-OUT.           
    0291   014150       MOVE QTY IN C-T-REC TO QTY IN BAL-TRANS-OUT.                 
    0292   014160       MOVE TOT-NET-SALE-1 TO TOT-NET-SALE-2.                       
    0293   014170     OUTPUT-BAL-TRANS-AND-C-T-REC.                                  
    0294   014180       WRITE BAL-TRANS-OUT AFTER ADVANCING 1 LINES.                 
    0295   014190       MOVE SPACES TO BAL-TRANS-OUT.                                
    0296   014200       ADD 1 TO LINE-CTR.                                           
    0297   014210       WRITE C-T-REC.                                               
    0298   014220       MOVE SPACES TO C-T-REC.                                      
    0299   015010     GET-NEXT-RECORD.                                               
    0300   015020       READ INVOIC, AT END PERFORM SUB-TOTALS-OUT THRU              
    0301   015030           CLEAR-INV-TOTALS, GO TO OUTPUT-GRAND-TOTALS.             
    0302   015035         PERFORM DATA-TEST THRU DUM-EXIT.                           
    0303   015040       GO TO TEST-FOR-VALID-DIST-NO.                                
    0304   015050     OUTPUT-GRAND-TOTALS.                                           
    0305   015060       MOVE 'FINAL TOTALS - CURRENT' TO LINE-LABEL-1.               
    0306   015070       MOVE GROSS-CST-GRAND-TOT TO COST-TOTAL.                      
    0307   015080       MOVE ASTER TO AST-1, AST-2.                                  
    0308   015090       MOVE NET-SALE-GRAND-TOT TO NET-SALE-TOTAL.                   
    0309   015100       MOVE QTY-GRAND-TOT TO QTY-TOTAL.                             
    0310   015110       WRITE INV-TOTALS-OUT AFTER ADVANCING 3 LINES.                
    0311   015120     QUIT.                                                          
    0312   015130       CLOSE REPT, CURR, INVOIC.                                    
    0313   015140       STOP RUN.                                                    
    0314   015150     DATA-TEST.                                                     
    0315   015160       EXAMINE DATA-CHK REPLACING ALL ' ' BY '0'.                   
    0316   016015       MOVE CURRENT-INVOICE TO CURR-INVOICE.                        
    0317   016020       IF UNIT-COST IN CURR-INVOICE NOT NUMERIC MOVE ZEROS TO       
    0318   016030           UNIT-COST IN CURR-INVOICE.                               
    0319   016040       IF UNIT-PRICE IN CURR-INVOICE NOT NUMERIC MOVE ZEROS TO      
    0320   016050           UNIT-PRICE IN CURR-INVOICE.                              
    0321   016060       IF DISC-1-IN NOT NUMERIC MOVE ZEROS TO DISC-1-IN.            
    0322   016070       IF DISC-2-IN NOT NUMERIC MOVE ZEROS TO DISC-2-IN.            
    0323   016080       IF DISC-3-IN NOT NUMERIC MOVE ZEROS TO DISC-3-IN.            
    0324   016090       IF QTY IN CURR-INVOICE NOT NUMERIC MOVE ZEROS TO             
    0325   016100           QTY IN CURR-INVOICE.                                     
    0326   016140     DUM-EXIT.  EXIT.                                               
    0327       P R O G R A M   S A L E S U 		COBOL 3A(43)-1	 2-JUN-72  13:48		PAGE W-1

WARNINGS:

    0237  MOST SIGNIFICANT DIGITS TRUNCATED ON EXT-GROSS
    0287  LEAST SIGNIFICANT DIGITS TRUNCATED ON DISC-1
    0289  LEAST SIGNIFICANT DIGITS TRUNCATED ON DISC-2
    0290  LEAST SIGNIFICANT DIGITS TRUNCATED ON DISC-3


NO FATAL ERRORS, 4 WARNINGS
    ='hÿ