INSPF.F4	F40	V26(10)	15-MAY-73	15:25	PAGE 1


  		      C **************METHOD OF INSPECTION EXECUTOR********
INSPF.F4	F40	V26(10)	15-MAY-73	15:25	PAGE 2


  		      C****************************************************************
  		      C*     COPYRIGHT        TEKTRONIX, INC    1973
  		      C*                       BEAVERTON, OREGON
  		      C*     PLOT-10/DECISION MAKER RELEASE 1.0 - VERSION 1
  		      C*               MODIFICATION LEVEL 0
  		      C****************************************************************
  		             SUBROUTINE INSPF
  		            COMMON /GAMA1/ IFOR, WA(2560)
  		            DATA BLK,DOL,YES/' ','$','YES'/
  		            CALL MESAGE(1)
  		            READ(5,100)FFSN
  		            IF(FFSN.EQ.BLK.OR.FFSN.EQ.DOL)RETURN
  		      100   FORMAT(A4)
  		            CALL MESAGE(8)
  		            READ(5,100)ANS
  		            CALL NEWPAG
  		             CALL WRITEL(' ',0)
  		            CALL READER
  		            CALL SEGGET(FFSN,JJ)
  		            IF(JJ.EQ.0)RETURN
  		            ID=WA(JJ+14)
  		            PPY=WA(JJ+ID)
  		            WA(JJ+9)=WA(JJ+9)+PPY
  		             IF(ANS.EQ.YES)WA(JJ+9)=WA(JJ+9)+512
  		            CALL DISFRO(WA(JJ),1)
  		             IF(ANS.EQ.YES)WA(JJ+9)=WA(JJ+9)-512
  		            WA(JJ+9)=WA(JJ+9)-PPY
  		            CALL ENDGET(KK)
  		            KK=KK+2
  		            L=JJ-2
  		            IEND=WA(L)
  		            LEN=IEND-L
  		            DO 10 I=1,LEN+1
  		      10    WA(KK+I)=WA(JJ+I-2)
  		            LL=WA(KK+2)
  		      12    IF(WA(LL+KK+1).EQ.0)GO TO 11
  		            LL=WA(LL+KK+1)
  		            GO TO 12
  		      11       CALL GRIN(WA(KK+2),LL)
  		            CALL MESAGE(4)
  		            READ(5,100)FFSN
  		            IF(FFSN.EQ.BLK.OR.FFSN.EQ.DOL)RETURN
  		            CALL SEGSAV(FFSN,WA(KK+2))
  		            CALL WRITER
  		            RETURN
  		            END

CONSTANTS

0	000000000001	1	000000000010	2	201004020100	3	000000000000	4	000000000004

COMMON

INSPF.F4	F40	V26(10)	15-MAY-73	15:25	PAGE 3


IFOR  	/GAMA1 /+0	WA    	/GAMA1 /+1	

SUBPROGRAMS

MESAGE	ALPHO.	ALPHI.	NEWPAG	WRITEL	READER	SEGGET	INT   	DISFRO	ENDGET	GRIN  	SEGSAV	WRITER	

SCALARS

INSPF 	243		BLK   	244		DOL   	245		YES   	246		FFSN  	247	
ANS   	250		JJ    	251		ID    	252		PPY   	253		KK    	254	
L     	255		IEND  	256		LEN   	257		I     	260		LL    	261	
IFOR  	0		

ARRAYS

WA    	1		

 INSPF
