    P R O G R A M   C O B O L . 		COBOL 4(56)	26-MAR-73  11:16		PAGE 1

    0001    IDENTIFICATION DIVISION.
    0002    ENVIRONMENT DIVISION.
    0003    INPUT-OUTPUT SECTION.
    0004    FILE-CONTROL.
    0005           SELECT IPFILE ASSIGN TO DSK
    0006           ACCESS MODE IS INDEXED
    0007           SYMBOLIC KEY IS ISAM-SYM-KEY
    0008           RECORD KEY IS ISAM-REC-KEY.
    0009    DATA DIVISION.
    0010    FILE SECTION.
    0011    FD      IPFILE VALUE OF ID IS 'ISAMIPIDX'
    0012           BLOCK CONTAINS 5 RECORDS.
    0013    01      IPREC.
    0014           05 FILLER PIC X(6).
    0015           05 ISAM-REC-KEY PIC S9(5).
    0016           05 FILLER PIC X(4).
    0017    WORKING-STORAGE SECTION.
    0018    77      ISAM-SYM-KEY PIC S9(5).
    0019    01      IP-AREA.
    0020           05 EMP-NAME PIC X(6).
    0021           05 EMP-NUMB PIC S9(5).
    0022           05 EMP-GRD PIC X(3).
    0023           05 EMP-RAT PIC X(1).
    0024    PROCEDURE DIVISION.
    0025    START.
    0026           OPEN INPUT IPFILE.
    0027    BEGIN.
    0028           DISPLAY 'ENTER EMP. NO. DESIRED = ' WITH NO ADVANCING.
    0029           ACCEPT ISAM-SYM-KEY.
    0030           READ IPFILE INTO IP-AREA INVALID KEY GO TO END-IT.
    0031           DISPLAY 'RECORD READ = ' IP-AREA.
    0032           DISPLAY 'ISAM-REC-KEY ASSOCIATED - ',ISAM-REC-KEY.
    0033           GO TO BEGIN.
    0034    END-IT.
    0035           DISPLAY 'INVALID KEY DETECTED ON INPUT FROM CONSOLE'.
    0036           STOP RUN.

NO ERRORS DETECTED
