
18-APR-73	16:27

TOTAL BLOCKS 518870  FILES 13863

  INHOUSE				OUTHOUSE

488320   12621                  30550   1242


GLOBAL ACCOUNT 1  43105 822 8%

43105   822                     0   0

 40  17585  291  SYS              0      0    0  BAS
 62   9430  221  BILLING10
 77   6460   55  OPER
 85   3185   99  TDA
 90   2365   39  *1BATCH
 95   2030   30  CUD10
 96    535    9  FILES
 97    385    3  KEN
 98    355   21  K6KED
 98    335    4  HOLD
 99    115   12  BLOUET
 99    105    8  TYMNET
 99     70    7  RIP
 99     45    9  CLAY
 99     35    3  FRANK
 99     20    4  STANM
 99     15    2  SAL S
 99     10    1  PDP-10
 99     10    1  STAN
 99      5    1  RIMSKY
 99      5    1  DUPJOB10
100      5    1  ROY
100      0    0  JUDYM
100      0    0  ROG
100      0    0  OPER3
100      0    0  OPER5
100      0    0  HAROLDH
100      0    0  KEITH
100      0    0  OPER2
100      0    0  LARRY
100      0    0  OPER4
100      0    0  OPER1
100      0    0  WEM
100      0    0  BERT
100      0    0  UFD

GLOBAL ACCOUNT 2  1125 92 0%

80   6                          1045   86

 87     70    4  *2NS           100   1045   86  CODIE
100     10    2  JHB
100      0    0  PS
100      0    0  PS2

GLOBAL ACCOUNT 3  42470 575 8%

42470   575                     0   0

 24  10500  140  M33
 46   9250   89  M33A
 65   8060   70  DECMON
 79   6110  110  MARK
 91   4980   78  WFW
 94   1315   16  MISC.
 97   1280   45  WFWCUSP
 99    815   10  EEP
 99    100    9  ANNE
 99     55    7  BRYAN
100      5    1  CALCOMP

GLOBAL ACCOUNT 4  16195 687 3%

16195   687                     0   0

 27   4465   59  BARB
 53   4145   33  FLIP
 62   1510  152  ACNET
 71   1415  147  CSW
 79   1320  111  YLAN
 86   1120  113  MIKOWARD
 90    680   14  MUDGE
 93    520   21  DIST23
 96    445    2  BOBH
 99    420   18  DIST54
 99     65    5  RJK
 99     55    7  DIST10
100     35    5  DIST30
100      0    0  DIST64
100      0    0  DIST31

GLOBAL ACCOUNT 6  110545 2557 21%

109485   2537                   1060   20

 31  34910  344  LIBSYM         100   1060   20  CARTER
 51  21685  205  SYMMA
 62  11840  130  F40SYM
 71   9820  583  SYMS
 77   6740   90  JIMF
 81   4510  146  COBSYM
 85   4340  204  SFOQA
 89   4295  185  BT
 91   1925   54  SANDRA
 92   1530  109  NATALIE
 93   1260   49  DMQ
 94   1145   64  JF
 95   1005   30  WALT
 96    885   43  *6NEWS
 97    755   66  CLC
 97    600  102  DICK
 98    495    3  ACCG4
 98    305   16  *6JERI
 98    265   12  TOM
 99    260   12  REG
 99    260   13  LMR01
 99    165   23  B
 99    140    2  GUY
 99    110   13  RON
 99     95   14  SYD
 99     50    8  SALTGAVER
 99     30    5  MOTHRA
 99     30    5  JOHN
 99     15    3  DB
 99      5    1  *6TYMNET
 99      5    1  DUPJOB
 99      5    1  SYSDOC
100      5    1  MIKE G
100      0    0  SALTY
100      0    0  PJ
100      0    0  TEX
100      0    0  BRSINFO

GLOBAL ACCOUNT 7  95040 2930 18%

93295   2928                    1745   2

 11  10905  261  BOW            100   1745    2  DETAP
 21   9315  329  SFO
 30   8420  118  MIKE
 39   8345  255  TOBOL
 46   6070  135  FACERE
 52   5600  191  PJH
 57   4900   95  NSA
 62   4555  230  RAJA
 66   4185  217  SPICE
 71   4120  136  ARAJA
 75   3885  145  DIANALHARTH
 78   3035  128  DIANA
 81   2990   74  BLISS
 84   2520   51  PAUL
 86   2205   86  WORKING
 89   2050   51  J
 91   1995   54  SIMPL
 93   1720  105  CD
 94   1695   26  RER
 96   1165   47  GANDALF
 97   1065   29  DUMMY
 98    795   22  EVR
 98    420   16  THAD
 98    340   32  DALE
 99    175    7  JON
 99    170   16  JPS
 99    165    3  SPOOL
 99    140   19  SAM
 99    130   12  JOHNO
 99     55   11  RDO
 99     55    6  R
 99     50    9  RICHARD
 99     35    7  CD1
 99     15    3  CARL
100     10    2  BF
100      0    0  GIGO
100      0    0  WRIGHTON
100      0    0  HUCKLESBY
100      0    0  ARDEN
100      0    0  JORDAN
100      0    0  GMG
100      0    0  S3
100      0    0  COBOL

GLOBAL ACCOUNT 10  225 5 0%

0   0                           225   5

                                100    225    5  DEC
                                100      0    0  DECL

GLOBAL ACCOUNT 11  7815 89 1%

7815   89                       0   0

100   7815   89  UPL

GLOBAL ACCOUNT 12  5340 82 1%

5340   82                       0   0

 72   3895   45  CAISSE
 86    750   16  A2HM
 95    445    5  MORCOTT
 99    230   14  GARY
100     20    2  SNOOPY
100      0    0  WALDO
100      0    0  QUACK

GLOBAL ACCOUNT 13  25435 1049 4%

13730   376                     11705   673

 36   4975   31  DECUS           27   3225  107  MIMIC
 69   4615   18  PIT             54   3205  326  SSP
 80   1395   58  BOB             68   1605   78  LS747
 85    715   83  KAREN           78   1115   52  TEK4010
 88    500    1  *               85    820   15  CC
 91    315   41  UPLPUB          89    560   35  PETER K
 93    295   22  MIKEK           94    550   12  COPQ
 95    275   55  MJB             99    525   36  ZETA
 96    170   10  BEETLE          99     25    3  ORSA4
 97    140   10  SFS             99     25    3  ORSA1
 98    120   12  PARK            99     20    2  ORSA3
 99    120   23  BECKY           99     20    2  ORSA2
 99     55    8  A3RON          100     10    2  MKT1
 99     30    2  BUG            100      0    0  MKT2
 99      5    1  BRANTLEY       100      0    0  BERNE
100      5    1  SKANE          100      0    0  MACE
100      0    0  DJF
100      0    0  GARRISON
100      0    0  CEC1
100      0    0  SMITH
100      0    0  SALESKIT
100      0    0  MULERT
100      0    0  MUDGE1
100      0    0  UPLPROP
100      0    0  TYMTRAC

GLOBAL ACCOUNT 14  2415 203 0%

2285   195                      130   8

 42    965   79  JILL           100    130    8  PSP
 80    880   86  NORM
 92    260    7  JIMB
 95     70    8  PHILW
 96     35    2  KJJ
 98     35    7  ANN
 99     20    3  TYMES
 99     15    2  VERNE
100      5    1  DUP
100      0    0  FRANTZ

GLOBAL ACCOUNT 34  37970 929 7%

37970   929                     0   0

 58  22085  182  DEMO35           0      0    0  LAERIC
 68   4065  100  MIKEH31          0      0    0  GREVA
 77   3435  122  32DEMO1
 82   1795   90  34DEMO1
 85   1015   38  LARRYP
 87    920   32  30DEMO1
 89    610   21  TENNIS
 90    565   29  KETELSEN
 92    510   27  RKG
 93    440   32  DLW
 94    395   31  A2GSG
 95    315   30  DETDEMO4
 96    305   14  KARL
 96    260   33  TIB
 97    130    7  BTP
 97    130    1  DAGER
 97    130   23  POHL
 98    120   14  DEMO31
 98    115   11  GAFFIN
 98    110   18  DEMO41
 98    110   10  DEMO58
 99    105   14  COEES
 99     95   13  51DEMO
 99     35    7  PREM
 99     25    5  PRITZ
 99     25    4  32DEMO2
 99     20    4  CLEARY
 99     20    3  DEMO41A
 99     20    2  12DEMO1
 99     20    3  PHIL
 99     10    2  30DEMO2
 99     10    2  ED
 99     10    2  HIGH
 99      5    1  REHMANN
 99      5    1  33DEMO2
100      5    1  SUZANN
100      0    0  DOC
100      0    0  DEMO
100      0    0  MIKEH33
100      0    0  DEMO41B
100      0    0  33DEMO1
100      0    0  12DEMO

GLOBAL ACCOUNT 37  3595 264 0%

3595   264                      0   0

 26    945   98  A5RVH
 48    805   67  A5JDM
 64    560   37  AAR
 79    560   11  A5JS
 91    410   10  A5BILLIE
 95    150   17  A5DAVE
 98    125   16  A5MORTON
100     40    8  A5DMN

GLOBAL ACCOUNT 204  1290 43 0%

1290   43                       0   0

 83   1080   27  ROZ              0      0    0  OTTI
 97    175   13  HIRSCH
100     35    3  BARON

GLOBAL ACCOUNT 206  2205 127 0%

2205   127                      0   0

 65   1450   43  LAJIM
 83    390   41  LAHK
 91    170   14  LAGMC
 96    115   17  LADEN
 99     65   10  LABOB
100     15    2  LADICK
100      0    0  LAJOY

GLOBAL ACCOUNT 577  720 47 0%

720   47                        0   0

100    720   47  BUFKEN

GLOBAL ACCOUNT 601  545 24 0%

545   24                        0   0

 58    320   16  CNYLEE
100    225    8  CNYORH
100      0    0  CNYWJL

GLOBAL ACCOUNT 603  2400 155 0%

2400   155                      0   0

 81   1950   95  NERKATHY         0      0    0  CONVSTROM
 91    235   31  NERMIKE          0      0    0  CONVRCA
100    215   29  DOLSON           0      0    0  CONVGEOM
100      0    0  NERKATHYM        0      0    0  CONVACME
                                  0      0    0  CONVFMC
                                  0      0    0  CONVGL
                                  0      0    0  CONVDOSKOW

GLOBAL ACCOUNT 662  1645 93 0%

1645   93                       0   0

 63   1045   56  A8MAC
 91    460   21  A8KAFF
100    140   16  JOE

GLOBAL ACCOUNT 664  410 58 0%

410   58                        0   0

 62    255   29  A2BILL
 98    150   28  BOBSMITH
100      5    1  DENNIS

GLOBAL ACCOUNT 1102  1090 95 0%

1065   90                       25   5

 48    520   11  CHIMAIL         80     20    4  BRMAIL
 64    165   24  NCOMAIL        100      5    1  SCOMAIL
 68     40    2  PUBSMAIL       100      0    0  SRMAIL
 71     40    5  CSMAIL         100      0    0  COLMAIL
 75     35    6  MKTMAIL        100      0    0  CRANMAIL
 77     30    5  TASCWEST
 80     30    6  NOMAIL
 83     25    4  NJMAIL
 85     25    4  TASCMAIL
 87     20    1  BELLMAIL
 89     20    3  ECOMAIL
 91     20    3  OCMAIL
 92     15    2  ERMAIL
 93     15    2  SWRMAIL
 95     15    3  PCOMAIL
 96     10    2  TASCUNION
 97     10    2  STLMAIL
 98     10    1  TECHMAIL
 98      5    1  CORPMAIL
 99      5    1  DETMAIL
 99      5    1  HARMAIL
100      5    1  BOOTS
100      0    0  MANMAIL
100      0    0  DALMAIL
100      0    0  NYMAIL
100      0    0  SFMAIL
100      0    0  NERMAIL
100      0    0  BUFMAIL
100      0    0  NWRMAIL
100      0    0  DCMAIL
100      0    0  BILLMAIL
100      0    0  HOUMAIL
100      0    0  SHELMAIL
100      0    0  HPSMAIL
100      0    0  ERTECHMAIL
100      0    0  NLAMAIL
100      0    0  PCCMAIL
100      0    0  METMAIL
100      0    0  PHILMAIL
100      0    0  COBOLMAIL
100      0    0  SYRMAIL

GLOBAL ACCOUNT 1156  5 1 0%

0   0                           5   1

                                100      5    1  A1BCD

GLOBAL ACCOUNT 1177  3285 261 0%

3285   261                      0   0

 29    975   70  CARLYLE
 53    790   77  DCLAWSON
 71    590   47  DCHELLER
 86    490   28  DCJAG
 94    250   26  DCHAAN
 97    120    3  DLAIBSON
 99     55    8  DCNEIL
100     15    2  BPETERMAN
100      0    0  C
100      0    0  DCBOB
100      0    0  CONEAL

GLOBAL ACCOUNT 1341  2260 68 0%

1945   62                       315   6

100   1945   62  DIAGNOSTICS    100    315    6  GILBERT
                                100      0    0  PIRTLE

GLOBAL ACCOUNT 1356  5 1 0%

0   0                           5   1

                                100      5    1  NOSTATUS

GLOBAL ACCOUNT 1362  115 2 0%

115   2                         0   0

100    115    2  NEWS
100      0    0  ALTSYS

GLOBAL ACCOUNT 1363  0 0 0%

0   0                           0   0

  0      0    0  SPOOLING

GLOBAL ACCOUNT 1371  22515 327 4%

22515   327                     0   0

 64  14480  112  SYMM
 97   7420  170  SYM
 99    415   42  SYMF
 99    195    2  SYMA
100      5    1  BEEFHEART
100      0    0  SYML

GLOBAL ACCOUNT 1404  9360 134 1%

9360   134                      0   0

 84   7955   28  TGUNN
 91    610   40  FBUTT
 96    500   49  LNOVA
 97     90    5  WSAWY
 98     70    4  WPURD
 99     55    2  MFUNT
 99     50    4  SCHWZ
100     30    2  RTREN
100      0    0  WCUNN

GLOBAL ACCOUNT 1410  18065 194 3%

18065   194                     0   0

 77  14000   10  RGAYL
 95   3235   88  BDEPI
 97    430   60  BELKI
 99    285   18  AGOLD
 99     95   15  ADEY
 99     15    2  JKENT
100      5    1  KAPGA
100      0    0  TWEBE
100      0    0  CBRAI

GLOBAL ACCOUNT 1562  3120 115 0%

3120   115                      0   0

 25    780   30  TMANG
 44    605   15  CBLUE
 62    550   13  LKOWI
 76    465   10  WCONI
 90    430   19  TLEVY
 94    125   11  WGLAS
 98    110    6  SKRAL
 99     50   10  LSOLI
100      5    1  HHEND
100      0    0  JHAIN

GLOBAL ACCOUNT 1714  105 1 0%

105   1                         0   0

100    105    1  001002

GLOBAL ACCOUNT 1722  13000 239 2%

13000   239                     0   0

 57   7485   62  RUSS
 79   2845   21  ROY S
 89   1305   53  JIM T
 93    500   50  GUY B
 96    365   12  DAVE B
 98    290   13  SKI
 99    130   15  MIKEP
 99     50    9  BLAYNE
 99     15    2  KAZ
100     15    2  OCDICK
100      0    0  CN
100      0    0  SWRDEMO
100      0    0  EASY

GLOBAL ACCOUNT 2053  1750 147 0%

1750   147                      0   0

 47    825   45  BENR
 90    750   79  A4DOT
 98    145   20  WAYNE
 99     25    2  LARRYS
100      5    1  DENISK

GLOBAL ACCOUNT 2500  3055 138 0%

2420   83                       635   55

100   2420   83  MCOHN           83    530   49  INFORM
100      0    0  IFERR          100    105    6  CORCOD

GLOBAL ACCOUNT 2641  885 62 0%

885   62                        0   0

 50    445   21  NO DUL ENTRY FOR [2641,33243]
 95    400   34  RRODA
 98     25    4  RBERN
100     15    3  AKAPR
100      0    0  MIKEGE
100      0    0  NSHAI

GLOBAL ACCOUNT 3037  205 20 0%

205   20                        0   0

 82    170   14  GCPBMJ
100     35    6  GCPSWR

GLOBAL ACCOUNT 3040  3025 102 0%

3025   102                      0   0

 71   2170   52  DETRCC
 86    455   29  DETWJB
100    400   21  DETRAG
100      0    0  DETJMS

GLOBAL ACCOUNT 3161  40 2 0%

0   0                           40   2

                                100     40    2  BXC209

GLOBAL ACCOUNT 3374  10840 257 2%

0   0                           10840   257

                                 58   6365   47  P3SS
                                 99   4470  209  UNA7BT
                                100      5    1  P3DM

GLOBAL ACCOUNT 3412  0 0 0%

0   0                           0   0

  0      0    0  GCKFI8

GLOBAL ACCOUNT 3674  300 14 0%

300   14                        0   0

 81    245   13  MACDEV
100     55    1  MACDB

GLOBAL ACCOUNT 4657  3140 160 0%

3140   160                      0   0

 65   2050   99  BUFMIK
 97   1000   51  BUFBOB
 99     80    8  BUFJOE
100     10    2  BUFDEM
100      0    0  BUFNAN

GLOBAL ACCOUNT 4732  5 1 0%

5   1                           0   0

100      5    1  NERDAV

GLOBAL ACCOUNT 5016  215 8 0%

215   8                         0   0

100    215    8  NICRAM

GLOBAL ACCOUNT 5122  230 1 0%

230   1                         0   0

100    230    1  TELCOP

GLOBAL ACCOUNT 5126  115 11 0%

110   10                        5   1

100    110   10  JFB            100      5    1  EXBILL

GLOBAL ACCOUNT 5166  55 2 0%

0   0                           55   2

                                100     55    2  TASCNLM

GLOBAL ACCOUNT 5400  15750 371 3%

15750   371                     0   0

100  15750  371  SNAIL

GLOBAL ACCOUNT 6036  1845 130 0%

1845   130                      0   0

 64   1185   67  PARIDEUX
100    660   63  PARIHUN

GLOBAL ACCOUNT 6265  460 6 0%

460   6                         0   0

100    460    6  RSCHW

GLOBAL ACCOUNT 6423  100 12 0%

100   12                        0   0

100    100   12  BILLR

GLOBAL ACCOUNT 6504  95 12 0%

95   12                         0   0

100     95   12  JMCCO

GLOBAL ACCOUNT 6732  540 10 0%

540   10                        0   0

 99    535    9  MELG
100      5    1  BOBC
100      0    0  BRENDA

GLOBAL ACCOUNT 7217  185 22 0%

75   7                          110   15

100     75    7  BALBON         100    110   15  BALCLASS

GLOBAL ACCOUNT 7321  15 3 0%

15   3                          0   0

100     15    3  ZURN

GLOBAL ACCOUNT 7322  0 0 0%

0   0                           0   0

  0      0    0  DELMONT

GLOBAL ACCOUNT 7356  1370 48 0%

0   0                           1370   48

                                100   1370   48  P3RAD33

GLOBAL ACCOUNT 7357  0 0 0%

0   0                           0   0

                                  0      0    0  P3TCC33

GLOBAL ACCOUNT 7360  1235 55 0%

0   0                           1235   55

                                100   1235   55  P3DATA33
