OSM.F4	F40	V26(10)	15-MAY-73	15:18	PAGE 1


  		      C****************************************************************
OSM.F4	F40	V26(10)	15-MAY-73	15:18	PAGE 2


  		      C*     COPYRIGHT        TEKTRONIX, INC    1973
  		      C*                       BEAVERTON, OREGON
  		      C*     PLOT-10/DECISION MAKER RELEASE 1.0 - VERSION 1
  		      C*               MODIFICATION LEVEL 0
  		      C****************************************************************
  		            SUBROUTINE OSMAIN
  		      C----- INITILIZE GAMA.  THIS ROUTINE WILL SET UP COMMON FOR
  		      C----- OSM. SEE OSM FOR DETAILS.
  		      C
  		            COMMON IBAUD,IMODE,ICODE,INCORE
  		            COMMON /GAMA1/ IFFN,WA(2560),Y(600),X(300),WORK(1660)
  		            COMMON /TKTRNX/TCSDUM(80)
  		            WRITE(5,1002)
  		      1002  FORMAT(1H+,$,'ENTER BAUD RATE ')
  		            READ(5,1003) IBAUD
  		      1003  FORMAT(I)
  		            IF(IBAUD.NE.1200)IBAUD=300
  		            IBAUD = IBAUD / 10
  		            IMODE = 1
  		            ICODE = 0
  		            INCORE = 0
  		            WRITE(5,1000)
  		      1000  FORMAT(1H+,$,'ENTER WORK FILE NAME ')
  		            READ(5,1001) IFFN
  		      1001  FORMAT(A4)
  		            CALL INITT(IBAUD)
  		            CALL OSM
  		            RETURN
  		            END

COMMON

IBAUD 	/.COMM./+0	IMODE 	/.COMM./+1	ICODE 	/.COMM./+2	INCORE	/.COMM./+3	IFFN  	/GAMA1 /+0
WA    	/GAMA1 /+1	Y     	/GAMA1 /+5001	X     	/GAMA1 /+6131	WORK  	/GAMA1 /+6605	TCSDUM	/TKTRNX/+0

SUBPROGRAMS

INTO. 	INTI. 	ALPHO.	ALPHI.	INITT 	OSM   	

SCALARS

OSMAIN	73		IBAUD 	0		IMODE 	1		ICODE 	2		INCORE	3	
IFFN  	0		

ARRAYS

WA    	1		Y     	5001		X     	6131		WORK  	6605		TCSDUM	0	

 OSMAIN
OSM.F4	F40	V26(10)	15-MAY-73	15:18	PAGE 3


  		      C----- NOTES ABOUT USE OF THIS ROUTINE:
OSM.F4	F40	V26(10)	15-MAY-73	15:18	PAGE 4


  		      C----- 1) THIS ROUTINE IS THE OPTION SELECT MODE AND DISPLAYS MENU
  		      C-----    FOR DATA MANIPULATION AND ANALYSIS AND FORCASTING.
  		      C-----    THIS ROUTINE IS THE OVERLAY SUPERVISOR AND THIS
  		      C-----    CODE MUST BE PRESENT IN ALL OVERLAYS AS THE MAIN ROUTINE.
  		      C-----    THE USE OF IF(IPRT.EQ.36) IS CHECKING FOR A $-ASCI 36.
  		      C----- 2) ALL CALLS TO CHAIN ARE DONE FROM THIS ROUTINE.
  		      C----- 3) THIS ROUTINE MUST BE CALLED FROM THE MAIN PROGRAM
  		      C-----    WITH THE FOLLOWING VARIABLES INITILIZED.
  		      C-----    IFFN = DECISION MAKER WORK FILE NAME(4 CHARACTERS)
  		      C-----    IBAUD = BAUD RATE/10
  		      C-----    IMODE = 1
  		      C-----    ICODE = 0
  		      C-----    INCORE = 0
  		      C----- 4) IMODE IS THE CURRENT MODE,
  		      C-----     1=OSM,2=DMM,3=AFM,4=RGM
  		      C----- 5) ICODE IS THE ROUTINE SELECTION IN THE  CHAINED MODULE.
  		      C----- 6) INCORE IS THE CURRENT CHAIN FILE IN CORE FOR A MODE.
  		      C----- 7) IF AN ITEM IS ADDED TO A MENU FOR DMM OR AFM, BE SURE
  		      C-----    TO CHANGE THE WAY ICODE IS CALCULATED IN ORDER TO REFLECT
  		      C-----    THE NEW ADDITION TO THE MENU.
  		      C
  		      C****************************************************************
  		      C*     COPYRIGHT        TEKTRONIX, INC    1973
  		      C*                       BEAVERTON, OREGON
  		      C*     PLOT-10/DECISION MAKER RELEASE 1.0 - VERSION 1
  		      C*               MODIFICATION LEVEL 0
  		      C****************************************************************
  		            SUBROUTINE OSM
  		      C
  		            COMMON IBAUD,IMODE,ICODE,INCORE
  		            COMMON /GAMA1/ IFFN,WA(2560),Y(600),X(300),WORK(1660)
  		            COMMON /TKTRNX/TCSDUM(80)
  		      C
  		            INTEGER MAIN(5,4),MDMM(3,14),MAFM(3,13),TYPE,DEVICE
  		      C
  		      C----- TYPE AND DEVICE ARE VARIABLES FOR CALL TO CHAIN. SEE
  		      C----- PROGRAMMERS REFERENCE MANUAL ON LINKING LOADER FOR MORE
  		      C----- INFORMATION. MONITOR VERSION 5S02D.
  		            DATA TYPE/1/,DEVICE/1/
  		      C
  		            DATA MAIN/'DATA',' MAN','IPUL','ATIO','N   ',
  		           *            'ANAL','YSIS','-FOR','CAST','ING ',
  		           *            'REPO','RT G','ENER','ATIO','N   ',
  		           *            'END ','OF S','ESSI','ON  ','    '/
  		      C
  		            DATA MDMM/'STAT','ISTI','CS  ',
  		           *           'UPDA','TE  ','    ',
  		           *           'CREA','TE  ','    ',
  		           *           'COMB','INE ','    ',
  		           *           'SEAS','ONAL','IZE ',
  		           *           'DESE','ASON','LIZE',
  		           *           'ZOOM','    ','    ',
  		           *           'GRAP','H   ','    ',
OSM.F4	F40	V26(10)	15-MAY-73	15:18	PAGE 5


  		           *           'TABL','E   ','    ',
  		           *           'LIST','    ','    ',
  		           *           'DELE','TE  ','    ',
  		           *           'FILE',' CHA','NGE ',
  		           *           'INTE','RPRE','T   ',
  		           *           'END ','    ','    '/
  		      C
  		            DATA MAFM/'SCHE','DULI','NG  ',
  		           *           'INSP','ECTI','ON  ',
  		           *           'JUDG','EMEN','TAL ',
  		           *           'PAIR','ING ','    ',
  		           *           'CMX-','II  ','    ',
  		           *           'REGR','ESSI','ON  ',
  		           *           'AVER','AGIN','G   ',
  		           *           'EXPO','-SMO','OTH ',
  		           *           'ADAP','TIVE','    ',
  		           *           'GRAP','H   ','    ',
  		           *           'TABL','E   ','    ',
  		           *           'LIST','    ','    ',
  		           *           'END ','    ','    '/
  		      C
  		      1     CONTINUE
  		            IPRT = 1
  		            GO TO (10,1000,2000,3000),IMODE
  		      C
  		      C----- OPTION SELECT MODE
  		      10    CONTINUE
  		            CALL NEWPAG
  		            CALL BELL
  		            CALL MENUG(MAIN,5,4,IPRT,700,750,I)
  		            IF(IPRT.EQ.36) STOP
  		            IPRT = 0
  		            GO TO (20,1000,2000,3000,4000),I
  		      C
  		      20    CONTINUE
  		            CALL MESAGE(2)
  		            GO TO 10
  		      C
  		      C-----DATA MANIPULATION MODE
  		      1000  CONTINUE
  		            CALL NEWPAG
  		            CALL WRITEL(' ',0)
  		            IPRT = 1
  		      1001  CONTINUE
  		            CALL BELL
  		            CALL MENUG(MDMM,3,14,IPRT,850,780,I)
  		            IF(IPRT.NE.36) GO TO 1002
  		            IMODE = 1
  		            INCORE = 0
  		            GO TO 1
  		      C
  		      1002  CONTINUE
  		            IF(IMODE.EQ.2) GO TO 1003
OSM.F4	F40	V26(10)	15-MAY-73	15:18	PAGE 6


  		            IMODE = 2
  		            INCORE = 0
  		      1003  CONTINUE
  		            GO TO (1004,1010,1010,1020,1020,1020,1020,1020,1020,1020,1020,
  		           *              1020,1030,1030,1040),I
  		      C
  		      1004  CONTINUE
  		            IPRT = 0
  		            CALL MESAGE(2)
  		            GO TO 1001
  		      C
  		      1010  CONTINUE
  		            ICODE = I - 1
  		            IF(INCORE.NE.1) GO TO 1011
  		            CALL DM1MOD(ICODE)
  		            GO TO 1001
  		      C----- NOTE: CALL TO DM1MOD IS BECAUSE IT IS IN CORE FROM LAST OPERATION
  		      C----- THERE IS NO NEED TO LOAD IT AGAIN. WE HAVE FAKED
  		      C----- OUT THE LOADER WITH THE FILE 'DUMMY'. THIS FILE SATIFIES
  		      C----- THE LOADERS LUST FOR RESOLVING EXTERNAL REFERENCES.
  		      1011  CONTINUE
  		            INCORE = 1
  		            CALL CHAIN(TYPE,DEVICE,'DM1')
  		      C----- WE HAD TO LOAD IN A NEW PHASE. BOTH OF THE ABOVE CALLS
  		      C----- DO NOT RETURN TO THE STATEMENT FOLLOWING THE CALL
  		      C----- BUT RATHER RE-ENTER OSM VIA A CALL OSM.
  		      C
  		      1020  CONTINUE
  		            ICODE = I - 3
  		            IF(INCORE.NE.2) GO TO 1021
  		            CALL DM2MOD(ICODE)
  		            GO TO 1001
  		      C
  		      1021  CONTINUE
  		            INCORE = 2
  		            CALL CHAIN(TYPE,DEVICE,'DM2')
  		      C
  		      1030  CONTINUE
  		            ICODE = I - 12
  		            IF(INCORE.NE.3) GO TO 1031
  		            CALL DM3MOD(ICODE)
  		            GO TO 1001
  		      C
  		      1031  CONTINUE
  		            INCORE = 3
  		            CALL CHAIN(TYPE,DEVICE,'DM3')
  		      C
  		      C----- END OPTION OF DMM
  		      1040  CONTINUE
  		            IMODE = 1
  		            INCORE = 0
  		            GO TO 1
  		      C
OSM.F4	F40	V26(10)	15-MAY-73	15:18	PAGE 7


  		      C----- ANALYSIS AND FORCASTING MODE
  		      2000  CONTINUE
  		            CALL NEWPAG
  		            CALL WRITEL(' ',0)
  		            IPRT = 1
  		      2001  CONTINUE
  		            CALL BELL
  		            CALL MENUG(MAFM,3,13,IPRT,850,780,I)
  		            IF(IPNT.NE.36) GO TO 2002
  		            IMODE = 1
  		            INCORE = 0
  		            GO TO 1
  		      C
  		      2002  CONTINUE
  		            IF(IMODE.EQ.3) GO TO 2003
  		            IMODE = 3
  		            INCORE = 0
  		      2003  CONTINUE
  		            GO TO (2004,2006,2010,2010,2020,2030,2040,2050,2050,2050,
  		           *         2050,2050,2050,2060),I
  		      C
  		      2004  CONTINUE
  		            IPRT = 0
  		            CALL MESAGE(2)
  		            	GO TO 2001
  		      C
  		      2006  CONTINUE
  		            ICODE=I-1
  		            IF(INCORE.NE.6) GO TO 2007
  		            CALL AF6MOD(ICODE)
  		            GO TO 2001
  		      2007  CONTINUE
  		            INCORE=6
  		            CALL CHAIN(TYPE,DEVICE,'AF6')
  		      C
  		      2010  CONTINUE
  		            ICODE = I - 2
  		            IF(INCORE.NE.1) GO TO 2011
  		            CALL AF1MOD(ICODE)
  		            GO TO 2001
  		      C
  		      2011  CONTINUE
  		            INCORE = 1
  		            CALL CHAIN(TYPE,DEVICE,'AF1')
  		      C
  		      2020  CONTINUE
  		            ICODE = I - 4
  		            IF(INCORE.NE.2) GO TO 2021
  		            CALL AF2MOD(ICODE)
  		            GO TO 2001
  		      C
  		      2021  CONTINUE
  		            INCORE = 2
OSM.F4	F40	V26(10)	15-MAY-73	15:18	PAGE 8


  		            CALL CHAIN(TYPE,DEVICE,'AF2')
  		      C
  		      2030  CONTINUE
  		            ICODE = I - 5
  		            IF(INCORE.NE.3) GO TO 2031
  		            CALL AF3MOD(ICODE)
  		            GO TO 2001
  		      C
  		      2031  CONTINUE
  		            INCORE = 3
  		            CALL CHAIN(TYPE,DEVICE,'AF3')
  		      C
  		      2040  CONTINUE
  		            ICODE = I - 6
  		            IF(INCORE.NE.4) GO TO 2041
  		            CALL AF4MOD(ICODE)
  		            GO TO 2001
  		      C
  		      2041  CONTINUE
  		            INCORE = 4
  		            CALL CHAIN(TYPE,DEVICE,'AF4')
  		      C
  		      2050  CONTINUE
  		            ICODE = I - 7
  		            IF(INCORE.NE.5) GO TO 2051
  		            CALL AF5MOD(ICODE)
  		            GO TO 2001
  		      C
  		      2051  CONTINUE
  		            INCORE = 5
  		            CALL CHAIN(TYPE,DEVICE,'AF5')
  		      C
  		      2060  CONTINUE
  		            IMODE = 1
  		            INCORE = 0
  		            GO TO 1
  		      C
  		      C----- REPORT GENERATION - NO OVERLAYS
  		      3000  CONTINUE
  		            IMODE = 4
  		            INCORE = 0
  		            CALL CHAIN(TYPE,DEVICE,'RGM')
  		      C
  		      C----- END OF SESSION
  		      4000  CONTINUE
  		            STOP
  		            END

CONSTANTS

0	000000000005	1	000000000004	2	000000001274	3	000000001356	4	000000000002
5	201004020100	6	000000000000	7	000000000003	10	000000000016	11	000000001522
12	000000001414	13	422326120100	14	000000000000	15	422326220100	16	000000000000
OSM.F4	F40	V26(10)	15-MAY-73	15:18	PAGE 9


17	422326320100	20	000000000000	21	000000000015	22	406146620100	23	000000000000
24	406146120100	25	000000000000	26	406146220100	27	000000000000	30	406146320100
31	000000000000	32	406146420100	33	000000000000	34	406146520100	35	000000000000
36	512171520100	37	000000000000	

COMMON

IBAUD 	/.COMM./+0	IMODE 	/.COMM./+1	ICODE 	/.COMM./+2	INCORE	/.COMM./+3	IFFN  	/GAMA1 /+0
WA    	/GAMA1 /+1	Y     	/GAMA1 /+5001	X     	/GAMA1 /+6131	WORK  	/GAMA1 /+6605	TCSDUM	/TKTRNX/+0

SUBPROGRAMS

NEWPAG	BELL  	MENUG 	EXIT  	MESAGE	WRITEL	DM1MOD	CHAIN 	DM2MOD	DM3MOD	AF6MOD	AF1MOD	AF2MOD	AF3MOD	AF4MOD
AF5MOD	

SCALARS

OSM   	514		TYPE  	515		DEVICE	516		IPRT  	517		IMODE 	1	
I     	520		INCORE	3		ICODE 	2		IPNT  	521		IBAUD 	0	
IFFN  	0		

ARRAYS

WA    	1		Y     	5001		X     	6131		WORK  	6605		TCSDUM	0	
MAIN  	522		MDMM  	546		MAFM  	620		

 OSM
  