DAPW0GG     DAPW0GG     DAPW0GG     
DAPW0GH     DAPW0GH     DAPW0GH     
DAPW0GI     DAPW0GI     DAPW0GI     
DAPW0HG     DAPW0HG     DAPW0HG     
DAPW0HH     DAPW0HH     DAPW0HH     
DAPW0HI     DAPW0HI     DAPW0HI     
DAPW0IG     DAPW0IG     DAPW0IG     
DAPW0IH     DAPW0IH     DAPW0IH     
DAPW0II     DAPW0II     DAPW0II     
DAPX0GG     DAPX0GG     DAPX0GG     
DAPX0GH     DAPX0GH     DAPX0GH     
DAPX0GI     DAPX0GI     DAPX0GI     
DAPX0HG     DAPX0HG     DAPX0HG     
DAPX0HH     DAPX0HH     DAPX0HH     
DAPX0HI     DAPX0HI     DAPX0HI     
DAPX0IG     DAPX0IG     DAPX0IG     
DAPX0IH     DAPX0IH     DAPX0IH     
DAPX0II     DAPX0II     DAPX0II     
DAPY0GG     DAPY0GG     DAPY0GG     
DAPY0GH     DAPY0GH     DAPY0GH     
DAPY0GI     DAPY0GI     DAPY0GI     
DAPY0HG     DAPY0HG     DAPY0HG     
DAPY0HH     DAPY0HH     DAPY0HH     
DAPY0HI     DAPY0HI     DAPY0HI     
DAPY0IG     DAPY0IG     DAPY0IG     
DAPY0IH     DAPY0IH     DAPY0IH     
DAPY0II     DAPY0II     DAPY0II     
DARW0GG     DARW0GG     DARW0GG     
DARW0GH     DARW0GH     DARW0GH     
DARW0GI     DARW0GI     DARW0GI     
DARW0HG     DARW0HG     DARW0HG     
DARW0HH     DARW0HH     DARW0HH     
DARW0HI     DARW0HI     DARW0HI     
DARW0IG     DARW0IG     DARW0IG     
DARW0IH     DARW0IH     DARW0IH     
DARW0II     DARW0II     DARW0II     
DARX0GG     DARX0GG     DARX0GG     
DARX0GH     DARX0GH     DARX0GH     
DARX0GI     DARX0GI     DARX0GI     
DARX0HG     DARX0HG     DARX0HG     
DARX0HH     DARX0HH     DARX0HH     
DARX0HI     DARX0HI     DARX0HI     
DARX0IG     DARX0IG     DARX0IG     
DARX0IH     DARX0IH     DARX0IH     
DARX0II     DARX0II     DARX0II     
DARY0GG     DARY0GG     DARY0GG     
DARY0GH     DARY0GH     DARY0GH     
DARY0GI     DARY0GI     DARY0GI     
DARY0HG     DARY0HG     DARY0HG     
DARY0HH     DARY0HH     DARY0HH     
DARY0HI     DARY0HI     DARY0HI     
DARY0IG     DARY0IG     DARY0IG     
DARY0IH     DARY0IH     DARY0IH     
DARY0II     DARY0II     DARY0II     
DASW0GG     DASW0GG     DASW0GG     
DASW0GH     DASW0GH     DASW0GH     
DASW0GI     DASW0GI     DASW0GI     
DASW0HG     DASW0HG     DASW0HG     
DASW0HH     DASW0HH     DASW0HH     
DASW0HI     DASW0HI     DASW0HI     
DASW0IG     DASW0IG     DASW0IG     
DASW0IH     DASW0IH     DASW0IH     
DASW0II     DASW0II     DASW0II     
DASX0GG     DASX0GG     DASX0GG     
DASX0GH     DASX0GH     DASX0GH     
DASX0GI     DASX0GI     DASX0GI     
DASX0HG     DASX0HG     DASX0HG     
DASX0HH     DASX0HH     DASX0HH     
DASX0HI     DASX0HI     DASX0HI     
DASX0IG     DASX0IG     DASX0IG     
DASX0IH     DASX0IH     DASX0IH     
DASX0II     DASX0II     DASX0II     
DASY0GG     DASY0GG     DASY0GG     
DASY0GH     DASY0GH     DASY0GH     
DASY0GI     DASY0GI     DASY0GI     
DASY0HG     DASY0HG     DASY0HG     
DASY0HH     DASY0HH     DASY0HH     
DASY0HI     DASY0HI     DASY0HI     
DASY0IG     DASY0IG     DASY0IG     
DASY0IH     DASY0IH     DASY0IH     
DASY0II     DASY0II     DASY0II     
DBPW0GG     DBPW0GG     DBPW0GG     
DBPW0GH     DBPW0GH     DBPW0GH     
DBPW0GI     DBPW0GI     DBPW0GI     
DBPW0HG     DBPW0HG     DBPW0HG     
DBPW0HH     DBPW0HH     DBPW0HH     
DBPW0HI     DBPW0HI     DBPW0HI     
DBPW0IG     DBPW0IG     DBPW0IG     
DBPW0IH     DBPW0IH     DBPW0IH     
DBPW0II     DBPW0II     DBPW0II     
DBPX0GG     DBPX0GG     DBPX0GG     
DBPX0GH     DBPX0GH     DBPX0GH     
DBPX0GI     DBPX0GI     DBPX0GI     
DBPX0HG     DBPX0HG     DBPX0HG     
DBPX0HH     DBPX0HH     DBPX0HH     
DBPX0HI     DBPX0HI     DBPX0HI     
DBPX0IG     DBPX0IG     DBPX0IG     
DBPX0IH     DBPX0IH     DBPX0IH     
DBPX0II     DBPX0II     DBPX0II     
DBPY0GG     DBPY0GG     DBPY0GG     
DBPY0GH     DBPY0GH     DBPY0GH     
DBPY0GI     DBPY0GI     DBPY0GI     
DBPY0HG     DBPY0HG     DBPY0HG     
DBPY0HH     DBPY0HH     DBPY0HH     
DBPY0HI     DBPY0HI     DBPY0HI     
DBPY0IG     DBPY0IG     DBPY0IG     
DBPY0IH     DBPY0IH     DBPY0IH     
DBPY0II     DBPY0II     DBPY0II     
DBRW0GG     DBRW0GG     DBRW0GG     
DBRW0GH     DBRW0GH     DBRW0GH     
DBRW0GI     DBRW0GI     DBRW0GI     
DBRW0HG     DBRW0HG     DBRW0HG     
DBRW0HH     DBRW0HH     DBRW0HH     
DBRW0HI     DBRW0HI     DBRW0HI     
DBRW0IG     DBRW0IG     DBRW0IG     
DBRW0IH     DBRW0IH     DBRW0IH     
DBRW0II     DBRW0II     DBRW0II     
DBRX0GG     DBRX0GG     DBRX0GG     
DBRX0GH     DBRX0GH     DBRX0GH     
DBRX0GI     DBRX0GI     DBRX0GI     
DBRX0HG     DBRX0HG     DBRX0HG     
DBRX0HH     DBRX0HH     DBRX0HH     
DBRX0HI     DBRX0HI     DBRX0HI     
DBRX0IG     DBRX0IG     DBRX0IG     
DBRX0IH     DBRX0IH     DBRX0IH     
DBRX0II     DBRX0II     DBRX0II     
DBRY0GG     DBRY0GG     DBRY0GG     
DBRY0GH     DBRY0GH     DBRY0GH     
DBRY0GI     DBRY0GI     DBRY0GI     
DBRY0HG     DBRY0HG     DBRY0HG     
DBRY0HH     DBRY0HH     DBRY0HH     
DBRY0HI     DBRY0HI     DBRY0HI     
DBRY0IG     DBRY0IG     DBRY0IG     
DBRY0IH     DBRY0IH     DBRY0IH     
DBRY0II     DBRY0II     DBRY0II     
DBSW0GG     DBSW0GG     DBSW0GG     
DBSW0GH     DBSW0GH     DBSW0GH     
DBSW0GI     DBSW0GI     DBSW0GI     
DBSW0HG     DBSW0HG     DBSW0HG     
DBSW0HH     DBSW0HH     DBSW0HH     
DBSW0HI     DBSW0HI     DBSW0HI     
DBSW0IG     DBSW0IG     DBSW0IG     
DBSW0IH     DBSW0IH     DBSW0IH     
DBSW0II     DBSW0II     DBSW0II     
DBSX0GG     DBSX0GG     DBSX0GG     
DBSX0GH     DBSX0GH     DBSX0GH     
DBSX0GI     DBSX0GI     DBSX0GI     
DBSX0HG     DBSX0HG     DBSX0HG     
DBSX0HH     DBSX0HH     DBSX0HH     
DBSX0HI     DBSX0HI     DBSX0HI     
DBSX0IG     DBSX0IG     DBSX0IG     
DBSX0IH     DBSX0IH     DBSX0IH     
DBSX0II     DBSX0II     DBSX0II     
DBSY0GG     DBSY0GG     DBSY0GG     
DBSY0GH     DBSY0GH     DBSY0GH     
DBSY0GI     DBSY0GI     DBSY0GI     
DBSY0HG     DBSY0HG     DBSY0HG     
DBSY0HH     DBSY0HH     DBSY0HH     
DBSY0HI     DBSY0HI     DBSY0HI     
DBSY0IG     DBSY0IG     DBSY0IG     
DBSY0IH     DBSY0IH     DBSY0IH     
DBSY0II     DBSY0II     DBSY0II     
DCPW0GG     DCPW0GG     DCPW0GG     
DCPW0GH     DCPW0GH     DCPW0GH     
DCPW0GI     DCPW0GI     DCPW0GI     
DCPW0HG     DCPW0HG     DCPW0HG     
DCPW0HH     DCPW0HH     DCPW0HH     
DCPW0HI     DCPW0HI     DCPW0HI     
DCPW0IG     DCPW0IG     DCPW0IG     
DCPW0IH     DCPW0IH     DCPW0IH     
DCPW0II     DCPW0II     DCPW0II     
DCPX0GG     DCPX0GG     DCPX0GG     
DCPX0GH     DCPX0GH     DCPX0GH     
DCPX0GI     DCPX0GI     DCPX0GI     
DCPX0HG     DCPX0HG     DCPX0HG     
DCPX0HH     DCPX0HH     DCPX0HH     
DCPX0HI     DCPX0HI     DCPX0HI     
DCPX0IG     DCPX0IG     DCPX0IG     
DCPX0IH     DCPX0IH     DCPX0IH     
DCPX0II     DCPX0II     DCPX0II     
DCPY0GG     DCPY0GG     DCPY0GG     
DCPY0GH     DCPY0GH     DCPY0GH     
DCPY0GI     DCPY0GI     DCPY0GI     
DCPY0HG     DCPY0HG     DCPY0HG     
DCPY0HH     DCPY0HH     DCPY0HH     
DCPY0HI     DCPY0HI     DCPY0HI     
DCPY0IG     DCPY0IG     DCPY0IG     
DCPY0IH     DCPY0IH     DCPY0IH     
DCPY0II     DCPY0II     DCPY0II     
DCRW0GG     DCRW0GG     DCRW0GG     
DCRW0GH     DCRW0GH     DCRW0GH     
DCRW0GI     DCRW0GI     DCRW0GI     
DCRW0HG     DCRW0HG     DCRW0HG     
DCRW0HH     DCRW0HH     DCRW0HH     
DCRW0HI     DCRW0HI     DCRW0HI     
DCRW0IG     DCRW0IG     DCRW0IG     
DCRW0IH     DCRW0IH     DCRW0IH     
DCRW0II     DCRW0II     DCRW0II     
DCRX0GG     DCRX0GG     DCRX0GG     
DCRX0GH     DCRX0GH     DCRX0GH     
DCRX0GI     DCRX0GI     DCRX0GI     
DCRX0HG     DCRX0HG     DCRX0HG     
DCRX0HH     DCRX0HH     DCRX0HH     
DCRX0HI     DCRX0HI     DCRX0HI     
DCRX0IG     DCRX0IG     DCRX0IG     
DCRX0IH     DCRX0IH     DCRX0IH     
DCRX0II     DCRX0II     DCRX0II     
DCRY0GG     DCRY0GG     DCRY0GG     
DCRY0GH     DCRY0GH     DCRY0GH     
DCRY0GI     DCRY0GI     DCRY0GI     
DCRY0HG     DCRY0HG     DCRY0HG     
DCRY0HH     DCRY0HH     DCRY0HH     
DCRY0HI     DCRY0HI     DCRY0HI     
DCRY0IG     DCRY0IG     DCRY0IG     
DCRY0IH     DCRY0IH     DCRY0IH     
DCRY0II     DCRY0II     DCRY0II     
DCSW0GG     DCSW0GG     DCSW0GG     
DCSW0GH     DCSW0GH     DCSW0GH     
DCSW0GI     DCSW0GI     DCSW0GI     
DCSW0HG     DCSW0HG     DCSW0HG     
DCSW0HH     DCSW0HH     DCSW0HH     
DCSW0HI     DCSW0HI     DCSW0HI     
DCSW0IG     DCSW0IG     DCSW0IG     
DCSW0IH     DCSW0IH     DCSW0IH     
DCSW0II     DCSW0II     DCSW0II     
DCSX0GG     DCSX0GG     DCSX0GG     
DCSX0GH     DCSX0GH     DCSX0GH     
DCSX0GI     DCSX0GI     DCSX0GI     
DCSX0HG     DCSX0HG     DCSX0HG     
DCSX0HH     DCSX0HH     DCSX0HH     
DCSX0HI     DCSX0HI     DCSX0HI     
DCSX0IG     DCSX0IG     DCSX0IG     
DCSX0IH     DCSX0IH     DCSX0IH     
DCSX0II     DCSX0II     DCSX0II     
DCSY0GG     DCSY0GG     DCSY0GG     
DCSY0GH     DCSY0GH     DCSY0GH     
DCSY0GI     DCSY0GI     DCSY0GI     
DCSY0HG     DCSY0HG     DCSY0HG     
DCSY0HH     DCSY0HH     DCSY0HH     
DCSY0HI     DCSY0HI     DCSY0HI     
DCSY0IG     DCSY0IG     DCSY0IG     
DCSY0IH     DCSY0IH     DCSY0IH     
DCSY0II     DCSY0II     DCSY0II     
EAPW0GG     EAPW0GG     EAPW0GG     
EAPW0GH     EAPW0GH     EAPW0GH     
EAPW0GI     EAPW0GI     EAPW0GI     
EAPW0HG     EAPW0HG     EAPW0HG     
EAPW0HH     EAPW0HH     EAPW0HH     
EAPW0HI     EAPW0HI     EAPW0HI     
EAPW0IG     EAPW0IG     EAPW0IG     
EAPW0IH     EAPW0IH     EAPW0IH     
EAPW0II     EAPW0II     EAPW0II     
EAPX0GG     EAPX0GG     EAPX0GG     
EAPX0GH     EAPX0GH     EAPX0GH     
EAPX0GI     EAPX0GI     EAPX0GI     
EAPX0HG     EAPX0HG     EAPX0HG     
EAPX0HH     EAPX0HH     EAPX0HH     
EAPX0HI     EAPX0HI     EAPX0HI     
EAPX0IG     EAPX0IG     EAPX0IG     
EAPX0IH     EAPX0IH     EAPX0IH     
EAPX0II     EAPX0II     EAPX0II     
EAPY0GG     EAPY0GG     EAPY0GG     
EAPY0GH     EAPY0GH     EAPY0GH     
EAPY0GI     EAPY0GI     EAPY0GI     
EAPY0HG     EAPY0HG     EAPY0HG     
EAPY0HH     EAPY0HH     EAPY0HH     
EAPY0HI     EAPY0HI     EAPY0HI     
EAPY0IG     EAPY0IG     EAPY0IG     
EAPY0IH     EAPY0IH     EAPY0IH     
EAPY0II     EAPY0II     EAPY0II     
EARW0GG     EARW0GG     EARW0GG     
EARW0GH     EARW0GH     EARW0GH     
EARW0GI     EARW0GI     EARW0GI     
EARW0HG     EARW0HG     EARW0HG     
EARW0HH     EARW0HH     EARW0HH     
EARW0HI     EARW0HI     EARW0HI     
EARW0IG     EARW0IG     EARW0IG     
EARW0IH     EARW0IH     EARW0IH     
EARW0II     EARW0II     EARW0II     
EARX0GG     EARX0GG     EARX0GG     
EARX0GH     EARX0GH     EARX0GH     
EARX0GI     EARX0GI     EARX0GI     
EARX0HG     EARX0HG     EARX0HG     
EARX0HH     EARX0HH     EARX0HH     
EARX0HI     EARX0HI     EARX0HI     
EARX0IG     EARX0IG     EARX0IG     
EARX0IH     EARX0IH     EARX0IH     
EARX0II     EARX0II     EARX0II     
EARY0GG     EARY0GG     EARY0GG     
EARY0GH     EARY0GH     EARY0GH     
EARY0GI     EARY0GI     EARY0GI     
EARY0HG     EARY0HG     EARY0HG     
EARY0HH     EARY0HH     EARY0HH     
EARY0HI     EARY0HI     EARY0HI     
EARY0IG     EARY0IG     EARY0IG     
EARY0IH     EARY0IH     EARY0IH     
EARY0II     EARY0II     EARY0II     
EASW0GG     EASW0GG     EASW0GG     
EASW0GH     EASW0GH     EASW0GH     
EASW0GI     EASW0GI     EASW0GI     
EASW0HG     EASW0HG     EASW0HG     
EASW0HH     EASW0HH     EASW0HH     
EASW0HI     EASW0HI     EASW0HI     
EASW0IG     EASW0IG     EASW0IG     
EASW0IH     EASW0IH     EASW0IH     
EASW0II     EASW0II     EASW0II     
EASX0GG     EASX0GG     EASX0GG     
EASX0GH     EASX0GH     EASX0GH     
EASX0GI     EASX0GI     EASX0GI     
EASX0HG     EASX0HG     EASX0HG     
EASX0HH     EASX0HH     EASX0HH     
EASX0HI     EASX0HI     EASX0HI     
EASX0IG     EASX0IG     EASX0IG     
EASX0IH     EASX0IH     EASX0IH     
EASX0II     EASX0II     EASX0II     
EASY0GG     EASY0GG     EASY0GG     
EASY0GH     EASY0GH     EASY0GH     
EASY0GI     EASY0GI     EASY0GI     
EASY0HG     EASY0HG     EASY0HG     
EASY0HH     EASY0HH     EASY0HH     
EASY0HI     EASY0HI     EASY0HI     
EASY0IG     EASY0IG     EASY0IG     
EASY0IH     EASY0IH     EASY0IH     
EASY0II     EASY0II     EASY0II     
EBPW0GG     EBPW0GG     EBPW0GG     
EBPW0GH     EBPW0GH     EBPW0GH     
EBPW0GI     EBPW0GI     EBPW0GI     
EBPW0HG     EBPW0HG     EBPW0HG     
EBPW0HH     EBPW0HH     EBPW0HH     
EBPW0HI     EBPW0HI     EBPW0HI     
EBPW0IG     EBPW0IG     EBPW0IG     
EBPW0IH     EBPW0IH     EBPW0IH     
EBPW0II     EBPW0II     EBPW0II     
EBPX0GG     EBPX0GG     EBPX0GG     
EBPX0GH     EBPX0GH     EBPX0GH     
EBPX0GI     EBPX0GI     EBPX0GI     
EBPX0HG     EBPX0HG     EBPX0HG     
EBPX0HH     EBPX0HH     EBPX0HH     
EBPX0HI     EBPX0HI     EBPX0HI     
EBPX0IG     EBPX0IG     EBPX0IG     
EBPX0IH     EBPX0IH     EBPX0IH     
EBPX0II     EBPX0II     EBPX0II     
EBPY0GG     EBPY0GG     EBPY0GG     
EBPY0GH     EBPY0GH     EBPY0GH     
EBPY0GI     EBPY0GI     EBPY0GI     
EBPY0HG     EBPY0HG     EBPY0HG     
EBPY0HH     EBPY0HH     EBPY0HH     
EBPY0HI     EBPY0HI     EBPY0HI     
EBPY0IG     EBPY0IG     EBPY0IG     
EBPY0IH     EBPY0IH     EBPY0IH     
EBPY0II     EBPY0II     EBPY0II     
EBRW0GG     EBRW0GG     EBRW0GG     
EBRW0GH     EBRW0GH     EBRW0GH     
EBRW0GI     EBRW0GI     EBRW0GI     
EBRW0HG     EBRW0HG     EBRW0HG     
EBRW0HH     EBRW0HH     EBRW0HH     
EBRW0HI     EBRW0HI     EBRW0HI     
EBRW0IG     EBRW0IG     EBRW0IG     
EBRW0IH     EBRW0IH     EBRW0IH     
EBRW0II     EBRW0II     EBRW0II     
EBRX0GG     EBRX0GG     EBRX0GG     
EBRX0GH     EBRX0GH     EBRX0GH     
EBRX0GI     EBRX0GI     EBRX0GI     
EBRX0HG     EBRX0HG     EBRX0HG     
EBRX0HH     EBRX0HH     EBRX0HH     
EBRX0HI     EBRX0HI     EBRX0HI     
EBRX0IG     EBRX0IG     EBRX0IG     
EBRX0IH     EBRX0IH     EBRX0IH     
EBRX0II     EBRX0II     EBRX0II     
EBRY0GG     EBRY0GG     EBRY0GG     
EBRY0GH     EBRY0GH     EBRY0GH     
EBRY0GI     EBRY0GI     EBRY0GI     
EBRY0HG     EBRY0HG     EBRY0HG     
EBRY0HH     EBRY0HH     EBRY0HH     
EBRY0HI     EBRY0HI     EBRY0HI     
EBRY0IG     EBRY0IG     EBRY0IG     
EBRY0IH     EBRY0IH     EBRY0IH     
EBRY0II     EBRY0II     EBRY0II     
EBSW0GG     EBSW0GG     EBSW0GG     
EBSW0GH     EBSW0GH     EBSW0GH     
EBSW0GI     EBSW0GI     EBSW0GI     
EBSW0HG     EBSW0HG     EBSW0HG     
EBSW0HH     EBSW0HH     EBSW0HH     
EBSW0HI     EBSW0HI     EBSW0HI     
EBSW0IG     EBSW0IG     EBSW0IG     
EBSW0IH     EBSW0IH     EBSW0IH     
EBSW0II     EBSW0II     EBSW0II     
EBSX0GG     EBSX0GG     EBSX0GG     
EBSX0GH     EBSX0GH     EBSX0GH     
EBSX0GI     EBSX0GI     EBSX0GI     
EBSX0HG     EBSX0HG     EBSX0HG     
EBSX0HH     EBSX0HH     EBSX0HH     
EBSX0HI     EBSX0HI     EBSX0HI     
EBSX0IG     EBSX0IG     EBSX0IG     
EBSX0IH     EBSX0IH     EBSX0IH     
EBSX0II     EBSX0II     EBSX0II     
EBSY0GG     EBSY0GG     EBSY0GG     
EBSY0GH     EBSY0GH     EBSY0GH     
EBSY0GI     EBSY0GI     EBSY0GI     
EBSY0HG     EBSY0HG     EBSY0HG     
EBSY0HH     EBSY0HH     EBSY0HH     
EBSY0HI     EBSY0HI     EBSY0HI     
EBSY0IG     EBSY0IG     EBSY0IG     
EBSY0IH     EBSY0IH     EBSY0IH     
EBSY0II     EBSY0II     EBSY0II     
ECPW0GG     ECPW0GG     ECPW0GG     
ECPW0GH     ECPW0GH     ECPW0GH     
ECPW0GI     ECPW0GI     ECPW0GI     
ECPW0HG     ECPW0HG     ECPW0HG     
ECPW0HH     ECPW0HH     ECPW0HH     
ECPW0HI     ECPW0HI     ECPW0HI     
ECPW0IG     ECPW0IG     ECPW0IG     
ECPW0IH     ECPW0IH     ECPW0IH     
ECPW0II     ECPW0II     ECPW0II     
ECPX0GG     ECPX0GG     ECPX0GG     
ECPX0GH     ECPX0GH     ECPX0GH     
ECPX0GI     ECPX0GI     ECPX0GI     
ECPX0HG     ECPX0HG     ECPX0HG     
ECPX0HH     ECPX0HH     ECPX0HH     
ECPX0HI     ECPX0HI     ECPX0HI     
ECPX0IG     ECPX0IG     ECPX0IG     
ECPX0IH     ECPX0IH     ECPX0IH     
ECPX0II     ECPX0II     ECPX0II     
ECPY0GG     ECPY0GG     ECPY0GG     
ECPY0GH     ECPY0GH     ECPY0GH     
ECPY0GI     ECPY0GI     ECPY0GI     
ECPY0HG     ECPY0HG     ECPY0HG     
ECPY0HH     ECPY0HH     ECPY0HH     
ECPY0HI     ECPY0HI     ECPY0HI     
ECPY0IG     ECPY0IG     ECPY0IG     
ECPY0IH     ECPY0IH     ECPY0IH     
ECPY0II     ECPY0II     ECPY0II     
ECRW0GG     ECRW0GG     ECRW0GG     
ECRW0GH     ECRW0GH     ECRW0GH     
ECRW0GI     ECRW0GI     ECRW0GI     
ECRW0HG     ECRW0HG     ECRW0HG     
ECRW0HH     ECRW0HH     ECRW0HH     
ECRW0HI     ECRW0HI     ECRW0HI     
ECRW0IG     ECRW0IG     ECRW0IG     
ECRW0IH     ECRW0IH     ECRW0IH     
ECRW0II     ECRW0II     ECRW0II     
ECRX0GG     ECRX0GG     ECRX0GG     
ECRX0GH     ECRX0GH     ECRX0GH     
ECRX0GI     ECRX0GI     ECRX0GI     
ECRX0HG     ECRX0HG     ECRX0HG     
ECRX0HH     ECRX0HH     ECRX0HH     
ECRX0HI     ECRX0HI     ECRX0HI     
ECRX0IG     ECRX0IG     ECRX0IG     
ECRX0IH     ECRX0IH     ECRX0IH     
ECRX0II     ECRX0II     ECRX0II     
ECRY0GG     ECRY0GG     ECRY0GG     
ECRY0GH     ECRY0GH     ECRY0GH     
ECRY0GI     ECRY0GI     ECRY0GI     
ECRY0HG     ECRY0HG     ECRY0HG     
ECRY0HH     ECRY0HH     ECRY0HH     
ECRY0HI     ECRY0HI     ECRY0HI     
ECRY0IG     ECRY0IG     ECRY0IG     
ECRY0IH     ECRY0IH     ECRY0IH     
ECRY0II     ECRY0II     ECRY0II     
ECSW0GG     ECSW0GG     ECSW0GG     
ECSW0GH     ECSW0GH     ECSW0GH     
ECSW0GI     ECSW0GI     ECSW0GI     
ECSW0HG     ECSW0HG     ECSW0HG     
ECSW0HH     ECSW0HH     ECSW0HH     
ECSW0HI     ECSW0HI     ECSW0HI     
ECSW0IG     ECSW0IG     ECSW0IG     
ECSW0IH     ECSW0IH     ECSW0IH     
ECSW0II     ECSW0II     ECSW0II     
ECSX0GG     ECSX0GG     ECSX0GG     
ECSX0GH     ECSX0GH     ECSX0GH     
ECSX0GI     ECSX0GI     ECSX0GI     
ECSX0HG     ECSX0HG     ECSX0HG     
ECSX0HH     ECSX0HH     ECSX0HH     
ECSX0HI     ECSX0HI     ECSX0HI     
ECSX0IG     ECSX0IG     ECSX0IG     
ECSX0IH     ECSX0IH     ECSX0IH     
ECSX0II     ECSX0II     ECSX0II     
ECSY0GG     ECSY0GG     ECSY0GG     
ECSY0GH     ECSY0GH     ECSY0GH     
ECSY0GI     ECSY0GI     ECSY0GI     
ECSY0HG     ECSY0HG     ECSY0HG     
ECSY0HH     ECSY0HH     ECSY0HH     
ECSY0HI     ECSY0HI     ECSY0HI     
ECSY0IG     ECSY   ECSY0IG     
ECSY0IH     ECSY0IH     ECSY0IH     
ECSY0II     ECSY0II     ECSY0II     
FAPW0GG     FAPW0GG     FAPW0GG     
FAPW0GH     FAPW0GH     FAPW0GH     
FAPW0GI     FAPW0GI     FAPW0GI     
FAPW0HG     FAPW0HG     FAPW0HG     
FAPW0HH     FAPW0HH     FAPW0HH     
FAPW0HI     FAPW0HI     FAPW0HI     
FAPW0IG     FAPW0IG     FAPW0IG     
FAPW0IH     FAPW0IH     FAPW0IH     
FAPW0II     FAPW0II     FAPW0II     
FAPX0GG     FAPX0GG     FAPX0GG     
FAPX0GH     FAPX0GH     FAPX0GH     
FAPX0GI     FAPX0GI     FAPX0GI     
FAPX0HG     FAPX0HG     FAPX0HG     
FAPX0HH     FAPX0HH     FAPX0HH     
FAPX0HI     FAPX0HI     FAPX0HI     
FAPX0IG     FAPX0IG     FAPX0IG     
FAPX0IH     FAPX0IH     FAPX0IH     
FAPX0II     FAPX0II     FAPX0II     
FAPY0GG     FAPY0GG     FAPY0GG     
FAPY0GH     FAPY0GH     FAPY0GH     
FAPY0GI     FAPY0GI     FAPY0GI     
FAPY0HG     FAPY0HG     FAPY0HG     
FAPY0HH     FAPY0HH     FAPY0HH     
FAPY0HI     FAPY0HI     FAPY0HI     
FAPY0IG     FAPY0IG     FAPY0IG     
FAPY0IH     FAPY0IH     FAPY0IH     
FAPY0II     FAPY0II     FAPY0II     
FARW0GG     FARW0GG     FARW0GG     
FARW0GH     FARW0GH     FARW0GH     
FARW0GI     FARW0GI     FARW0GI     
FARW0HG     FARW0HG     FARW0HG     
FARW0HH     FARW0HH     FARW0HH     
FARW0HI     FARW0HI     FARW0HI     
FARW0IG     FARW0IG     FARW0IG     
FARW0IH     FARW0IH     FARW0IH     
FARW0II     FARW0II     FARW0II     
FARX0GG     FARX0GG     FARX0GG     
FARX0GH     FARX0GH     FARX0GH     
FARX0GI     FARX0GI     FARX0GI     
FARX0HG     FARX0HG     FARX0HG     
FARX0HH     FARX0HH     FARX0HH     
FARX0HI     FARX0HI     FARX0HI     
FARX0IG     FARX0IG     FARX0IG     
FARX0IH     FARX0IH     FARX0IH     
FARX0II     FARX0II     FARX0II     
FARY0GG     FARY0GG     FARY0GG     
FARY0GH     FARY0GH     FARY0GH     
FARY0GI     FARY0GI     FARY0GI     
FARY0HG     FARY0HG     FARY0HG     
FARY0HH     FARY0HH     FARY0HH     
FARY0HI     FARY0HI     FARY0HI     
FARY0IG     FARY0IG     FARY0IG     
FARY0IH     FARY0IH     FARY0IH     
FARY0II     FARY0II     FARY0II     
FASW0GG     FASW0GG     FASW0GG     
FASW0GH     FASW0GH     FASW0GH     
FASW0GI     FASW0GI     FASW0GI     
FASW0HG     FASW0HG     FASW0HG     
FASW0HH     FASW0HH     FASW0HH     
FASW0HI     FASW0HI     FASW0HI     
FASW0IG     FASW0IG     FASW0IG     
FASW0IH     FASW0IH     FASW0IH     
FASW0II     FASW0II     FASW0II     
FASX0GG     FASX0GG     FASX0GG     
FASX0GH     FASX0GH     FASX0GH     
FASX0GI     FASX0GI     FASX0GI     
FASX0HG     FASX0HG     FASX0HG     
FASX0HH     FASX0HH     FASX0HH     
FASX0HI     FASX0HI     FASX0HI     
FASX0IG     FASX0IG     FASX0IG     
FASX0IH     FASX0IH     FASX0IH     
FASX0II     FASX0II     FASX0II     
FASY0GG     FASY0GG     FASY0GG     
FASY0GH     FASY0GH     FASY0GH     
FASY0GI     FASY0GI     FASY0GI     
FASY0HG     FASY0HG     FASY0HG     
FASY0HH     FASY0HH     FASY0HH     
FASY0HI     FASY0HI     FASY0HI     
FASY0IG     FASY0IG     FASY0IG     
FASY0IH     FASY0IH     FASY0IH     
FASY0II     FASY0II     FASY0II     
FBPW0GG     FBPW0GG     FBPW0GG     
FBPW0GH     FBPW0GH     FBPW0GH     
FBPW0GI     FBPW0GI     FBPW0GI     
FBPW0HG     FBPW0HG     FBPW0HG     
FBPW0HH     FBPW0HH     FBPW0HH     
FBPW0HI     FBPW0HI     FBPW0HI     
FBPW0IG     FBPW0IG     FBPW0IG     
FBPW0IH     FBPW0IH     FBPW0IH     
FBPW0II     FBPW0II     FBPW0II     
FBPX0GG     FBPX0GG     FBPX0GG     
FBPX0GH     FBPX0GH     FBPX0GH     
FBPX0GI     FBPX0GI     FBPX0GI     
FBPX0HG     FBPX0HG     FBPX0HG     
FBPX0HH     FBPX0HH     FBPX0HH     
FBPX0HI     FBPX0HI     FBPX0HI     
FBPX0IG     FBPX0IG     FBPX0IG     
FBPX0IH     FBPX0IH     FBPX0IH     
FBPX0II     FBPX0II     FBPX0II     
FBPY0GG     FBPY0GG     FBPY0GG     
FBPY0GH     FBPY0GH     FBPY0GH     
FBPY0GI     FBPY0GI     FBPY0GI     
FBPY0HG     FBPY0HG     FBPY0HG     
FBPY0HH     FBPY0HH     FBPY0HH     
FBPY0HI     FBPY0HI     FBPY0HI     
FBPY0IG     FBPY0IG     FBPY0IG     
FBPY0IH     FBPY0IH     FBPY0IH     
FBPY0II     FBPY0II     FBPY0II     
FBRW0GG     FBRW0GG     FBRW0GG     
FBRW0GH     FBRW0GH     FBRW0GH     
FBRW0GI     FBRW0GI     FBRW0GI     
FBRW0HG     FBRW0HG     FBRW0HG     
FBRW0HH     FBRW0HH     FBRW0HH     
FBRW0HI     FBRW0HI     FBRW0HI     
FBRW0IG     FBRW0IG     FBRW0IG     
FBRW0IH     FBRW0IH     FBRW0IH     
FBRW0II     FBRW0II     FBRW0II     
FBRX0GG     FBRX0GG     FBRX0GG     
FBRX0GH     FBRX0GH     FBRX0GH     
FBRX0GI     FBRX0GI     FBRX0GI     
FBRX0HG     FBRX0HG     FBRX0HG     
FBRX0HH     FBRX0HH     FBRX0HH     
FBRX0HI     FBRX0HI     FBRX0HI     
FBRX0IG     FBRX0IG     FBRX0IG     
FBRX0IH     FBRX0IH     FBRX0IH     
FBRX0II     FBRX0II     FBRX0II     
FBRY0GG     FBRY0GG     FBRY0GG     
FBRY0GH     FBRY0GH     FBRY0GH     
FBRY0GI     FBRY0GI     FBRY0GI     
FBRY0HG     FBRY0HG     FBRY0HG     
FBRY0HH     FBRY0HH     FBRY0HH     
FBRY0HI     FBRY0HI     FBRY0HI     
FBRY0IG     FBRY0IG     FBRY0IG     
FBRY0IH     FBRY0IH     FBRY0IH     
FBRY0II     FBRY0II     FBRY0II     
FBSW0GG     FBSW0GG     FBSW0GG     
FBSW0GH     FBSW0GH     FBSW0GH     
FBSW0GI     FBSW0GI     FBSW0GI     
FBSW0HG     FBSW0HG     FBSW0HG     
FBSW0HH     FBSW0HH     FBSW0HH     
FBSW0HI     FBSW0HI     FBSW0HI     
FBSW0IG     FBSW0IG     FBSW0IG     
FBSW0IH     FBSW0IH     FBSW0IH     
FBSW0II     FBSW0II     FBSW0II     
FBSX0GG     FBSX0GG     FBSX0GG     
FBSX0GH     FBSX0GH     FBSX0GH     
FBSX0GI     FBSX0GI     FBSX0GI     
FBSX0HG     FBSX0HG     FBSX0HG     
FBSX0HH     FBSX0HH     FBSX0HH     
FBSX0HI     FBSX0HI     FBSX0HI     
FBSX0IG     FBSX0IG     FBSX0IG     
FBSX0IH     FBSX0IH     FBSX0IH     
FBSX0II     FBSX0II     FBSX0II     
FBSY0GG     FBSY0GG     FBSY0GG     
FBSY0GH     FBSY0GH     FBSY0GH     
FBSY0GI     FBSY0GI     FBSY0GI     
FBSY0HG     FBSY0HG     FBSY0HG     
FBSY0HH     FBSY0HH     FBSY0HH     
FBSY0HI     FBSY0HI     FBSY0HI     
FBSY0IG     FBSY0IG     FBSY0IG     
FBSY0IH     FBSY0IH     FBSY0IH     
FBSY0II     FBSY0II     FBSY0II     
FCPW0GG     FCPW0GG     FCPW0GG     
FCPW0GH     FCPW0GH     FCPW0GH     
FCPW0GI     FCPW0GI     FCPW0GI     
FCPW0HG     FCPW0HG     FCPW0HG     
FCPW0HH     FCPW0HH     FCPW0HH     
FCPW0HI     FCPW0HI     FCPW0HI     
FCPW0IG     FCPW0IG     FCPW0IG     
FCPW0IH     FCPW0IH     FCPW0IH     
FCPW0II     FCPW0II     FCPW0II     
FCPX0GG     FCPX0GG     FCPX0GG     
FCPX0GH     FCPX0GH     FCPX0GH     
FCPX0GI     FCPX0GI     FCPX0GI     
FCPX0HG     FCPX0HG     FCPX0HG     
FCPX0HH     FCPX0HH     FCPX0HH     
FCPX0HI     FCPX0HI     FCPX0HI     
FCPX0IG     FCPX0IG     FCPX0IG     
FCPX0IH     FCPX0IH     FCPX0IH     
FCPX0II     FCPX0II     FCPX0II     
FCPY0GG     FCPY0GG     FCPY0GG     
FCPY0GH     FCPY0GH     FCPY0GH     
FCPY0GI     FCPY0GI     FCPY0GI     
FCPY0HG     FCPY0HG     FCPY0HG     
FCPY0HH     FCPY0HH     FCPY0HH     
FCPY0HI     FCPY0HI     FCPY0HI     
FCPY0IG     FCPY0IG     FCPY0IG     
FCPY0IH     FCPY0IH     FCPY0IH     
FCPY0II     FCPY0II     FCPY0II     
FCRW0GG     FCRW0GG     FCRW0GG     
FCRW0GH     FCRW0GH     FCRW0GH     
FCRW0GI     FCRW0GI     FCRW0GI     
FCRW0HG     FCRW0HG     FCRW0HG     
FCRW0HH     FCRW0HH     FCRW0HH     
FCRW0HI     FCRW0HI     FCRW0HI     
FCRW0IG     FCRW0IG     FCRW0IG     
FCRW0IH     FCRW0IH     FCRW0IH     
FCRW0II     FCRW0II     FCRW0II     
FCRX0GG     FCRX0GG     FCRX0GG     
FCRX0GH     FCRX0GH     FCRX0GH     
FCRX0GI     FCRX0GI     FCRX0GI     
FCRX0HG     FCRX0HG     FCRX0HG     
FCRX0HH     FCRX0HH     FCRX0HH     
FCRX0HI     FCRX0HI     FCRX0HI     
FCRX0IG     FCRX0IG     FCRX0IG     
FCRX0IH     FCRX0IH     FCRX0IH     
FCRX0II     FCRX0II     FCRX0II     
FCRY0GG     FCRY0GG     FCRY0GG     
FCRY0GH     FCRY0GH     FCRY0GH     
FCRY0GI     FCRY0GI     FCRY0GI     
FCRY0HG     FCRY0HG     FCRY0HG     
FCRY0HH     FCRY0HH     FCRY0HH     
FCRY0HI     FCRY0HI     FCRY0HI     
FCRY0IG     FCRY0IG     FCRY0IG     
FCRY0IH     FCRY0IH     FCRY0IH     
FCRY0II     FCRY0II     FCRY0II     
FCSW0GG     FCSW0GG     FCSW0GG     
FCSW0GH     FCSW0GH     FCSW0GH     
FCSW0GI     FCSW0GI     FCSW0GI     
FCSW0HG     FCSW0HG     FCSW0HG     
FCSW0HH     FCSW0HH     FCSW0HH     
FCSW0HI     FCSW0HI     FCSW0HI     
FCSW0IG     FCSW0IG     FCSW0IG     
FCSW0IH     FCSW0IH     FCSW0IH     
FCSW0II     FCSW0II     FCSW0II     
FCSX0GG     FCSX0GG     FCSX0GG     
FCSX0GH     FCSX0GH     FCSX0GH     
FCSX0GI     FCSX0GI     FCSX0GI     
FCSX0HG     FCSX0HG     FCSX0HG     
FCSX0HH     FCSX0HH     FCSX0HH     
FCSX0HI     FCSX0HI     FCSX0HI     
FCSX0IG     FCSX0IG     FCSX0IG     
FCSX0IH     FCSX0IH     FCSX0IH     
FCSX0II     FCSX0II     FCSX0II     
FCSY0GG     FCSY0GG     FCSY0GG     
FCSY0GH     FCSY0GH     FCSY0GH     
FCSY0GI     FCSY0GI     FCSY0GI     
FCSY0HG     FCSY0HG     FCSY0HG     
FCSY0HH     FCSY0HH     FCSY0HH     
FCSY0HI     FCSY0HI     FCSY0HI     
FCSY0IG     FCSY0IG     FCSY0IG     
FCSY0IH     FCSY0IH     FCSY0IH     
FCSY0II     FCSY0II     FCSY0II     
   	I	N