    P R O G R A M   P H O N E Y 		COBOL 4(56)	14-MAR-73  12:01		PAGE 1

    0001    IDENTIFICATION DIVISION.
    0002    PROGRAM-ID. PHONEY.
    0003    REMARKS. CONVERTS A PHONE NUMBER TO A LIST OF ALL
    0004         ALPHABETIC COMBINATIONS REPRESENTING IT.
    0005    ENVIRONMENT DIVISION.
    0006    INPUT-OUTPUT SECTION.
    0007    FILE-CONTROL.
    0008           SELECT LISTING,ASSIGN TO DSK.
    0009           SELECT SORTING, ASSIGN TO DSK,DSK,DSK.
    0010    DATA DIVISION.
    0011    FILE SECTION.
    0012    FD    LISTING,VALUE OF IDENTIFICATION IS "PHONESLST".
    0013    01    PHONES,USAGE IS DISPLAY-7.
    0014           02 PHONE, OCCURS 7 TIMES, PICTURE IS X.
    0015           02 FILLER PICTURE IS X(29).
    0016    01    MULTI-PHONES,USAGE IS DISPLAY-7.
    0017         02 M-PH, OCCURS 3 TIMES, PICTURE IS X(12).
    0018    SD    SORTING.
    0019    01    SORT-REC.
    0020         02 S-R,PICTURE IS X(7).
    0021         02 FILLER PICTURE IS X(29).
    0022    WORKING-STORAGE SECTION.
    0023    01      ALPHA,PICTURE IS X(30) VALUE "000111ABCDEFGHIJKLMNOPRSTUVWXY".
    0024    01    CHARS, REDEFINES ALPHA.
    0025           02 CHAR OCCURS 10 TIMES.
    0026                   03 C,OCCURS 3 TIMES PICTURE IS X.
    0027    01    NUMBR.
    0028           02 N, OCCURS 8 TIMES PICTURE IS X.
    0029    01    INDXS.
    0030           02 INDX,OCCURS 7 TIMES PICTURE IS 9.
    0031    01    PHONE-STORE.
    0032         02 PH-STORE,PICTURE IS X(7).
    0033           02 FILLER PICTURE IS X(29).
    0034    77      I PICTURE IS 99 USAGE IS COMPUTATIONAL.
    0035    77      J PICTURE IS 99 USAGE IS COMPUTATIONAL.
    0036    77      K PICTURE IS 99 USAGE IS COMPUTATIONAL.
    0037    77      L PICTURE IS 99 USAGE IS COMPUTATIONAL.
    0038    PROCEDURE DIVISION.
    0039  
    0040    START.
    0041           DISPLAY "TYPE PHONE-NUMBER".
    0042           MOVE SPACES TO NUMBR.
    0043           ACCEPT NUMBR.
    0044           PERFORM GET-NUM VARYING K FROM 4 BY 1 UNTIL K GREATER THAN 7.
    0045           MOVE 1111111 TO INDXS.
    0046           MOVE 1 TO I.
    0047           OPEN OUTPUT LISTING.
    0048           MOVE SPACES TO PHONES.
    0049    LOOP.
    0050           PERFORM ASSEMBLE VARYING J FROM 1 BY 1 UNTIL J GREATER THAN 7.
    0051           WRITE PHONES.
    0052           MOVE SPACES TO PHONES.
    0053           PERFORM BUMP-INDX THRU BX.
    0054           GO TO LOOP.
    0055    END-IT.
    0056           CLOSE LISTING.    P R O G R A M   P H O N E Y 		COBOL 4(56)	14-MAR-73  12:01		PAGE 1-1

    0057           SORT SORTING ON ASCENDING KEY SORT-REC,
    0058                   USING LISTING,
    0059                   OUTPUT PROCEDURE THREE-PHONES.
    0060           STOP RUN.
    0061  *        SUBROUTINES
    0062    GET-NUM.
    0063           MOVE K TO J.
    0064           SET J UP BY 1.
    0065           MOVE N (J) TO N (K).
    0066    ASSEMBLE.
    0067           MOVE INDX (J) TO K.
    0068           MOVE N (J) TO L.
    0069           ADD 1 TO L.
    0070           MOVE C (L, K) TO PHONE (J).
    0071    BUMP-INDX.
    0072           MOVE 7 TO J.
    0073    B2.     ADD 1 TO INDX (J).
    0074           IF INDX (J) GREATER THAN 3 AND J EQUAL TO 1,GO TO END-IT.
    0075           IF INDX (J) GREATER THAN 3,        MOVE 1 TO INDX (J),
    0076           SET J DOWN BY 1
    0077           GO TO B2.
    0078    BX.     EXIT.
    0079  *        OUTPUT PROCEDURE FOR SORT
    0080    THREE-PHONES SECTION.
    0081    START.
    0082           OPEN OUTPUT LISTING.
    0083    L-1.
    0084           MOVE 1 TO I.
    0085           MOVE SPACES TO MULTI-PHONES.
    0086    L-2.
    0087           RETURN SORTING INTO PHONE-STORE, AT END GO TO END-3-PHONES.
    0088           MOVE PH-STORE TO M-PH (I).
    0089           SET I UP BY 1.
    0090           IF I GREATER THAN 3,     WRITE MULTI-PHONES,
    0091           GO TO L-1.
    0092           ELSE GO TO L-2.
    0093    END-3-PHONES.
    0094           IF I GREATER THAN 1,WRITE MULTI-PHONES.
    0095           CLOSE LISTING.

NO ERRORS DETECTED
