QUAD	F40	V24(4)	7-AUG-72	10:27	PAGE 1


		        TYPE 2
		2       FORMAT(' TYPE A, B, C',/)
		        ACCEPT 1,A,B,C
		1       FORMAT(3F9.4)
		        COEFF=B**2-4.*A*C
		        IF(COEFF)10,20,20
		10      TYPE 5
		5       FORMAT(' ALL ROOTS ARE IMAGINARY')
		        GO TO 50
		20      XP=(-B+SQRT(COEFF))/(2*A)
		        XN=(-B-SQRT(COEFF))/(2*A)
		        TYPE 12
		12      FORMAT(2X,' X+ROOT',4X' X-ROOT')
		        TYPE 15,XP,XN
		15      FORMAT(/2F10.4)
		50      CONTINUE
		        END

SUBPROGRAMS

FORSE.	JOBFF 	FLOUT.	FLIRT.	SQRT  	EXIT  	

SCALARS

A     	110		B     	111		C     	112		COEFF 	113		XP    	114	
XN    	115		

 MAIN.
