    P R O G R A M   X E Z 4 5 C 		COBOL (005001,107000)	30-MAY-73  14:41		PAGE 1
    RAY2.CBL    30-MAY-73  14:40

    0001    IDENTIFICATION  DIVISION.                                         
    0002    PROGRAM-ID.  XEZ45CF8
    0003    AUTHOR.  DENNIS L. WARN.                                          
    0004    INSTALLATION.  OXNARD DIGITAL.                                    
    0005    DATE-WRITTEN.  03/19/73   REVISED   /  / .                        
    0006    DATE-COMPILED. 30-MAY-73. 
    0007    SECURITY.                                                         
    0008    REMARKS.                                                          
    0009        DGF8 CONVERTS A FROM/TO TAPE INTO                            
    0010        A TRUE STRING TAPE.                                          
    0011                                                                     
    0012                                                                     
    0013    ENVIRONMENT  DIVISION.                                            
    0014    CONFIGURATION  SECTION.                                           
    0015    SOURCE-COMPUTER. DECsystem-10. 
    0016    OBJECT-COMPUTER. PDP-10.                                          
    0017    INPUT-OUTPUT  SECTION.                                            
    0018    FILE-CONTROL.                                                     
    0019        SELECT CARD-IN                                               
    0020            ASSIGN DSK,                                              
    0021         RECORDING MODE IS ASCII.                                    
    0022                                                                     
    0023        SELECT TAPE-IN                                               
    0024            ASSIGN DSK,                                              
    0025         RECORDING MODE IS ASCII.                                    
    0026                                                                     
    0027        SELECT TAPE-OUT                                              
    0028            ASSIGN DSK,                                              
    0029         RECORDING MODE IS ASCII.                                    
    0030                                                                     
    0031                                                                     
    0032                                                                     
    0033    DATA  DIVISION.                                                   
    0034    FILE  SECTION.                                                    
    0035    FD   CARD-IN                                                      
    0036            VALUE OF IDENTIFICATION IS "CARDINDAT"                   
    0037        RECORD CONTAINS 80 CHARACTERS                                
    0038        LABEL RECORD IS STANDARD                                     
    0039        DATA RECORD IS CARDIN.                                       
    0040    01   CARDIN.                                                      
    0041        02  CARD-TAB                PICTURE X(11).                   
    0042        02  FILLER                  PICTURE X(69).                   
    0043                                                                     
    0044    FD   TAPE-IN                                                      
    0045            VALUE OF IDENTIFICATION IS "TAPEINDAT"                   
    0046        RECORD CONTAINS 60 CHARACTERS                                
    0047        BLOCK CONTAINS 50 RECORDS                                    
    0048        LABEL RECORD IS STANDARD                                     
    0049        DATA RECORD IS TAPEIN.                                       
    0050    01   TAPEIN.                                                      
    0051        02  TI-SIGNAL               PICTURE X(5).                    
    0052        02  FILLER                  PICTURE X.                       
    0053        02  TI-FROM                 PICTURE X(9).                    
    0054        02  FILLER                  PICTURE X.                       
    0055        02  TI-TO                   PICTURE X(9).                    
    0056        02  FILLER                  PICTURE X(35).                       P R O G R A M   X E Z 4 5 C 		COBOL (005001,107000)	30-MAY-73  14:41		PAGE 1-1
    RAY2.CBL    30-MAY-73  14:40

    0057                                                                     
    0058    FD   TAPE-OUT                                                     
    0059            VALUE OF IDENTIFICATION IS "TAPEOTDAT"                   
    0060        RECORD CONTAINS 60 CHARACTERS                                
    0061        BLOCK CONTAINS 50 RECORDS                                    
    0062        LABEL RECORD IS STANDARD                                     
    0063        DATA RECORD IS TAPEOUT.                                      
    0064    01   TAPEOUT                     PICTURE X(60).                   
    0065                                                                     
    0066    WORKING-STORAGE  SECTION.                                         
    0067    77   A           COMPUTATIONAL   PICTURE 9(5).                    
    0068    77   B           COMPUTATIONAL   PICTURE 9(5).                    
    0069    77   C           COMPUTATIONAL   PICTURE 9(5).                    
    0070    77   D           COMPUTATIONAL   PICTURE 9(5).                    
    0071    77   E           COMPUTATIONAL   PICTURE 9(5).                    
    0072    77   F1          COMPUTATIONAL   PICTURE 9(5).                    
    0073    77   F2          COMPUTATIONAL   PICTURE 9(5).                    
    0074    77   G1          COMPUTATIONAL   PICTURE 9(5).                    
    0075    77   G2          COMPUTATIONAL   PICTURE 9(5).                    
    0076    77   H           COMPUTATIONAL   PICTURE 9(5).                    
    0077    77   I           COMPUTATIONAL   PICTURE 9(5).                    
    0078    77   J           COMPUTATIONAL   PICTURE 9(5).                    
    0079    77   K           COMPUTATIONAL   PICTURE 9(5).                    
    0080    77   L           COMPUTATIONAL   PICTURE 9(5).                    
    0081    77   M           COMPUTATIONAL   PICTURE 9(5).                    
    0082    77   N           COMPUTATIONAL   PICTURE 9(5).
    0083    77   O           COMPUTATIONAL   PICTURE 9(5).
    0084    01   MATRIX.
    0085        02  MAT1        OCCURS 6.
    0086            03  MAT2    OCCURS 3000.
    0087                04  MATF            PICTURE 9.
    0088                04  MATP   COMPUTATIONAL PICTURE 9(5).
    0089    01   DIMENSIONS.
    0090        02  DIM         OCCURS 500.                                  
    0091            03  KDIM.                                                
    0092                04  KDIM13.                                          
    0093                    05  KDIM12      PICTURE XX.                      
    0094                    05  KDIM3       PICTURE X.                       
    0095                04  KDIM46.                                          
    0096                    05  KDIM45.                                      
    0097                        06  KDIM4   PICTURE X.                       
    0098                        06  FILLER  PICTURE X.                       
    0099                    05  FILLER      PICTURE X.                       
    0100            03  SDIM                        PICTURE 9(5).            
    0101    01   SPLITTER.                                                    
    0102        02  CONN-ID                 PICTURE XX.                      
    0103        02  BLOCK-NO                PICTURE X.                       
    0104        02  CONN-NO                 PICTURE XX.                      
    0105        02  DASH-CON                PICTURE X.                       
    0106        02  PIN-NO                  PICTURE XXX.                     
    0107    01   MAKE-KEY.                                                    
    0108        02  KCONN-ID                PICTURE XX.                      
    0109        02  ABC                     PICTURE X.                       
    0110        02  KBCP-NO                 PICTURE XXX.                     
    0111    01   STRING-RECORD.                                               
    0112        02  SR-NAME                 PICTURE X(7).                        P R O G R A M   X E Z 4 5 C 		COBOL (005001,107000)	30-MAY-73  14:41		PAGE 1-2
    RAY2.CBL    30-MAY-73  14:40

    0113        02  SR-CODE                 PICTURE X.                       
    0114        02  SR-OUTPUT               PICTURE X(7).                    
    0115        02  SR-CONN                 PICTURE X(9).                    
    0116        02  FILLER                  PICTURE X(36).                   
    0117    01   INDEX-HOLD.                                                  
    0118        02  INDEXH PICTURE 9(3) OCCURS 3 TIMES.
    0119    01   RET-KEY.                                                     
    0120        02  CONN-OD                 PICTURE XX.                      
    0121        02  BLOCK-NU                PICTURE X.                       
    0122    01   SIGNAL-NAME.                                                 
    0123        02  SIG-ST                  PICTURE XX      VALUE 'ST'.      
    0124        02  SIG-NO                  PICTURE 9(4).                    
    0125                                                                     
    0126                                                                     
    0127                                                                     
    0128                                                                     
    0129                                                                     
    0130    PROCEDURE  DIVISION.                                              
    0131    INITIALIZE.                                                       
    0132        OPEN INPUT CARD-IN TAPE-IN OUTPUT TAPE-OUT.                  
    0133        MOVE 1 TO A B C D E F1 F2 G1 G2 H I J K L M N SIG-NO.        
    0134        MOVE ZERO TO        DIMENSIONS MOVE SPACE TO STRING-RECORD.  
    0135    ZERO-MAT.                                                         
    0136        MOVE ZERO TO MATF (A, B) MATP (A, B).                        
    0137        ADD 1 TO B.                                                  
    0138        IF B IS NOT EQUAL TO  3001  GO TO ZERO-MAT.                  
    0139        MOVE 1 TO B ADD 1 TO A.                                      
    0140        IF A IS NOT EQUAL TO  3  GO TO ZERO-MAT.                     
    0141    READ-CARD.                                                        
    0142        READ CARD-IN AT END GO TO READ-TAPE.                         
    0143        MOVE CARD-TAB TO DIM (A).                                    
    0144        ADD 1 TO A GO TO READ-CARD.                                  
    0145    READ-TAPE.                                                        
    0146        READ TAPE-IN AT END MOVE 1 TO J GO TO OUTPUT-STRING.         
    0147        MOVE TI-FROM TO SPLITTER MOVE CONN-ID TO KCONN-ID.           
    0148        MOVE 1 TO E.                                                 
    0149        DISPLAY       TAPEIN.                                        
    0150    GET-DIM-LOOP.                                                     
    0151        MOVE 'A' TO ABC MOVE PIN-NO TO KBCP-NO MOVE 1 TO B.          
    0152        PERFORM GET-DIM THRU GET-DIM-EXIT.                           
    0153        MOVE SDIM (B) TO C.                                          
    0154        MOVE 'B' TO ABC MOVE BLOCK-NO TO KBCP-NO.                    
    0155        PERFORM GET-DIM THRU GET-DIM-EXIT.                           
    0156        ADD  SDIM (B) TO C.                                          
    0157        MOVE 'C' TO ABC MOVE CONN-NO TO KBCP-NO.                     
    0158        PERFORM GET-DIM THRU GET-DIM-EXIT.                           
    0159        ADD SDIM (B) TO C.                                           
    0160        IF E IS EQUAL TO 1 ADD 1 TO E MOVE C TO D                    
    0161            MOVE TI-TO TO SPLITTER MOVE CONN-ID TO KCONN-ID          
    0162            GO TO GET-DIM-LOOP.                                      
    0163        MOVE C TO H PERFORM FIX-SUB THRU MOVE-SUB.                   
    0164        MOVE D TO H PERFORM FIX-SUB.                                 
    0165        MULTIPLY MATF (F1, F2) BY 4 GIVING E.                        
    0166        ADD MATF (G1, G2) TO E.                                      
    0167        DISPLAY       E D MAT2 (F1, F2) C MAT2 (G1, G2).             
    0168        IF E =  0 GO TO SIT00.                                           P R O G R A M   X E Z 4 5 C 		COBOL (005001,107000)	30-MAY-73  14:41		PAGE 1-3
    RAY2.CBL    30-MAY-73  14:40

    0169        IF E = 12 GO TO SIT30.                                       
    0170        IF E = 13 GO TO SIT31.                                       
    0171        IF E =  1 GO TO SIT01.                                       
    0172        IF E =  2 GO TO SIT02.                                       
    0173        IF E =  3 GO TO SIT03.                                       
    0174        IF E =  4 GO TO SIT10.                                       
    0175        IF E =  5 GO TO SIT11.                                       
    0176        IF E =  6 GO TO SIT12.                                       
    0177        IF E =  7 GO TO SIT13.                                       
    0178        IF E =  8 GO TO SIT20.                                       
    0179        IF E =  9 GO TO SIT21.                                       
    0180        IF E = 10 GO TO SIT22.                                       
    0181        IF E = 11 GO TO SIT23.                                       
    0182        IF E = 14 GO TO SIT32.                                       
    0183        IF E = 15 GO TO SIT33.                                       
    0184        DISPLAY 'BAD SITUATION POINTER = ' E ', ' D ', ' C.          
    0185        DISPLAY TAPEIN.                                              
    0186        GO TO READ-TAPE.                                             
    0187    SIT00.                                                            
    0188        MOVE C TO H PERFORM FIX-SUB THRU MOVE-SUB.                   
    0189        MOVE D TO H PERFORM FIX-SUB.                                 
    0190        MOVE 1 TO MATF (F1, F2) MOVE 3 TO MATF (G1, G2).             
    0191        MOVE C TO MATP (F1, F2) GO TO READ-TAPE.                     
    0192    SIT01.                                                            
    0193        MOVE C TO H PERFORM FIX-SUB THRU MOVE-SUB.                   
    0194        MOVE D TO H PERFORM FIX-SUB.                                 
    0195        MOVE 1 TO MATF (F1, F2) MOVE 2 TO MATF (G1, G2).             
    0196        MOVE C TO MATP (F1, F2) GO TO READ-TAPE.                     
    0197    SIT02.                                                            
    0198        MOVE C TO H PERFORM FIX-SUB PERFORM FIND-END.                
    0199        IF F1 = 0 GO TO READ-TAPE.                                   
    0200        PERFORM MOVE-SUB MOVE D TO H PERFORM FIX-SUB.                
    0201        MOVE 2 TO MATF (G1, G2) MOVE 3 TO MATF (F1, F2).             
    0202        MOVE D TO MATP (G1, G2) GO TO READ-TAPE.                     
    0203    SIT03.                                                            
    0204        MOVE C TO H PERFORM FIX-SUB THRU MOVE-SUB.                   
    0205        MOVE D TO H PERFORM FIX-SUB.                                 
    0206        MOVE 2 TO MATF (G1, G2) MOVE 3 TO MATF (F1, F2).             
    0207        MOVE D TO MATP (G1, G2) GO TO READ-TAPE.                     
    0208    SIT10.                                                            
    0209        MOVE C TO H PERFORM FIX-SUB THRU MOVE-SUB.                   
    0210        MOVE D TO H PERFORM FIX-SUB.                                 
    0211        MOVE 1 TO MATF (G1, G2) MOVE 2 TO MATF (F1, F2).             
    0212        MOVE D TO MATP (G1, G2) GO TO READ-TAPE.                     
    0213    SIT11.                                                            
    0214        MOVE D TO H I PERFORM FIX-SUB THRU MOVE-SUB.                 
    0215        MOVE MATP (G1, G2) TO H J PERFORM FIX-SUB.                   
    0216        MOVE MATP (F1, F2) TO K.                                     
    0217        PERFORM REVERSE-STRING.                                      
    0218        MOVE C TO H PERFORM FIX-SUB THRU MOVE-SUB.                   
    0219        MOVE D TO H PERFORM FIX-SUB.                                 
    0220        MOVE 2 TO MATF (F1, F2) MATF (G1, G2).                       
    0221        MOVE C TO MATF (F1, F2) GO TO READ-TAPE.                     
    0222    SIT12.                                                            
    0223        MOVE C TO H PERFORM FIX-SUB PERFORM FIND-END.                
    0224        IF F1 = 0 GO TO READ-TAPE.                                       P R O G R A M   X E Z 4 5 C 		COBOL (005001,107000)	30-MAY-73  14:41		PAGE 1-4
    RAY2.CBL    30-MAY-73  14:40

    0225        PERFORM MOVE-SUB MOVE D TO H PERFORM FIX-SUB.                
    0226        MOVE 2 TO MATF (F1, F2) MATF (G1, G2).                       
    0227        MOVE D TO MATP (G1, G2) GO TO READ-TAPE.                     
    0228    SIT13.                                                            
    0229        MOVE C TO H PERFORM FIX-SUB THRU MOVE-SUB.                   
    0230   MOVE D TO H PERFORM FIX-SUB.                                 
    0231        MOVE 2 TO MATF (F1, F2) MATF (G1, G2).                       
    0232        MOVE D TO MATP (G1, G2) GO TO READ-TAPE.                     
    0233    SIT20.                                                            
    0234        MOVE D TO H PERFORM FIX-SUB PERFORM FIND-END.                
    0235        IF F1 = 0 GO TO READ-TAPE.                                   
    0236        PERFORM MOVE-SUB MOVE C TO H PERFORM FIX-SUB.                
    0237        MOVE 2 TO MATF (G1, G2) MOVE 3 TO MATF (F1, F2).             
    0238        MOVE C TO MATP (G1, G2) GO TO READ-TAPE.                     
    0239    SIT21.                                                            
    0240        MOVE D TO H PERFORM FIX-SUB PERFORM FIND-END.                
    0241        IF F1 = 0 GO TO READ-TAPE.                                   
    0242        PERFORM MOVE-SUB MOVE C TO H PERFORM FIX-SUB.                
    0243        MOVE 2 TO MATF (G1, G2) MATF (F1, F2).                       
    0244        MOVE C TO MATP (G1, G2) GO TO READ-TAPE.                     
    0245    SIT22.                                                            
    0246        MOVE C TO I MOVE 1 TO J PERFORM FIND-HEAD THRU HEAD-EXIT.    
    0247        IF F1 = 0 GO TO READ-TAPE.                                   
    0248        PERFORM MOVE-SUB.                                            
    0249        MOVE D TO H PERFORM FIX-SUB PERFORM FIND-END.                
    0250        IF F1 = 0 GO TO READ-TAPE.                                   
    0251        MOVE 2 TO MATF (F1, F2) MATF (G1, G2).                       
    0252        MOVE J TO MATP (F1, F2) GO TO READ-TAPE.                     
    0253    SIT23.                                                            
    0254        GO TO SIT22.                                                 
    0255    SIT30.                                                            
    0256        MOVE C TO H PERFORM FIX-SUB THRU MOVE-SUB.                   
    0257        MOVE D TO H PERFORM FIX-SUB.                                 
    0258        MOVE 2 TO MATF (F1, F2) MOVE 3 TO MATF (G1, G2).             
    0259        MOVE C TO MATP (F1, F2) GO TO READ-TAPE.                     
    0260    SIT31.                                                            
    0261        MOVE C TO H PERFORM FIX-SUB THRU MOVE-SUB.                   
    0262        MOVE D TO H PERFORM FIX-SUB.                                 
    0263        MOVE 2 TO MATF (F1, F2) MATF (G1, G2).                       
    0264        MOVE C TO MATP (F1, F2) GO TO READ-TAPE.                     
    0265    SIT32.                                                            
    0266        MOVE C TO I MOVE 1 TO J PERFORM FIND-HEAD THRU HEAD-EXIT.    
    0267        IF F1 = 0 GO TO READ-TAPE.                                   
    0268        PERFORM MOVE-SUB.                                            
    0269        MOVE D TO H PERFORM FIX-SUB.                                 
    0270        MOVE 2 TO MATF (F1, F2) MATF (G1, G2).                       
    0271        MOVE J TO MATP (F1, F2) GO TO READ-TAPE.                     
    0272    SIT33.                                                            
    0273        MOVE C TO I MOVE 1 TO J PERFORM FIND-HEAD THRU HEAD-EXIT.    
    0274        IF F1 = 0 GO TO READ-TAPE.                                   
    0275        MOVE J TO C H I PERFORM FIX-SUB THRU MOVE-SUB.               
    0276        MOVE MATP (G1, G2) TO H J PERFORM FIX-SUB.                   
    0277        MOVE MATP (F1, F2) TO K.                                     
    0278        PERFORM REVERSE-STRING PERFORM MOVE-SUB.                     
    0279        MOVE D TO H PERFORM FIX-SUB.                                 
    0280        MOVE 2 TO MATF (F1, F2) MATF (G1, G2).                           P R O G R A M   X E Z 4 5 C 		COBOL (005001,107000)	30-MAY-73  14:41		PAGE 1-5
    RAY2.CBL    30-MAY-73  14:40

    0281        MOVE C TO MATP (F1, F2) GO TO READ-TAPE.                     
    0282    OUTPUT-STRING.                                                    
    0283        MOVE J TO H PERFORM FIX-SUB.                                 
    0284        IF F2 = 3001 GO TO EOJ.                                      
    0285        IF MATF (F1, F2) NOT EQUAL TO 1                              
    0286            ADD 1 TO J GO TO OUTPUT-STRING.                          
    0287        MOVE 1 TO I K.                                               
    0288        PERFORM RETRIEVE-CONN THRU RET-EXIT.                         
    0289        MOVE SIGNAL-NAME TO SR-NAME MOVE '1' TO SR-CODE.             
    0290        WRITE TAPEOUT FROM STRING-RECORD.                            
    0291        ADD 1 TO J ADD 1 TO SIG-NO.                                  
    0292    OUT-INPUT.                                                        
    0293        MOVE MATP (F1, F2) TO H PERFORM FIX-SUB.                     
    0294        MOVE 1 TO I K.                                               
    0295        PERFORM RETRIEVE-CONN THRU RET-EXIT.                         
    0296        MOVE '2' TO SR-CODE.                                         
    0297        WRITE TAPEOUT FROM STRING-RECORD.                            
    0298        IF MATF (F1, F2) IS EQUAL TO 3                               
    0299            MOVE SPACE TO STRING-RECORD GO TO OUTPUT-STRING.         
    0300        GO TO OUT-INPUT.                                             
    0301                                                                     
    0302    GET-DIM.                                                          
    0303        IF KDIM (B) = 0 DISPLAY 'BAD KEY  '                          
    0304            MAKE-KEY '  ' TI-SIGNAL '  ' SPLITTER                    
    0305            MOVE 1 TO B GO TO GET-DIM-EXIT.                          
    0306        IF KDIM (B) IS NOT EQUAL TO MAKE-KEY                         
    0307            ADD 1 TO B GO TO GET-DIM.                                
    0308    GET-DIM-EXIT.                                                     
    0309        EXIT.                                                        
    0310    FIND-END.                                                         
    0311        IF MATF (F1, F2) = 2 MOVE MATP (F1, F2) TO H                 
    0312            PERFORM FIX-SUB GO TO FIND-END.                          
    0313        IF MATF (F1, F2) IS NOT EQUAL TO 3                           
    0314            DISPLAY 'END NOT A 3 = ' MATF (F1, F2) ', ' F1 ', ' F2   
    0315            MOVE ZERO TO F1.                                         
    0316    FIX-SUB.                                                          
    0317        MOVE H TO O.
    0318        IF H IS LESS THAN 3001 MOVE 1 TO F1.
    0319        IF H IS GREATER THAN 3000 MOVE 2 TO F1 SUBTRACT 3000 FROM H.
    0320        IF H IS GREATER THAN 3000 MOVE 3 TO F1 SUBTRACT 3000 FROM H.
    0321        IF H IS GREATER THAN 3000 MOVE 4 TO F1 SUBTRACT 3000 FROM H.
    0322        IF H IS GREATER THAN 3000 MOVE 5 TO F1 SUBTRACT 3000 FROM H.
    0323        IF H IS GREATER THAN 3000 MOVE 6 TO F1 SUBTRACT 3000 FROM H.
    0324        MOVE H TO F2 MOVE O TO H.
    0325    MOVE-SUB.                                                         
    0326        MOVE F1 TO G1 MOVE F2 TO G2.                                 
    0327    REVERSE-STRING.                                                   
    0328        IF MATF (G1, G2) = 1                                         
    0329            MOVE 3 TO MATF (G1, G2) MOVE 0 TO MATP (G1, G2).         
    0330        IF MATF (F1, F2) = 1 OR MATF (F1, F2) = 2                    
    0331            MOVE I TO MATP (F1, F2) PERFORM MOVE-SUB                 
    0332            MOVE J TO I MOVE K TO J H PERFORM FIX-SUB                
    0333            IF MATF (F1, F2) = 3 NEXT SENTENCE                       
    0334                ELSE MOVE MATP (F1, F2) TO K GO TO REVERSE-STRING.   
    0335        MOVE I TO MATP (F1, F2) MOVE 1 TO MATF (F1, F2).             
    0336    FIND-HEAD.                                                            P R O G R A M   X E Z 4 5 C 		COBOL (005001,107000)	30-MAY-73  14:41		PAGE 1-6
    RAY2.CBL    30-MAY-73  14:40

    0337        MOVE J TO H PERFORM FIX-SUB.                                 
    0338        IF F2 = 3001 DISPLAY 'COULD NOT FIND HEAD-OF-STRING'         
    0339            DISPLAY TAPEIN MOVE 0 TO F1 GO TO HEAD-EXIT.             
    0340        IF I = MATP (F1, F2) NEXT SENTENCE                           
    0341            ELSE ADD 1 TO J GO TO FIND-HEAD.                         
    0342        IF 1 = MATF (F1, F2) NEXT SENTENCE                           
    0343            ELSE MOVE 1 TO J MOVE MATP (F1, F2) TO I                 
    0344            GO TO FIND-HEAD.                                         
    0345    HEAD-EXIT.                                                        
    0346        EXIT.                                                        
    0347                                                                     
    0348    RETRIEVE-CONN.                                                    
    0349        MOVE KDIM12 (I) TO CONN-OD MOVE 1 TO K.                      
    0350        MOVE KDIM3 (I) TO BLOCK-NU ADD 1 TO I.                       
    0351    RET-CONN.                                                         
    0352        IF KDIM3 (I) = BLOCK-NU ADD 1 TO I GO TO RET-CONN.           
    0353        SUBTRACT 1 FROM I GIVING INDEXH (K).                         
    0354        ADD 1 TO K MOVE KDIM3 (I) TO BLOCK-NU.                       
    0355        IF KDIM12 (I) = CONN-OD ADD 1 TO I GO TO RET-CONN.           
    0356        MOVE INDEXH (1) TO K MOVE SDIM (K) TO L.                     
    0357        MOVE INDEXH (2) TO K ADD SDIM (K) TO L.                      
    0358        MOVE INDEXH (3) TO K ADD SDIM (K) TO L.                      
    0359        IF H IS GREATER THAN L                                       
    0360            IF A = I DISPLAY 'CAN NOT CONVERT ' H                    
    0361                MOVE 0 TO I GO TO RET-EXIT                           
    0362                ELSE GO TO RETRIEVE-CONN.                            
    0363        MOVE INDEXH (2) TO K.                                        
    0364    BLOCK-LOOP.                                                       
    0365        IF H IS GREATER THAN SDIM (K) MOVE KDIM12 (K) TO CONN-ID     
    0366            MOVE KDIM4 (K) TO BLOCK-NO SUBTRACT SDIM (K) FROM H      
    0367            MOVE INDEXH (3) TO K GO TO CONN-LOOP                     
    0368            ELSE SUBTRACT 1 FROM K GO TO BLOCK-LOOP.                 
    0369    CONN-LOOP.                                                        
    0370        IF H IS GREATER THAN SDIM (K) MOVE KDIM45 (K) TO CONN-NO     
    0371            SUBTRACT SDIM (K) FROM H MOVE INDEXH (1) TO K            
    0372            GO TO PIN-LOOP                                           
    0373            ELSE SUBTRACT 1 FROM K GO TO CONN-LOOP.                  
    0374    PIN-LOOP.                                                         
    0375        IF H IS NOT EQUAL TO SDIM (K)                                
    0376            SUBTRACT 1 FROM K GO TO PIN-LOOP.                        
    0377        MOVE KDIM46 (K) TO PIN-NO MOVE '-' TO DASH-CON.              
    0378        MOVE SPLITTER TO SR-CONN.                                    
    0379    RET-EXIT.                                                         
    0380        EXIT.                                                        
    0381    EOJ.                                                              
    0382        CLOSE CARD-IN TAPE-IN TAPE-OUT.                              
    0383        STOP RUN.                                                        P R O G R A M   X E Z 4 5 C 		COBOL (005001,107000)	30-MAY-73  14:41		PAGE W-1
    RAY2.CBL    30-MAY-73  14:40

WARNINGS:

    0221  MOST SIGNIFICANT DIGITS TRUNCATED ON MATF
    0353  MOST SIGNIFICANT DIGITS TRUNCATED ON INDEXH


NO FATAL ERRORS, 2 WARNINGS
    "m b¾