    P R O G R A M   R C B 3 		COBOL (005001,107000)	29-MAY-73  07:13		PAGE 1
    RCB3.CBL    29-MAY-73  07:13

    0001    IDENTIFICATION DIVISION.
    0002    PROGRAM-ID. RCB3.
    0003    AUTHOR. CHRIS BUSCH.
    0004    INSTALLATION. HOUSTON.
    0005    DATE-WRITTEN. MAY 22,1973.
    0006    DATE-COMPILED. 29-MAY-73. 
    0007    SECURITY. HUSH HUSH SWEET CHARLOTTE.
    0008    REMARKS. COBOL PROG. ASSIGNMENT #3; PAYROLL SYSTEM.
    0009    ENVIRONMENT DIVISION.
    0010    CONFIGURATION SECTION.
    0011    SOURCE-COMPUTER. DECsystem-10. 
    0012    OBJECT-COMPUTER. PDP-10.
    0013    INPUT-OUTPUT SECTION.
    0014    FILE-CONTROL.
    0015           SELECT MASTER ASSIGN TO DSK  ACCESS MODE IS INDEXED
    0016           RECORDING MODE IS ASCII  SYMBOLIC KEY IS  SSKEY
    0017     RECORD KEY IS SOC-SEC.
    0018           SELECT TRANS ASSIGN TO DSK
    0019           RECORDING MODE IS ASCII.
    0020           SELECT PAY-REPORT ASSIGN TO DSK
    0021           RECORDING MODE IS ASCII.
    0022           SELECT CHECKS ASSIGN TO DSK
    0023           RECORDING MODE IS ASCII.
    0024    DATA DIVISION.
    0025    FILE SECTION.
    0026    FD MASTER   BLOCK CONTAINS  8 RECORDS
    0027           VALUE OF IDENTIFICATION IS "MASTERIND".
    0028    01 MASTER-REC  DISPLAY-7.
    0029              02 SOC-SEC.
    0030  
    0031                 03 SS1          PIC XXX.
    0032                 03 SS2          PIC XX.
    0033                03  SS3          PIC X(4).
    0034              02 EMP-NUM         PIC 9(6).
    0035              02 DEPT-NUM        PIC 9(4).
    0036              02 NO-EXEMPT       PIC 99.
    0037              02 YTD-GROSS       PIC S9(5)V99.
    0038              02 YTD-FIT         PIC S9(4)V99.
    0039              02 YTD-FICA        PIC S9(3)V99.
    0040              02 YTD-INS         PIC S9(3)V99.
    0041    FD TRANS
    0042           VALUE OF IDENTIFICATION IS "TRANS    ".
    0043    01 TRANS-REC                 PIC X(42).
    0044    FD PAY-REPORT
    0045           VALUE OF IDENTIFICATION IS "PAYREP   ".
    0046    01 REPORT-LINE         PIC X(70).
    0047    FD CHECKS
    0048           VALUE OF IDENTIFICATION IS "CHECKS   ".
    0049    01 CHECKLINE         PIC X(70).
    0050    WORKING-STORAGE SECTION.
    0051    77 SSKEY     PIC X(9)  USAGE DISPLAY-7.
    0052  
    0053    77 GROSS    PIC S9(5)V99.
    0054    77 FIT-WH       PIC S9(4)V99.
    0055    77 FICA-WH      PIC S9(3)V99.
    0056    77 INS-WH       PIC S9(2)V99.    P R O G R A M   R C B 3 		COBOL (005001,107000)	29-MAY-73  07:13		PAGE 1-1
    RCB3.CBL    29-MAY-73  07:13

    0057    77 NET-PAY      PIC S9(5)V99.
    0058    77 CHECK-NUM    PIC S9(5).
    0059    01 CHAR-CNTL      PIC 9 VALUE 1.
    0060    01 HEADING1.
    0061      02 FILLER    PIC X(28) VALUE SPACES.
    0062      02 FILLER    PIC X(14) VALUE "PAYROLL REPORT".
    0063    01 HEADING2     PIC X(66) VALUE
    0064      " SOC-SEC          FIRST          LAST       HOURS   HOURLY   GROSS".
    0065    01 HEADING3     PIC X(65) VALUE
    0066      " NUMBER           NAME           NAME        WKD     RATE     PAY".
    0067    01 HEADING4     PIC X(54) VALUE
    0068      "          FIT-WH          FICA-WH       INS-WH     NET".
    0069    01 DETAIL1.
    0070      02 D-SOC-SEC.
    0071      03 D-SS1    PIC XXX.
    0072         03 FILLER   PIC X VALUE "-".
    0073         03 D-SS2    PIC XX.
    0074         03 FILLER   PIC X VALUE "-".
    0075         03 D-SS3    PIC XXXX.
    0076      02 FILLER      PIC XXX VALUE SPACES.
    0077      02 D-FIRST-NAME PIC X(10).
    0078      02 FILLER      PIC X(5) VALUE SPACES.
    0079      02 D-LAST-NAME PIC X(15).
    0080      02 D-HOURS     PIC ZZ.9.
    0081      02 FILLER      PIC X VALUE SPACE.
    0082      02 FILLER      PIC XXX VALUE SPACES.
    0083      02 D-RATE      PIC ZZ.999.
    0084      02 D-GROSS-PAY PIC ZZ,ZZZ.99.
    0085    01 DETAIL2.
    0086      02 FILLER      PIC X(8) VALUE SPACES.
    0087      02 D-FIT-WH    PIC Z,ZZZ.99.
    0088      02 FILLER      PIC X(10) VALUE SPACES.
    0089  
    0090     02 D-FICA-WH    PIC ZZZ.99.
    0091     02 FILLER       PIC X(8) VALUE SPACES.
    0092     02 D-INS-WH     PIC ZZ.99.
    0093     02 FILLER       PIC XXX VALUE SPACES.
    0094     02 D-NET-PAY    PIC ZZ,ZZZ.99.
    0095    01 DETAIL3.
    0096      02 FILLER          PIC X(10) VALUE "CHECK NO. ".
    0097      02 D-CHECK-NUM     PIC ZZ999.
    0098      02 FILLER          PIC X(18) VALUE SPACES.
    0099      02 FILLER          PIC X(15) VALUE "CURRENT DATE:  ".
    0100      02 CURDATE         PIC X(18) VALUE SPACES.
    0101    01 DETAIL4.
    0102      02 FILLER          PIC X(9) VALUE "EMP NO.  ".
    0103      02 D-EMP-NUM       PIC ZZZ999.
    0104      02 FILLER          PIC X(18) VALUE SPACES.
    0105      02 FILLER          PIC X(15) VALUE "PAY PERIOD:    ".
    0106      02 D-EFF-DATE      PIC X(18) VALUE SPACES.
    0107    01 DETAIL5.
    0108      02 FILLER          PIC X(10) VALUE "PAY TO:   ".
    0109      02 D-C-FIRST-NAME  PIC X(10).
    0110      02 FILLER          PIC X(4) VALUE SPACES.
    0111      02 D-C-LAST-NAME   PIC X(15).
    0112      02 FILLER          PIC X(15) VALUE SPACES.    P R O G R A M   R C B 3 		COBOL (005001,107000)	29-MAY-73  07:13		PAGE 1-2
    RCB3.CBL    29-MAY-73  07:13

    0113      02 D-C-NET-PAY     PIC $**,**9.99.
    0114    01 TRANS-TABLE.
    0115      03  TRANSACTIONS OCCURS 100 TIMES.
    0116          05  T-SOC-SEC      PIC 9(9).
    0117          05 LAST-NAME       PIC X(15).
    0118          05 FIRST-NAME      PIC X(10).
    0119          05 HOURS           PIC S9(2)V9.
    0120          05 RATE            PIC S9(2)V999.
    0121    01 SUB                    PIC 999  VALUE 0.
    0122    01 EOF-MASTER         PIC XXX VALUE SPACES.
    0123    01 EOF-TRANS          PIC XXX VALUE SPACES.
    0124    PROCEDURE DIVISION.
    0125    USER-FIRST-PARAGRAPH.
    0126    INITIALIZATION.
    0127       OPEN I-O  MASTER.
    0128       OPEN INPUT  TRANS.
    0129        OPEN OUTPUT  PAY-REPORT CHECKS.
    0130        DISPLAY "ENTER BEGINNING CHECK NUMBER."
    0131        ACCEPT CHECK-NUM.
    0132        DISPLAY "ENTER CURRENT DATE".
    0133        ACCEPT CURDATE.
    0134        DISPLAY "ENTER PAY PERIOD DATE".
    0135        ACCEPT D-EFF-DATE.
    0136        PERFORM HEADING-ROUT.
    0137        SUBTRACT 1 FROM CHECK-NUM.
    0138    TRANS-GETTER.
    0139         ADD 1 TO SUB.
    0140         READ TRANS INTO TRANSACTIONS(SUB)  AT END  MOVE 999999999 
    0141    TO T-SOC-SEC(SUB)  MOVE 0 TO SUB  GO TO MAIN-LINE.
    0142         GO TO TRANS-GETTER.
    0143    MAIN-LINE.
    0144        ADD 1 TO SUB.
    0145       IF T-SOC-SEC(SUB)=999999999  GO TO SHUTDOWN.
    0146        MOVE T-SOC-SEC(SUB) TO  SSKEY.
    0147        READ  MASTER   INVALID KEY DISPLAY T-SOC-SEC(SUB) "IS INVALID KEY"
    0148    GO TO MAIN-LINE.
    0149        ADD 1 TO CHECK-NUM.
    0150        COMPUTE  GROSS = HOURS(SUB) * RATE(SUB).
    0151        COMPUTE  FIT-WH = (GROSS - (NO-EXEMPT * 13)) * .15 .
    0152        COMPUTE  FICA-WH = GROSS * .04
    0153        COMPUTE  INS-WH = NO-EXEMPT * 5.40 .
    0154        IF INS-WH > 14.00  MOVE 14.00 TO INS-WH ELSE NEXT SENTENCE.
    0155        COMPUTE  NET-PAY = GROSS - FIT-WH - FICA-WH - INS-WH.
    0156        ADD FIT-WH TO YTD-FIT.
    0157        ADD FICA-WH TO YTD-FICA.
    0158        ADD INS-WH TO YTD-INS.
    0159        ADD GROSS TO YTD-GROSS.
    0160        MOVE  SS1       TO        D-SS1.
    0161        MOVE  SS2       TO        D-SS2.
    0162        MOVE  SS3       TO        D-SS3.
    0163        MOVE  FIRST-NAME(SUB) TO D-FIRST-NAME.
    0164        MOVE  LAST-NAME(SUB) TO D-LAST-NAME.
    0165        MOVE HOURS(SUB) TO D-HOURS.
    0166        MOVE RATE(SUB) TO D-RATE.
    0167        MOVE GROSS TO D-GROSS-PAY.
    0168        MOVE DETAIL1 TO REPORT-LINE.    P R O G R A M   R C B 3 		COBOL (005001,107000)	29-MAY-73  07:13		PAGE 1-3
    RCB3.CBL    29-MAY-73  07:13

    0169        PERFORM  REPORT-PRINT.
    0170        MOVE FIT-WH TO D-FIT-WH.
    0171        MOVE FICA-WH TO D-FICA-WH.
    0172        MOVE INS-WH TO D-INS-WH.
    0173        MOVE NET-PAY TO D-NET-PAY.
    0174        MOVE DETAIL2 TO REPORT-LINE.
    0175        MOVE  2 TO  CHAR-CNTL.
    0176        PERFORM  REPORT-PRINT.
    0177        MOVE CHECK-NUM TO D-CHECK-NUM.
    0178        MOVE EMP-NUM TO D-EMP-NUM.
    0179        MOVE FIRST-NAME(SUB) TO D-C-FIRST-NAME.
    0180        MOVE LAST-NAME(SUB) TO D-C-LAST-NAME.
    0181        MOVE NET-PAY TO D-C-NET-PAY.
    0182        MOVE DETAIL3 TO CHECKLINE.
    0183        PERFORM CHECK-PRINT.
    0184        MOVE DETAIL4 TO CHECKLINE.
    0185        MOVE  3  TO CHAR-CNTL.
    0186        PERFORM CHECK-PRINT.
    0187        MOVE DETAIL5 TO CHECKLINE.
    0188        MOVE  7  TO CHAR-CNTL.
    0189        PERFORM CHECK-PRINT.
    0190        MOVE  3  TO  CHAR-CNTL.
    0191        PERFORM CHECK-PRINT.
    0192        REWRITE  MASTER-REC  INVALID KEY  DISPLAY T-SOC-SEC(SUB)
    0193    "DOES NOT EXIST 0N MASTER FILE.".
    0194        GO TO MAIN-LINE.
    0195    SHUTDOWN.
    0196      CLOSE  MASTER  TRANS  PAY-REPORT  CHECKS.
    0197      STOP RUN.
    0198    REPORT-PRINT.
    0199      WRITE REPORT-LINE BEFORE ADVANCING CHAR-CNTL  LINES.
    0200      MOVE SPACES TO REPORT-LINE.
    0201      MOVE 1  TO CHAR-CNTL.
    0202    CHECK-PRINT.
    0203      WRITE CHECKLINE  BEFORE ADVANCING CHAR-CNTL LINES.
    0204      MOVE SPACES TO CHECKLINE.
    0205      MOVE  1  TO   CHAR-CNTL.
    0206    HEADING-ROUT.
    0207      MOVE 2 TO CHAR-CNTL.
    0208      MOVE HEADING1 TO REPORT-LINE.
    0209      PERFORM REPORT-PRINT.
    0210      MOVE HEADING2 TO REPORT-LINE.
    0211      PERFORM REPORT-PRINT.
    0212      MOVE  2 TO CHAR-CNTL.
    0213      MOVE HEADING3 TO REPORT-LINE.
    0214      PERFORM REPORT-PRINT.
    0215      MOVE  2 TO CHAR-CNTL.
    0216      MOVE HEADING4 TO REPORT-LINE.
    0217      PERFORM REPORT-PRINT.    P R O G R A M   R C B 3 		COBOL (005001,107000)	29-MAY-73  07:13		PAGE W-1
    RCB3.CBL    29-MAY-73  07:13

WARNINGS:

    0150  LEAST SIGNIFICANT DIGITS TRUNCATED ON GROSS
    0151  MOST SIGNIFICANT DIGITS TRUNCATED ON FIT-WH
    0151  LEAST SIGNIFICANT DIGITS TRUNCATED ON FIT-WH
    0152  MOST SIGNIFICANT DIGITS TRUNCATED ON FICA-WH
    0152  LEAST SIGNIFICANT DIGITS TRUNCATED ON FICA-WH
    0153  MOST SIGNIFICANT DIGITS TRUNCATED ON INS-WH


NO FATAL ERRORS, 6 WARNINGS
    