CROSS REFERENCE OF MODULES REQUIRING __DEFS.BLI FILES:

  MODULE   DEFS FILE IDENTIFYING LETTER
FILE-NAME  A  B  C  D  E  F  G  H  J  K  M  P  R  S  T  U  W  Z  BT  DB  DT  DV  FP  IB  RC  RS  SB  ST  .
=========  ===============================================================================================

ALPI       A     C        F           K                                                                  .
ALPO       A     C                    K                                                                  .
ATDMP      A                 G                       T  U                                                .
BACKUP           C                                                                                       .
BDATE      A              F                       S     U                                                .
BERR       A  B           F     H                 S  T  U                                                .
BETI       A     C        F           K                                                                  .
BETO       A     C                    K                                                                  .
BEXEC      A  B  C                          P     S                                                      .
BFIN #     A  B  C              H           P     S  T  U                                                .
BGTREE                       G                                                                           .
BLDS       A  B  C     E  F                       S  T  U                DT                              .
BRTREE                       G                       T*                                                  .
BTTREE                       G                       T*                                                  .
CARITH           C        F                             U                                                .
CBACKU           C                    K                 U                                                .
CDEC       A  B  C        F     H           P     S  T  U                        FP                      .
CDINTR           C                                      U                                                .
CDLOBJ           C                    K                                                                  .
CINITM           C                                                                                       .
CINTRU                                                                                                   .
CISCDR           C        F                             U                                                .
CISINI           C        F                             U                                                .
CLINI            C                                                                                       .
CLOSE #          C                                                                                       .
COLAYR           C                                                                                       .
CRELEA           C                    K                 U                                                .
CRESET           C                    K                 U                                                .
CRSTOR           C                    K                 U                                                .
CSCAN            C                                      U                                                .
CSHRIN           C        F                             U                                                .
CSPCOK           C                                                                                       .
CSRCF                                 K                 U  W                                             .
CSTART           C        F           K                 U                                                .
CSTOP            C        F           K                                                                  .
CSYN       A  B  C              H           P     S  T  U                        FP                      .
CURSOR #         C                                                                                       .
DART                D        G                          U                    DV                          .
DASH                D        G                 R  S     U                    DV                          .
DASM             C        F           K                 U                                                .
DATE                D        G                 R  S     U                DT  DV                          .
DAZE                D        G                 R  S     U                    DV                          .
DBCTRL           C                    K                 U                                                .
DEAF                D        G                 R  S     U                DT  DV                          .
DEFY                D        G                 R        U                    DV                          .
DEMIT            C  D                                   U                                                .
DEXEC            C  D        G                 R  S     U                    DV                          .
DGET                D        G                 R  S     U                DT  DV  FP                      .
DIME                D        G                 R  S     U                    DV                          .
DINE                D        G                 R  S     U                    DV  FP                      .
DIRE                D        G                 R  S     U                DT  DV  FP                      .
DIVIDE                                                                                                   .
DLTI             C  D     F           K                                                                  .
DLTO             C  D     F           K                                                                  .
DOIT                D        G                 R  S     U                    DV                          .
DOME                D        G                 R  S     U                    DV                          .
DOOR                D        G                 R  S     U                    DV                          .
DOPE                D        G                 R  S     U            DB      DV      IB  RC  RS          .
DOSE                D        G                 R  S     U                    DV                          .
DOTE                D        G                    S     U                    DV                          .
DOUBLE                                                                                                   .
DOVE                D        G                 R  S     U                    DV                          .
DOZE                D        G                 R  S     U                    DV  FP                      .
DPCP                D                                   U                    DV                          .
DRELD            C  D                 K        R  S     U  W                                             .
DRUN                                           R                                                         .
DTBDEF                                                                                                   .
DTDMP               D                                   U                    DV                          .
DTMP                D                                   U                    DV                          .
DUCK                D        G                 R        U                    DV                          .
DUMPA      A     C                                   T  U                                                .
DUMPB      A     C                                   T  U                                                .
DUMPD            C  D                                   U                                                .
DUMPF      A     C        F                          T  U                                                .
DUMPG            C           G                          U                                                .
DUST                D        G                    S     U                    DV                          .
ECMPR                  E                          S                                                      .
EEXEC         B        E                          S                                                      .
EIO              C     E  F           K           S     U                                                .
ELKUP                  E                          S                                                      .
ENAMEO           C                    K                 U                                                .
EPSI                                                                                                     .
EPSO                                                                                                     .
ERRI             C        F           K                                                                  .
ERRO             C        F           K                                                                  .
EYMTAB     A     C     E  F                       S  T  U                                                .
FATAL                                                                                                    .
FBERR                     F                          T  U                                                .
FBLD             C                    K                 U                                                .
FCBDMP #         C                                      U                                                .
FERROR     A     C        F                          T  U                                                .
FILIO #          C        F                             U                                                .
FLER       A     C        F                       S  T  U                                                .
FLIT                                                 T*                                                  .
FMBLD            C        F           K                 U                                                .
FMLIT                                                                                                    .
FPDAT      A     C        F                       S     U                DT                              .
FPCNT                                                                            FP                      .
FPICR      A              F                       S  T  U                        FP                      .
FPPD                                                    U                DT                              .
FPPF       A                                            U                        FP                      .
GACCPT     A                 G                    S  T        Z                                          .
GAMI             C        F  G        K                                                                  .
GAMO             C        F  G        K                                                                  .
GASGN      A              F  G                    S  T  U     Z                  FP                      .
GAS        A  B           F  G                    S  T  U     Z          DT      FP                      .
GBUFM            C        F  G                          U                                                .
GDEL       A              F  G                    S  T        Z                                          .
GDTC                         G                                Z                                          .
GDUMP                        G                          U                                                .
GETP                         G                          U                                                .
GEXEC      A     C        F  G  H           P     S  T  U     Z                  FP                      .
GEXP       A              F  G                    S  T  U     Z                  FP                      .
GFIND                        G                          U                                                .
GFORE      A                 G                    S           Z                                          .
GFUNC      A                 G                    S  T        Z          DT      FP                      .
GGBLD            C           G        K                 U                                                .
GIFSTM     A              F  G                    S  T        Z                                          .
GIOL       A  B           F  G                    S  T  U     Z          DT      FP                      .
GLED #           C                                                                                       .
GLOBAL                       G                                                                           .
GNAME      A     C        F  G                    S     U     Z                                          .
GNNAME     A              F  G                    S  T  U     Z          DT      FP                      .
GPRINT     A  B           F  G                    S  T        Z                  FP                      .
GPROC      A              F  G                    S  T  U     Z                                          .
GQUAL      A                 G                    S  T        Z                                          .
GRDUMY                                                  U                                                .
GREPT      A  B  C        F  G  H                 S  T  U     Z                                          .
GRPCND     A  B           F  G                    S  T  U     Z                                          .
GRPET            C           G                    S  T  U     Z                                          .
GSCOPE     A                 G                    S           Z                                          .
GSORT      A                 G                    S  T        Z                                          .
GSOURC     A                 G  H                 S  T        Z                                          .
GSRCH                        G                          U                                                .
GSTAK            C        F  G                          U     Z                                          .
GTBLD            C                    K              T  U                                                .
GUPD       A     C        F  G                    S  T  U     Z                                          .
GUTIL      A              F  G                    S  T  U     Z                  FP                      .
GVIA       A                 G                    S  T  U     Z                                          .
GVRF       A     C        F  G                    S  T  U     Z                  FP                      .
GWHILE    A                  G                    S  T        Z                                          .
GZDMP                        G                          U     Z                                          .
HNDMP                           H           P           U                                                .
HTDMP            C        F     H                       U                                                .
IOABT #          C        F                             U                                                .
JIO              C                    K                 U  W                                             .
JLINK                     F        J           R        U                                                .
JLOAD            C        F           K        R        U                                                .
JOBSTA           C                                                                                       .
JOOP             C  D              J              S     U                                                .
KACWR                     F           K                 U        BT                                      .
KAFCB            C                    K                                                                  .
KALBF            C                    K                 U        BT                                      .
KBINT            C                    K                 U        BT                                      .
KBLDI            C                    K                 U        BT  DB      DV      IB          SB  ST  .
KBTDP                                 K                 U        BT                                      .
KBTDP                                 K                 U        BT                                      .
KBUFMN                    F           K                 U        BT                                      .
KCNT                                  K                                                          SB      .
KDALL                                 K                                                          SB      .
KDFCB                                 K                 U                                                .
KDFID            C                    K                                                                  .
KDLTE                     F           K                 U            DB      DV      IB          SB      .
KEYCM                                 K        R        U                    DV                          .
KFINIT                                K                 U                                        SB      .
KFLUSH                                K                          BT                                      .
KFRAFC                                K                                                                  .
KFRNFC                           K                                                                  .
KGLED            C                    K                 U                                                .
KIBUFF           C                    K                 U        BT                              SB      .
KILIO                                 K                                                                  .
KINIT                                 K                          BT                                      .
KINSR                     F           K                 U            DB      DV      IB          SB      .
KINTE #                               K                 U                                                .
KIOABT           C        F           K                 U                                                .
KLEAR            C                    K        R        U            DB                              ST  .
KLKUP            C                    K                                                                  .
KLODS            C                    K                                                                  .
KLOSE            C                    K                                                                  .
MRDUMY                    F                             U                                                .
KNOFL                     F           K                                                                  .
KOFCB            C        F           K                 U                                                .
KOPFL            C        F           K                 U                                                .
KPAGMN                    F           K                 U                                        SB      .
KPERM                     F           K                 U        BT                                      .
KPERM                                 K                          BT                                      .
KPGBF            C                    K                 U                                                .
KPHYRT           C        F           K        R        U        BT  DB                                  .
KPNIC                                 K                                                                  .
KPRFN                                 K                 U                                                .
KRCVR                                 K                              DB                          SB      .
KRENM            C                    K                                                                  .
KRIBP            C        F           K        R        U        BT  DB                                  .
KRLSE            C                    K                 U            DB                              ST  .
KSEQRT                    F           K                 U        BT  DB      DV      IB          SB      .
KSEXE            C        F           K        R        U        BT  DB                          SB  ST  .
KSFIN            C                    K                                                          SB      .
KSKIN                                 K                                                                  .
KSORT            C                    K                 U        BT  DB                          SB  ST  .
KSQBL                                 K                 U                                                .
KSQLN            C                    K                 U                                                .
KSRCH                                 K                 U            DB      DV      IB          SB      .
KTYPL            C                    K                                                                  .
KVIIO                     F           K                 U        BT                                      .
KWHER                                 K                 U            DB                              ST  .
KWHY                                  K                 U                                                .
MEMORY           C        F                             U                                                .
MIDASI           C                    K           S     U                                                .
MIDAS            C                    K                 U                                                .
MIDAS.RSW                                            T*                                                  .
NOFL #                    F                                                                              .
PARSER     A     C        F     H           P        T  U                                                .
PDEC       A  B  C        F     H           P     S  T  U                DT                              .
PGARB      A     C        F     H           P           U                                                .
PMPRC #                                     P                                                            .
PRSTE      A                                      S     U                        FP                      .
PSGM                                        P        T                                                   .
PSYN       A  B  C        F     H           P     S  T  U                                                .
PSYO #     A  B  C              H           P     S  T  U                        FP                      .
P1COMP     A  B  C        F           K     P           U                                                .
P2COMP           C        F  G        K                 U                                                .
P3COMP           C  D     F        J  K                 U                                                .
P4COMP           C  D     F           K                 U                                                .
RABRT            C                    K        R                                         RC  RS      ST  .
RCHNG                                 K        R        U            DB                  RC  RS      ST  .
RCLSE            C                    K        R                 BT                      RC  RS  SB  ST  .
RCNT                                  K        R                                         RC      SB      .
RDALL                                 K        R                                         RC      SB      .
RDLET                                 K        R                                         RC      SB      .
READ                      F           K        R        U                                RC      SB      .
RERR                                  K        R        U                    DV          RC  RS          .
RESET #          C                                      U                                                .
RESTOR           C                                                                                       .
RFALL                                          R        U                                RC  RS          .
RFTCH                                          R        U                                RC  RS          .
RIN              C        F           K        R  S     U                    DV  FP                      .
RNSRT                                 K        R                             DV          RC  RS  SB      .
ROPEN            C                    K        R        U        BT                      RC  RS  SB  ST  .
ROSRT            C                                                                                       .
ROT              C        F           K        R        U                    DV  FP                      .
RPURG            C                    K        R                                             RS          .
RRDUMY                                         R        U                                                .
RSALL                                          R        U                                RC  RS          .
RSETK                                 K        R                                         RC      SB      .
RSLCT                     F           K        R        U                                RC      SB      .
RSSRT            C                    K        R        U        BT  DB                  RC          ST  .
RSTFF                                          R        U                                RC  RS          .
RTRTAB                                         R                                                         .
RUC                                                     U                        FP                      .
RUNTIM           C                 J  K        R        U        BT                                      .
RWRTE                     F           K        R        U                                RC      SB      .
SCAN       A     C        F           K           S  T  U  W                                             .
SCMPR                                             S                                                      .
SDEC       A  B  C        F     H           P     S  T                                                   .
SGSZ                                                                                                     .
SIN        A                                      S                                                      .
SLKUP                                             S                                                      .
SORTOL           C                    K                 U                                                .
SREIN            C                                S                                                      .
SRIN       A     C     E  F           K           S     U                                                .
SRIO             C     E  F           K           S  T  U                                                .
SSGM                                        P        T                                                   .
SYMTAB     A     C        F                       S     U                                                .
S1COMP     A  B  C     E  F           K     P           U                                                .
TATTLE           C                             R        U                                    RS          .
TCLI             C                    K        R                                                         .
TCLO             C                    K        R                                                         .
TCTNT                                          R                             DV  FP                      .
TCVDS                                          R                         DT                              .
TCVSD                                          R        U                DT                              .
TERR                                           R        U                    DV                          .
TICOL            C                    K        R        U                                    RS          .
TILER            C                    K        R        U                                                .
TMPCOR           C                                                                                       .
TOCOL            C                    K        R        U                                    RS          .
TOPSQ            C        F           K        R        U                    DV                          .
TSKIP                                          R                                                         .
TSKPT                                          R        U                                                .
TTOP                                           R                                                         .
TYPL #           C                                                                                       .
UCKSM                                 K                                                                  .
UCVT                                                    U                                                .
UGFFT            C                    K                 U                                                .
UINTS                                                                                                    .
ULEX             C                                      U                                                .
ULXTD                                                   U                                                .
UMDDS                                                   U                                                .
UMLST                                                   U                                                .
UMOVO                     F           K                 U                                                .
UOFFT            C                    K                 U                                                .
UOUT             C                    K                 U                                                .
UPFN             C                    K                 U                                                .
UYESN            C                    K                 U                                                .
VCOMP                                                   U                                                .
VTIME            C                                                                                       .
VTRIM                                          R                                                         .
WIO              C                    K                    W                                             .
XDIVDD                                                                                                   .
XRAY                                           R        U                                                .
XTAT             C                             R        U                                    RS          .
YABRT                                          R        U                                    RS          .
YCOMP                                          R        U                    DV          RC  RS          .
YLSRT            C                    K        R        U            DB              IB  RC          ST  .
YRLSE                                 K        R                                         RC              .
YSORT                                 K        R                     DB                  RC          ST  .
YUTIL                                          R                                             RS          .
=========  ===============================================================================================
*  INDIRECT DEPENDENCE -- GENERALLY VIA STAND-ALONE BUILDING MODULE
#  NO LONGER ACTIVE IN MIDAS SYSTEM BUILDING
  {@.Ž