RWRTR.F4	F40	V26(10)	15-MAY-73	15:18	PAGE 1


  		      C****************************************************************
RWRTR.F4	F40	V26(10)	15-MAY-73	15:18	PAGE 2


  		      C*     COPYRIGHT        TEKTRONIX, INC    1973
  		      C*                       BEAVERTON, OREGON
  		      C*     PLOT-10/DECISION MAKER RELEASE 1.0 - VERSION 1
  		      C*               MODIFICATION LEVEL 0
  		      C****************************************************************
  		             SUBROUTINE DELTM
  		             DATA BLNK/' '/,DOL/'$'/
  		             CALL READER
  		      10     CALL MESAGE(1)
  		             READ(5,1000) FSEG
  		      1000   FORMAT(A4)
  		             IF(FSEG.EQ.BLNK.OR.FSEG.EQ.DOL)GO TO 20
  		             CALL SEGDEL(FSEG)
  		             GO TO 10
  		      20     CALL WRITER
  		             RETURN
  		             END

CONSTANTS

0	000000000001	

SUBPROGRAMS

READER	MESAGE	ALPHO.	ALPHI.	SEGDEL	WRITER	

SCALARS

DELTM 	43		BLNK  	44		DOL   	45		FSEG  	46		

 DELTM
RWRTR.F4	F40	V26(10)	15-MAY-73	15:18	PAGE 3


  		      C****************************************************************
RWRTR.F4	F40	V26(10)	15-MAY-73	15:18	PAGE 4


  		      C*     COPYRIGHT        TEKTRONIX, INC    1973
  		      C*                       BEAVERTON, OREGON
  		      C*     PLOT-10/DECISION MAKER RELEASE 1.0 - VERSION 1
  		      C*               MODIFICATION LEVEL 0
  		      C****************************************************************
  		             SUBROUTINE READER
  		            COMMON /GAMA1/ FNAM, WA(2560)
  		             CALL IFILE(1,FNAM)
  		             READ(1,END=10)WA
  		             ENDFILE 1
  		             RETURN
  		      10     WA(1)=0
  		             RETURN
  		             END

CONSTANTS

0	000000000001	

COMMON

FNAM  	/GAMA1 /+0	WA    	/GAMA1 /+1	

SUBPROGRAMS

IFILE 	END.  	BINWR.	TPFCN.	

SCALARS

READER	30		FNAM  	0		

ARRAYS

WA    	1		

 READER
RWRTR.F4	F40	V26(10)	15-MAY-73	15:18	PAGE 5


  		      C****************************************************************
RWRTR.F4	F40	V26(10)	15-MAY-73	15:18	PAGE 6


  		      C*     COPYRIGHT        TEKTRONIX, INC    1973
  		      C*                       BEAVERTON, OREGON
  		      C*     PLOT-10/DECISION MAKER RELEASE 1.0 - VERSION 1
  		      C*               MODIFICATION LEVEL 0
  		      C****************************************************************
  		            SUBROUTINE WRITER
  		            COMMON /GAMA1/ FNAM, WA(2560)
  		            CALL OFILE(1,FNAM)
  		            WRITE(1)WA
  		            ENDFILE 1
  		            RETURN
  		            END

CONSTANTS

0	000000000001	

COMMON

FNAM  	/GAMA1 /+0	WA    	/GAMA1 /+1	

SUBPROGRAMS

OFILE 	BINWR.	TPFCN.	

SCALARS

WRITER	24		FNAM  	0		

ARRAYS

WA    	1		

 WRITER
RWRTR.F4	F40	V26(10)	15-MAY-73	15:18	PAGE 7


  		      C****************************************************************
RWRTR.F4	F40	V26(10)	15-MAY-73	15:18	PAGE 8


  		      C*     COPYRIGHT        TEKTRONIX, INC    1973
  		      C*                       BEAVERTON, OREGON
  		      C*     PLOT-10/DECISION MAKER RELEASE 1.0 - VERSION 1
  		      C*               MODIFICATION LEVEL 0
  		      C****************************************************************
  		            SUBROUTINE SEGDEL(SNAM)
  		            COMMON /GAMA1/ FNAM, WA(2560)
  		            CALL SEGGET(SNAM,J)
  		            IF(J.EQ.0)RETURN
  		            J=J-2
  		            K=WA(J)
  		      80    L=WA(K)
  		            IF(L.EQ.0)GO TO 90
  		            LK=L-K
  		            DO 70 I=1,LK
  		      70    WA(J+I)=WA(K+I)
  		            WA(J)=J+L-K
  		            J=WA(J)
  		            K=L
  		            GO TO 80
  		      90    DO 50 I=J,K
  		      50    WA(I)=0
  		            RETURN
  		            END


GLOBAL DUMMIES

SNAM  	104		

COMMON

FNAM  	/GAMA1 /+0	WA    	/GAMA1 /+1	

SUBPROGRAMS

SEGGET	INT   	FLOAT 	

SCALARS

SEGDEL	105		SNAM  	104		J     	106		K     	107		L     	110	
LK    	111		I     	112		FNAM  	0		

ARRAYS

WA    	1		

 SEGDEL
RWRTR.F4	F40	V26(10)	15-MAY-73	15:18	PAGE 9


  		      C****************************************************************
RWRTR.F4	F40	V26(10)	15-MAY-73	15:18	PAGE 10


  		      C*     COPYRIGHT        TEKTRONIX, INC    1973
  		      C*                       BEAVERTON, OREGON
  		      C*     PLOT-10/DECISION MAKER RELEASE 1.0 - VERSION 1
  		      C*               MODIFICATION LEVEL 0
  		      C****************************************************************
  		            SUBROUTINE SEGSAV(SNAM,SEGM)
  		            COMMON /GAMA1/ FNAM, WA(2560)
  		            DIMENSION SEGM(600),M1(11)
  		            DATA BLK,DOL/' ','$'/
  		            DATA M1/'DUPL','ICAT','E NA','ME E','XIST','S IN',' FIL','E; E
  		           '','NTER',' NAM','E-'/
  		            N=1
  		      2     IF(SEGM(N).EQ.0) GO TO 3
  		            N=SEGM(N)
  		            GO TO 2
  		      3     J=1
  		      10    IF(WA(J+4).EQ.SNAM)GO TO 50
  		            IF(WA(J).EQ.0)GO TO 60
  		            J=WA(J)
  		            GO TO 10
  		      60    IF(J+N+2.GE.2560)GO TO 40
  		            WA(J)=J+N+2
  		            DO 70 I=1,N
  		      70    WA(J+I+1)=SEGM(I)
  		            WA(J+4)=SNAM
  		            J=WA(J)
  		            WA(J)=0
  		            RETURN
  		      50    CALL WRITEL(M1,43)
  		             READ(5,100)ANS
  		      100    FORMAT(A5)
  		             IF(ANS.EQ.DOL)RETURN
  		             IF(ANS.EQ.BLK)GO TO 51
  		             IF(ANS.EQ.SNAM)GO TO 51
  		             SNAM=ANS
  		             GO TO 3
  		      51    CALL SEGDEL(SNAM)
  		            GO TO 10
  		      40    SNAM=BLK
  		            CALL MESAGE(6)
  		            CALL LIST
  		            CALL DELTM
  		            RETURN
  		            END

CONSTANTS

0	000000000053	1	000000000006	

GLOBAL DUMMIES

SNAM  	160		SEGM  	161		

RWRTR.F4	F40	V26(10)	15-MAY-73	15:18	PAGE 11


COMMON

FNAM  	/GAMA1 /+0	WA    	/GAMA1 /+1	

SUBPROGRAMS

INT   	FLOAT 	WRITEL	ALPHO.	ALPHI.	SEGDEL	MESAGE	LIST  	DELTM 	

SCALARS

SEGSAV	162		BLK   	163		DOL   	164		N     	165		J     	166	
SNAM  	160		I     	167		ANS   	170		FNAM  	0		

ARRAYS

WA    	1		SEGM  	161		M1    	171		

 SEGSAV
RWRTR.F4	F40	V26(10)	15-MAY-73	15:18	PAGE 12


  		      C****************************************************************
RWRTR.F4	F40	V26(10)	15-MAY-73	15:18	PAGE 13


  		      C*     COPYRIGHT        TEKTRONIX, INC    1973
  		      C*                       BEAVERTON, OREGON
  		      C*     PLOT-10/DECISION MAKER RELEASE 1.0 - VERSION 1
  		      C*               MODIFICATION LEVEL 0
  		      C****************************************************************
  		            SUBROUTINE SEGGET(SNAM,J)
  		            COMMON /GAMA1/ FNAM, WA(2560)
  		            DIMENSION M1(5)
  		            DATA M1/'SEGM','ENT ','NOT ','IN F','ILE.'/
  		            K=1
  		      10    IF(WA(K+4).EQ.SNAM)GO TO 50
  		            IF(WA(K).EQ.0)GO TO 60
  		            K=WA(K)
  		            GO TO 10
  		      60    CALL WRITEL(M1,20)
  		            J=0
  		            RETURN
  		      50    J=K+2
  		            RETURN
  		            END

CONSTANTS

0	000000000024	

GLOBAL DUMMIES

SNAM  	50		J     	51		

COMMON

FNAM  	/GAMA1 /+0	WA    	/GAMA1 /+1	

SUBPROGRAMS

INT   	WRITEL	

SCALARS

SEGGET	52		K     	53		SNAM  	50		J     	51		FNAM  	0	

ARRAYS

WA    	1		M1    	54		

 SEGGET
RWRTR.F4	F40	V26(10)	15-MAY-73	15:18	PAGE 14


  		      C****************************************************************
RWRTR.F4	F40	V26(10)	15-MAY-73	15:18	PAGE 15


  		      C*     COPYRIGHT        TEKTRONIX, INC    1973
  		      C*                       BEAVERTON, OREGON
  		      C*     PLOT-10/DECISION MAKER RELEASE 1.0 - VERSION 1
  		      C*               MODIFICATION LEVEL 0
  		      C****************************************************************
  		            SUBROUTINE SEGDIR(SNAMS,NO)
  		            COMMON /GAMA1/ FNAM, WA(2560)
  		            DIMENSION SNAMS(40)
  		            J=1
  		            I=1
  		      10    IF(WA(J).EQ.0)GO TO 50
  		            SNAMS(I)=WA(J+4)
  		            J=WA(J)
  		            I=I+1
  		            GO TO 10
  		      50    NO=I-1
  		            RETURN
  		            END

GLOBAL DUMMIES

SNAMS 	46		NO    	47		

COMMON

FNAM  	/GAMA1 /+0	WA    	/GAMA1 /+1	

SUBPROGRAMS

INT   	

SCALARS

SEGDIR	50		J     	51		I     	52		NO    	47		FNAM  	0	

ARRAYS

WA    	1		SNAMS 	46		

 SEGDIR
RWRTR.F4	F40	V26(10)	15-MAY-73	15:18	PAGE 16


  		      C****************************************************************
RWRTR.F4	F40	V26(10)	15-MAY-73	15:18	PAGE 17


  		      C*     COPYRIGHT        TEKTRONIX, INC    1973
  		      C*                       BEAVERTON, OREGON
  		      C*     PLOT-10/DECISION MAKER RELEASE 1.0 - VERSION 1
  		      C*               MODIFICATION LEVEL 0
  		      C****************************************************************
  		            SUBROUTINE ENDGET(K)
  		            COMMON /GAMA1/ FNAM,WA(2560)
  		            K = 1
  		      10    IF(WA(K).EQ.0) GO TO 60
  		            K = WA(K)
  		            GO TO 10
  		      60    K50 = K + 50
  		            DO 70 I = K,K50
  		      70    WA(I) = 0.0
  		            RETURN
  		            END


GLOBAL DUMMIES

K     	42		

COMMON

FNAM  	/GAMA1 /+0	WA    	/GAMA1 /+1	

SUBPROGRAMS

INT   	

SCALARS

ENDGET	43		K     	42		K50   	44		I     	45		FNAM  	0	

ARRAYS

WA    	1		

 ENDGET
  