    P R O G R A M   S A L P R O 		COBOL 4(56)	19-FEB-73  11:59		PAGE 1

    0001    IDENTIFICATION DIVISION.
    0002    PROGRAM-ID. 'SALPROGRAM'.
    0003    REMARKS. THIS PROGRAM PROVIDES A SORTED WEEKLY REPORT OF ALL
    0004            EMPLOYEES AND THEIR CALCULATED GROSS SALARIES BASED
    0005            ON A SALARY CODE.
    0006    AUTHOR.  'D.G. MAHRT'.
    0007    DATE-WRITTEN.           'FEB. 19, 1973'.
    0008    ENVIRONMENT DIVISION.
    0009    INPUT-OUTPUT SECTION.
    0010    FILE-CONTROL.
    0011          SELECT EMPLOYEE-LIST ASSIGN TO DSK
	                 ^

***				FATAL - NO RECORD NAME GIVEN
***				FATAL - NO FILE-DESCRIPTOR FOR THIS FILE

    0012            RECORDING MODE IS ASCII.
    0013          SELECT RATE-TABLE ASSIGN TO DSK.
	                 ^

***				FATAL - NO RECORD NAME GIVEN
***				FATAL - NO FILE-DESCRIPTOR FOR THIS FILE

    0014            RECORDING MODE IS ASCII.
	           1^             2^      3^

***				1) FATAL - IMPROPER CLAUSE
***				2) FATAL - IMPROPER CLAUSE
***				3) FATAL - IMPROPER CLAUSE

    0015          SELECT SORTFILE  ASSIGN TO DSK,DSK,DSK.
	                1^               2^     3^     4^

***				1) FATAL - IMPROPER CLAUSE
***				2) FATAL - IMPROPER CLAUSE
***				3) FATAL - IMPROPER CLAUSE
***				4) FATAL - IMPROPER CLAUSE

    0016          SELECT SALARY-REPORT ASSIGN TO DSK.
	                1^                   2^    3^

***				1) FATAL - IMPROPER CLAUSE
***				2) FATAL - IMPROPER CLAUSE
***				3) FATAL - IMPROPER CLAUSE

    0017    DATA DIVISION.
	         ^

***				FATAL - IMPROPER CLAUSE

    0018    FILE SECTION.
	   1^          2^

***				1) FATAL - IMPROPER CLAUSE
***				2) FATAL - IMPROPER CLAUSE
    P R O G R A M   S A L P R O 		COBOL 4(56)	19-FEB-73  11:59		PAGE 1-1

    0019    FD     EMPLOYEE-LIST    VALUE OF ID IS 'EMPLSTDAT'.
	          1^                     2^    3^            4^

***				1) FATAL - IMPROPER CLAUSE
***				2) FATAL - IMPROPER CLAUSE
***				3) FATAL - IMPROPER CLAUSE
***				4) FATAL - IMPROPER CLAUSE

    0020    01     EMPLST-REC       PIC X(25).
	          1^                   2^3^ 4^

***				1) FATAL - IMPROPER CLAUSE
***				2) FATAL - IMPROPER CLAUSE
***				3) FATAL - IMPROPER CLAUSE
***				4) FATAL - IMPROPER CLAUSE

    0021    SD     SORTFILE.
	           ^

***				FATAL - IMPROPER CLAUSE

    0022    01     SORTREC.
	   1^            2^

***				1) FATAL - IMPROPER CLAUSE
***				2) FATAL - IMPROPER CLAUSE

    0023          05 FILLER        PIC X(15).
	            1^                2^3^ 4^

***				1) FATAL - IMPROPER CLAUSE
***				2) FATAL - IMPROPER CLAUSE
***				3) FATAL - IMPROPER CLAUSE
***				4) FATAL - IMPROPER CLAUSE

    0024          05 S-EMPNO       PIC X(5).
	            1^                2^3^4^

***				1) FATAL - IMPROPER CLAUSE
***				2) FATAL - IMPROPER CLAUSE
***				3) FATAL - IMPROPER CLAUSE
***				4) FATAL - IMPROPER CLAUSE

    0025          05 FILLER        PIC X(3).
	            1^                2^3^4^

***				1) FATAL - IMPROPER CLAUSE
***				2) FATAL - IMPROPER CLAUSE
***				3) FATAL - IMPROPER CLAUSE
***				4) FATAL - IMPROPER CLAUSE

    0026          05 S-SALCDE1     PIC X.
	            1^                2^

***				1) FATAL - IMPROPER CLAUSE
***				2) FATAL - IMPROPER CLAUSE    P R O G R A M   S A L P R O 		COBOL 4(56)	19-FEB-73  11:59		PAGE 1-2


    0027          05 FILLER        PIC X.
	         1^               2^   3^

***				1) FATAL - IMPROPER CLAUSE
***				2) FATAL - IMPROPER CLAUSE
***				3) FATAL - IMPROPER CLAUSE

    0028    FD     RATE-TABLE       VALUE OF ID IS 'RATES DAT'.
	          1^                     2^    3^            4^

***				1) FATAL - IMPROPER CLAUSE
***				2) FATAL - IMPROPER CLAUSE
***				3) FATAL - IMPROPER CLAUSE
***				4) FATAL - IMPROPER CLAUSE

    0029    01     RATE-REC         PIC X(7).
	          1^                   2^3^4^

***				1) FATAL - IMPROPER CLAUSE
***				2) FATAL - IMPROPER CLAUSE
***				3) FATAL - IMPROPER CLAUSE
***				4) FATAL - IMPROPER CLAUSE

    0030    FD     SALARY-REPORT    VALUE OF ID IS 'SALRPTDAT'.
	          1^                     2^    3^            4^

***				1) FATAL - IMPROPER CLAUSE
***				2) FATAL - IMPROPER CLAUSE
***				3) FATAL - IMPROPER CLAUSE
***				4) FATAL - IMPROPER CLAUSE

    0031    01     SALRPT-REC       PIC X(46).
	          1^                   2^3^ 4^

***				1) FATAL - IMPROPER CLAUSE
***				2) FATAL - IMPROPER CLAUSE
***				3) FATAL - IMPROPER CLAUSE
***				4) FATAL - IMPROPER CLAUSE

    0032    WORKING-STORAGE SECTION.
	                    ^

***				FATAL - IMPROPER CLAUSE

    0033    77 SEQ-IP               PIC XX.
	   1^                      2^    3^

***				1) FATAL - IMPROPER CLAUSE
***				2) FATAL - IMPROPER CLAUSE
***				3) FATAL - IMPROPER CLAUSE

    0034    77 COMPUTED-AMT         PIC S9(5)V99 VALUE ZEROES COMP.
	      1^                       2^ 3^4^        5^         6^

***				1) FATAL - IMPROPER CLAUSE    P R O G R A M   S A L P R O 		COBOL 4(56)	19-FEB-73  11:59		PAGE 1-3

***				2) FATAL - IMPROPER CLAUSE
***				3) FATAL - IMPROPER CLAUSE
***				4) FATAL - IMPROPER CLAUSE
***				5) FATAL - IMPROPER CLAUSE
***				6) FATAL - IMPROPER CLAUSE

    0035    01   IP-EMPLST.
	         ^

***				FATAL - IMPROPER CLAUSE

    0036          05  IP-NAME      PIC X(15).
	         1^               2^   3^ 4^

***				1) FATAL - IMPROPER CLAUSE
***				2) FATAL - IMPROPER CLAUSE
***				3) FATAL - IMPROPER CLAUSE
***				4) FATAL - IMPROPER CLAUSE

    0037          05  IN-NO        PIC X(5).
	         1^               2^   3^4^

***				1) FATAL - IMPROPER CLAUSE
***				2) FATAL - IMPROPER CLAUSE
***				3) FATAL - IMPROPER CLAUSE
***				4) FATAL - IMPROPER CLAUSE

    0038          05  IN-HRS       PIC S9(3).
	         1^               2^    3^4^

***				1) FATAL - IMPROPER CLAUSE
***				2) FATAL - IMPROPER CLAUSE
***				3) FATAL - IMPROPER CLAUSE
***				4) FATAL - IMPROPER CLAUSE

    0039          05  IN-HRS-RE REDEFINES IP-HRS PIC S9(2)V9.
	         1^            2^               3^    4^5^ 6^

***				1) FATAL - IMPROPER CLAUSE
***				2) FATAL - IMPROPER CLAUSE
***				3) FATAL - IMPROPER CLAUSE
***				4) FATAL - IMPROPER CLAUSE
***				5) FATAL - IMPROPER CLAUSE
***				6) FATAL - IMPROPER CLAUSE

    0040          05  IP-SALCDE.
	              ^

***				FATAL - IMPROPER CLAUSE

    0041               10  IP-SALCDE1   PIC X.
	              1^               2^   3^

***				1) FATAL - IMPROPER CLAUSE
***				2) FATAL - IMPROPER CLAUSE
***				3) FATAL - IMPROPER CLAUSE    P R O G R A M   S A L P R O 		COBOL 4(56)	19-FEB-73  11:59		PAGE 1-4


    0042               10  IP-SALCDE2   PIC X.
	                  1^               2^

***				1) FATAL - IMPROPER CLAUSE
***				2) FATAL - IMPROPER CLAUSE

    0043    01  SAL-CODE-TABLE.
	   1^                2^

***				1) FATAL - IMPROPER CLAUSE
***				2) FATAL - IMPROPER CLAUSE

    0044          05  SCODE-TABLE OCCURS 18 TIMES INDEXED BY IDX.
	             1^                 2^       3^         4^

***				1) FATAL - IMPROPER CLAUSE
***				2) FATAL - IMPROPER CLAUSE
***				3) FATAL - IMPROPER CLAUSE
***				4) FATAL - IMPROPER CLAUSE

    0045               10  SCODE1.
	              1^        2^

***				1) FATAL - IMPROPER CLAUSE
***				2) FATAL - IMPROPER CLAUSE

    0046                           15  SCODE-HS  PIC X.
	                              1^            2^

***				1) FATAL - IMPROPER CLAUSE
***				2) FATAL - IMPROPER CLAUSE

    0047                           15 SCODE-LVL PIC X.
	                          1^           2^   3^

***				1) FATAL - IMPROPER CLAUSE
***				2) FATAL - IMPROPER CLAUSE
***				3) FATAL - IMPROPER CLAUSE

    0048               10  SCODE-RATE  PIC S9(3)V99.
	                  1^              2^ 3^4^

***				1) FATAL - IMPROPER CLAUSE
***				2) FATAL - IMPROPER CLAUSE
***				3) FATAL - IMPROPER CLAUSE
***				4) FATAL - IMPROPER CLAUSE

    0049    01  OP-SALRPT.
	   1^           2^

***				1) FATAL - IMPROPER CLAUSE
***				2) FATAL - IMPROPER CLAUSE

    0050          05  OP-NAME      PIC X(15).
	             1^               2^3^ 4^    P R O G R A M   S A L P R O 		COBOL 4(56)	19-FEB-73  11:59		PAGE 1-5


***				1) FATAL - IMPROPER CLAUSE
***				2) FATAL - IMPROPER CLAUSE
***				3) FATAL - IMPROPER CLAUSE
***				4) FATAL - IMPROPER CLAUSE

    0051          05  FILLER       PIC X(3)  VALUE SPACES.
	             1^               2^3^  4^          5^

***				1) FATAL - IMPROPER CLAUSE
***				2) FATAL - IMPROPER CLAUSE
***				3) FATAL - IMPROPER CLAUSE
***				4) FATAL - IMPROPER CLAUSE
***				5) FATAL - IMPROPER CLAUSE

    0052          05  OP-NO        PIC X(5).
	             1^               2^3^4^

***				1) FATAL - IMPROPER CLAUSE
***				2) FATAL - IMPROPER CLAUSE
***				3) FATAL - IMPROPER CLAUSE
***				4) FATAL - IMPROPER CLAUSE

    0053          05  FILLER       PIC X(4)  VALUE SPACES.
	             1^               2^3^  4^          5^

***				1) FATAL - IMPROPER CLAUSE
***				2) FATAL - IMPROPER CLAUSE
***				3) FATAL - IMPROPER CLAUSE
***				4) FATAL - IMPROPER CLAUSE
***				5) FATAL - IMPROPER CLAUSE

    0054          05  OP-HRS       PIC ZZ.Z.
	             1^               2^ 3^

***				1) FATAL - IMPROPER CLAUSE
***				2) FATAL - IMPROPER CLAUSE
***				3) FATAL - IMPROPER CLAUSE

    0055          05  FILLER       PIC X(4)  VALUE SPACES.
	         1^               2^   3^4^       5^

***				1) FATAL - IMPROPER CLAUSE
***				2) FATAL - IMPROPER CLAUSE
***				3) FATAL - IMPROPER CLAUSE
***				4) FATAL - IMPROPER CLAUSE
***				5) FATAL - IMPROPER CLAUSE

    0056          05  OP-SALCDE    PIC XX.
	         1^               2^    3^

***				1) FATAL - IMPROPER CLAUSE
***				2) FATAL - IMPROPER CLAUSE
***				3) FATAL - IMPROPER CLAUSE

    0057          05 OP-GRS-AMT    PIC $$$$$$.99.
	            1^                2^^^^^^^    P R O G R A M   S A L P R O 		COBOL 4(56)	19-FEB-73  11:59		PAGE 1-6


***				1) FATAL - IMPROPER CLAUSE
***				2) FATAL - INVALID CHARACTER
***				2) FATAL - INVALID CHARACTER
***				2) FATAL - INVALID CHARACTER
***				2) FATAL - INVALID CHARACTER
***				2) FATAL - INVALID CHARACTER
***				2) FATAL - INVALID CHARACTER
***				2) FATAL - IMPROPER CLAUSE

    0058    01  OP-HDG1  PIC X(36) VALUE
	   1^           2^   3^ 4^

***				1) FATAL - IMPROPER CLAUSE
***				2) FATAL - IMPROPER CLAUSE
***				3) FATAL - IMPROPER CLAUSE
***				4) FATAL - IMPROPER CLAUSE

    0059          '        * * WEEKLY SALARY ANALYSIS * *'.
	          ^

***				FATAL - IMPROPER CLAUSE

    0060    01  OP-HDG2  PIC X(46) VALUE
	   1^           2^   3^ 4^

***				1) FATAL - IMPROPER CLAUSE
***				2) FATAL - IMPROPER CLAUSE
***				3) FATAL - IMPROPER CLAUSE
***				4) FATAL - IMPROPER CLAUSE

    0061          'EMPLOYEE NAME      EMP.   HRS.   SAL.   GROSS'.
	          ^

***				FATAL - IMPROPER CLAUSE

    0062    01  OP-HDG3  PIC X(46)  VALUE
	   1^           2^   3^ 4^

***				1) FATAL - IMPROPER CLAUSE
***				2) FATAL - IMPROPER CLAUSE
***				3) FATAL - IMPROPER CLAUSE
***				4) FATAL - IMPROPER CLAUSE

    0063          '                    NO.         CODE.  AMOUNT'.
	          ^

***				FATAL - IMPROPER CLAUSE

    0064    01  OP-HDGEND  PIC X(46)  VALUE
	   1^             2^   3^ 4^

***				1) FATAL - IMPROPER CLAUSE
***				2) FATAL - IMPROPER CLAUSE
***				3) FATAL - IMPROPER CLAUSE
***				4) FATAL - IMPROPER CLAUSE    P R O G R A M   S A L P R O 		COBOL 4(56)	19-FEB-73  11:59		PAGE 1-7


    0065          'END OF JOB'.
	          ^

***				FATAL - IMPROPER CLAUSE

    0066    PROCEDURE DIVISION.
	    ^

***				FATAL - NO DATA DIVISION

    0067    HSE-KEEP.
    0068          OPEN INPUT RATE-TABLE.
    0069          OPEN OUTPUT SALARY-REPORT.
	                      ^

***				FATAL - FILE NAME EXPECTED

    0070          SET IDX TO 0.
	              ^

***				FATAL - INDEX OR IDENTIFIER EXPECTED

    0071          PERFORM BUILD-RATE-TABLE THRU BUILD-EXIT.
    0072          WRITE SALRPT-REC FROM OP-HDG1 BEFORE ADVANCING 2 LINES.
	                ^

***				FATAL - RECORD NAME EXPECTED

    0073          WRITE SALRPT-REC FROM OP-HDG2.
	                ^

***				FATAL - RECORD NAME EXPECTED

    0074          WRITE SALRPT-REC FROM OP-HDG3 BEFORE ADVANCING 2 LINES.
	                ^

***				FATAL - RECORD NAME EXPECTED

    0075    BEGIN.
    0076          DISPLAY '   INDICATE SEQUENCE OF REPORT DESIRED.'.
    0077          DISPLAY '     EMPLOYEE NO. (EN).'.
    0078          DISPLAY '     SALARY CODE (SC).'.
    0079          ACCEPT SEQ-IP.
	                 ^

***				FATAL - NOT DEFINED

    0080          IF SEQ-IP = 'SC' GO TO B1.
	             ^

***				FATAL - NOT DEFINED

    0081    B1.    SORT SORTFILE ON ASCENDING KEY S-EMPNO, S-SALCDE1
	   1^          2^
    P R O G R A M   S A L P R O 		COBOL 4(56)	19-FEB-73  11:59		PAGE 1-8

***				1) FATAL - STATEMENT EXPECTED
***				2) FATAL - FILE NAME EXPECTED

    0082            USING EMPLOYEE-LIST
    0083            OUTPUT PROCEDURE MAIN-PGM THRU MAIN-EXIT.
    0084          STOP RUN.
    0085    MAIN-PGM.
    0086          RETURN SORTFILE INTO IP-EMPLST AT END GO TO WRITE-ENDLINE.
	                 ^

***				FATAL - FILE NAME EXPECTED

    0087          MOVE IP-NAME     TO OP-NAME.
	               ^

***				FATAL - NOT DEFINED

    0088          MOVE IP-NO       TO OP-NO.
	               ^

***				FATAL - NOT DEFINED

    0089          MOVE IP-HRS-RE   TO OP-HRS.
	               ^

***				FATAL - NOT DEFINED

    0090          MOVE IP-SALCDE   TO OP-SALCDE.
	               ^

***				FATAL - NOT DEFINED

    0091          PERFORM SRCH-RATES THRU SRCH-EXIT.
    0092          MOVE COMPUTED-AMT TO OP-GRS-AMT.
	               ^

***				FATAL - NOT DEFINED

    0093          WRITE SALRPT-REC FROM OP-SALRPT.
	                ^

***				FATAL - RECORD NAME EXPECTED

    0094          GO TO MAIN-PGM.
    0095    SRCH-RATES.
    0096          SET IDX TO 1.
	              ^

***				FATAL - INDEX OR IDENTIFIER EXPECTED

    0097          SEARCH SCODE-TABLE AT END GO TO S1,
	                 ^

***				FATAL - IDENTIFIER EXPECTED

    0098            WHEN IP-SALCDE = SCODE1 (IDX) GO TO S2.    P R O G R A M   S A L P R O 		COBOL 4(56)	19-FEB-73  11:59		PAGE 1-9

    0099    S1.    MOVE ZEROES TO COMPUTED-AMT.
	                          ^

***				FATAL - NOT DEFINED

    0100  
    0101          GO TO SRCH-EXIT.
    0102    S2.    IF SCODE-HS (IDX) = 'H'
	              ^

***				FATAL - NOT DEFINED

    0103  
    0104            COMPUTE COMPUTED-AMT ROUNDED = IP-HRS-RE * SCODE-RATE (IDX)
    0105          ELSE MOVE SCODE-RATE (IDX) TO COMPUTED-AMT.
    0106  
    0107    SRCH-EXIT.              EXIT.
	    ^

***				FATAL - STATEMENT EXPECTED

    0108    WRITE-ENDLINE.
    0109          WRITE SALRPT-REC FROM OP-HDGEND AFTER ADVANCING 2 LINES.
	                ^

***				FATAL - RECORD NAME EXPECTED

    0110          CLOSE SALARY-REPORT.
	                ^

***				FATAL - FILE NAME EXPECTED

    0111          DISPLAY '*** END OF JOB. TYPE SALRPT.DAT FOR SALARY REPORT.'.
    0112    MAIN-EXIT.              EXIT.
    0113  
    0114    BUILD-RATE-TABLE.
    0115          SET IDX UP BY 1.
	              ^

***				FATAL - INDEX OR IDENTIFIER EXPECTED

    0116  
    0117  
    0118          READ RATE-TABLE INTO SCODE-TABLE (IDX) AT END
	                               ^

***				FATAL - IDENTIFIER EXPECTED

    0119            CLOSE RATE-TABLE, GO TO BUILD-EXIT.
    0120  
    0121          GO TO BUILD-RATE-TABLE.
    0122    BUILD-EXIT.             EXIT.    P R O G R A M   S A L P R O 		COBOL 4(56)	19-FEB-73  11:59		PAGE M-1

SOURCE					  ACCESS    RECORDING    BLOCKING
 LINE	FILE NAME			   MODE	      MODE        FACTOR        LABELS

   11	EMPLOYEE-LIST			SEQUENTIAL   ASCII            0        STANDARD   
   13	RATE-TABLE			SEQUENTIAL   EBCDIC           0        STANDARD   
    P R O G R A M   S A L P R O 		COBOL 4(56)	19-FEB-73  11:59		PAGE M-2

SOURCE
 LINE	PROCEDURE NAME			PRIORITY   LOCATION  SECTION

   81	B1				   RES      000244   				
   75	BEGIN				   RES      000237   				
  122	BUILD-EXIT			   RES      000276   				
  114	BUILD-RATE-TABLE		   RES      000273   				
   67	HSE-KEEP			   RES      000232   				
  112	MAIN-EXIT			   RES      000271   				
   85	MAIN-PGM			   RES      000247   				
   99	S1				   RES      000256   				
  102	S2				   RES      000261   				
  107	SRCH-EXIT			   RES      000263   				
   95	SRCH-RATES			   RES      000254   				
  108	WRITE-ENDLINE			   RES      000266   				


198 FATAL ERRORS, NO WARNINGS
   