THIS FILE CONTAINS TABLES OF FATAL ERROR NUMBERS USED IN MIDAS.
THE BASIC RANGES ARE DETAILED IN THE MIDAS-1 PROJECT NOTEBOOK
SECTION 3.6.

ERR#    MODULE  ROUTINE         ERROR CONDITION
001     SYMTAB GBUF             NO SYMBOL TABLE ENTRY BUFFERS AVAILABLE
002     SYMTAB $SFRNCH          RELEASING AN UNASSIGNED SYMTAB BUFFER
003     SYMTAB $SFRCH           ENTRY PREASSIGNED FIELD CLOBBERED
004     SYMTAB $SGSTE           INVALID STP USED AS ARGUMENT
005     SYMTAB $SFGCH           INVALID BUFFER ADDRESS USED AS ARGUMENT
006     SYMTAB $SFNME           NAME ALREADY ENTERED IN SYMTAB
007     SYMTAB $SFNME           EXCESSIVE CHAINING IN HASHING ALGORITHM
010     SYMTAB $SGSTE           ROUTINE CALLED WITH ZERO S.T.P.
011
012
013
014
015
016
017
020     BLDS    $BLDSC          RTP FUNCTION FAILED TO FIND POINTER IN PTB TABLE
021     BLDS    $BLDSC          BAD TYPE DEFINITION ENTRY FOUND IN SST
022     EYMTAB  $EGVSTS         OUT OF SPACE WHEN CREATING SCHEMA, OR
                                CREATING ENTRIES WHEN READING SCHEMA
023     EIO     $EINIT, $ETERM, IMPROPER MODE ARGUMENT
                EOPEN
024     EIO     $EINIT          BAD IDENT IN SCHEMA FILE HEADER
025     EIO     $EINIT          WRONG HASH TABLE SIZE IN SCHEMA FILE HEADER
026     SRIO    $SRINIT,        IMPROPER MODE ARGUMENT
                $SRTERM, SROPEN
027     SRIO    $SRINIT         BAD IDENT IN RESERVED WORD FILE HEADER
030     SRIO    $SRINIT         WRONG HASH TABLE SIZE IN RESERVED WORD FILE HEADER
031
032
033     PARSER  PSCAN           TOKEN WINDOW POINTERS CLOBBERED
034
035     PARSER  PSCAN           TOKEN POINTER BACKED UP OUT OF WINDOW
036     PARSER  PSCAN           SEMANTIC ARRAY INDEX BAD
037     PARSER  PSCAN           ACTION TYPE IN GRAPH INVALID
040     PARSER  PSCAN           ILLEGAL GRAPH NODE POINTER GENERATED
041     PARSER  PSCAN           NO SEMANTICS SAVED FOR ACTION
042     PARSER  PSCAN           NEW ATTEMPTED AFTER OTHER ACTION
043     PARSER  PSCAN           ADD NOT PRECEEDED BY NEW
044     PARSER  PSCAN           UP ATTEMPTED AFTER OTHER ACTION
045     PARSER  PSCAN           ILLEGAL GRAPH NODE TYPE
046     PARSER  $PGARB          ILLEGAL TREE NODE TYPE
047     PARSER  $PGARB          TAIL OF TREE NOT CONSISTENT
050
051
052
053     SRIN    (STAND-ALONE)   END OF PSG HIT BEFORE &!!
054     SCAN    $ATKGEN         @-NAME NOT IN RESERVED WORD TABLE
055
056     SCAN    $ATKGEN         RELATIONAL NAME NOT IN RESERVED WORD TBL
057
060
061
062
063
064
065
066
067     GEXEC   $GEXEC          UNDEFINED TOKEN TYPE; (IE NOT IN  'BTTREE')
        GVRF    $GVRF
070     GSTAK   $GPOP           SEMANTIC STACK UNDERFLOW
071     GBUFM   $GCBUF          INVALID INDEX SPECIFIED FOR INPUT PARAMETER
072     GBUFM   $GMBUF          THE LAST RECORD TO BE MOVED IS NOT IN THE 
                                BUFFER INDICATED
073     GBUFM   $GMBUF          THE FIRST RECORD TO BE MOVED IS NOT IN THE
                                BUFFER INDICATED
074     GBUFM   $GNBUF          ALL AVAILABLE BUFFERS HAVE BEEN ALLOCATED
075     GBUFM   $GMBUF          INVALID INDEX SPECIFIED FOR INPUT PARAMETER
                $GWBUF
076     GBUFM   $GRBUF          BUFFER INDEX QUEUE OVERFLOW
077     GBUFM   GRBUF           INVALID INDEX SPECIFIED FOR INPUT PARAMETER

ERR#    MODULE  ROUTINE         ERROR CONDITION
101     GPROC   $GPROC          THE NAME ON TOP OF THE STACK  SHOULD  BE A
                                PROCEDURE NAME AND IS NOT.
102     GPROC   $GLABL          THE NAME ON TOP OF THE STACK SHOULD BE A LABEL
                                NAME AND IS NOT.
103     GPROC   $GEND           THE TOP STACK ENTRY SHOULD BE A BEGIN TOKEN
                                AND  ISN'T.
104     GPROC   $GRPET          THE OBJECT OF A FINISH OR REPEAT IS NOT A LABEL.
                $GFIN
105     GNAME   $GNAME          ILLEGAL DEFINITION ENTRY ASSOCIATED WITH THE
                                NAME TOKEN .
106     GASGN   BARITH          THE RECEIVING OPERAND IS NOT A FIELD
107     GEXP    GENBOOL         OPERAND IS NOT A LOGICAL DATA TYPE
110     GIFSTM  $GIF            OBJECT OF CONDITIONAL TEST IS NOT A LOGICAL OPERAND
111     GIFSTM  $GEIF           EXPECTING TV$8BGIF AS TOP STACK ENTRY
112     GIFSTM  $GELSE          EXPECTING TV$THEN AS TOP STACK ENTRY
113     GVRF    $GVRF           THE STACK ENTRY IDENTIFYING THE FIELD TO
                                WHICH THE VERIFY ROUTINE CORRESPONDS, DOES
                                NOT CONTAIN A NAME ENTRY.
114     GPROC   $GEOF           THE SEMANTIC STACK IS NOT EMPTY AT EOF
115     GSTAK   $GPUSH          Maximum size for semantic stack exceded
116     GPRINT  OUTPUTLIST      Format picture or date template missing in
                                non-numeric result stack entry
117     GREPT   $GERPC          Report footing flag is set but the token
                                to be processed is neither a TV$REPRTFT nor
                                a TV$GROUPFT
120     GEXEC   $GNEXT          Invalid input mode
121     GEXP    $GEXT           Maximum number of extensions exceded
122     GAS     $GAS            Invalid data type in AS overide
123     GUPD    $GUSNG          Using list processing is out of sinc.
124
125
126
127
130
131
132
133
134
135
136
137
140
141
142
143
144
145
146
147
150
151
152
153
154
155
156
157
160     PDEC    $BPSYN          SPECIAL SYMBOL NOT CREATED BY SCANNER INITIALIZATION
                DFLT
161     BERR    $BETOK          SPECIAL SYMBOL NOT CREATED BY SCANNER INITIALIZATION
162
163
164
165
166
167
170     FLER    $FLER           NO MESSAGE CORRESPONDING TO SPECIFIED ERROR NUMBER
171     FLER    $FLER           \1 IN ERROR MESSAGE BUT NULL STP IN ERROR TOKEN
172     FLER    $FLER           \1 IN ERROR MESSAGE BUT ERROR TOKEN POINTS TO
                                IMPROPER TYPE OF ENTRY
173     FLER    $FLER           \2 IN ERROR MESSAGE BUT BAD FORM NUMBER
174     FERROR  $FERROR         BAD ERROR LEVEL ARGUMENT
175
176
177     FPICR   $FPICR          INVALID SYMBOL TABLE POINTER (STP)


ERR#    MODULE  ROUTINE         ERROR CONDITION
201
202
203
204
205
206
207
210
211
212
213
214
215
216
217
220
221
222
223
224
225
226
227
230
231
232
233
234
235
236
237
240
241
242
243
244
245
246
247
250
251
252
253
254
255
256
257
260
261
262
263
264
265
266
267
270
271
272
273
274
275
276
277

ERR#    MODULE  ROUTINE         ERROR CONDITION
301
302
303
304
305
306
307
310
311
312
313
314
315
316
317
320
321
322
323
324
325
326
327
330
331
332
333
334
335
336
337
340
341
342
343
344
345
346
347
350
351
352
353
354
355
356
357
360
361
362
363
364
365
366
367
370
371
372
373
374
375
376
377



ERR#    MODULE  ROUTINE         ERROR CONDITION
401     UMOV..  $UMOVO          ZERO OR NEGATIVE COUNT
402
403
404
405
406
407
410     ALPI    $CINA           HARD END-OF-FILE
411     BETI    $CINB           HARD END-OF-FILE
412     GAMI    $CING           HARD END-OF-FILE
413     DLTI    $CIND           HARD END-OF-FILE
414     EPSI    $CINE           HARD END-OF-FILE
415     ERRI    $CINF           HARD END-OF-FILE
416     WIO     $WSTART         OPEN FAILED
417     CSTART  $CSTART         OPEN OF .TMP FILE FAILED
420     GAMO    $COUTG          TOKEN SIZE ERROR
421     GAMI    $CING           TOKEN SIZE ERROR
422     DLTI    $CIND           TOKEN SIZE ERROR
423     DLTO    $COUTD          TOKEN SIZE ERROR
424
425
426
427
430
431
432
433
434
435
436
437
440
441
442
443
444
445
446
447
450
451
452
453
454
455
456
457
460
461
462
463
464
465
466
467
470
471
472
473
474
475
476
477

ERR#    MODULE  ROUTINE         ERROR CONDITION
501     JLOAD   $JLOAD          RUN-TIME ROUTINE NOT FOUND
502
503
504
505
506
507
510
511
512
513
514
515
516
517
520
521
522
523
524
525
526
527
530
531
532
533
534
535
536
537
540
541
542
543
544
545
546
547
550
551
552
553
554
555
556
557
560
561
562
563
564
565
566
567
570
571
572
573
574
575
576
577


ERR#    MODULE  ROUTINE         ERROR CONDITION
601
602
603
604
605
606
607
610
611
612
613
614
615
616
617
620
621
622
623
624
625
626
627
630
631
632
633
634
635
636
637
640
641
642
643
644
645
646
647
650
651
652
653
654
655
656
657
660
661
662
663
664
665
666
667
670
671
672
673
674
675
676
677

ERR#    MODULE  ROUTINE         ERROR CONDITION
701     FILIO   $KNOFL          BAD FCB POINTER OR FILE NOT OPEN
702     FILIO   $KSQIB          HARD END OF FILE NOT RECOGNIZED BY PROGRAM
703                             FILE NOT CLOSED
704     FILIO                   FILE OPEN ATTEMPT IN ILLEGAL MODE
705     FILIO   $KOFCB          NO CHANNEL AVAILABLE
706     FILIO   $KOFCB          LOOKUP ON FILE FAILED
707     FILIO   $KOFCB          ENTER ON FILE FAILED
710     FILIO   $KOFCB          CHANNEL INIT FAILED
711     FILIO   $KOFCB          BAD FILE ID TABLE
712     FILIO                   ILLEGAL IO OPERATION
713     FILIO                   TRANSMISSION ERROR ON IO OPERATION
714     FILIO                   ATTEMPT TO SET ILLEGAL FILE CURSOR POSITION
715     FILIO                   INVALID DATA COUNT SPECIFIED
716     FILIO                   INVALID DATA ADDRESS SPECIFIED
717     KBUF..  $KRBUF          BUFFER TABLE INCONSISTENCY
720     KBUF..  $KRBUF          BUFFER PRE-EMPTION EXCEPTION
721     KPER..  $KPRON          BUFFER TABLE INCONSISITENCY
722     KPER..  $KPRON          BUFFER PRE-EMPTION EXCEPTION
723     KPER..  $KPROF          BUFFER TABLE INCONSISTENCY
724     KPER..  $KPROF          BUFFER PRE-EMPTION EXCEPTION
725     KVII..  $KVIRD          BUFFER TABLE INCONSISTENCY
726     KVII..  $KVIWR          BUFFER PRE-EMPTION EXCEPTION
727     KVII..  $KVIWR          BUFFER TABLE INCONSISTENCY
730     KACW..  $KACWR          BUFFER PRE-EMPTION EXCEPTION
731     KACW..  $KACWR          BUFFER TABLE INCONSISTENCY
732     KINS..  $KINSR          INDEX TREE INCONSISTENCY
733     KPHY..  $KPHYR          PAGE NUMBER INCONSISTENCY
734     KSEQ..  $KSETK          ILLEGAL KEYCT VALUE IN SOB
735     KSEQ..  $KREAD          LEFT SUBSET ALTERED DURING SEQUENTIAL READS
736     KSEQ..  $KUPDT          LAST OPERATION WAS NOT A READ
737     RFAL..  $RFALL          RCB IS IN AN ERROR STATE
740     RFTC..  $RFTCH          RCB IS IN AN ERROR STATE
741     RCHN..  $RCHNG          RCB IS IN AN ERROR STATE
742     READ..  $READ           RCB IS IN AN ERROR STATE
743     KBUF..  $KGBUF          NO FREE BUFFERS
744     RFAL..  $RFALL          LAST OPERATION WAS NOT A READ
745     RFTC..  $RFTCH          LAST OPERATION WAS NOT A READ
746     KOFCB   $KOFCB          INVALID CHECK ON FILE OPEN REQUESTED
747     KOFCB   $KOFCB          FILE EXISTS WHEN NEW CHECK SPECIFIED
750     KOFCB   $KOFCB          USER REFUSSED TO CONFIRM OPEN WHEN REQUESTED
751     KOFCB   $KOFCB          FILE DID NOT EXIST WHEN EXISTING SPECIFIED
752     KLOSE   $KRENM          RENAME UUO FAILED
753     KDELT   $KDELT          UNABLE TO DELETE FILE
754     KPAG..  $KGETP          MULTIPLE PAGE REQUEST
755     KPAG..  $KRELP          MULTIPLE PAGE REQUEST
756     KSEQ..  $KUPDT          INSTANCE NOT FOUND
757
760
761
762
763
764
765
766
767
770
771
772
773
774
775
776
777


ERR#    MODULE  ROUTINE         ERROR CONDITION
1001                            Illegal Memory Reference
1002                            Interrupt on UUO
1003                            Clock Interrupt
1004                            Interrupt on Hung Device
1005                            Interrupt on Timer
1006                            Interrupt on Device Error
1007                            Interrupt on Escape
1010                            Interrupt on Character Present
1011                            Interrupt on Break Character
1012                            Interrupt on UUO causing Terminal Wait
1013                            Interrupt on Space for more Characters
1014                            Interrupt on Input Character Lost
1015                            Interrupt on Yellow Ball
1016                            Interrupt on Zapped Circuit
1017                            Push-down Stack Over/Underflow
1020                            Arithmetic Overflow
  